[2025-05-14 14:41:19.769] [jointLog] [info] setting maxHashResizeThreads to 128
[2025-05-14 14:41:19.769] [jointLog] [info] Fragment incompatibility prior below threshold.  Incompatible fragments will be ignored.
[2025-05-14 14:41:19.769] [jointLog] [info] Usage of --validateMappings implies use of minScoreFraction. Since not explicitly specified, it is being set to 0.65
[2025-05-14 14:41:19.769] [jointLog] [info] Setting consensusSlack to selective-alignment default of 0.35.
[2025-05-14 14:41:19.769] [jointLog] [info] parsing read library format
[2025-05-14 14:41:19.769] [jointLog] [info] There is 1 library.
[2025-05-14 14:41:19.770] [jointLog] [info] Loading pufferfish index
[2025-05-14 14:41:19.770] [jointLog] [info] Loading dense pufferfish index.
[2025-05-14 14:41:30.551] [jointLog] [info] done
[2025-05-14 14:41:30.621] [jointLog] [info] Index contained 34,701 targets
[2025-05-14 14:41:30.628] [jointLog] [info] Number of decoys : 13
[2025-05-14 14:41:30.628] [jointLog] [info] First decoy index : 34,688 
[2025-05-14 14:43:04.018] [jointLog] [info] Computed 26,022 rich equivalence classes for further processing
[2025-05-14 14:43:04.018] [jointLog] [info] Counted 19,814,817 total reads in the equivalence classes 
[2025-05-14 14:43:04.080] [jointLog] [info] Number of mappings discarded because of alignment score : 4,607,327
[2025-05-14 14:43:04.080] [jointLog] [info] Number of fragments entirely discarded because of alignment score : 2,586,304
[2025-05-14 14:43:04.080] [jointLog] [info] Number of fragments discarded because they are best-mapped to decoys : 2,017,284
[2025-05-14 14:43:04.080] [jointLog] [info] Number of fragments discarded because they have only dovetail (discordant) mappings to valid targets : 268,744
[2025-05-14 14:43:04.080] [jointLog] [info] Mapping rate = 82.0979%

[2025-05-14 14:43:04.080] [jointLog] [info] finished quantifyLibrary()
[2025-05-14 14:43:04.081] [jointLog] [info] Starting optimizer
[2025-05-14 14:43:04.091] [jointLog] [info] Marked 0 weighted equivalence classes as degenerate
[2025-05-14 14:43:04.096] [jointLog] [info] iteration = 0 | max rel diff. = 25338.3
[2025-05-14 14:43:04.331] [jointLog] [info] iteration = 100 | max rel diff. = 0.146776
[2025-05-14 14:43:04.019] [fileLog] [info] 
At end of round 0
==================
Observed 24135609 total fragments (24135609 in most recent round)

[2025-05-14 14:43:04.540] [jointLog] [info] iteration = 200 | max rel diff. = 0.0266781
[2025-05-14 14:43:04.759] [jointLog] [info] iteration = 300 | max rel diff. = 0.0554832
[2025-05-14 14:43:04.806] [jointLog] [info] iteration = 322 | max rel diff. = 0.000265906
[2025-05-14 14:43:04.807] [jointLog] [info] Finished optimizer
[2025-05-14 14:43:04.807] [jointLog] [info] writing output 

[2025-05-14 14:43:04.889] [jointLog] [info] Starting Bootstrapping
[2025-05-14 14:43:04.893] [jointLog] [info] Will draw 100 bootstrap samples
[2025-05-14 14:43:04.893] [jointLog] [info] Optimizing over 26,022 equivalence classes
[2025-05-14 14:43:04.894] [jointLog] [info] Marked 0 weighted equivalence classes as degenerate
[2025-05-14 14:43:08.058] [jointLog] [info] wrote 1 bootstraps
[2025-05-14 14:43:08.207] [jointLog] [info] wrote 2 bootstraps
[2025-05-14 14:43:08.359] [jointLog] [info] wrote 3 bootstraps
[2025-05-14 14:43:08.380] [jointLog] [info] wrote 4 bootstraps
[2025-05-14 14:43:08.428] [jointLog] [info] wrote 5 bootstraps
[2025-05-14 14:43:08.581] [jointLog] [info] wrote 6 bootstraps
[2025-05-14 14:43:08.616] [jointLog] [info] wrote 7 bootstraps
[2025-05-14 14:43:08.644] [jointLog] [info] wrote 8 bootstraps
[2025-05-14 14:43:08.696] [jointLog] [info] wrote 9 bootstraps
[2025-05-14 14:43:08.716] [jointLog] [info] wrote 10 bootstraps
[2025-05-14 14:43:08.853] [jointLog] [info] wrote 11 bootstraps
[2025-05-14 14:43:08.868] [jointLog] [info] wrote 12 bootstraps
[2025-05-14 14:43:08.884] [jointLog] [info] wrote 13 bootstraps
[2025-05-14 14:43:08.901] [jointLog] [info] wrote 14 bootstraps
[2025-05-14 14:43:08.918] [jointLog] [info] wrote 15 bootstraps
[2025-05-14 14:43:08.932] [jointLog] [info] wrote 16 bootstraps
[2025-05-14 14:43:08.948] [jointLog] [info] wrote 17 bootstraps
[2025-05-14 14:43:08.966] [jointLog] [info] wrote 18 bootstraps
[2025-05-14 14:43:08.983] [jointLog] [info] wrote 19 bootstraps
[2025-05-14 14:43:09.000] [jointLog] [info] wrote 20 bootstraps
[2025-05-14 14:43:09.018] [jointLog] [info] wrote 21 bootstraps
[2025-05-14 14:43:09.035] [jointLog] [info] wrote 22 bootstraps
[2025-05-14 14:43:09.051] [jointLog] [info] wrote 23 bootstraps
[2025-05-14 14:43:09.068] [jointLog] [info] wrote 24 bootstraps
[2025-05-14 14:43:09.085] [jointLog] [info] wrote 25 bootstraps
[2025-05-14 14:43:09.101] [jointLog] [info] wrote 26 bootstraps
[2025-05-14 14:43:09.116] [jointLog] [info] wrote 27 bootstraps
[2025-05-14 14:43:09.132] [jointLog] [info] wrote 28 bootstraps
[2025-05-14 14:43:09.149] [jointLog] [info] wrote 29 bootstraps
[2025-05-14 14:43:09.165] [jointLog] [info] wrote 30 bootstraps
[2025-05-14 14:43:09.181] [jointLog] [info] wrote 31 bootstraps
[2025-05-14 14:43:09.197] [jointLog] [info] wrote 32 bootstraps
[2025-05-14 14:43:09.213] [jointLog] [info] wrote 33 bootstraps
[2025-05-14 14:43:09.229] [jointLog] [info] wrote 34 bootstraps
[2025-05-14 14:43:09.242] [jointLog] [info] wrote 35 bootstraps
[2025-05-14 14:43:09.257] [jointLog] [info] wrote 36 bootstraps
[2025-05-14 14:43:09.274] [jointLog] [info] wrote 37 bootstraps
[2025-05-14 14:43:09.289] [jointLog] [info] wrote 38 bootstraps
[2025-05-14 14:43:09.304] [jointLog] [info] wrote 39 bootstraps
[2025-05-14 14:43:09.319] [jointLog] [info] wrote 40 bootstraps
[2025-05-14 14:43:09.335] [jointLog] [info] wrote 41 bootstraps
[2025-05-14 14:43:09.351] [jointLog] [info] wrote 42 bootstraps
[2025-05-14 14:43:09.367] [jointLog] [info] wrote 43 bootstraps
[2025-05-14 14:43:09.382] [jointLog] [info] wrote 44 bootstraps
[2025-05-14 14:43:09.394] [jointLog] [info] wrote 45 bootstraps
[2025-05-14 14:43:09.407] [jointLog] [info] wrote 46 bootstraps
[2025-05-14 14:43:09.421] [jointLog] [info] wrote 47 bootstraps
[2025-05-14 14:43:09.438] [jointLog] [info] wrote 48 bootstraps
[2025-05-14 14:43:09.451] [jointLog] [info] wrote 49 bootstraps
[2025-05-14 14:43:09.463] [jointLog] [info] wrote 50 bootstraps
[2025-05-14 14:43:09.478] [jointLog] [info] wrote 51 bootstraps
[2025-05-14 14:43:09.491] [jointLog] [info] wrote 52 bootstraps
[2025-05-14 14:43:09.503] [jointLog] [info] wrote 53 bootstraps
[2025-05-14 14:43:09.519] [jointLog] [info] wrote 54 bootstraps
[2025-05-14 14:43:09.535] [jointLog] [info] wrote 55 bootstraps
[2025-05-14 14:43:09.550] [jointLog] [info] wrote 56 bootstraps
[2025-05-14 14:43:09.569] [jointLog] [info] wrote 57 bootstraps
[2025-05-14 14:43:09.586] [jointLog] [info] wrote 58 bootstraps
[2025-05-14 14:43:09.600] [jointLog] [info] wrote 59 bootstraps
[2025-05-14 14:43:09.613] [jointLog] [info] wrote 60 bootstraps
[2025-05-14 14:43:09.629] [jointLog] [info] wrote 61 bootstraps
[2025-05-14 14:43:09.644] [jointLog] [info] wrote 62 bootstraps
[2025-05-14 14:43:09.659] [jointLog] [info] wrote 63 bootstraps
[2025-05-14 14:43:09.674] [jointLog] [info] wrote 64 bootstraps
[2025-05-14 14:43:09.689] [jointLog] [info] wrote 65 bootstraps
[2025-05-14 14:43:09.714] [jointLog] [info] wrote 66 bootstraps
[2025-05-14 14:43:09.727] [jointLog] [info] wrote 67 bootstraps
[2025-05-14 14:43:09.744] [jointLog] [info] wrote 68 bootstraps
[2025-05-14 14:43:09.760] [jointLog] [info] wrote 69 bootstraps
[2025-05-14 14:43:09.775] [jointLog] [info] wrote 70 bootstraps
[2025-05-14 14:43:09.794] [jointLog] [info] wrote 71 bootstraps
[2025-05-14 14:43:09.810] [jointLog] [info] wrote 72 bootstraps
[2025-05-14 14:43:09.829] [jointLog] [info] wrote 73 bootstraps
[2025-05-14 14:43:09.845] [jointLog] [info] wrote 74 bootstraps
[2025-05-14 14:43:09.862] [jointLog] [info] wrote 75 bootstraps
[2025-05-14 14:43:09.881] [jointLog] [info] wrote 76 bootstraps
[2025-05-14 14:43:09.902] [jointLog] [info] wrote 77 bootstraps
[2025-05-14 14:43:09.925] [jointLog] [info] wrote 78 bootstraps
[2025-05-14 14:43:09.943] [jointLog] [info] wrote 79 bootstraps
[2025-05-14 14:43:09.963] [jointLog] [info] wrote 80 bootstraps
[2025-05-14 14:43:09.983] [jointLog] [info] wrote 81 bootstraps
[2025-05-14 14:43:09.999] [jointLog] [info] wrote 82 bootstraps
[2025-05-14 14:43:10.018] [jointLog] [info] wrote 83 bootstraps
[2025-05-14 14:43:10.040] [jointLog] [info] wrote 84 bootstraps
[2025-05-14 14:43:10.065] [jointLog] [info] wrote 85 bootstraps
[2025-05-14 14:43:10.091] [jointLog] [info] wrote 86 bootstraps
[2025-05-14 14:43:10.113] [jointLog] [info] wrote 87 bootstraps
[2025-05-14 14:43:10.137] [jointLog] [info] wrote 88 bootstraps
[2025-05-14 14:43:10.161] [jointLog] [info] wrote 89 bootstraps
[2025-05-14 14:43:10.184] [jointLog] [info] wrote 90 bootstraps
[2025-05-14 14:43:10.208] [jointLog] [info] wrote 91 bootstraps
[2025-05-14 14:43:10.231] [jointLog] [info] wrote 92 bootstraps
[2025-05-14 14:43:10.254] [jointLog] [info] wrote 93 bootstraps
[2025-05-14 14:43:10.276] [jointLog] [info] wrote 94 bootstraps
[2025-05-14 14:43:10.299] [jointLog] [info] wrote 95 bootstraps
[2025-05-14 14:43:10.321] [jointLog] [info] wrote 96 bootstraps
[2025-05-14 14:43:10.337] [jointLog] [info] wrote 97 bootstraps
[2025-05-14 14:43:10.361] [jointLog] [info] wrote 98 bootstraps
[2025-05-14 14:43:10.385] [jointLog] [info] wrote 99 bootstraps
[2025-05-14 14:43:11.509] [jointLog] [info] wrote 100 bootstraps
[2025-05-14 14:43:11.513] [jointLog] [info] Finished Bootstrapping
[2025-05-14 14:43:11.514] [jointLog] [warning] NOTE: Read Lib [[ ../Lisa_data/Fla_SNI_50_1.fq.gz, ../Lisa_data/Fla_SNI_50_2.fq.gz]] :

Detected a *potential* strand bias > 1% in an unstranded protocol check the file: ./output/Fla_SNI_50/lib_format_counts.json for details

