[2025-05-14 15:47:46.897] [jointLog] [info] setting maxHashResizeThreads to 128
[2025-05-14 15:47:46.897] [jointLog] [info] Fragment incompatibility prior below threshold.  Incompatible fragments will be ignored.
[2025-05-14 15:47:46.897] [jointLog] [info] Usage of --validateMappings implies use of minScoreFraction. Since not explicitly specified, it is being set to 0.65
[2025-05-14 15:47:46.897] [jointLog] [info] Setting consensusSlack to selective-alignment default of 0.35.
[2025-05-14 15:47:46.897] [jointLog] [info] parsing read library format
[2025-05-14 15:47:46.897] [jointLog] [info] There is 1 library.
[2025-05-14 15:47:46.898] [jointLog] [info] Loading pufferfish index
[2025-05-14 15:47:46.898] [jointLog] [info] Loading dense pufferfish index.
[2025-05-14 15:47:57.526] [jointLog] [info] done
[2025-05-14 15:47:57.588] [jointLog] [info] Index contained 34,701 targets
[2025-05-14 15:47:57.593] [jointLog] [info] Number of decoys : 13
[2025-05-14 15:47:57.593] [jointLog] [info] First decoy index : 34,688 
[2025-05-14 15:49:04.773] [jointLog] [info] Computed 23,596 rich equivalence classes for further processing
[2025-05-14 15:49:04.773] [jointLog] [info] Counted 9,801,421 total reads in the equivalence classes 
[2025-05-14 15:49:04.775] [fileLog] [info] 
At end of round 0
==================
Observed 14595529 total fragments (14595529 in most recent round)

[2025-05-14 15:49:05.177] [jointLog] [info] Number of mappings discarded because of alignment score : 2,766,340
[2025-05-14 15:49:05.177] [jointLog] [info] Number of fragments entirely discarded because of alignment score : 1,743,083
[2025-05-14 15:49:05.177] [jointLog] [info] Number of fragments discarded because they are best-mapped to decoys : 1,353,355
[2025-05-14 15:49:05.177] [jointLog] [info] Number of fragments discarded because they have only dovetail (discordant) mappings to valid targets : 171,294
[2025-05-14 15:49:05.177] [jointLog] [info] Mapping rate = 67.1536%

[2025-05-14 15:49:05.177] [jointLog] [info] finished quantifyLibrary()
[2025-05-14 15:49:05.177] [jointLog] [info] Starting optimizer
[2025-05-14 15:49:05.192] [jointLog] [info] Marked 0 weighted equivalence classes as degenerate
[2025-05-14 15:49:05.195] [jointLog] [info] iteration = 0 | max rel diff. = 18326.3
[2025-05-14 15:49:05.449] [jointLog] [info] iteration = 100 | max rel diff. = 0.0351566
[2025-05-14 15:49:05.635] [jointLog] [info] iteration = 182 | max rel diff. = 0.00160585
[2025-05-14 15:49:05.637] [jointLog] [info] Finished optimizer
[2025-05-14 15:49:05.637] [jointLog] [info] writing output 

[2025-05-14 15:49:05.686] [jointLog] [info] Starting Bootstrapping
[2025-05-14 15:49:05.689] [jointLog] [info] Will draw 100 bootstrap samples
[2025-05-14 15:49:05.689] [jointLog] [info] Optimizing over 23,596 equivalence classes
[2025-05-14 15:49:05.690] [jointLog] [info] Marked 0 weighted equivalence classes as degenerate
[2025-05-14 15:49:07.263] [jointLog] [info] wrote 1 bootstraps
[2025-05-14 15:49:07.402] [jointLog] [info] wrote 2 bootstraps
[2025-05-14 15:49:07.563] [jointLog] [info] wrote 3 bootstraps
[2025-05-14 15:49:07.669] [jointLog] [info] wrote 4 bootstraps
[2025-05-14 15:49:07.746] [jointLog] [info] wrote 5 bootstraps
[2025-05-14 15:49:07.944] [jointLog] [info] wrote 6 bootstraps
[2025-05-14 15:49:08.077] [jointLog] [info] wrote 7 bootstraps
[2025-05-14 15:49:08.092] [jointLog] [info] wrote 8 bootstraps
[2025-05-14 15:49:08.108] [jointLog] [info] wrote 9 bootstraps
[2025-05-14 15:49:08.131] [jointLog] [info] wrote 10 bootstraps
[2025-05-14 15:49:08.144] [jointLog] [info] wrote 11 bootstraps
[2025-05-14 15:49:08.160] [jointLog] [info] wrote 12 bootstraps
[2025-05-14 15:49:08.186] [jointLog] [info] wrote 13 bootstraps
[2025-05-14 15:49:08.200] [jointLog] [info] wrote 14 bootstraps
[2025-05-14 15:49:08.216] [jointLog] [info] wrote 15 bootstraps
[2025-05-14 15:49:08.228] [jointLog] [info] wrote 16 bootstraps
[2025-05-14 15:49:08.244] [jointLog] [info] wrote 17 bootstraps
[2025-05-14 15:49:08.259] [jointLog] [info] wrote 18 bootstraps
[2025-05-14 15:49:08.273] [jointLog] [info] wrote 19 bootstraps
[2025-05-14 15:49:08.289] [jointLog] [info] wrote 20 bootstraps
[2025-05-14 15:49:08.304] [jointLog] [info] wrote 21 bootstraps
[2025-05-14 15:49:08.319] [jointLog] [info] wrote 22 bootstraps
[2025-05-14 15:49:08.335] [jointLog] [info] wrote 23 bootstraps
[2025-05-14 15:49:08.348] [jointLog] [info] wrote 24 bootstraps
[2025-05-14 15:49:08.363] [jointLog] [info] wrote 25 bootstraps
[2025-05-14 15:49:08.378] [jointLog] [info] wrote 26 bootstraps
[2025-05-14 15:49:08.393] [jointLog] [info] wrote 27 bootstraps
[2025-05-14 15:49:08.407] [jointLog] [info] wrote 28 bootstraps
[2025-05-14 15:49:08.426] [jointLog] [info] wrote 29 bootstraps
[2025-05-14 15:49:08.444] [jointLog] [info] wrote 30 bootstraps
[2025-05-14 15:49:08.457] [jointLog] [info] wrote 31 bootstraps
[2025-05-14 15:49:08.471] [jointLog] [info] wrote 32 bootstraps
[2025-05-14 15:49:08.486] [jointLog] [info] wrote 33 bootstraps
[2025-05-14 15:49:08.502] [jointLog] [info] wrote 34 bootstraps
[2025-05-14 15:49:08.516] [jointLog] [info] wrote 35 bootstraps
[2025-05-14 15:49:08.531] [jointLog] [info] wrote 36 bootstraps
[2025-05-14 15:49:08.544] [jointLog] [info] wrote 37 bootstraps
[2025-05-14 15:49:08.556] [jointLog] [info] wrote 38 bootstraps
[2025-05-14 15:49:08.573] [jointLog] [info] wrote 39 bootstraps
[2025-05-14 15:49:08.587] [jointLog] [info] wrote 40 bootstraps
[2025-05-14 15:49:08.601] [jointLog] [info] wrote 41 bootstraps
[2025-05-14 15:49:08.616] [jointLog] [info] wrote 42 bootstraps
[2025-05-14 15:49:08.632] [jointLog] [info] wrote 43 bootstraps
[2025-05-14 15:49:08.644] [jointLog] [info] wrote 44 bootstraps
[2025-05-14 15:49:08.660] [jointLog] [info] wrote 45 bootstraps
[2025-05-14 15:49:08.674] [jointLog] [info] wrote 46 bootstraps
[2025-05-14 15:49:08.690] [jointLog] [info] wrote 47 bootstraps
[2025-05-14 15:49:08.706] [jointLog] [info] wrote 48 bootstraps
[2025-05-14 15:49:08.718] [jointLog] [info] wrote 49 bootstraps
[2025-05-14 15:49:08.734] [jointLog] [info] wrote 50 bootstraps
[2025-05-14 15:49:08.757] [jointLog] [info] wrote 51 bootstraps
[2025-05-14 15:49:08.776] [jointLog] [info] wrote 52 bootstraps
[2025-05-14 15:49:08.796] [jointLog] [info] wrote 53 bootstraps
[2025-05-14 15:49:08.815] [jointLog] [info] wrote 54 bootstraps
[2025-05-14 15:49:08.839] [jointLog] [info] wrote 55 bootstraps
[2025-05-14 15:49:08.860] [jointLog] [info] wrote 56 bootstraps
[2025-05-14 15:49:08.882] [jointLog] [info] wrote 57 bootstraps
[2025-05-14 15:49:08.898] [jointLog] [info] wrote 58 bootstraps
[2025-05-14 15:49:08.920] [jointLog] [info] wrote 59 bootstraps
[2025-05-14 15:49:08.943] [jointLog] [info] wrote 60 bootstraps
[2025-05-14 15:49:08.965] [jointLog] [info] wrote 61 bootstraps
[2025-05-14 15:49:08.987] [jointLog] [info] wrote 62 bootstraps
[2025-05-14 15:49:09.009] [jointLog] [info] wrote 63 bootstraps
[2025-05-14 15:49:09.030] [jointLog] [info] wrote 64 bootstraps
[2025-05-14 15:49:09.052] [jointLog] [info] wrote 65 bootstraps
[2025-05-14 15:49:09.074] [jointLog] [info] wrote 66 bootstraps
[2025-05-14 15:49:09.096] [jointLog] [info] wrote 67 bootstraps
[2025-05-14 15:49:09.118] [jointLog] [info] wrote 68 bootstraps
[2025-05-14 15:49:09.139] [jointLog] [info] wrote 69 bootstraps
[2025-05-14 15:49:09.161] [jointLog] [info] wrote 70 bootstraps
[2025-05-14 15:49:09.183] [jointLog] [info] wrote 71 bootstraps
[2025-05-14 15:49:09.205] [jointLog] [info] wrote 72 bootstraps
[2025-05-14 15:49:09.227] [jointLog] [info] wrote 73 bootstraps
[2025-05-14 15:49:09.248] [jointLog] [info] wrote 74 bootstraps
[2025-05-14 15:49:09.270] [jointLog] [info] wrote 75 bootstraps
[2025-05-14 15:49:09.292] [jointLog] [info] wrote 76 bootstraps
[2025-05-14 15:49:09.314] [jointLog] [info] wrote 77 bootstraps
[2025-05-14 15:49:09.335] [jointLog] [info] wrote 78 bootstraps
[2025-05-14 15:49:09.357] [jointLog] [info] wrote 79 bootstraps
[2025-05-14 15:49:09.380] [jointLog] [info] wrote 80 bootstraps
[2025-05-14 15:49:09.402] [jointLog] [info] wrote 81 bootstraps
[2025-05-14 15:49:09.423] [jointLog] [info] wrote 82 bootstraps
[2025-05-14 15:49:09.445] [jointLog] [info] wrote 83 bootstraps
[2025-05-14 15:49:09.466] [jointLog] [info] wrote 84 bootstraps
[2025-05-14 15:49:09.488] [jointLog] [info] wrote 85 bootstraps
[2025-05-14 15:49:09.510] [jointLog] [info] wrote 86 bootstraps
[2025-05-14 15:49:09.531] [jointLog] [info] wrote 87 bootstraps
[2025-05-14 15:49:09.553] [jointLog] [info] wrote 88 bootstraps
[2025-05-14 15:49:09.575] [jointLog] [info] wrote 89 bootstraps
[2025-05-14 15:49:09.597] [jointLog] [info] wrote 90 bootstraps
[2025-05-14 15:49:09.619] [jointLog] [info] wrote 91 bootstraps
[2025-05-14 15:49:09.640] [jointLog] [info] wrote 92 bootstraps
[2025-05-14 15:49:09.663] [jointLog] [info] wrote 93 bootstraps
[2025-05-14 15:49:09.685] [jointLog] [info] wrote 94 bootstraps
[2025-05-14 15:49:09.707] [jointLog] [info] wrote 95 bootstraps
[2025-05-14 15:49:09.729] [jointLog] [info] wrote 96 bootstraps
[2025-05-14 15:49:09.751] [jointLog] [info] wrote 97 bootstraps
[2025-05-14 15:49:09.773] [jointLog] [info] wrote 98 bootstraps
[2025-05-14 15:49:09.796] [jointLog] [info] wrote 99 bootstraps
[2025-05-14 15:49:09.817] [jointLog] [info] wrote 100 bootstraps
[2025-05-14 15:49:09.821] [jointLog] [info] Finished Bootstrapping
[2025-05-14 15:49:09.821] [jointLog] [warning] NOTE: Read Lib [[ ../Lisa_data/SW5_SNI_75_1.fq.gz, ../Lisa_data/SW5_SNI_75_2.fq.gz]] :

Detected a *potential* strand bias > 1% in an unstranded protocol check the file: ./output/SW5_SNI_75/lib_format_counts.json for details

