[2025-05-14 16:19:42.700] [jointLog] [info] setting maxHashResizeThreads to 128
[2025-05-14 16:19:42.700] [jointLog] [info] Fragment incompatibility prior below threshold.  Incompatible fragments will be ignored.
[2025-05-14 16:19:42.700] [jointLog] [info] Usage of --validateMappings implies use of minScoreFraction. Since not explicitly specified, it is being set to 0.65
[2025-05-14 16:19:42.700] [jointLog] [info] Setting consensusSlack to selective-alignment default of 0.35.
[2025-05-14 16:19:42.700] [jointLog] [info] parsing read library format
[2025-05-14 16:19:42.700] [jointLog] [info] There is 1 library.
[2025-05-14 16:19:42.700] [jointLog] [info] Loading pufferfish index
[2025-05-14 16:19:42.700] [jointLog] [info] Loading dense pufferfish index.
[2025-05-14 16:19:53.847] [jointLog] [info] done
[2025-05-14 16:19:53.971] [jointLog] [info] Index contained 34,701 targets
[2025-05-14 16:19:53.978] [jointLog] [info] Number of decoys : 13
[2025-05-14 16:19:53.978] [jointLog] [info] First decoy index : 34,688 
[2025-05-14 16:20:16.626] [jointLog] [info] Computed 19,871 rich equivalence classes for further processing
[2025-05-14 16:20:16.626] [jointLog] [info] Counted 2,944,558 total reads in the equivalence classes 
[2025-05-14 16:20:16.627] [fileLog] [info] 
At end of round 0
==================
Observed 4537617 total fragments (4537617 in most recent round)

[2025-05-14 16:20:16.975] [jointLog] [info] Number of mappings discarded because of alignment score : 670,581
[2025-05-14 16:20:16.975] [jointLog] [info] Number of fragments entirely discarded because of alignment score : 463,851
[2025-05-14 16:20:16.975] [jointLog] [info] Number of fragments discarded because they are best-mapped to decoys : 349,051
[2025-05-14 16:20:16.975] [jointLog] [info] Number of fragments discarded because they have only dovetail (discordant) mappings to valid targets : 42,951
[2025-05-14 16:20:16.978] [jointLog] [warning] Only 2944558 fragments were mapped, but the number of burn-in fragments was set to 5000000.
The effective lengths have been computed using the observed mappings.

[2025-05-14 16:20:16.978] [jointLog] [info] Mapping rate = 64.8922%

[2025-05-14 16:20:16.978] [jointLog] [info] finished quantifyLibrary()
[2025-05-14 16:20:16.979] [jointLog] [info] Starting optimizer
[2025-05-14 16:20:16.991] [jointLog] [info] Marked 0 weighted equivalence classes as degenerate
[2025-05-14 16:20:16.995] [jointLog] [info] iteration = 0 | max rel diff. = 7073.22
[2025-05-14 16:20:17.274] [jointLog] [info] iteration = 100 | max rel diff. = 0.0463978
[2025-05-14 16:20:17.454] [jointLog] [info] iteration = 176 | max rel diff. = 0.00788557
[2025-05-14 16:20:17.455] [jointLog] [info] Finished optimizer
[2025-05-14 16:20:17.455] [jointLog] [info] writing output 

[2025-05-14 16:20:17.500] [jointLog] [info] Starting Bootstrapping
[2025-05-14 16:20:17.503] [jointLog] [info] Will draw 100 bootstrap samples
[2025-05-14 16:20:17.503] [jointLog] [info] Optimizing over 19,871 equivalence classes
[2025-05-14 16:20:17.504] [jointLog] [info] Marked 0 weighted equivalence classes as degenerate
[2025-05-14 16:20:18.085] [jointLog] [info] wrote 1 bootstraps
[2025-05-14 16:20:18.229] [jointLog] [info] wrote 2 bootstraps
[2025-05-14 16:20:18.467] [jointLog] [info] wrote 3 bootstraps
[2025-05-14 16:20:18.488] [jointLog] [info] wrote 4 bootstraps
[2025-05-14 16:20:18.507] [jointLog] [info] wrote 5 bootstraps
[2025-05-14 16:20:18.528] [jointLog] [info] wrote 6 bootstraps
[2025-05-14 16:20:18.552] [jointLog] [info] wrote 7 bootstraps
[2025-05-14 16:20:18.572] [jointLog] [info] wrote 8 bootstraps
[2025-05-14 16:20:18.592] [jointLog] [info] wrote 9 bootstraps
[2025-05-14 16:20:18.616] [jointLog] [info] wrote 10 bootstraps
[2025-05-14 16:20:18.636] [jointLog] [info] wrote 11 bootstraps
[2025-05-14 16:20:18.656] [jointLog] [info] wrote 12 bootstraps
[2025-05-14 16:20:18.680] [jointLog] [info] wrote 13 bootstraps
[2025-05-14 16:20:18.704] [jointLog] [info] wrote 14 bootstraps
[2025-05-14 16:20:18.729] [jointLog] [info] wrote 15 bootstraps
[2025-05-14 16:20:18.750] [jointLog] [info] wrote 16 bootstraps
[2025-05-14 16:20:18.770] [jointLog] [info] wrote 17 bootstraps
[2025-05-14 16:20:18.795] [jointLog] [info] wrote 18 bootstraps
[2025-05-14 16:20:18.819] [jointLog] [info] wrote 19 bootstraps
[2025-05-14 16:20:18.840] [jointLog] [info] wrote 20 bootstraps
[2025-05-14 16:20:18.860] [jointLog] [info] wrote 21 bootstraps
[2025-05-14 16:20:18.889] [jointLog] [info] wrote 22 bootstraps
[2025-05-14 16:20:18.912] [jointLog] [info] wrote 23 bootstraps
[2025-05-14 16:20:18.935] [jointLog] [info] wrote 24 bootstraps
[2025-05-14 16:20:18.948] [jointLog] [info] wrote 25 bootstraps
[2025-05-14 16:20:18.969] [jointLog] [info] wrote 26 bootstraps
[2025-05-14 16:20:18.990] [jointLog] [info] wrote 27 bootstraps
[2025-05-14 16:20:19.007] [jointLog] [info] wrote 28 bootstraps
[2025-05-14 16:20:19.031] [jointLog] [info] wrote 29 bootstraps
[2025-05-14 16:20:19.055] [jointLog] [info] wrote 30 bootstraps
[2025-05-14 16:20:19.076] [jointLog] [info] wrote 31 bootstraps
[2025-05-14 16:20:19.096] [jointLog] [info] wrote 32 bootstraps
[2025-05-14 16:20:19.117] [jointLog] [info] wrote 33 bootstraps
[2025-05-14 16:20:19.137] [jointLog] [info] wrote 34 bootstraps
[2025-05-14 16:20:19.158] [jointLog] [info] wrote 35 bootstraps
[2025-05-14 16:20:19.179] [jointLog] [info] wrote 36 bootstraps
[2025-05-14 16:20:19.202] [jointLog] [info] wrote 37 bootstraps
[2025-05-14 16:20:19.223] [jointLog] [info] wrote 38 bootstraps
[2025-05-14 16:20:19.263] [jointLog] [info] wrote 39 bootstraps
[2025-05-14 16:20:19.284] [jointLog] [info] wrote 40 bootstraps
[2025-05-14 16:20:19.304] [jointLog] [info] wrote 41 bootstraps
[2025-05-14 16:20:19.325] [jointLog] [info] wrote 42 bootstraps
[2025-05-14 16:20:19.345] [jointLog] [info] wrote 43 bootstraps
[2025-05-14 16:20:19.366] [jointLog] [info] wrote 44 bootstraps
[2025-05-14 16:20:19.387] [jointLog] [info] wrote 45 bootstraps
[2025-05-14 16:20:19.407] [jointLog] [info] wrote 46 bootstraps
[2025-05-14 16:20:19.428] [jointLog] [info] wrote 47 bootstraps
[2025-05-14 16:20:19.449] [jointLog] [info] wrote 48 bootstraps
[2025-05-14 16:20:19.469] [jointLog] [info] wrote 49 bootstraps
[2025-05-14 16:20:19.490] [jointLog] [info] wrote 50 bootstraps
[2025-05-14 16:20:19.512] [jointLog] [info] wrote 51 bootstraps
[2025-05-14 16:20:19.533] [jointLog] [info] wrote 52 bootstraps
[2025-05-14 16:20:19.554] [jointLog] [info] wrote 53 bootstraps
[2025-05-14 16:20:19.575] [jointLog] [info] wrote 54 bootstraps
[2025-05-14 16:20:19.595] [jointLog] [info] wrote 55 bootstraps
[2025-05-14 16:20:19.616] [jointLog] [info] wrote 56 bootstraps
[2025-05-14 16:20:19.636] [jointLog] [info] wrote 57 bootstraps
[2025-05-14 16:20:19.657] [jointLog] [info] wrote 58 bootstraps
[2025-05-14 16:20:19.678] [jointLog] [info] wrote 59 bootstraps
[2025-05-14 16:20:19.698] [jointLog] [info] wrote 60 bootstraps
[2025-05-14 16:20:19.718] [jointLog] [info] wrote 61 bootstraps
[2025-05-14 16:20:19.739] [jointLog] [info] wrote 62 bootstraps
[2025-05-14 16:20:19.759] [jointLog] [info] wrote 63 bootstraps
[2025-05-14 16:20:19.779] [jointLog] [info] wrote 64 bootstraps
[2025-05-14 16:20:19.799] [jointLog] [info] wrote 65 bootstraps
[2025-05-14 16:20:19.820] [jointLog] [info] wrote 66 bootstraps
[2025-05-14 16:20:19.840] [jointLog] [info] wrote 67 bootstraps
[2025-05-14 16:20:19.861] [jointLog] [info] wrote 68 bootstraps
[2025-05-14 16:20:19.881] [jointLog] [info] wrote 69 bootstraps
[2025-05-14 16:20:19.902] [jointLog] [info] wrote 70 bootstraps
[2025-05-14 16:20:19.923] [jointLog] [info] wrote 71 bootstraps
[2025-05-14 16:20:19.944] [jointLog] [info] wrote 72 bootstraps
[2025-05-14 16:20:19.964] [jointLog] [info] wrote 73 bootstraps
[2025-05-14 16:20:19.984] [jointLog] [info] wrote 74 bootstraps
[2025-05-14 16:20:20.007] [jointLog] [info] wrote 75 bootstraps
[2025-05-14 16:20:20.028] [jointLog] [info] wrote 76 bootstraps
[2025-05-14 16:20:20.048] [jointLog] [info] wrote 77 bootstraps
[2025-05-14 16:20:20.068] [jointLog] [info] wrote 78 bootstraps
[2025-05-14 16:20:20.092] [jointLog] [info] wrote 79 bootstraps
[2025-05-14 16:20:20.115] [jointLog] [info] wrote 80 bootstraps
[2025-05-14 16:20:20.135] [jointLog] [info] wrote 81 bootstraps
[2025-05-14 16:20:20.155] [jointLog] [info] wrote 82 bootstraps
[2025-05-14 16:20:20.176] [jointLog] [info] wrote 83 bootstraps
[2025-05-14 16:20:20.196] [jointLog] [info] wrote 84 bootstraps
[2025-05-14 16:20:20.217] [jointLog] [info] wrote 85 bootstraps
[2025-05-14 16:20:20.237] [jointLog] [info] wrote 86 bootstraps
[2025-05-14 16:20:20.257] [jointLog] [info] wrote 87 bootstraps
[2025-05-14 16:20:20.273] [jointLog] [info] wrote 88 bootstraps
[2025-05-14 16:20:20.294] [jointLog] [info] wrote 89 bootstraps
[2025-05-14 16:20:20.314] [jointLog] [info] wrote 90 bootstraps
[2025-05-14 16:20:20.334] [jointLog] [info] wrote 91 bootstraps
[2025-05-14 16:20:20.354] [jointLog] [info] wrote 92 bootstraps
[2025-05-14 16:20:20.375] [jointLog] [info] wrote 93 bootstraps
[2025-05-14 16:20:20.396] [jointLog] [info] wrote 94 bootstraps
[2025-05-14 16:20:20.416] [jointLog] [info] wrote 95 bootstraps
[2025-05-14 16:20:20.436] [jointLog] [info] wrote 96 bootstraps
[2025-05-14 16:20:20.457] [jointLog] [info] wrote 97 bootstraps
[2025-05-14 16:20:20.477] [jointLog] [info] wrote 98 bootstraps
[2025-05-14 16:20:20.498] [jointLog] [info] wrote 99 bootstraps
[2025-05-14 16:20:20.518] [jointLog] [info] wrote 100 bootstraps
[2025-05-14 16:20:20.523] [jointLog] [info] Finished Bootstrapping
[2025-05-14 16:20:20.524] [jointLog] [warning] NOTE: Read Lib [[ ../Lisa_data/SW7_SNI_88_1.fq.gz, ../Lisa_data/SW7_SNI_88_2.fq.gz]] :

Detected a *potential* strand bias > 1% in an unstranded protocol check the file: ./output/SW7_SNI_88/lib_format_counts.json for details

