[2025-05-14 15:29:54.815] [jointLog] [info] setting maxHashResizeThreads to 128
[2025-05-14 15:29:54.815] [jointLog] [info] Fragment incompatibility prior below threshold.  Incompatible fragments will be ignored.
[2025-05-14 15:29:54.815] [jointLog] [info] Usage of --validateMappings implies use of minScoreFraction. Since not explicitly specified, it is being set to 0.65
[2025-05-14 15:29:54.815] [jointLog] [info] Setting consensusSlack to selective-alignment default of 0.35.
[2025-05-14 15:29:54.815] [jointLog] [info] parsing read library format
[2025-05-14 15:29:54.815] [jointLog] [info] There is 1 library.
[2025-05-14 15:29:54.815] [jointLog] [info] Loading pufferfish index
[2025-05-14 15:29:54.815] [jointLog] [info] Loading dense pufferfish index.
[2025-05-14 15:30:05.376] [jointLog] [info] done
[2025-05-14 15:30:05.430] [jointLog] [info] Index contained 34,701 targets
[2025-05-14 15:30:05.435] [jointLog] [info] Number of decoys : 13
[2025-05-14 15:30:05.435] [jointLog] [info] First decoy index : 34,688 
[2025-05-14 15:31:36.421] [fileLog] [info] 
At end of round 0
==================
Observed 22016130 total fragments (22016130 in most recent round)

[2025-05-14 15:31:36.420] [jointLog] [info] Computed 21,203 rich equivalence classes for further processing
[2025-05-14 15:31:36.420] [jointLog] [info] Counted 17,389,373 total reads in the equivalence classes 
[2025-05-14 15:31:36.684] [jointLog] [info] Number of mappings discarded because of alignment score : 4,114,975
[2025-05-14 15:31:36.684] [jointLog] [info] Number of fragments entirely discarded because of alignment score : 2,613,803
[2025-05-14 15:31:36.684] [jointLog] [info] Number of fragments discarded because they are best-mapped to decoys : 2,073,950
[2025-05-14 15:31:36.684] [jointLog] [info] Number of fragments discarded because they have only dovetail (discordant) mappings to valid targets : 289,205
[2025-05-14 15:31:36.684] [jointLog] [info] Mapping rate = 78.9847%

[2025-05-14 15:31:36.684] [jointLog] [info] finished quantifyLibrary()
[2025-05-14 15:31:36.685] [jointLog] [info] Starting optimizer
[2025-05-14 15:31:36.699] [jointLog] [info] Marked 0 weighted equivalence classes as degenerate
[2025-05-14 15:31:36.702] [jointLog] [info] iteration = 0 | max rel diff. = 23856.9
[2025-05-14 15:31:36.949] [jointLog] [info] iteration = 100 | max rel diff. = 0.225013
[2025-05-14 15:31:37.096] [jointLog] [info] iteration = 171 | max rel diff. = 0.000562592
[2025-05-14 15:31:37.098] [jointLog] [info] Finished optimizer
[2025-05-14 15:31:37.098] [jointLog] [info] writing output 

[2025-05-14 15:31:37.152] [jointLog] [info] Starting Bootstrapping
[2025-05-14 15:31:37.155] [jointLog] [info] Will draw 100 bootstrap samples
[2025-05-14 15:31:37.155] [jointLog] [info] Optimizing over 21,203 equivalence classes
[2025-05-14 15:31:37.156] [jointLog] [info] Marked 0 weighted equivalence classes as degenerate
[2025-05-14 15:31:39.512] [jointLog] [info] wrote 1 bootstraps
[2025-05-14 15:31:39.564] [jointLog] [info] wrote 2 bootstraps
[2025-05-14 15:31:39.677] [jointLog] [info] wrote 3 bootstraps
[2025-05-14 15:31:39.703] [jointLog] [info] wrote 4 bootstraps
[2025-05-14 15:31:39.873] [jointLog] [info] wrote 5 bootstraps
[2025-05-14 15:31:39.888] [jointLog] [info] wrote 6 bootstraps
[2025-05-14 15:31:40.026] [jointLog] [info] wrote 7 bootstraps
[2025-05-14 15:31:40.376] [jointLog] [info] wrote 8 bootstraps
[2025-05-14 15:31:40.388] [jointLog] [info] wrote 9 bootstraps
[2025-05-14 15:31:40.401] [jointLog] [info] wrote 10 bootstraps
[2025-05-14 15:31:40.416] [jointLog] [info] wrote 11 bootstraps
[2025-05-14 15:31:40.430] [jointLog] [info] wrote 12 bootstraps
[2025-05-14 15:31:40.443] [jointLog] [info] wrote 13 bootstraps
[2025-05-14 15:31:40.456] [jointLog] [info] wrote 14 bootstraps
[2025-05-14 15:31:40.470] [jointLog] [info] wrote 15 bootstraps
[2025-05-14 15:31:40.489] [jointLog] [info] wrote 16 bootstraps
[2025-05-14 15:31:40.501] [jointLog] [info] wrote 17 bootstraps
[2025-05-14 15:31:40.514] [jointLog] [info] wrote 18 bootstraps
[2025-05-14 15:31:40.525] [jointLog] [info] wrote 19 bootstraps
[2025-05-14 15:31:40.539] [jointLog] [info] wrote 20 bootstraps
[2025-05-14 15:31:40.555] [jointLog] [info] wrote 21 bootstraps
[2025-05-14 15:31:40.568] [jointLog] [info] wrote 22 bootstraps
[2025-05-14 15:31:40.582] [jointLog] [info] wrote 23 bootstraps
[2025-05-14 15:31:40.596] [jointLog] [info] wrote 24 bootstraps
[2025-05-14 15:31:40.609] [jointLog] [info] wrote 25 bootstraps
[2025-05-14 15:31:40.620] [jointLog] [info] wrote 26 bootstraps
[2025-05-14 15:31:40.633] [jointLog] [info] wrote 27 bootstraps
[2025-05-14 15:31:40.647] [jointLog] [info] wrote 28 bootstraps
[2025-05-14 15:31:40.659] [jointLog] [info] wrote 29 bootstraps
[2025-05-14 15:31:40.673] [jointLog] [info] wrote 30 bootstraps
[2025-05-14 15:31:40.687] [jointLog] [info] wrote 31 bootstraps
[2025-05-14 15:31:40.698] [jointLog] [info] wrote 32 bootstraps
[2025-05-14 15:31:40.712] [jointLog] [info] wrote 33 bootstraps
[2025-05-14 15:31:40.727] [jointLog] [info] wrote 34 bootstraps
[2025-05-14 15:31:40.740] [jointLog] [info] wrote 35 bootstraps
[2025-05-14 15:31:40.752] [jointLog] [info] wrote 36 bootstraps
[2025-05-14 15:31:40.766] [jointLog] [info] wrote 37 bootstraps
[2025-05-14 15:31:40.780] [jointLog] [info] wrote 38 bootstraps
[2025-05-14 15:31:40.794] [jointLog] [info] wrote 39 bootstraps
[2025-05-14 15:31:40.808] [jointLog] [info] wrote 40 bootstraps
[2025-05-14 15:31:40.822] [jointLog] [info] wrote 41 bootstraps
[2025-05-14 15:31:40.836] [jointLog] [info] wrote 42 bootstraps
[2025-05-14 15:31:40.849] [jointLog] [info] wrote 43 bootstraps
[2025-05-14 15:31:40.865] [jointLog] [info] wrote 44 bootstraps
[2025-05-14 15:31:40.880] [jointLog] [info] wrote 45 bootstraps
[2025-05-14 15:31:40.894] [jointLog] [info] wrote 46 bootstraps
[2025-05-14 15:31:40.912] [jointLog] [info] wrote 47 bootstraps
[2025-05-14 15:31:40.924] [jointLog] [info] wrote 48 bootstraps
[2025-05-14 15:31:40.940] [jointLog] [info] wrote 49 bootstraps
[2025-05-14 15:31:40.957] [jointLog] [info] wrote 50 bootstraps
[2025-05-14 15:31:40.973] [jointLog] [info] wrote 51 bootstraps
[2025-05-14 15:31:40.994] [jointLog] [info] wrote 52 bootstraps
[2025-05-14 15:31:41.014] [jointLog] [info] wrote 53 bootstraps
[2025-05-14 15:31:41.032] [jointLog] [info] wrote 54 bootstraps
[2025-05-14 15:31:41.051] [jointLog] [info] wrote 55 bootstraps
[2025-05-14 15:31:41.066] [jointLog] [info] wrote 56 bootstraps
[2025-05-14 15:31:41.085] [jointLog] [info] wrote 57 bootstraps
[2025-05-14 15:31:41.104] [jointLog] [info] wrote 58 bootstraps
[2025-05-14 15:31:41.124] [jointLog] [info] wrote 59 bootstraps
[2025-05-14 15:31:41.143] [jointLog] [info] wrote 60 bootstraps
[2025-05-14 15:31:41.163] [jointLog] [info] wrote 61 bootstraps
[2025-05-14 15:31:41.179] [jointLog] [info] wrote 62 bootstraps
[2025-05-14 15:31:41.200] [jointLog] [info] wrote 63 bootstraps
[2025-05-14 15:31:41.221] [jointLog] [info] wrote 64 bootstraps
[2025-05-14 15:31:41.242] [jointLog] [info] wrote 65 bootstraps
[2025-05-14 15:31:41.264] [jointLog] [info] wrote 66 bootstraps
[2025-05-14 15:31:41.285] [jointLog] [info] wrote 67 bootstraps
[2025-05-14 15:31:41.306] [jointLog] [info] wrote 68 bootstraps
[2025-05-14 15:31:41.330] [jointLog] [info] wrote 69 bootstraps
[2025-05-14 15:31:41.351] [jointLog] [info] wrote 70 bootstraps
[2025-05-14 15:31:41.372] [jointLog] [info] wrote 71 bootstraps
[2025-05-14 15:31:41.393] [jointLog] [info] wrote 72 bootstraps
[2025-05-14 15:31:41.416] [jointLog] [info] wrote 73 bootstraps
[2025-05-14 15:31:41.439] [jointLog] [info] wrote 74 bootstraps
[2025-05-14 15:31:41.462] [jointLog] [info] wrote 75 bootstraps
[2025-05-14 15:31:41.482] [jointLog] [info] wrote 76 bootstraps
[2025-05-14 15:31:41.504] [jointLog] [info] wrote 77 bootstraps
[2025-05-14 15:31:41.526] [jointLog] [info] wrote 78 bootstraps
[2025-05-14 15:31:41.547] [jointLog] [info] wrote 79 bootstraps
[2025-05-14 15:31:41.569] [jointLog] [info] wrote 80 bootstraps
[2025-05-14 15:31:41.592] [jointLog] [info] wrote 81 bootstraps
[2025-05-14 15:31:41.613] [jointLog] [info] wrote 82 bootstraps
[2025-05-14 15:31:41.634] [jointLog] [info] wrote 83 bootstraps
[2025-05-14 15:31:41.655] [jointLog] [info] wrote 84 bootstraps
[2025-05-14 15:31:41.679] [jointLog] [info] wrote 85 bootstraps
[2025-05-14 15:31:41.701] [jointLog] [info] wrote 86 bootstraps
[2025-05-14 15:31:41.723] [jointLog] [info] wrote 87 bootstraps
[2025-05-14 15:31:41.745] [jointLog] [info] wrote 88 bootstraps
[2025-05-14 15:31:41.767] [jointLog] [info] wrote 89 bootstraps
[2025-05-14 15:31:41.789] [jointLog] [info] wrote 90 bootstraps
[2025-05-14 15:31:41.812] [jointLog] [info] wrote 91 bootstraps
[2025-05-14 15:31:41.833] [jointLog] [info] wrote 92 bootstraps
[2025-05-14 15:31:41.856] [jointLog] [info] wrote 93 bootstraps
[2025-05-14 15:31:41.879] [jointLog] [info] wrote 94 bootstraps
[2025-05-14 15:31:41.902] [jointLog] [info] wrote 95 bootstraps
[2025-05-14 15:31:41.924] [jointLog] [info] wrote 96 bootstraps
[2025-05-14 15:31:41.946] [jointLog] [info] wrote 97 bootstraps
[2025-05-14 15:31:41.968] [jointLog] [info] wrote 98 bootstraps
[2025-05-14 15:31:41.989] [jointLog] [info] wrote 99 bootstraps
[2025-05-14 15:31:42.004] [jointLog] [info] wrote 100 bootstraps
[2025-05-14 15:31:42.010] [jointLog] [info] Finished Bootstrapping
[2025-05-14 15:31:42.010] [jointLog] [warning] NOTE: Read Lib [[ ../Lisa_data/SW57_SRB_141_1.fq.gz, ../Lisa_data/SW57_SRB_141_2.fq.gz]] :

Detected a *potential* strand bias > 1% in an unstranded protocol check the file: ./output/SW57_SRB_141/lib_format_counts.json for details

