[2025-05-14 14:43:14.002] [jointLog] [info] setting maxHashResizeThreads to 128
[2025-05-14 14:43:14.002] [jointLog] [info] Fragment incompatibility prior below threshold.  Incompatible fragments will be ignored.
[2025-05-14 14:43:14.002] [jointLog] [info] Usage of --validateMappings implies use of minScoreFraction. Since not explicitly specified, it is being set to 0.65
[2025-05-14 14:43:14.002] [jointLog] [info] Setting consensusSlack to selective-alignment default of 0.35.
[2025-05-14 14:43:14.002] [jointLog] [info] parsing read library format
[2025-05-14 14:43:14.002] [jointLog] [info] There is 1 library.
[2025-05-14 14:43:14.002] [jointLog] [info] Loading pufferfish index
[2025-05-14 14:43:14.002] [jointLog] [info] Loading dense pufferfish index.
[2025-05-14 14:43:27.101] [jointLog] [info] done
[2025-05-14 14:43:27.161] [jointLog] [info] Index contained 34,701 targets
[2025-05-14 14:43:27.167] [jointLog] [info] Number of decoys : 13
[2025-05-14 14:43:27.167] [jointLog] [info] First decoy index : 34,688 
[2025-05-14 14:45:05.680] [fileLog] [info] 
At end of round 0
==================
Observed 23094751 total fragments (23094751 in most recent round)

[2025-05-14 14:45:05.679] [jointLog] [info] Computed 29,026 rich equivalence classes for further processing
[2025-05-14 14:45:05.679] [jointLog] [info] Counted 18,392,632 total reads in the equivalence classes 
[2025-05-14 14:45:05.832] [jointLog] [info] Number of mappings discarded because of alignment score : 4,644,735
[2025-05-14 14:45:05.832] [jointLog] [info] Number of fragments entirely discarded because of alignment score : 2,464,057
[2025-05-14 14:45:05.832] [jointLog] [info] Number of fragments discarded because they are best-mapped to decoys : 1,868,998
[2025-05-14 14:45:05.832] [jointLog] [info] Number of fragments discarded because they have only dovetail (discordant) mappings to valid targets : 305,274
[2025-05-14 14:45:05.832] [jointLog] [info] Mapping rate = 79.6399%

[2025-05-14 14:45:05.832] [jointLog] [info] finished quantifyLibrary()
[2025-05-14 14:45:05.832] [jointLog] [info] Starting optimizer
[2025-05-14 14:45:05.850] [jointLog] [info] Marked 0 weighted equivalence classes as degenerate
[2025-05-14 14:45:05.854] [jointLog] [info] iteration = 0 | max rel diff. = 33419.6
[2025-05-14 14:45:06.173] [jointLog] [info] iteration = 100 | max rel diff. = 0.0962218
[2025-05-14 14:45:06.465] [jointLog] [info] iteration = 200 | max rel diff. = 11.6253
[2025-05-14 14:45:06.566] [jointLog] [info] iteration = 236 | max rel diff. = 0.00091996
[2025-05-14 14:45:06.569] [jointLog] [info] Finished optimizer
[2025-05-14 14:45:06.569] [jointLog] [info] writing output 

[2025-05-14 14:45:06.646] [jointLog] [info] Starting Bootstrapping
[2025-05-14 14:45:06.650] [jointLog] [info] Will draw 100 bootstrap samples
[2025-05-14 14:45:06.650] [jointLog] [info] Optimizing over 29,026 equivalence classes
[2025-05-14 14:45:06.651] [jointLog] [info] Marked 0 weighted equivalence classes as degenerate
[2025-05-14 14:45:10.149] [jointLog] [info] wrote 1 bootstraps
[2025-05-14 14:45:10.228] [jointLog] [info] wrote 2 bootstraps
[2025-05-14 14:45:10.256] [jointLog] [info] wrote 3 bootstraps
[2025-05-14 14:45:10.269] [jointLog] [info] wrote 4 bootstraps
[2025-05-14 14:45:10.284] [jointLog] [info] wrote 5 bootstraps
[2025-05-14 14:45:10.299] [jointLog] [info] wrote 6 bootstraps
[2025-05-14 14:45:10.316] [jointLog] [info] wrote 7 bootstraps
[2025-05-14 14:45:10.333] [jointLog] [info] wrote 8 bootstraps
[2025-05-14 14:45:10.350] [jointLog] [info] wrote 9 bootstraps
[2025-05-14 14:45:10.365] [jointLog] [info] wrote 10 bootstraps
[2025-05-14 14:45:10.382] [jointLog] [info] wrote 11 bootstraps
[2025-05-14 14:45:10.396] [jointLog] [info] wrote 12 bootstraps
[2025-05-14 14:45:10.414] [jointLog] [info] wrote 13 bootstraps
[2025-05-14 14:45:10.447] [jointLog] [info] wrote 14 bootstraps
[2025-05-14 14:45:10.465] [jointLog] [info] wrote 15 bootstraps
[2025-05-14 14:45:10.480] [jointLog] [info] wrote 16 bootstraps
[2025-05-14 14:45:10.496] [jointLog] [info] wrote 17 bootstraps
[2025-05-14 14:45:10.513] [jointLog] [info] wrote 18 bootstraps
[2025-05-14 14:45:10.529] [jointLog] [info] wrote 19 bootstraps
[2025-05-14 14:45:10.543] [jointLog] [info] wrote 20 bootstraps
[2025-05-14 14:45:10.561] [jointLog] [info] wrote 21 bootstraps
[2025-05-14 14:45:10.575] [jointLog] [info] wrote 22 bootstraps
[2025-05-14 14:45:10.589] [jointLog] [info] wrote 23 bootstraps
[2025-05-14 14:45:10.603] [jointLog] [info] wrote 24 bootstraps
[2025-05-14 14:45:10.619] [jointLog] [info] wrote 25 bootstraps
[2025-05-14 14:45:10.632] [jointLog] [info] wrote 26 bootstraps
[2025-05-14 14:45:10.645] [jointLog] [info] wrote 27 bootstraps
[2025-05-14 14:45:10.660] [jointLog] [info] wrote 28 bootstraps
[2025-05-14 14:45:10.675] [jointLog] [info] wrote 29 bootstraps
[2025-05-14 14:45:10.689] [jointLog] [info] wrote 30 bootstraps
[2025-05-14 14:45:10.704] [jointLog] [info] wrote 31 bootstraps
[2025-05-14 14:45:10.720] [jointLog] [info] wrote 32 bootstraps
[2025-05-14 14:45:10.736] [jointLog] [info] wrote 33 bootstraps
[2025-05-14 14:45:10.751] [jointLog] [info] wrote 34 bootstraps
[2025-05-14 14:45:10.767] [jointLog] [info] wrote 35 bootstraps
[2025-05-14 14:45:10.780] [jointLog] [info] wrote 36 bootstraps
[2025-05-14 14:45:10.795] [jointLog] [info] wrote 37 bootstraps
[2025-05-14 14:45:10.808] [jointLog] [info] wrote 38 bootstraps
[2025-05-14 14:45:10.824] [jointLog] [info] wrote 39 bootstraps
[2025-05-14 14:45:10.837] [jointLog] [info] wrote 40 bootstraps
[2025-05-14 14:45:10.854] [jointLog] [info] wrote 41 bootstraps
[2025-05-14 14:45:10.869] [jointLog] [info] wrote 42 bootstraps
[2025-05-14 14:45:10.885] [jointLog] [info] wrote 43 bootstraps
[2025-05-14 14:45:10.901] [jointLog] [info] wrote 44 bootstraps
[2025-05-14 14:45:10.919] [jointLog] [info] wrote 45 bootstraps
[2025-05-14 14:45:10.934] [jointLog] [info] wrote 46 bootstraps
[2025-05-14 14:45:10.950] [jointLog] [info] wrote 47 bootstraps
[2025-05-14 14:45:10.966] [jointLog] [info] wrote 48 bootstraps
[2025-05-14 14:45:10.981] [jointLog] [info] wrote 49 bootstraps
[2025-05-14 14:45:10.998] [jointLog] [info] wrote 50 bootstraps
[2025-05-14 14:45:11.014] [jointLog] [info] wrote 51 bootstraps
[2025-05-14 14:45:11.030] [jointLog] [info] wrote 52 bootstraps
[2025-05-14 14:45:11.045] [jointLog] [info] wrote 53 bootstraps
[2025-05-14 14:45:11.060] [jointLog] [info] wrote 54 bootstraps
[2025-05-14 14:45:11.076] [jointLog] [info] wrote 55 bootstraps
[2025-05-14 14:45:11.092] [jointLog] [info] wrote 56 bootstraps
[2025-05-14 14:45:11.108] [jointLog] [info] wrote 57 bootstraps
[2025-05-14 14:45:11.130] [jointLog] [info] wrote 58 bootstraps
[2025-05-14 14:45:11.147] [jointLog] [info] wrote 59 bootstraps
[2025-05-14 14:45:11.169] [jointLog] [info] wrote 60 bootstraps
[2025-05-14 14:45:11.188] [jointLog] [info] wrote 61 bootstraps
[2025-05-14 14:45:11.204] [jointLog] [info] wrote 62 bootstraps
[2025-05-14 14:45:11.228] [jointLog] [info] wrote 63 bootstraps
[2025-05-14 14:45:11.246] [jointLog] [info] wrote 64 bootstraps
[2025-05-14 14:45:11.262] [jointLog] [info] wrote 65 bootstraps
[2025-05-14 14:45:11.287] [jointLog] [info] wrote 66 bootstraps
[2025-05-14 14:45:11.310] [jointLog] [info] wrote 67 bootstraps
[2025-05-14 14:45:11.334] [jointLog] [info] wrote 68 bootstraps
[2025-05-14 14:45:11.349] [jointLog] [info] wrote 69 bootstraps
[2025-05-14 14:45:11.374] [jointLog] [info] wrote 70 bootstraps
[2025-05-14 14:45:11.386] [jointLog] [info] wrote 71 bootstraps
[2025-05-14 14:45:11.401] [jointLog] [info] wrote 72 bootstraps
[2025-05-14 14:45:11.425] [jointLog] [info] wrote 73 bootstraps
[2025-05-14 14:45:11.449] [jointLog] [info] wrote 74 bootstraps
[2025-05-14 14:45:11.474] [jointLog] [info] wrote 75 bootstraps
[2025-05-14 14:45:11.490] [jointLog] [info] wrote 76 bootstraps
[2025-05-14 14:45:11.519] [jointLog] [info] wrote 77 bootstraps
[2025-05-14 14:45:11.545] [jointLog] [info] wrote 78 bootstraps
[2025-05-14 14:45:11.568] [jointLog] [info] wrote 79 bootstraps
[2025-05-14 14:45:11.593] [jointLog] [info] wrote 80 bootstraps
[2025-05-14 14:45:11.609] [jointLog] [info] wrote 81 bootstraps
[2025-05-14 14:45:11.632] [jointLog] [info] wrote 82 bootstraps
[2025-05-14 14:45:11.645] [jointLog] [info] wrote 83 bootstraps
[2025-05-14 14:45:11.663] [jointLog] [info] wrote 84 bootstraps
[2025-05-14 14:45:11.676] [jointLog] [info] wrote 85 bootstraps
[2025-05-14 14:45:11.692] [jointLog] [info] wrote 86 bootstraps
[2025-05-14 14:45:11.714] [jointLog] [info] wrote 87 bootstraps
[2025-05-14 14:45:11.745] [jointLog] [info] wrote 88 bootstraps
[2025-05-14 14:45:11.768] [jointLog] [info] wrote 89 bootstraps
[2025-05-14 14:45:11.793] [jointLog] [info] wrote 90 bootstraps
[2025-05-14 14:45:11.816] [jointLog] [info] wrote 91 bootstraps
[2025-05-14 14:45:11.840] [jointLog] [info] wrote 92 bootstraps
[2025-05-14 14:45:11.864] [jointLog] [info] wrote 93 bootstraps
[2025-05-14 14:45:11.878] [jointLog] [info] wrote 94 bootstraps
[2025-05-14 14:45:11.907] [jointLog] [info] wrote 95 bootstraps
[2025-05-14 14:45:11.931] [jointLog] [info] wrote 96 bootstraps
[2025-05-14 14:45:11.953] [jointLog] [info] wrote 97 bootstraps
[2025-05-14 14:45:11.977] [jointLog] [info] wrote 98 bootstraps
[2025-05-14 14:45:12.001] [jointLog] [info] wrote 99 bootstraps
[2025-05-14 14:45:13.113] [jointLog] [info] wrote 100 bootstraps
[2025-05-14 14:45:13.119] [jointLog] [info] Finished Bootstrapping
[2025-05-14 14:45:13.120] [jointLog] [warning] NOTE: Read Lib [[ ../Lisa_data/Fla_SNI_52_1.fq.gz, ../Lisa_data/Fla_SNI_52_2.fq.gz]] :

Detected a *potential* strand bias > 1% in an unstranded protocol check the file: ./output/Fla_SNI_52/lib_format_counts.json for details

