[2025-05-14 15:04:16.111] [jointLog] [info] setting maxHashResizeThreads to 128
[2025-05-14 15:04:16.111] [jointLog] [info] Fragment incompatibility prior below threshold.  Incompatible fragments will be ignored.
[2025-05-14 15:04:16.111] [jointLog] [info] Usage of --validateMappings implies use of minScoreFraction. Since not explicitly specified, it is being set to 0.65
[2025-05-14 15:04:16.111] [jointLog] [info] Setting consensusSlack to selective-alignment default of 0.35.
[2025-05-14 15:04:16.111] [jointLog] [info] parsing read library format
[2025-05-14 15:04:16.111] [jointLog] [info] There is 1 library.
[2025-05-14 15:04:16.111] [jointLog] [info] Loading pufferfish index
[2025-05-14 15:04:16.111] [jointLog] [info] Loading dense pufferfish index.
[2025-05-14 15:04:27.630] [jointLog] [info] done
[2025-05-14 15:04:27.710] [jointLog] [info] Index contained 34,701 targets
[2025-05-14 15:04:27.717] [jointLog] [info] Number of decoys : 13
[2025-05-14 15:04:27.717] [jointLog] [info] First decoy index : 34,688 
[2025-05-14 15:05:48.987] [jointLog] [info] Computed 27,634 rich equivalence classes for further processing
[2025-05-14 15:05:48.987] [jointLog] [info] Counted 18,942,246 total reads in the equivalence classes 
[2025-05-14 15:05:49.162] [jointLog] [info] Number of mappings discarded because of alignment score : 4,962,248
[2025-05-14 15:05:49.162] [jointLog] [info] Number of fragments entirely discarded because of alignment score : 2,552,049
[2025-05-14 15:05:49.162] [jointLog] [info] Number of fragments discarded because they are best-mapped to decoys : 2,013,611
[2025-05-14 15:05:49.162] [jointLog] [info] Number of fragments discarded because they have only dovetail (discordant) mappings to valid targets : 229,910
[2025-05-14 15:05:49.162] [jointLog] [info] Mapping rate = 79.1281%

[2025-05-14 15:05:49.162] [jointLog] [info] finished quantifyLibrary()
[2025-05-14 15:05:49.162] [jointLog] [info] Starting optimizer
[2025-05-14 15:05:49.180] [jointLog] [info] Marked 0 weighted equivalence classes as degenerate
[2025-05-14 15:05:49.184] [jointLog] [info] iteration = 0 | max rel diff. = 30984.6
[2025-05-14 15:05:48.989] [fileLog] [info] 
At end of round 0
==================
Observed 23938706 total fragments (23938706 in most recent round)

[2025-05-14 15:05:49.500] [jointLog] [info] iteration = 100 | max rel diff. = 0.012711
[2025-05-14 15:05:49.749] [jointLog] [info] iteration = 200 | max rel diff. = 4.24026
[2025-05-14 15:05:49.752] [jointLog] [info] iteration = 202 | max rel diff. = 0.00888575
[2025-05-14 15:05:49.753] [jointLog] [info] Finished optimizer
[2025-05-14 15:05:49.753] [jointLog] [info] writing output 

[2025-05-14 15:05:49.816] [jointLog] [info] Starting Bootstrapping
[2025-05-14 15:05:49.820] [jointLog] [info] Will draw 100 bootstrap samples
[2025-05-14 15:05:49.820] [jointLog] [info] Optimizing over 27,634 equivalence classes
[2025-05-14 15:05:49.821] [jointLog] [info] Marked 0 weighted equivalence classes as degenerate
[2025-05-14 15:05:52.464] [jointLog] [info] wrote 1 bootstraps
[2025-05-14 15:05:52.477] [jointLog] [info] wrote 2 bootstraps
[2025-05-14 15:05:52.549] [jointLog] [info] wrote 3 bootstraps
[2025-05-14 15:05:52.656] [jointLog] [info] wrote 4 bootstraps
[2025-05-14 15:05:52.695] [jointLog] [info] wrote 5 bootstraps
[2025-05-14 15:05:52.710] [jointLog] [info] wrote 6 bootstraps
[2025-05-14 15:05:52.793] [jointLog] [info] wrote 7 bootstraps
[2025-05-14 15:05:52.873] [jointLog] [info] wrote 8 bootstraps
[2025-05-14 15:05:52.886] [jointLog] [info] wrote 9 bootstraps
[2025-05-14 15:05:52.898] [jointLog] [info] wrote 10 bootstraps
[2025-05-14 15:05:52.930] [jointLog] [info] wrote 11 bootstraps
[2025-05-14 15:05:52.952] [jointLog] [info] wrote 12 bootstraps
[2025-05-14 15:05:53.061] [jointLog] [info] wrote 13 bootstraps
[2025-05-14 15:05:53.078] [jointLog] [info] wrote 14 bootstraps
[2025-05-14 15:05:53.117] [jointLog] [info] wrote 15 bootstraps
[2025-05-14 15:05:53.154] [jointLog] [info] wrote 16 bootstraps
[2025-05-14 15:05:53.169] [jointLog] [info] wrote 17 bootstraps
[2025-05-14 15:05:53.182] [jointLog] [info] wrote 18 bootstraps
[2025-05-14 15:05:53.197] [jointLog] [info] wrote 19 bootstraps
[2025-05-14 15:05:53.210] [jointLog] [info] wrote 20 bootstraps
[2025-05-14 15:05:53.225] [jointLog] [info] wrote 21 bootstraps
[2025-05-14 15:05:53.237] [jointLog] [info] wrote 22 bootstraps
[2025-05-14 15:05:53.253] [jointLog] [info] wrote 23 bootstraps
[2025-05-14 15:05:53.268] [jointLog] [info] wrote 24 bootstraps
[2025-05-14 15:05:53.284] [jointLog] [info] wrote 25 bootstraps
[2025-05-14 15:05:53.300] [jointLog] [info] wrote 26 bootstraps
[2025-05-14 15:05:53.315] [jointLog] [info] wrote 27 bootstraps
[2025-05-14 15:05:53.332] [jointLog] [info] wrote 28 bootstraps
[2025-05-14 15:05:53.346] [jointLog] [info] wrote 29 bootstraps
[2025-05-14 15:05:53.364] [jointLog] [info] wrote 30 bootstraps
[2025-05-14 15:05:53.379] [jointLog] [info] wrote 31 bootstraps
[2025-05-14 15:05:53.391] [jointLog] [info] wrote 32 bootstraps
[2025-05-14 15:05:53.403] [jointLog] [info] wrote 33 bootstraps
[2025-05-14 15:05:53.416] [jointLog] [info] wrote 34 bootstraps
[2025-05-14 15:05:53.431] [jointLog] [info] wrote 35 bootstraps
[2025-05-14 15:05:53.446] [jointLog] [info] wrote 36 bootstraps
[2025-05-14 15:05:53.461] [jointLog] [info] wrote 37 bootstraps
[2025-05-14 15:05:53.473] [jointLog] [info] wrote 38 bootstraps
[2025-05-14 15:05:53.485] [jointLog] [info] wrote 39 bootstraps
[2025-05-14 15:05:53.497] [jointLog] [info] wrote 40 bootstraps
[2025-05-14 15:05:53.510] [jointLog] [info] wrote 41 bootstraps
[2025-05-14 15:05:53.525] [jointLog] [info] wrote 42 bootstraps
[2025-05-14 15:05:53.540] [jointLog] [info] wrote 43 bootstraps
[2025-05-14 15:05:53.555] [jointLog] [info] wrote 44 bootstraps
[2025-05-14 15:05:53.567] [jointLog] [info] wrote 45 bootstraps
[2025-05-14 15:05:53.582] [jointLog] [info] wrote 46 bootstraps
[2025-05-14 15:05:53.597] [jointLog] [info] wrote 47 bootstraps
[2025-05-14 15:05:53.613] [jointLog] [info] wrote 48 bootstraps
[2025-05-14 15:05:53.627] [jointLog] [info] wrote 49 bootstraps
[2025-05-14 15:05:53.642] [jointLog] [info] wrote 50 bootstraps
[2025-05-14 15:05:53.655] [jointLog] [info] wrote 51 bootstraps
[2025-05-14 15:05:53.670] [jointLog] [info] wrote 52 bootstraps
[2025-05-14 15:05:53.684] [jointLog] [info] wrote 53 bootstraps
[2025-05-14 15:05:53.699] [jointLog] [info] wrote 54 bootstraps
[2025-05-14 15:05:53.714] [jointLog] [info] wrote 55 bootstraps
[2025-05-14 15:05:53.730] [jointLog] [info] wrote 56 bootstraps
[2025-05-14 15:05:53.745] [jointLog] [info] wrote 57 bootstraps
[2025-05-14 15:05:53.760] [jointLog] [info] wrote 58 bootstraps
[2025-05-14 15:05:53.775] [jointLog] [info] wrote 59 bootstraps
[2025-05-14 15:05:53.799] [jointLog] [info] wrote 60 bootstraps
[2025-05-14 15:05:53.815] [jointLog] [info] wrote 61 bootstraps
[2025-05-14 15:05:53.830] [jointLog] [info] wrote 62 bootstraps
[2025-05-14 15:05:53.853] [jointLog] [info] wrote 63 bootstraps
[2025-05-14 15:05:53.869] [jointLog] [info] wrote 64 bootstraps
[2025-05-14 15:05:53.885] [jointLog] [info] wrote 65 bootstraps
[2025-05-14 15:05:53.900] [jointLog] [info] wrote 66 bootstraps
[2025-05-14 15:05:53.915] [jointLog] [info] wrote 67 bootstraps
[2025-05-14 15:05:53.931] [jointLog] [info] wrote 68 bootstraps
[2025-05-14 15:05:53.949] [jointLog] [info] wrote 69 bootstraps
[2025-05-14 15:05:53.963] [jointLog] [info] wrote 70 bootstraps
[2025-05-14 15:05:53.982] [jointLog] [info] wrote 71 bootstraps
[2025-05-14 15:05:54.006] [jointLog] [info] wrote 72 bootstraps
[2025-05-14 15:05:54.024] [jointLog] [info] wrote 73 bootstraps
[2025-05-14 15:05:54.042] [jointLog] [info] wrote 74 bootstraps
[2025-05-14 15:05:54.061] [jointLog] [info] wrote 75 bootstraps
[2025-05-14 15:05:54.079] [jointLog] [info] wrote 76 bootstraps
[2025-05-14 15:05:54.097] [jointLog] [info] wrote 77 bootstraps
[2025-05-14 15:05:54.117] [jointLog] [info] wrote 78 bootstraps
[2025-05-14 15:05:54.139] [jointLog] [info] wrote 79 bootstraps
[2025-05-14 15:05:54.162] [jointLog] [info] wrote 80 bootstraps
[2025-05-14 15:05:54.187] [jointLog] [info] wrote 81 bootstraps
[2025-05-14 15:05:54.208] [jointLog] [info] wrote 82 bootstraps
[2025-05-14 15:05:54.230] [jointLog] [info] wrote 83 bootstraps
[2025-05-14 15:05:54.253] [jointLog] [info] wrote 84 bootstraps
[2025-05-14 15:05:54.275] [jointLog] [info] wrote 85 bootstraps
[2025-05-14 15:05:54.297] [jointLog] [info] wrote 86 bootstraps
[2025-05-14 15:05:54.323] [jointLog] [info] wrote 87 bootstraps
[2025-05-14 15:05:54.345] [jointLog] [info] wrote 88 bootstraps
[2025-05-14 15:05:54.367] [jointLog] [info] wrote 89 bootstraps
[2025-05-14 15:05:54.391] [jointLog] [info] wrote 90 bootstraps
[2025-05-14 15:05:54.412] [jointLog] [info] wrote 91 bootstraps
[2025-05-14 15:05:54.436] [jointLog] [info] wrote 92 bootstraps
[2025-05-14 15:05:54.460] [jointLog] [info] wrote 93 bootstraps
[2025-05-14 15:05:54.482] [jointLog] [info] wrote 94 bootstraps
[2025-05-14 15:05:54.504] [jointLog] [info] wrote 95 bootstraps
[2025-05-14 15:05:54.526] [jointLog] [info] wrote 96 bootstraps
[2025-05-14 15:05:54.549] [jointLog] [info] wrote 97 bootstraps
[2025-05-14 15:05:54.571] [jointLog] [info] wrote 98 bootstraps
[2025-05-14 15:05:54.593] [jointLog] [info] wrote 99 bootstraps
[2025-05-14 15:05:54.891] [jointLog] [info] wrote 100 bootstraps
[2025-05-14 15:05:54.898] [jointLog] [info] Finished Bootstrapping
[2025-05-14 15:05:54.898] [jointLog] [warning] NOTE: Read Lib [[ ../Lisa_data/SW57_H_23_MKRN240014589_1.fq.gz, ../Lisa_data/SW57_H_23_MKRN240014589_2.fq.gz]] :

Detected a *potential* strand bias > 1% in an unstranded protocol check the file: ./output/SW57_H_23_MKRN240014589/lib_format_counts.json for details

