[2025-05-14 14:52:02.514] [jointLog] [info] setting maxHashResizeThreads to 128
[2025-05-14 14:52:02.514] [jointLog] [info] Fragment incompatibility prior below threshold.  Incompatible fragments will be ignored.
[2025-05-14 14:52:02.514] [jointLog] [info] Usage of --validateMappings implies use of minScoreFraction. Since not explicitly specified, it is being set to 0.65
[2025-05-14 14:52:02.514] [jointLog] [info] Setting consensusSlack to selective-alignment default of 0.35.
[2025-05-14 14:52:02.514] [jointLog] [info] parsing read library format
[2025-05-14 14:52:02.514] [jointLog] [info] There is 1 library.
[2025-05-14 14:52:02.515] [jointLog] [info] Loading pufferfish index
[2025-05-14 14:52:02.515] [jointLog] [info] Loading dense pufferfish index.
[2025-05-14 14:52:14.737] [jointLog] [info] done
[2025-05-14 14:52:14.802] [jointLog] [info] Index contained 34,701 targets
[2025-05-14 14:52:14.809] [jointLog] [info] Number of decoys : 13
[2025-05-14 14:52:14.809] [jointLog] [info] First decoy index : 34,688 
[2025-05-14 14:53:36.011] [fileLog] [info] 
At end of round 0
==================
Observed 21515996 total fragments (21515996 in most recent round)

[2025-05-14 14:53:36.010] [jointLog] [info] Computed 31,131 rich equivalence classes for further processing
[2025-05-14 14:53:36.010] [jointLog] [info] Counted 16,508,157 total reads in the equivalence classes 
[2025-05-14 14:53:36.085] [jointLog] [info] Number of mappings discarded because of alignment score : 4,657,783
[2025-05-14 14:53:36.085] [jointLog] [info] Number of fragments entirely discarded because of alignment score : 2,658,016
[2025-05-14 14:53:36.085] [jointLog] [info] Number of fragments discarded because they are best-mapped to decoys : 1,940,404
[2025-05-14 14:53:36.085] [jointLog] [info] Number of fragments discarded because they have only dovetail (discordant) mappings to valid targets : 309,388
[2025-05-14 14:53:36.085] [jointLog] [info] Mapping rate = 76.725%

[2025-05-14 14:53:36.085] [jointLog] [info] finished quantifyLibrary()
[2025-05-14 14:53:36.086] [jointLog] [info] Starting optimizer
[2025-05-14 14:53:36.096] [jointLog] [info] Marked 0 weighted equivalence classes as degenerate
[2025-05-14 14:53:36.098] [jointLog] [info] iteration = 0 | max rel diff. = 28746.4
[2025-05-14 14:53:36.321] [jointLog] [info] iteration = 100 | max rel diff. = 0.0537296
[2025-05-14 14:53:36.405] [jointLog] [info] iteration = 145 | max rel diff. = 0.00782391
[2025-05-14 14:53:36.406] [jointLog] [info] Finished optimizer
[2025-05-14 14:53:36.406] [jointLog] [info] writing output 

[2025-05-14 14:53:36.457] [jointLog] [info] Starting Bootstrapping
[2025-05-14 14:53:36.460] [jointLog] [info] Will draw 100 bootstrap samples
[2025-05-14 14:53:36.460] [jointLog] [info] Optimizing over 31,131 equivalence classes
[2025-05-14 14:53:36.462] [jointLog] [info] Marked 0 weighted equivalence classes as degenerate
[2025-05-14 14:53:39.083] [jointLog] [info] wrote 1 bootstraps
[2025-05-14 14:53:39.140] [jointLog] [info] wrote 2 bootstraps
[2025-05-14 14:53:39.205] [jointLog] [info] wrote 3 bootstraps
[2025-05-14 14:53:39.492] [jointLog] [info] wrote 4 bootstraps
[2025-05-14 14:53:39.569] [jointLog] [info] wrote 5 bootstraps
[2025-05-14 14:53:39.591] [jointLog] [info] wrote 6 bootstraps
[2025-05-14 14:53:39.614] [jointLog] [info] wrote 7 bootstraps
[2025-05-14 14:53:39.629] [jointLog] [info] wrote 8 bootstraps
[2025-05-14 14:53:39.648] [jointLog] [info] wrote 9 bootstraps
[2025-05-14 14:53:39.666] [jointLog] [info] wrote 10 bootstraps
[2025-05-14 14:53:39.694] [jointLog] [info] wrote 11 bootstraps
[2025-05-14 14:53:39.711] [jointLog] [info] wrote 12 bootstraps
[2025-05-14 14:53:39.727] [jointLog] [info] wrote 13 bootstraps
[2025-05-14 14:53:39.742] [jointLog] [info] wrote 14 bootstraps
[2025-05-14 14:53:39.758] [jointLog] [info] wrote 15 bootstraps
[2025-05-14 14:53:39.779] [jointLog] [info] wrote 16 bootstraps
[2025-05-14 14:53:39.796] [jointLog] [info] wrote 17 bootstraps
[2025-05-14 14:53:39.817] [jointLog] [info] wrote 18 bootstraps
[2025-05-14 14:53:39.832] [jointLog] [info] wrote 19 bootstraps
[2025-05-14 14:53:39.848] [jointLog] [info] wrote 20 bootstraps
[2025-05-14 14:53:39.864] [jointLog] [info] wrote 21 bootstraps
[2025-05-14 14:53:39.892] [jointLog] [info] wrote 22 bootstraps
[2025-05-14 14:53:39.920] [jointLog] [info] wrote 23 bootstraps
[2025-05-14 14:53:39.937] [jointLog] [info] wrote 24 bootstraps
[2025-05-14 14:53:39.953] [jointLog] [info] wrote 25 bootstraps
[2025-05-14 14:53:39.968] [jointLog] [info] wrote 26 bootstraps
[2025-05-14 14:53:39.982] [jointLog] [info] wrote 27 bootstraps
[2025-05-14 14:53:40.000] [jointLog] [info] wrote 28 bootstraps
[2025-05-14 14:53:40.015] [jointLog] [info] wrote 29 bootstraps
[2025-05-14 14:53:40.030] [jointLog] [info] wrote 30 bootstraps
[2025-05-14 14:53:40.047] [jointLog] [info] wrote 31 bootstraps
[2025-05-14 14:53:40.062] [jointLog] [info] wrote 32 bootstraps
[2025-05-14 14:53:40.079] [jointLog] [info] wrote 33 bootstraps
[2025-05-14 14:53:40.095] [jointLog] [info] wrote 34 bootstraps
[2025-05-14 14:53:40.110] [jointLog] [info] wrote 35 bootstraps
[2025-05-14 14:53:40.128] [jointLog] [info] wrote 36 bootstraps
[2025-05-14 14:53:40.145] [jointLog] [info] wrote 37 bootstraps
[2025-05-14 14:53:40.157] [jointLog] [info] wrote 38 bootstraps
[2025-05-14 14:53:40.175] [jointLog] [info] wrote 39 bootstraps
[2025-05-14 14:53:40.193] [jointLog] [info] wrote 40 bootstraps
[2025-05-14 14:53:40.210] [jointLog] [info] wrote 41 bootstraps
[2025-05-14 14:53:40.226] [jointLog] [info] wrote 42 bootstraps
[2025-05-14 14:53:40.242] [jointLog] [info] wrote 43 bootstraps
[2025-05-14 14:53:40.258] [jointLog] [info] wrote 44 bootstraps
[2025-05-14 14:53:40.271] [jointLog] [info] wrote 45 bootstraps
[2025-05-14 14:53:40.287] [jointLog] [info] wrote 46 bootstraps
[2025-05-14 14:53:40.301] [jointLog] [info] wrote 47 bootstraps
[2025-05-14 14:53:40.323] [jointLog] [info] wrote 48 bootstraps
[2025-05-14 14:53:40.336] [jointLog] [info] wrote 49 bootstraps
[2025-05-14 14:53:40.350] [jointLog] [info] wrote 50 bootstraps
[2025-05-14 14:53:40.365] [jointLog] [info] wrote 51 bootstraps
[2025-05-14 14:53:40.378] [jointLog] [info] wrote 52 bootstraps
[2025-05-14 14:53:40.394] [jointLog] [info] wrote 53 bootstraps
[2025-05-14 14:53:40.410] [jointLog] [info] wrote 54 bootstraps
[2025-05-14 14:53:40.423] [jointLog] [info] wrote 55 bootstraps
[2025-05-14 14:53:40.437] [jointLog] [info] wrote 56 bootstraps
[2025-05-14 14:53:40.455] [jointLog] [info] wrote 57 bootstraps
[2025-05-14 14:53:40.471] [jointLog] [info] wrote 58 bootstraps
[2025-05-14 14:53:40.489] [jointLog] [info] wrote 59 bootstraps
[2025-05-14 14:53:40.503] [jointLog] [info] wrote 60 bootstraps
[2025-05-14 14:53:40.516] [jointLog] [info] wrote 61 bootstraps
[2025-05-14 14:53:40.530] [jointLog] [info] wrote 62 bootstraps
[2025-05-14 14:53:40.542] [jointLog] [info] wrote 63 bootstraps
[2025-05-14 14:53:40.554] [jointLog] [info] wrote 64 bootstraps
[2025-05-14 14:53:40.569] [jointLog] [info] wrote 65 bootstraps
[2025-05-14 14:53:40.584] [jointLog] [info] wrote 66 bootstraps
[2025-05-14 14:53:40.596] [jointLog] [info] wrote 67 bootstraps
[2025-05-14 14:53:40.608] [jointLog] [info] wrote 68 bootstraps
[2025-05-14 14:53:40.625] [jointLog] [info] wrote 69 bootstraps
[2025-05-14 14:53:40.641] [jointLog] [info] wrote 70 bootstraps
[2025-05-14 14:53:40.653] [jointLog] [info] wrote 71 bootstraps
[2025-05-14 14:53:40.666] [jointLog] [info] wrote 72 bootstraps
[2025-05-14 14:53:40.679] [jointLog] [info] wrote 73 bootstraps
[2025-05-14 14:53:40.692] [jointLog] [info] wrote 74 bootstraps
[2025-05-14 14:53:40.704] [jointLog] [info] wrote 75 bootstraps
[2025-05-14 14:53:40.727] [jointLog] [info] wrote 76 bootstraps
[2025-05-14 14:53:40.755] [jointLog] [info] wrote 77 bootstraps
[2025-05-14 14:53:40.768] [jointLog] [info] wrote 78 bootstraps
[2025-05-14 14:53:40.787] [jointLog] [info] wrote 79 bootstraps
[2025-05-14 14:53:40.833] [jointLog] [info] wrote 80 bootstraps
[2025-05-14 14:53:40.847] [jointLog] [info] wrote 81 bootstraps
[2025-05-14 14:53:40.859] [jointLog] [info] wrote 82 bootstraps
[2025-05-14 14:53:40.878] [jointLog] [info] wrote 83 bootstraps
[2025-05-14 14:53:40.892] [jointLog] [info] wrote 84 bootstraps
[2025-05-14 14:53:40.905] [jointLog] [info] wrote 85 bootstraps
[2025-05-14 14:53:40.917] [jointLog] [info] wrote 86 bootstraps
[2025-05-14 14:53:40.930] [jointLog] [info] wrote 87 bootstraps
[2025-05-14 14:53:41.064] [jointLog] [info] wrote 88 bootstraps
[2025-05-14 14:53:41.116] [jointLog] [info] wrote 89 bootstraps
[2025-05-14 14:53:41.136] [jointLog] [info] wrote 90 bootstraps
[2025-05-14 14:53:41.149] [jointLog] [info] wrote 91 bootstraps
[2025-05-14 14:53:41.162] [jointLog] [info] wrote 92 bootstraps
[2025-05-14 14:53:41.298] [jointLog] [info] wrote 93 bootstraps
[2025-05-14 14:53:41.312] [jointLog] [info] wrote 94 bootstraps
[2025-05-14 14:53:41.376] [jointLog] [info] wrote 95 bootstraps
[2025-05-14 14:53:41.393] [jointLog] [info] wrote 96 bootstraps
[2025-05-14 14:53:41.538] [jointLog] [info] wrote 97 bootstraps
[2025-05-14 14:53:41.552] [jointLog] [info] wrote 98 bootstraps
[2025-05-14 14:53:41.724] [jointLog] [info] wrote 99 bootstraps
[2025-05-14 14:53:42.213] [jointLog] [info] wrote 100 bootstraps
[2025-05-14 14:53:42.218] [jointLog] [info] Finished Bootstrapping
[2025-05-14 14:53:42.219] [jointLog] [warning] NOTE: Read Lib [[ ../Lisa_data/Fla_SRB_125_1.fq.gz, ../Lisa_data/Fla_SRB_125_2.fq.gz]] :

Detected a *potential* strand bias > 1% in an unstranded protocol check the file: ./output/Fla_SRB_125/lib_format_counts.json for details

