[2025-05-14 16:14:34.418] [jointLog] [info] setting maxHashResizeThreads to 128
[2025-05-14 16:14:34.418] [jointLog] [info] Fragment incompatibility prior below threshold.  Incompatible fragments will be ignored.
[2025-05-14 16:14:34.418] [jointLog] [info] Usage of --validateMappings implies use of minScoreFraction. Since not explicitly specified, it is being set to 0.65
[2025-05-14 16:14:34.418] [jointLog] [info] Setting consensusSlack to selective-alignment default of 0.35.
[2025-05-14 16:14:34.418] [jointLog] [info] parsing read library format
[2025-05-14 16:14:34.418] [jointLog] [info] There is 1 library.
[2025-05-14 16:14:34.419] [jointLog] [info] Loading pufferfish index
[2025-05-14 16:14:34.419] [jointLog] [info] Loading dense pufferfish index.
[2025-05-14 16:14:45.431] [jointLog] [info] done
[2025-05-14 16:14:45.549] [jointLog] [info] Index contained 34,701 targets
[2025-05-14 16:14:45.559] [jointLog] [info] Number of decoys : 13
[2025-05-14 16:14:45.559] [jointLog] [info] First decoy index : 34,688 
[2025-05-14 16:16:39.114] [fileLog] [info] 
At end of round 0
==================
Observed 26006266 total fragments (26006266 in most recent round)

[2025-05-14 16:16:39.113] [jointLog] [info] Computed 27,878 rich equivalence classes for further processing
[2025-05-14 16:16:39.113] [jointLog] [info] Counted 20,690,159 total reads in the equivalence classes 
[2025-05-14 16:16:39.804] [jointLog] [info] Number of mappings discarded because of alignment score : 5,424,088
[2025-05-14 16:16:39.804] [jointLog] [info] Number of fragments entirely discarded because of alignment score : 2,700,007
[2025-05-14 16:16:39.804] [jointLog] [info] Number of fragments discarded because they are best-mapped to decoys : 2,059,716
[2025-05-14 16:16:39.804] [jointLog] [info] Number of fragments discarded because they have only dovetail (discordant) mappings to valid targets : 304,206
[2025-05-14 16:16:39.804] [jointLog] [info] Mapping rate = 79.5584%

[2025-05-14 16:16:39.804] [jointLog] [info] finished quantifyLibrary()
[2025-05-14 16:16:39.804] [jointLog] [info] Starting optimizer
[2025-05-14 16:16:39.823] [jointLog] [info] Marked 0 weighted equivalence classes as degenerate
[2025-05-14 16:16:39.827] [jointLog] [info] iteration = 0 | max rel diff. = 31794.1
[2025-05-14 16:16:40.086] [jointLog] [info] iteration = 100 | max rel diff. = 0.017597
[2025-05-14 16:16:40.319] [jointLog] [info] iteration = 200 | max rel diff. = 0.00392406
[2025-05-14 16:16:40.321] [jointLog] [info] Finished optimizer
[2025-05-14 16:16:40.321] [jointLog] [info] writing output 

[2025-05-14 16:16:40.399] [jointLog] [info] Starting Bootstrapping
[2025-05-14 16:16:40.404] [jointLog] [info] Will draw 100 bootstrap samples
[2025-05-14 16:16:40.404] [jointLog] [info] Optimizing over 27,878 equivalence classes
[2025-05-14 16:16:40.405] [jointLog] [info] Marked 0 weighted equivalence classes as degenerate
[2025-05-14 16:16:43.248] [jointLog] [info] wrote 1 bootstraps
[2025-05-14 16:16:43.334] [jointLog] [info] wrote 2 bootstraps
[2025-05-14 16:16:43.371] [jointLog] [info] wrote 3 bootstraps
[2025-05-14 16:16:43.490] [jointLog] [info] wrote 4 bootstraps
[2025-05-14 16:16:43.610] [jointLog] [info] wrote 5 bootstraps
[2025-05-14 16:16:43.637] [jointLog] [info] wrote 6 bootstraps
[2025-05-14 16:16:43.655] [jointLog] [info] wrote 7 bootstraps
[2025-05-14 16:16:43.683] [jointLog] [info] wrote 8 bootstraps
[2025-05-14 16:16:43.719] [jointLog] [info] wrote 9 bootstraps
[2025-05-14 16:16:43.777] [jointLog] [info] wrote 10 bootstraps
[2025-05-14 16:16:43.792] [jointLog] [info] wrote 11 bootstraps
[2025-05-14 16:16:43.808] [jointLog] [info] wrote 12 bootstraps
[2025-05-14 16:16:43.856] [jointLog] [info] wrote 13 bootstraps
[2025-05-14 16:16:43.872] [jointLog] [info] wrote 14 bootstraps
[2025-05-14 16:16:43.886] [jointLog] [info] wrote 15 bootstraps
[2025-05-14 16:16:43.936] [jointLog] [info] wrote 16 bootstraps
[2025-05-14 16:16:43.981] [jointLog] [info] wrote 17 bootstraps
[2025-05-14 16:16:44.011] [jointLog] [info] wrote 18 bootstraps
[2025-05-14 16:16:44.041] [jointLog] [info] wrote 19 bootstraps
[2025-05-14 16:16:44.056] [jointLog] [info] wrote 20 bootstraps
[2025-05-14 16:16:44.148] [jointLog] [info] wrote 21 bootstraps
[2025-05-14 16:16:44.164] [jointLog] [info] wrote 22 bootstraps
[2025-05-14 16:16:44.238] [jointLog] [info] wrote 23 bootstraps
[2025-05-14 16:16:44.251] [jointLog] [info] wrote 24 bootstraps
[2025-05-14 16:16:44.264] [jointLog] [info] wrote 25 bootstraps
[2025-05-14 16:16:44.276] [jointLog] [info] wrote 26 bootstraps
[2025-05-14 16:16:44.292] [jointLog] [info] wrote 27 bootstraps
[2025-05-14 16:16:44.309] [jointLog] [info] wrote 28 bootstraps
[2025-05-14 16:16:44.324] [jointLog] [info] wrote 29 bootstraps
[2025-05-14 16:16:44.340] [jointLog] [info] wrote 30 bootstraps
[2025-05-14 16:16:44.356] [jointLog] [info] wrote 31 bootstraps
[2025-05-14 16:16:44.371] [jointLog] [info] wrote 32 bootstraps
[2025-05-14 16:16:44.387] [jointLog] [info] wrote 33 bootstraps
[2025-05-14 16:16:44.402] [jointLog] [info] wrote 34 bootstraps
[2025-05-14 16:16:44.418] [jointLog] [info] wrote 35 bootstraps
[2025-05-14 16:16:44.431] [jointLog] [info] wrote 36 bootstraps
[2025-05-14 16:16:44.447] [jointLog] [info] wrote 37 bootstraps
[2025-05-14 16:16:44.462] [jointLog] [info] wrote 38 bootstraps
[2025-05-14 16:16:44.474] [jointLog] [info] wrote 39 bootstraps
[2025-05-14 16:16:44.489] [jointLog] [info] wrote 40 bootstraps
[2025-05-14 16:16:44.502] [jointLog] [info] wrote 41 bootstraps
[2025-05-14 16:16:44.518] [jointLog] [info] wrote 42 bootstraps
[2025-05-14 16:16:44.530] [jointLog] [info] wrote 43 bootstraps
[2025-05-14 16:16:44.542] [jointLog] [info] wrote 44 bootstraps
[2025-05-14 16:16:44.558] [jointLog] [info] wrote 45 bootstraps
[2025-05-14 16:16:44.570] [jointLog] [info] wrote 46 bootstraps
[2025-05-14 16:16:44.585] [jointLog] [info] wrote 47 bootstraps
[2025-05-14 16:16:44.599] [jointLog] [info] wrote 48 bootstraps
[2025-05-14 16:16:44.613] [jointLog] [info] wrote 49 bootstraps
[2025-05-14 16:16:44.626] [jointLog] [info] wrote 50 bootstraps
[2025-05-14 16:16:44.641] [jointLog] [info] wrote 51 bootstraps
[2025-05-14 16:16:44.656] [jointLog] [info] wrote 52 bootstraps
[2025-05-14 16:16:44.672] [jointLog] [info] wrote 53 bootstraps
[2025-05-14 16:16:44.683] [jointLog] [info] wrote 54 bootstraps
[2025-05-14 16:16:44.697] [jointLog] [info] wrote 55 bootstraps
[2025-05-14 16:16:44.713] [jointLog] [info] wrote 56 bootstraps
[2025-05-14 16:16:44.728] [jointLog] [info] wrote 57 bootstraps
[2025-05-14 16:16:44.743] [jointLog] [info] wrote 58 bootstraps
[2025-05-14 16:16:44.755] [jointLog] [info] wrote 59 bootstraps
[2025-05-14 16:16:44.771] [jointLog] [info] wrote 60 bootstraps
[2025-05-14 16:16:44.789] [jointLog] [info] wrote 61 bootstraps
[2025-05-14 16:16:44.804] [jointLog] [info] wrote 62 bootstraps
[2025-05-14 16:16:44.818] [jointLog] [info] wrote 63 bootstraps
[2025-05-14 16:16:44.836] [jointLog] [info] wrote 64 bootstraps
[2025-05-14 16:16:44.850] [jointLog] [info] wrote 65 bootstraps
[2025-05-14 16:16:44.868] [jointLog] [info] wrote 66 bootstraps
[2025-05-14 16:16:44.883] [jointLog] [info] wrote 67 bootstraps
[2025-05-14 16:16:44.899] [jointLog] [info] wrote 68 bootstraps
[2025-05-14 16:16:44.915] [jointLog] [info] wrote 69 bootstraps
[2025-05-14 16:16:44.930] [jointLog] [info] wrote 70 bootstraps
[2025-05-14 16:16:44.949] [jointLog] [info] wrote 71 bootstraps
[2025-05-14 16:16:44.963] [jointLog] [info] wrote 72 bootstraps
[2025-05-14 16:16:44.982] [jointLog] [info] wrote 73 bootstraps
[2025-05-14 16:16:45.003] [jointLog] [info] wrote 74 bootstraps
[2025-05-14 16:16:45.019] [jointLog] [info] wrote 75 bootstraps
[2025-05-14 16:16:45.035] [jointLog] [info] wrote 76 bootstraps
[2025-05-14 16:16:45.050] [jointLog] [info] wrote 77 bootstraps
[2025-05-14 16:16:45.070] [jointLog] [info] wrote 78 bootstraps
[2025-05-14 16:16:45.088] [jointLog] [info] wrote 79 bootstraps
[2025-05-14 16:16:45.106] [jointLog] [info] wrote 80 bootstraps
[2025-05-14 16:16:45.124] [jointLog] [info] wrote 81 bootstraps
[2025-05-14 16:16:45.140] [jointLog] [info] wrote 82 bootstraps
[2025-05-14 16:16:45.164] [jointLog] [info] wrote 83 bootstraps
[2025-05-14 16:16:45.183] [jointLog] [info] wrote 84 bootstraps
[2025-05-14 16:16:45.204] [jointLog] [info] wrote 85 bootstraps
[2025-05-14 16:16:45.226] [jointLog] [info] wrote 86 bootstraps
[2025-05-14 16:16:45.248] [jointLog] [info] wrote 87 bootstraps
[2025-05-14 16:16:45.261] [jointLog] [info] wrote 88 bootstraps
[2025-05-14 16:16:45.283] [jointLog] [info] wrote 89 bootstraps
[2025-05-14 16:16:45.306] [jointLog] [info] wrote 90 bootstraps
[2025-05-14 16:16:45.330] [jointLog] [info] wrote 91 bootstraps
[2025-05-14 16:16:45.352] [jointLog] [info] wrote 92 bootstraps
[2025-05-14 16:16:45.370] [jointLog] [info] wrote 93 bootstraps
[2025-05-14 16:16:45.392] [jointLog] [info] wrote 94 bootstraps
[2025-05-14 16:16:45.416] [jointLog] [info] wrote 95 bootstraps
[2025-05-14 16:16:45.438] [jointLog] [info] wrote 96 bootstraps
[2025-05-14 16:16:45.463] [jointLog] [info] wrote 97 bootstraps
[2025-05-14 16:16:45.485] [jointLog] [info] wrote 98 bootstraps
[2025-05-14 16:16:45.509] [jointLog] [info] wrote 99 bootstraps
[2025-05-14 16:16:46.226] [jointLog] [info] wrote 100 bootstraps
[2025-05-14 16:16:46.233] [jointLog] [info] Finished Bootstrapping
[2025-05-14 16:16:46.233] [jointLog] [warning] NOTE: Read Lib [[ ../Lisa_data/SW7_SNI_66_MKRN240014583_1.fq.gz, ../Lisa_data/SW7_SNI_66_MKRN240014583_2.fq.gz]] :

Detected a *potential* strand bias > 1% in an unstranded protocol check the file: ./output/SW7_SNI_66_MKRN240014583/lib_format_counts.json for details

