[2025-05-14 16:20:23.174] [jointLog] [info] setting maxHashResizeThreads to 128
[2025-05-14 16:20:23.174] [jointLog] [info] Fragment incompatibility prior below threshold.  Incompatible fragments will be ignored.
[2025-05-14 16:20:23.174] [jointLog] [info] Usage of --validateMappings implies use of minScoreFraction. Since not explicitly specified, it is being set to 0.65
[2025-05-14 16:20:23.174] [jointLog] [info] Setting consensusSlack to selective-alignment default of 0.35.
[2025-05-14 16:20:23.174] [jointLog] [info] parsing read library format
[2025-05-14 16:20:23.174] [jointLog] [info] There is 1 library.
[2025-05-14 16:20:23.175] [jointLog] [info] Loading pufferfish index
[2025-05-14 16:20:23.175] [jointLog] [info] Loading dense pufferfish index.
[2025-05-14 16:20:34.326] [jointLog] [info] done
[2025-05-14 16:20:34.467] [jointLog] [info] Index contained 34,701 targets
[2025-05-14 16:20:34.480] [jointLog] [info] Number of decoys : 13
[2025-05-14 16:20:34.480] [jointLog] [info] First decoy index : 34,688 
[2025-05-14 16:22:16.658] [jointLog] [info] Computed 25,277 rich equivalence classes for further processing
[2025-05-14 16:22:16.658] [jointLog] [info] Counted 19,068,739 total reads in the equivalence classes 
[2025-05-14 16:22:16.660] [fileLog] [info] 
At end of round 0
==================
Observed 23761261 total fragments (23761261 in most recent round)

[2025-05-14 16:22:17.050] [jointLog] [info] Number of mappings discarded because of alignment score : 4,732,831
[2025-05-14 16:22:17.050] [jointLog] [info] Number of fragments entirely discarded because of alignment score : 2,636,142
[2025-05-14 16:22:17.050] [jointLog] [info] Number of fragments discarded because they are best-mapped to decoys : 2,068,448
[2025-05-14 16:22:17.050] [jointLog] [info] Number of fragments discarded because they have only dovetail (discordant) mappings to valid targets : 295,263
[2025-05-14 16:22:17.050] [jointLog] [info] Mapping rate = 80.2514%

[2025-05-14 16:22:17.050] [jointLog] [info] finished quantifyLibrary()
[2025-05-14 16:22:17.050] [jointLog] [info] Starting optimizer
[2025-05-14 16:22:17.067] [jointLog] [info] Marked 0 weighted equivalence classes as degenerate
[2025-05-14 16:22:17.070] [jointLog] [info] iteration = 0 | max rel diff. = 26118
[2025-05-14 16:22:17.343] [jointLog] [info] iteration = 100 | max rel diff. = 1.24655
[2025-05-14 16:22:17.578] [jointLog] [info] iteration = 191 | max rel diff. = 0.00457326
[2025-05-14 16:22:17.579] [jointLog] [info] Finished optimizer
[2025-05-14 16:22:17.579] [jointLog] [info] writing output 

[2025-05-14 16:22:17.624] [jointLog] [info] Starting Bootstrapping
[2025-05-14 16:22:17.628] [jointLog] [info] Will draw 100 bootstrap samples
[2025-05-14 16:22:17.628] [jointLog] [info] Optimizing over 25,277 equivalence classes
[2025-05-14 16:22:17.630] [jointLog] [info] Marked 0 weighted equivalence classes as degenerate
[2025-05-14 16:22:20.287] [jointLog] [info] wrote 1 bootstraps
[2025-05-14 16:22:20.303] [jointLog] [info] wrote 2 bootstraps
[2025-05-14 16:22:20.370] [jointLog] [info] wrote 3 bootstraps
[2025-05-14 16:22:20.891] [jointLog] [info] wrote 4 bootstraps
[2025-05-14 16:22:20.914] [jointLog] [info] wrote 5 bootstraps
[2025-05-14 16:22:20.928] [jointLog] [info] wrote 6 bootstraps
[2025-05-14 16:22:20.940] [jointLog] [info] wrote 7 bootstraps
[2025-05-14 16:22:20.953] [jointLog] [info] wrote 8 bootstraps
[2025-05-14 16:22:20.965] [jointLog] [info] wrote 9 bootstraps
[2025-05-14 16:22:20.993] [jointLog] [info] wrote 10 bootstraps
[2025-05-14 16:22:21.005] [jointLog] [info] wrote 11 bootstraps
[2025-05-14 16:22:21.017] [jointLog] [info] wrote 12 bootstraps
[2025-05-14 16:22:21.030] [jointLog] [info] wrote 13 bootstraps
[2025-05-14 16:22:21.042] [jointLog] [info] wrote 14 bootstraps
[2025-05-14 16:22:21.055] [jointLog] [info] wrote 15 bootstraps
[2025-05-14 16:22:21.067] [jointLog] [info] wrote 16 bootstraps
[2025-05-14 16:22:21.079] [jointLog] [info] wrote 17 bootstraps
[2025-05-14 16:22:21.094] [jointLog] [info] wrote 18 bootstraps
[2025-05-14 16:22:21.109] [jointLog] [info] wrote 19 bootstraps
[2025-05-14 16:22:21.122] [jointLog] [info] wrote 20 bootstraps
[2025-05-14 16:22:21.136] [jointLog] [info] wrote 21 bootstraps
[2025-05-14 16:22:21.150] [jointLog] [info] wrote 22 bootstraps
[2025-05-14 16:22:21.165] [jointLog] [info] wrote 23 bootstraps
[2025-05-14 16:22:21.178] [jointLog] [info] wrote 24 bootstraps
[2025-05-14 16:22:21.190] [jointLog] [info] wrote 25 bootstraps
[2025-05-14 16:22:21.203] [jointLog] [info] wrote 26 bootstraps
[2025-05-14 16:22:21.218] [jointLog] [info] wrote 27 bootstraps
[2025-05-14 16:22:21.234] [jointLog] [info] wrote 28 bootstraps
[2025-05-14 16:22:21.249] [jointLog] [info] wrote 29 bootstraps
[2025-05-14 16:22:21.264] [jointLog] [info] wrote 30 bootstraps
[2025-05-14 16:22:21.277] [jointLog] [info] wrote 31 bootstraps
[2025-05-14 16:22:21.291] [jointLog] [info] wrote 32 bootstraps
[2025-05-14 16:22:21.303] [jointLog] [info] wrote 33 bootstraps
[2025-05-14 16:22:21.315] [jointLog] [info] wrote 34 bootstraps
[2025-05-14 16:22:21.327] [jointLog] [info] wrote 35 bootstraps
[2025-05-14 16:22:21.342] [jointLog] [info] wrote 36 bootstraps
[2025-05-14 16:22:21.357] [jointLog] [info] wrote 37 bootstraps
[2025-05-14 16:22:21.372] [jointLog] [info] wrote 38 bootstraps
[2025-05-14 16:22:21.388] [jointLog] [info] wrote 39 bootstraps
[2025-05-14 16:22:21.403] [jointLog] [info] wrote 40 bootstraps
[2025-05-14 16:22:21.418] [jointLog] [info] wrote 41 bootstraps
[2025-05-14 16:22:21.433] [jointLog] [info] wrote 42 bootstraps
[2025-05-14 16:22:21.449] [jointLog] [info] wrote 43 bootstraps
[2025-05-14 16:22:21.464] [jointLog] [info] wrote 44 bootstraps
[2025-05-14 16:22:21.476] [jointLog] [info] wrote 45 bootstraps
[2025-05-14 16:22:21.491] [jointLog] [info] wrote 46 bootstraps
[2025-05-14 16:22:21.506] [jointLog] [info] wrote 47 bootstraps
[2025-05-14 16:22:21.520] [jointLog] [info] wrote 48 bootstraps
[2025-05-14 16:22:21.536] [jointLog] [info] wrote 49 bootstraps
[2025-05-14 16:22:21.552] [jointLog] [info] wrote 50 bootstraps
[2025-05-14 16:22:21.566] [jointLog] [info] wrote 51 bootstraps
[2025-05-14 16:22:21.586] [jointLog] [info] wrote 52 bootstraps
[2025-05-14 16:22:21.599] [jointLog] [info] wrote 53 bootstraps
[2025-05-14 16:22:21.611] [jointLog] [info] wrote 54 bootstraps
[2025-05-14 16:22:21.627] [jointLog] [info] wrote 55 bootstraps
[2025-05-14 16:22:21.639] [jointLog] [info] wrote 56 bootstraps
[2025-05-14 16:22:21.658] [jointLog] [info] wrote 57 bootstraps
[2025-05-14 16:22:21.677] [jointLog] [info] wrote 58 bootstraps
[2025-05-14 16:22:21.693] [jointLog] [info] wrote 59 bootstraps
[2025-05-14 16:22:21.713] [jointLog] [info] wrote 60 bootstraps
[2025-05-14 16:22:21.735] [jointLog] [info] wrote 61 bootstraps
[2025-05-14 16:22:21.756] [jointLog] [info] wrote 62 bootstraps
[2025-05-14 16:22:21.770] [jointLog] [info] wrote 63 bootstraps
[2025-05-14 16:22:21.792] [jointLog] [info] wrote 64 bootstraps
[2025-05-14 16:22:21.812] [jointLog] [info] wrote 65 bootstraps
[2025-05-14 16:22:21.836] [jointLog] [info] wrote 66 bootstraps
[2025-05-14 16:22:21.852] [jointLog] [info] wrote 67 bootstraps
[2025-05-14 16:22:21.875] [jointLog] [info] wrote 68 bootstraps
[2025-05-14 16:22:21.898] [jointLog] [info] wrote 69 bootstraps
[2025-05-14 16:22:21.920] [jointLog] [info] wrote 70 bootstraps
[2025-05-14 16:22:21.944] [jointLog] [info] wrote 71 bootstraps
[2025-05-14 16:22:21.968] [jointLog] [info] wrote 72 bootstraps
[2025-05-14 16:22:21.990] [jointLog] [info] wrote 73 bootstraps
[2025-05-14 16:22:22.012] [jointLog] [info] wrote 74 bootstraps
[2025-05-14 16:22:22.035] [jointLog] [info] wrote 75 bootstraps
[2025-05-14 16:22:22.057] [jointLog] [info] wrote 76 bootstraps
[2025-05-14 16:22:22.079] [jointLog] [info] wrote 77 bootstraps
[2025-05-14 16:22:22.102] [jointLog] [info] wrote 78 bootstraps
[2025-05-14 16:22:22.123] [jointLog] [info] wrote 79 bootstraps
[2025-05-14 16:22:22.146] [jointLog] [info] wrote 80 bootstraps
[2025-05-14 16:22:22.169] [jointLog] [info] wrote 81 bootstraps
[2025-05-14 16:22:22.193] [jointLog] [info] wrote 82 bootstraps
[2025-05-14 16:22:22.215] [jointLog] [info] wrote 83 bootstraps
[2025-05-14 16:22:22.239] [jointLog] [info] wrote 84 bootstraps
[2025-05-14 16:22:22.261] [jointLog] [info] wrote 85 bootstraps
[2025-05-14 16:22:22.283] [jointLog] [info] wrote 86 bootstraps
[2025-05-14 16:22:22.305] [jointLog] [info] wrote 87 bootstraps
[2025-05-14 16:22:22.329] [jointLog] [info] wrote 88 bootstraps
[2025-05-14 16:22:22.351] [jointLog] [info] wrote 89 bootstraps
[2025-05-14 16:22:22.373] [jointLog] [info] wrote 90 bootstraps
[2025-05-14 16:22:22.396] [jointLog] [info] wrote 91 bootstraps
[2025-05-14 16:22:22.418] [jointLog] [info] wrote 92 bootstraps
[2025-05-14 16:22:22.440] [jointLog] [info] wrote 93 bootstraps
[2025-05-14 16:22:22.462] [jointLog] [info] wrote 94 bootstraps
[2025-05-14 16:22:22.484] [jointLog] [info] wrote 95 bootstraps
[2025-05-14 16:22:22.506] [jointLog] [info] wrote 96 bootstraps
[2025-05-14 16:22:22.533] [jointLog] [info] wrote 97 bootstraps
[2025-05-14 16:22:22.556] [jointLog] [info] wrote 98 bootstraps
[2025-05-14 16:22:22.578] [jointLog] [info] wrote 99 bootstraps
[2025-05-14 16:22:22.825] [jointLog] [info] wrote 100 bootstraps
[2025-05-14 16:22:22.832] [jointLog] [info] Finished Bootstrapping
[2025-05-14 16:22:22.832] [jointLog] [warning] NOTE: Read Lib [[ ../Lisa_data/SW7_SRB_110_MKRN240014584_1.fq.gz, ../Lisa_data/SW7_SRB_110_MKRN240014584_2.fq.gz]] :

Detected a *potential* strand bias > 1% in an unstranded protocol check the file: ./output/SW7_SRB_110_MKRN240014584/lib_format_counts.json for details

