[2025-05-14 15:17:08.844] [jointLog] [info] setting maxHashResizeThreads to 128
[2025-05-14 15:17:08.844] [jointLog] [info] Fragment incompatibility prior below threshold.  Incompatible fragments will be ignored.
[2025-05-14 15:17:08.844] [jointLog] [info] Usage of --validateMappings implies use of minScoreFraction. Since not explicitly specified, it is being set to 0.65
[2025-05-14 15:17:08.844] [jointLog] [info] Setting consensusSlack to selective-alignment default of 0.35.
[2025-05-14 15:17:08.844] [jointLog] [info] parsing read library format
[2025-05-14 15:17:08.844] [jointLog] [info] There is 1 library.
[2025-05-14 15:17:08.844] [jointLog] [info] Loading pufferfish index
[2025-05-14 15:17:08.844] [jointLog] [info] Loading dense pufferfish index.
[2025-05-14 15:17:20.406] [jointLog] [info] done
[2025-05-14 15:17:20.463] [jointLog] [info] Index contained 34,701 targets
[2025-05-14 15:17:20.468] [jointLog] [info] Number of decoys : 13
[2025-05-14 15:17:20.468] [jointLog] [info] First decoy index : 34,688 
[2025-05-14 15:18:46.132] [jointLog] [info] Computed 42,140 rich equivalence classes for further processing
[2025-05-14 15:18:46.132] [jointLog] [info] Counted 17,623,841 total reads in the equivalence classes 
[2025-05-14 15:18:46.368] [jointLog] [info] Number of mappings discarded because of alignment score : 4,444,198
[2025-05-14 15:18:46.368] [jointLog] [info] Number of fragments entirely discarded because of alignment score : 2,543,104
[2025-05-14 15:18:46.368] [jointLog] [info] Number of fragments discarded because they are best-mapped to decoys : 1,774,503
[2025-05-14 15:18:46.368] [jointLog] [info] Number of fragments discarded because they have only dovetail (discordant) mappings to valid targets : 302,550
[2025-05-14 15:18:46.368] [jointLog] [info] Mapping rate = 78.8443%

[2025-05-14 15:18:46.368] [jointLog] [info] finished quantifyLibrary()
[2025-05-14 15:18:46.369] [jointLog] [info] Starting optimizer
[2025-05-14 15:18:46.386] [jointLog] [info] Marked 0 weighted equivalence classes as degenerate
[2025-05-14 15:18:46.390] [jointLog] [info] iteration = 0 | max rel diff. = 26869
[2025-05-14 15:18:46.133] [fileLog] [info] 
At end of round 0
==================
Observed 22352709 total fragments (22352709 in most recent round)

[2025-05-14 15:18:46.670] [jointLog] [info] iteration = 100 | max rel diff. = 0.0734368
[2025-05-14 15:18:46.938] [jointLog] [info] iteration = 200 | max rel diff. = 0.0363225
[2025-05-14 15:18:47.017] [jointLog] [info] iteration = 232 | max rel diff. = 0.00139837
[2025-05-14 15:18:47.018] [jointLog] [info] Finished optimizer
[2025-05-14 15:18:47.018] [jointLog] [info] writing output 

[2025-05-14 15:18:47.066] [jointLog] [info] Starting Bootstrapping
[2025-05-14 15:18:47.070] [jointLog] [info] Will draw 100 bootstrap samples
[2025-05-14 15:18:47.070] [jointLog] [info] Optimizing over 42,140 equivalence classes
[2025-05-14 15:18:47.071] [jointLog] [info] Marked 0 weighted equivalence classes as degenerate
[2025-05-14 15:18:50.139] [jointLog] [info] wrote 1 bootstraps
[2025-05-14 15:18:50.156] [jointLog] [info] wrote 2 bootstraps
[2025-05-14 15:18:50.172] [jointLog] [info] wrote 3 bootstraps
[2025-05-14 15:18:50.185] [jointLog] [info] wrote 4 bootstraps
[2025-05-14 15:18:50.207] [jointLog] [info] wrote 5 bootstraps
[2025-05-14 15:18:50.267] [jointLog] [info] wrote 6 bootstraps
[2025-05-14 15:18:50.290] [jointLog] [info] wrote 7 bootstraps
[2025-05-14 15:18:50.352] [jointLog] [info] wrote 8 bootstraps
[2025-05-14 15:18:50.368] [jointLog] [info] wrote 9 bootstraps
[2025-05-14 15:18:50.525] [jointLog] [info] wrote 10 bootstraps
[2025-05-14 15:18:50.544] [jointLog] [info] wrote 11 bootstraps
[2025-05-14 15:18:50.563] [jointLog] [info] wrote 12 bootstraps
[2025-05-14 15:18:50.612] [jointLog] [info] wrote 13 bootstraps
[2025-05-14 15:18:50.628] [jointLog] [info] wrote 14 bootstraps
[2025-05-14 15:18:50.653] [jointLog] [info] wrote 15 bootstraps
[2025-05-14 15:18:50.670] [jointLog] [info] wrote 16 bootstraps
[2025-05-14 15:18:50.687] [jointLog] [info] wrote 17 bootstraps
[2025-05-14 15:18:50.700] [jointLog] [info] wrote 18 bootstraps
[2025-05-14 15:18:50.718] [jointLog] [info] wrote 19 bootstraps
[2025-05-14 15:18:50.736] [jointLog] [info] wrote 20 bootstraps
[2025-05-14 15:18:50.751] [jointLog] [info] wrote 21 bootstraps
[2025-05-14 15:18:50.766] [jointLog] [info] wrote 22 bootstraps
[2025-05-14 15:18:50.783] [jointLog] [info] wrote 23 bootstraps
[2025-05-14 15:18:50.799] [jointLog] [info] wrote 24 bootstraps
[2025-05-14 15:18:50.813] [jointLog] [info] wrote 25 bootstraps
[2025-05-14 15:18:50.831] [jointLog] [info] wrote 26 bootstraps
[2025-05-14 15:18:50.846] [jointLog] [info] wrote 27 bootstraps
[2025-05-14 15:18:50.863] [jointLog] [info] wrote 28 bootstraps
[2025-05-14 15:18:50.878] [jointLog] [info] wrote 29 bootstraps
[2025-05-14 15:18:50.895] [jointLog] [info] wrote 30 bootstraps
[2025-05-14 15:18:50.910] [jointLog] [info] wrote 31 bootstraps
[2025-05-14 15:18:50.925] [jointLog] [info] wrote 32 bootstraps
[2025-05-14 15:18:50.937] [jointLog] [info] wrote 33 bootstraps
[2025-05-14 15:18:50.953] [jointLog] [info] wrote 34 bootstraps
[2025-05-14 15:18:50.967] [jointLog] [info] wrote 35 bootstraps
[2025-05-14 15:18:50.982] [jointLog] [info] wrote 36 bootstraps
[2025-05-14 15:18:50.995] [jointLog] [info] wrote 37 bootstraps
[2025-05-14 15:18:51.007] [jointLog] [info] wrote 38 bootstraps
[2025-05-14 15:18:51.023] [jointLog] [info] wrote 39 bootstraps
[2025-05-14 15:18:51.037] [jointLog] [info] wrote 40 bootstraps
[2025-05-14 15:18:51.053] [jointLog] [info] wrote 41 bootstraps
[2025-05-14 15:18:51.065] [jointLog] [info] wrote 42 bootstraps
[2025-05-14 15:18:51.078] [jointLog] [info] wrote 43 bootstraps
[2025-05-14 15:18:51.089] [jointLog] [info] wrote 44 bootstraps
[2025-05-14 15:18:51.102] [jointLog] [info] wrote 45 bootstraps
[2025-05-14 15:18:51.117] [jointLog] [info] wrote 46 bootstraps
[2025-05-14 15:18:51.132] [jointLog] [info] wrote 47 bootstraps
[2025-05-14 15:18:51.148] [jointLog] [info] wrote 48 bootstraps
[2025-05-14 15:18:51.160] [jointLog] [info] wrote 49 bootstraps
[2025-05-14 15:18:51.176] [jointLog] [info] wrote 50 bootstraps
[2025-05-14 15:18:51.191] [jointLog] [info] wrote 51 bootstraps
[2025-05-14 15:18:51.207] [jointLog] [info] wrote 52 bootstraps
[2025-05-14 15:18:51.223] [jointLog] [info] wrote 53 bootstraps
[2025-05-14 15:18:51.241] [jointLog] [info] wrote 54 bootstraps
[2025-05-14 15:18:51.256] [jointLog] [info] wrote 55 bootstraps
[2025-05-14 15:18:51.269] [jointLog] [info] wrote 56 bootstraps
[2025-05-14 15:18:51.284] [jointLog] [info] wrote 57 bootstraps
[2025-05-14 15:18:51.301] [jointLog] [info] wrote 58 bootstraps
[2025-05-14 15:18:51.317] [jointLog] [info] wrote 59 bootstraps
[2025-05-14 15:18:51.330] [jointLog] [info] wrote 60 bootstraps
[2025-05-14 15:18:51.347] [jointLog] [info] wrote 61 bootstraps
[2025-05-14 15:18:51.360] [jointLog] [info] wrote 62 bootstraps
[2025-05-14 15:18:51.375] [jointLog] [info] wrote 63 bootstraps
[2025-05-14 15:18:51.392] [jointLog] [info] wrote 64 bootstraps
[2025-05-14 15:18:51.407] [jointLog] [info] wrote 65 bootstraps
[2025-05-14 15:18:51.423] [jointLog] [info] wrote 66 bootstraps
[2025-05-14 15:18:51.442] [jointLog] [info] wrote 67 bootstraps
[2025-05-14 15:18:51.456] [jointLog] [info] wrote 68 bootstraps
[2025-05-14 15:18:51.474] [jointLog] [info] wrote 69 bootstraps
[2025-05-14 15:18:51.489] [jointLog] [info] wrote 70 bootstraps
[2025-05-14 15:18:51.508] [jointLog] [info] wrote 71 bootstraps
[2025-05-14 15:18:51.527] [jointLog] [info] wrote 72 bootstraps
[2025-05-14 15:18:51.543] [jointLog] [info] wrote 73 bootstraps
[2025-05-14 15:18:51.564] [jointLog] [info] wrote 74 bootstraps
[2025-05-14 15:18:51.587] [jointLog] [info] wrote 75 bootstraps
[2025-05-14 15:18:51.610] [jointLog] [info] wrote 76 bootstraps
[2025-05-14 15:18:51.631] [jointLog] [info] wrote 77 bootstraps
[2025-05-14 15:18:51.657] [jointLog] [info] wrote 78 bootstraps
[2025-05-14 15:18:51.676] [jointLog] [info] wrote 79 bootstraps
[2025-05-14 15:18:51.700] [jointLog] [info] wrote 80 bootstraps
[2025-05-14 15:18:51.722] [jointLog] [info] wrote 81 bootstraps
[2025-05-14 15:18:51.744] [jointLog] [info] wrote 82 bootstraps
[2025-05-14 15:18:51.767] [jointLog] [info] wrote 83 bootstraps
[2025-05-14 15:18:51.788] [jointLog] [info] wrote 84 bootstraps
[2025-05-14 15:18:51.806] [jointLog] [info] wrote 85 bootstraps
[2025-05-14 15:18:51.829] [jointLog] [info] wrote 86 bootstraps
[2025-05-14 15:18:51.844] [jointLog] [info] wrote 87 bootstraps
[2025-05-14 15:18:51.868] [jointLog] [info] wrote 88 bootstraps
[2025-05-14 15:18:51.892] [jointLog] [info] wrote 89 bootstraps
[2025-05-14 15:18:51.908] [jointLog] [info] wrote 90 bootstraps
[2025-05-14 15:18:51.930] [jointLog] [info] wrote 91 bootstraps
[2025-05-14 15:18:51.952] [jointLog] [info] wrote 92 bootstraps
[2025-05-14 15:18:51.975] [jointLog] [info] wrote 93 bootstraps
[2025-05-14 15:18:51.991] [jointLog] [info] wrote 94 bootstraps
[2025-05-14 15:18:52.015] [jointLog] [info] wrote 95 bootstraps
[2025-05-14 15:18:52.039] [jointLog] [info] wrote 96 bootstraps
[2025-05-14 15:18:52.061] [jointLog] [info] wrote 97 bootstraps
[2025-05-14 15:18:52.085] [jointLog] [info] wrote 98 bootstraps
[2025-05-14 15:18:52.107] [jointLog] [info] wrote 99 bootstraps
[2025-05-14 15:18:53.867] [jointLog] [info] wrote 100 bootstraps
[2025-05-14 15:18:53.876] [jointLog] [info] Finished Bootstrapping
[2025-05-14 15:18:53.877] [jointLog] [warning] NOTE: Read Lib [[ ../Lisa_data/SW57_SNI_94_1.fq.gz, ../Lisa_data/SW57_SNI_94_2.fq.gz]] :

Detected a *potential* strand bias > 1% in an unstranded protocol check the file: ./output/SW57_SNI_94/lib_format_counts.json for details

