[2025-05-14 14:45:59.579] [jointLog] [info] setting maxHashResizeThreads to 128
[2025-05-14 14:45:59.579] [jointLog] [info] Fragment incompatibility prior below threshold.  Incompatible fragments will be ignored.
[2025-05-14 14:45:59.579] [jointLog] [info] Usage of --validateMappings implies use of minScoreFraction. Since not explicitly specified, it is being set to 0.65
[2025-05-14 14:45:59.579] [jointLog] [info] Setting consensusSlack to selective-alignment default of 0.35.
[2025-05-14 14:45:59.579] [jointLog] [info] parsing read library format
[2025-05-14 14:45:59.579] [jointLog] [info] There is 1 library.
[2025-05-14 14:45:59.579] [jointLog] [info] Loading pufferfish index
[2025-05-14 14:45:59.579] [jointLog] [info] Loading dense pufferfish index.
[2025-05-14 14:46:10.931] [jointLog] [info] done
[2025-05-14 14:46:11.039] [jointLog] [info] Index contained 34,701 targets
[2025-05-14 14:46:11.050] [jointLog] [info] Number of decoys : 13
[2025-05-14 14:46:11.050] [jointLog] [info] First decoy index : 34,688 
[2025-05-14 14:47:10.131] [fileLog] [info] 
At end of round 0
==================
Observed 14337535 total fragments (14337535 in most recent round)

[2025-05-14 14:47:10.131] [jointLog] [info] Computed 27,559 rich equivalence classes for further processing
[2025-05-14 14:47:10.131] [jointLog] [info] Counted 10,378,404 total reads in the equivalence classes 
[2025-05-14 14:47:10.347] [jointLog] [info] Number of mappings discarded because of alignment score : 2,581,025
[2025-05-14 14:47:10.347] [jointLog] [info] Number of fragments entirely discarded because of alignment score : 1,598,061
[2025-05-14 14:47:10.347] [jointLog] [info] Number of fragments discarded because they are best-mapped to decoys : 1,186,320
[2025-05-14 14:47:10.347] [jointLog] [info] Number of fragments discarded because they have only dovetail (discordant) mappings to valid targets : 155,703
[2025-05-14 14:47:10.347] [jointLog] [info] Mapping rate = 72.3863%

[2025-05-14 14:47:10.347] [jointLog] [info] finished quantifyLibrary()
[2025-05-14 14:47:10.348] [jointLog] [info] Starting optimizer
[2025-05-14 14:47:10.359] [jointLog] [info] Marked 0 weighted equivalence classes as degenerate
[2025-05-14 14:47:10.362] [jointLog] [info] iteration = 0 | max rel diff. = 11476.4
[2025-05-14 14:47:10.593] [jointLog] [info] iteration = 100 | max rel diff. = 0.0309809
[2025-05-14 14:47:10.754] [jointLog] [info] iteration = 183 | max rel diff. = 0.000778232
[2025-05-14 14:47:10.756] [jointLog] [info] Finished optimizer
[2025-05-14 14:47:10.756] [jointLog] [info] writing output 

[2025-05-14 14:47:10.836] [jointLog] [info] Starting Bootstrapping
[2025-05-14 14:47:10.839] [jointLog] [info] Will draw 100 bootstrap samples
[2025-05-14 14:47:10.839] [jointLog] [info] Optimizing over 27,559 equivalence classes
[2025-05-14 14:47:10.841] [jointLog] [info] Marked 0 weighted equivalence classes as degenerate
[2025-05-14 14:47:12.442] [jointLog] [info] wrote 1 bootstraps
[2025-05-14 14:47:12.718] [jointLog] [info] wrote 2 bootstraps
[2025-05-14 14:47:12.737] [jointLog] [info] wrote 3 bootstraps
[2025-05-14 14:47:12.758] [jointLog] [info] wrote 4 bootstraps
[2025-05-14 14:47:12.773] [jointLog] [info] wrote 5 bootstraps
[2025-05-14 14:47:12.789] [jointLog] [info] wrote 6 bootstraps
[2025-05-14 14:47:12.803] [jointLog] [info] wrote 7 bootstraps
[2025-05-14 14:47:12.819] [jointLog] [info] wrote 8 bootstraps
[2025-05-14 14:47:12.834] [jointLog] [info] wrote 9 bootstraps
[2025-05-14 14:47:12.848] [jointLog] [info] wrote 10 bootstraps
[2025-05-14 14:47:12.864] [jointLog] [info] wrote 11 bootstraps
[2025-05-14 14:47:12.882] [jointLog] [info] wrote 12 bootstraps
[2025-05-14 14:47:12.896] [jointLog] [info] wrote 13 bootstraps
[2025-05-14 14:47:12.910] [jointLog] [info] wrote 14 bootstraps
[2025-05-14 14:47:12.927] [jointLog] [info] wrote 15 bootstraps
[2025-05-14 14:47:12.943] [jointLog] [info] wrote 16 bootstraps
[2025-05-14 14:47:12.958] [jointLog] [info] wrote 17 bootstraps
[2025-05-14 14:47:12.972] [jointLog] [info] wrote 18 bootstraps
[2025-05-14 14:47:12.987] [jointLog] [info] wrote 19 bootstraps
[2025-05-14 14:47:13.003] [jointLog] [info] wrote 20 bootstraps
[2025-05-14 14:47:13.027] [jointLog] [info] wrote 21 bootstraps
[2025-05-14 14:47:13.040] [jointLog] [info] wrote 22 bootstraps
[2025-05-14 14:47:13.064] [jointLog] [info] wrote 23 bootstraps
[2025-05-14 14:47:13.082] [jointLog] [info] wrote 24 bootstraps
[2025-05-14 14:47:13.100] [jointLog] [info] wrote 25 bootstraps
[2025-05-14 14:47:13.113] [jointLog] [info] wrote 26 bootstraps
[2025-05-14 14:47:13.129] [jointLog] [info] wrote 27 bootstraps
[2025-05-14 14:47:13.145] [jointLog] [info] wrote 28 bootstraps
[2025-05-14 14:47:13.160] [jointLog] [info] wrote 29 bootstraps
[2025-05-14 14:47:13.176] [jointLog] [info] wrote 30 bootstraps
[2025-05-14 14:47:13.189] [jointLog] [info] wrote 31 bootstraps
[2025-05-14 14:47:13.202] [jointLog] [info] wrote 32 bootstraps
[2025-05-14 14:47:13.218] [jointLog] [info] wrote 33 bootstraps
[2025-05-14 14:47:13.255] [jointLog] [info] wrote 34 bootstraps
[2025-05-14 14:47:13.288] [jointLog] [info] wrote 35 bootstraps
[2025-05-14 14:47:13.301] [jointLog] [info] wrote 36 bootstraps
[2025-05-14 14:47:13.317] [jointLog] [info] wrote 37 bootstraps
[2025-05-14 14:47:13.340] [jointLog] [info] wrote 38 bootstraps
[2025-05-14 14:47:13.353] [jointLog] [info] wrote 39 bootstraps
[2025-05-14 14:47:13.369] [jointLog] [info] wrote 40 bootstraps
[2025-05-14 14:47:13.384] [jointLog] [info] wrote 41 bootstraps
[2025-05-14 14:47:13.397] [jointLog] [info] wrote 42 bootstraps
[2025-05-14 14:47:13.410] [jointLog] [info] wrote 43 bootstraps
[2025-05-14 14:47:13.424] [jointLog] [info] wrote 44 bootstraps
[2025-05-14 14:47:13.439] [jointLog] [info] wrote 45 bootstraps
[2025-05-14 14:47:13.452] [jointLog] [info] wrote 46 bootstraps
[2025-05-14 14:47:13.465] [jointLog] [info] wrote 47 bootstraps
[2025-05-14 14:47:13.476] [jointLog] [info] wrote 48 bootstraps
[2025-05-14 14:47:13.491] [jointLog] [info] wrote 49 bootstraps
[2025-05-14 14:47:13.507] [jointLog] [info] wrote 50 bootstraps
[2025-05-14 14:47:13.519] [jointLog] [info] wrote 51 bootstraps
[2025-05-14 14:47:13.531] [jointLog] [info] wrote 52 bootstraps
[2025-05-14 14:47:13.544] [jointLog] [info] wrote 53 bootstraps
[2025-05-14 14:47:13.557] [jointLog] [info] wrote 54 bootstraps
[2025-05-14 14:47:13.570] [jointLog] [info] wrote 55 bootstraps
[2025-05-14 14:47:13.582] [jointLog] [info] wrote 56 bootstraps
[2025-05-14 14:47:13.596] [jointLog] [info] wrote 57 bootstraps
[2025-05-14 14:47:13.608] [jointLog] [info] wrote 58 bootstraps
[2025-05-14 14:47:13.621] [jointLog] [info] wrote 59 bootstraps
[2025-05-14 14:47:13.633] [jointLog] [info] wrote 60 bootstraps
[2025-05-14 14:47:13.648] [jointLog] [info] wrote 61 bootstraps
[2025-05-14 14:47:13.660] [jointLog] [info] wrote 62 bootstraps
[2025-05-14 14:47:13.672] [jointLog] [info] wrote 63 bootstraps
[2025-05-14 14:47:13.688] [jointLog] [info] wrote 64 bootstraps
[2025-05-14 14:47:13.703] [jointLog] [info] wrote 65 bootstraps
[2025-05-14 14:47:13.718] [jointLog] [info] wrote 66 bootstraps
[2025-05-14 14:47:13.733] [jointLog] [info] wrote 67 bootstraps
[2025-05-14 14:47:13.746] [jointLog] [info] wrote 68 bootstraps
[2025-05-14 14:47:13.761] [jointLog] [info] wrote 69 bootstraps
[2025-05-14 14:47:13.776] [jointLog] [info] wrote 70 bootstraps
[2025-05-14 14:47:13.791] [jointLog] [info] wrote 71 bootstraps
[2025-05-14 14:47:13.806] [jointLog] [info] wrote 72 bootstraps
[2025-05-14 14:47:13.821] [jointLog] [info] wrote 73 bootstraps
[2025-05-14 14:47:13.836] [jointLog] [info] wrote 74 bootstraps
[2025-05-14 14:47:13.851] [jointLog] [info] wrote 75 bootstraps
[2025-05-14 14:47:13.866] [jointLog] [info] wrote 76 bootstraps
[2025-05-14 14:47:13.880] [jointLog] [info] wrote 77 bootstraps
[2025-05-14 14:47:13.895] [jointLog] [info] wrote 78 bootstraps
[2025-05-14 14:47:13.913] [jointLog] [info] wrote 79 bootstraps
[2025-05-14 14:47:13.931] [jointLog] [info] wrote 80 bootstraps
[2025-05-14 14:47:13.944] [jointLog] [info] wrote 81 bootstraps
[2025-05-14 14:47:13.962] [jointLog] [info] wrote 82 bootstraps
[2025-05-14 14:47:13.977] [jointLog] [info] wrote 83 bootstraps
[2025-05-14 14:47:13.994] [jointLog] [info] wrote 84 bootstraps
[2025-05-14 14:47:14.012] [jointLog] [info] wrote 85 bootstraps
[2025-05-14 14:47:14.030] [jointLog] [info] wrote 86 bootstraps
[2025-05-14 14:47:14.049] [jointLog] [info] wrote 87 bootstraps
[2025-05-14 14:47:14.067] [jointLog] [info] wrote 88 bootstraps
[2025-05-14 14:47:14.086] [jointLog] [info] wrote 89 bootstraps
[2025-05-14 14:47:14.108] [jointLog] [info] wrote 90 bootstraps
[2025-05-14 14:47:14.129] [jointLog] [info] wrote 91 bootstraps
[2025-05-14 14:47:14.149] [jointLog] [info] wrote 92 bootstraps
[2025-05-14 14:47:14.169] [jointLog] [info] wrote 93 bootstraps
[2025-05-14 14:47:14.189] [jointLog] [info] wrote 94 bootstraps
[2025-05-14 14:47:14.209] [jointLog] [info] wrote 95 bootstraps
[2025-05-14 14:47:14.228] [jointLog] [info] wrote 96 bootstraps
[2025-05-14 14:47:14.242] [jointLog] [info] wrote 97 bootstraps
[2025-05-14 14:47:14.262] [jointLog] [info] wrote 98 bootstraps
[2025-05-14 14:47:14.280] [jointLog] [info] wrote 99 bootstraps
[2025-05-14 14:47:14.292] [jointLog] [info] wrote 100 bootstraps
[2025-05-14 14:47:14.296] [jointLog] [info] Finished Bootstrapping
[2025-05-14 14:47:14.296] [jointLog] [warning] NOTE: Read Lib [[ ../Lisa_data/Fla_SNI_80_1.fq.gz, ../Lisa_data/Fla_SNI_80_2.fq.gz]] :

Detected a *potential* strand bias > 1% in an unstranded protocol check the file: ./output/Fla_SNI_80/lib_format_counts.json for details

