[2025-05-14 15:13:52.218] [jointLog] [info] setting maxHashResizeThreads to 128
[2025-05-14 15:13:52.218] [jointLog] [info] Fragment incompatibility prior below threshold.  Incompatible fragments will be ignored.
[2025-05-14 15:13:52.218] [jointLog] [info] Usage of --validateMappings implies use of minScoreFraction. Since not explicitly specified, it is being set to 0.65
[2025-05-14 15:13:52.218] [jointLog] [info] Setting consensusSlack to selective-alignment default of 0.35.
[2025-05-14 15:13:52.218] [jointLog] [info] parsing read library format
[2025-05-14 15:13:52.218] [jointLog] [info] There is 1 library.
[2025-05-14 15:13:52.219] [jointLog] [info] Loading pufferfish index
[2025-05-14 15:13:52.219] [jointLog] [info] Loading dense pufferfish index.
[2025-05-14 15:14:02.990] [jointLog] [info] done
[2025-05-14 15:14:03.055] [jointLog] [info] Index contained 34,701 targets
[2025-05-14 15:14:03.061] [jointLog] [info] Number of decoys : 13
[2025-05-14 15:14:03.061] [jointLog] [info] First decoy index : 34,688 
[2025-05-14 15:15:39.676] [fileLog] [info] 
At end of round 0
==================
Observed 25175360 total fragments (25175360 in most recent round)

[2025-05-14 15:15:39.674] [jointLog] [info] Computed 17,616 rich equivalence classes for further processing
[2025-05-14 15:15:39.674] [jointLog] [info] Counted 18,278,713 total reads in the equivalence classes 
[2025-05-14 15:15:39.802] [jointLog] [info] Number of mappings discarded because of alignment score : 4,591,006
[2025-05-14 15:15:39.802] [jointLog] [info] Number of fragments entirely discarded because of alignment score : 2,726,720
[2025-05-14 15:15:39.802] [jointLog] [info] Number of fragments discarded because they are best-mapped to decoys : 2,179,437
[2025-05-14 15:15:39.802] [jointLog] [info] Number of fragments discarded because they have only dovetail (discordant) mappings to valid targets : 450,731
[2025-05-14 15:15:39.802] [jointLog] [info] Mapping rate = 72.6056%

[2025-05-14 15:15:39.802] [jointLog] [info] finished quantifyLibrary()
[2025-05-14 15:15:39.803] [jointLog] [info] Starting optimizer
[2025-05-14 15:15:39.816] [jointLog] [info] Marked 0 weighted equivalence classes as degenerate
[2025-05-14 15:15:39.819] [jointLog] [info] iteration = 0 | max rel diff. = 25178.3
[2025-05-14 15:15:40.062] [jointLog] [info] iteration = 100 | max rel diff. = 0.49298
[2025-05-14 15:15:40.241] [jointLog] [info] iteration = 180 | max rel diff. = 0.00723077
[2025-05-14 15:15:40.243] [jointLog] [info] Finished optimizer
[2025-05-14 15:15:40.243] [jointLog] [info] writing output 

[2025-05-14 15:15:40.293] [jointLog] [info] Starting Bootstrapping
[2025-05-14 15:15:40.297] [jointLog] [info] Will draw 100 bootstrap samples
[2025-05-14 15:15:40.297] [jointLog] [info] Optimizing over 17,616 equivalence classes
[2025-05-14 15:15:40.298] [jointLog] [info] Marked 0 weighted equivalence classes as degenerate
[2025-05-14 15:15:42.983] [jointLog] [info] wrote 1 bootstraps
[2025-05-14 15:15:43.029] [jointLog] [info] wrote 2 bootstraps
[2025-05-14 15:15:43.127] [jointLog] [info] wrote 3 bootstraps
[2025-05-14 15:15:43.212] [jointLog] [info] wrote 4 bootstraps
[2025-05-14 15:15:43.226] [jointLog] [info] wrote 5 bootstraps
[2025-05-14 15:15:43.240] [jointLog] [info] wrote 6 bootstraps
[2025-05-14 15:15:43.253] [jointLog] [info] wrote 7 bootstraps
[2025-05-14 15:15:43.273] [jointLog] [info] wrote 8 bootstraps
[2025-05-14 15:15:43.286] [jointLog] [info] wrote 9 bootstraps
[2025-05-14 15:15:43.301] [jointLog] [info] wrote 10 bootstraps
[2025-05-14 15:15:43.358] [jointLog] [info] wrote 11 bootstraps
[2025-05-14 15:15:43.372] [jointLog] [info] wrote 12 bootstraps
[2025-05-14 15:15:43.385] [jointLog] [info] wrote 13 bootstraps
[2025-05-14 15:15:43.490] [jointLog] [info] wrote 14 bootstraps
[2025-05-14 15:15:43.503] [jointLog] [info] wrote 15 bootstraps
[2025-05-14 15:15:43.519] [jointLog] [info] wrote 16 bootstraps
[2025-05-14 15:15:43.533] [jointLog] [info] wrote 17 bootstraps
[2025-05-14 15:15:43.557] [jointLog] [info] wrote 18 bootstraps
[2025-05-14 15:15:43.607] [jointLog] [info] wrote 19 bootstraps
[2025-05-14 15:15:43.635] [jointLog] [info] wrote 20 bootstraps
[2025-05-14 15:15:43.684] [jointLog] [info] wrote 21 bootstraps
[2025-05-14 15:15:43.696] [jointLog] [info] wrote 22 bootstraps
[2025-05-14 15:15:43.710] [jointLog] [info] wrote 23 bootstraps
[2025-05-14 15:15:43.792] [jointLog] [info] wrote 24 bootstraps
[2025-05-14 15:15:43.812] [jointLog] [info] wrote 25 bootstraps
[2025-05-14 15:15:43.823] [jointLog] [info] wrote 26 bootstraps
[2025-05-14 15:15:43.836] [jointLog] [info] wrote 27 bootstraps
[2025-05-14 15:15:43.847] [jointLog] [info] wrote 28 bootstraps
[2025-05-14 15:15:43.858] [jointLog] [info] wrote 29 bootstraps
[2025-05-14 15:15:43.868] [jointLog] [info] wrote 30 bootstraps
[2025-05-14 15:15:43.881] [jointLog] [info] wrote 31 bootstraps
[2025-05-14 15:15:43.893] [jointLog] [info] wrote 32 bootstraps
[2025-05-14 15:15:43.902] [jointLog] [info] wrote 33 bootstraps
[2025-05-14 15:15:43.915] [jointLog] [info] wrote 34 bootstraps
[2025-05-14 15:15:43.929] [jointLog] [info] wrote 35 bootstraps
[2025-05-14 15:15:43.940] [jointLog] [info] wrote 36 bootstraps
[2025-05-14 15:15:43.950] [jointLog] [info] wrote 37 bootstraps
[2025-05-14 15:15:43.964] [jointLog] [info] wrote 38 bootstraps
[2025-05-14 15:15:43.976] [jointLog] [info] wrote 39 bootstraps
[2025-05-14 15:15:43.987] [jointLog] [info] wrote 40 bootstraps
[2025-05-14 15:15:44.000] [jointLog] [info] wrote 41 bootstraps
[2025-05-14 15:15:44.012] [jointLog] [info] wrote 42 bootstraps
[2025-05-14 15:15:44.022] [jointLog] [info] wrote 43 bootstraps
[2025-05-14 15:15:44.035] [jointLog] [info] wrote 44 bootstraps
[2025-05-14 15:15:44.046] [jointLog] [info] wrote 45 bootstraps
[2025-05-14 15:15:44.058] [jointLog] [info] wrote 46 bootstraps
[2025-05-14 15:15:44.070] [jointLog] [info] wrote 47 bootstraps
[2025-05-14 15:15:44.081] [jointLog] [info] wrote 48 bootstraps
[2025-05-14 15:15:44.092] [jointLog] [info] wrote 49 bootstraps
[2025-05-14 15:15:44.104] [jointLog] [info] wrote 50 bootstraps
[2025-05-14 15:15:44.114] [jointLog] [info] wrote 51 bootstraps
[2025-05-14 15:15:44.126] [jointLog] [info] wrote 52 bootstraps
[2025-05-14 15:15:44.137] [jointLog] [info] wrote 53 bootstraps
[2025-05-14 15:15:44.148] [jointLog] [info] wrote 54 bootstraps
[2025-05-14 15:15:44.158] [jointLog] [info] wrote 55 bootstraps
[2025-05-14 15:15:44.171] [jointLog] [info] wrote 56 bootstraps
[2025-05-14 15:15:44.182] [jointLog] [info] wrote 57 bootstraps
[2025-05-14 15:15:44.194] [jointLog] [info] wrote 58 bootstraps
[2025-05-14 15:15:44.207] [jointLog] [info] wrote 59 bootstraps
[2025-05-14 15:15:44.222] [jointLog] [info] wrote 60 bootstraps
[2025-05-14 15:15:44.232] [jointLog] [info] wrote 61 bootstraps
[2025-05-14 15:15:44.245] [jointLog] [info] wrote 62 bootstraps
[2025-05-14 15:15:44.259] [jointLog] [info] wrote 63 bootstraps
[2025-05-14 15:15:44.272] [jointLog] [info] wrote 64 bootstraps
[2025-05-14 15:15:44.283] [jointLog] [info] wrote 65 bootstraps
[2025-05-14 15:15:44.296] [jointLog] [info] wrote 66 bootstraps
[2025-05-14 15:15:44.310] [jointLog] [info] wrote 67 bootstraps
[2025-05-14 15:15:44.323] [jointLog] [info] wrote 68 bootstraps
[2025-05-14 15:15:44.336] [jointLog] [info] wrote 69 bootstraps
[2025-05-14 15:15:44.351] [jointLog] [info] wrote 70 bootstraps
[2025-05-14 15:15:44.365] [jointLog] [info] wrote 71 bootstraps
[2025-05-14 15:15:44.379] [jointLog] [info] wrote 72 bootstraps
[2025-05-14 15:15:44.395] [jointLog] [info] wrote 73 bootstraps
[2025-05-14 15:15:44.409] [jointLog] [info] wrote 74 bootstraps
[2025-05-14 15:15:44.423] [jointLog] [info] wrote 75 bootstraps
[2025-05-14 15:15:44.439] [jointLog] [info] wrote 76 bootstraps
[2025-05-14 15:15:44.454] [jointLog] [info] wrote 77 bootstraps
[2025-05-14 15:15:44.468] [jointLog] [info] wrote 78 bootstraps
[2025-05-14 15:15:44.484] [jointLog] [info] wrote 79 bootstraps
[2025-05-14 15:15:44.499] [jointLog] [info] wrote 80 bootstraps
[2025-05-14 15:15:44.512] [jointLog] [info] wrote 81 bootstraps
[2025-05-14 15:15:44.522] [jointLog] [info] wrote 82 bootstraps
[2025-05-14 15:15:44.535] [jointLog] [info] wrote 83 bootstraps
[2025-05-14 15:15:44.555] [jointLog] [info] wrote 84 bootstraps
[2025-05-14 15:15:44.575] [jointLog] [info] wrote 85 bootstraps
[2025-05-14 15:15:44.592] [jointLog] [info] wrote 86 bootstraps
[2025-05-14 15:15:44.609] [jointLog] [info] wrote 87 bootstraps
[2025-05-14 15:15:44.629] [jointLog] [info] wrote 88 bootstraps
[2025-05-14 15:15:44.648] [jointLog] [info] wrote 89 bootstraps
[2025-05-14 15:15:44.669] [jointLog] [info] wrote 90 bootstraps
[2025-05-14 15:15:44.688] [jointLog] [info] wrote 91 bootstraps
[2025-05-14 15:15:44.709] [jointLog] [info] wrote 92 bootstraps
[2025-05-14 15:15:44.724] [jointLog] [info] wrote 93 bootstraps
[2025-05-14 15:15:44.744] [jointLog] [info] wrote 94 bootstraps
[2025-05-14 15:15:44.765] [jointLog] [info] wrote 95 bootstraps
[2025-05-14 15:15:44.783] [jointLog] [info] wrote 96 bootstraps
[2025-05-14 15:15:44.804] [jointLog] [info] wrote 97 bootstraps
[2025-05-14 15:15:44.826] [jointLog] [info] wrote 98 bootstraps
[2025-05-14 15:15:44.841] [jointLog] [info] wrote 99 bootstraps
[2025-05-14 15:15:45.457] [jointLog] [info] wrote 100 bootstraps
[2025-05-14 15:15:45.462] [jointLog] [info] Finished Bootstrapping
[2025-05-14 15:15:45.462] [jointLog] [warning] NOTE: Read Lib [[ ../Lisa_data/SW57_SNI_69_MKRN240014592_1.fq.gz, ../Lisa_data/SW57_SNI_69_MKRN240014592_2.fq.gz]] :

Detected a *potential* strand bias > 1% in an unstranded protocol check the file: ./output/SW57_SNI_69_MKRN240014592/lib_format_counts.json for details

