[2025-05-14 16:10:23.685] [jointLog] [info] setting maxHashResizeThreads to 128
[2025-05-14 16:10:23.685] [jointLog] [info] Fragment incompatibility prior below threshold.  Incompatible fragments will be ignored.
[2025-05-14 16:10:23.685] [jointLog] [info] Usage of --validateMappings implies use of minScoreFraction. Since not explicitly specified, it is being set to 0.65
[2025-05-14 16:10:23.686] [jointLog] [info] Setting consensusSlack to selective-alignment default of 0.35.
[2025-05-14 16:10:23.686] [jointLog] [info] parsing read library format
[2025-05-14 16:10:23.686] [jointLog] [info] There is 1 library.
[2025-05-14 16:10:23.686] [jointLog] [info] Loading pufferfish index
[2025-05-14 16:10:23.686] [jointLog] [info] Loading dense pufferfish index.
[2025-05-14 16:10:34.842] [jointLog] [info] done
[2025-05-14 16:10:34.903] [jointLog] [info] Index contained 34,701 targets
[2025-05-14 16:10:34.908] [jointLog] [info] Number of decoys : 13
[2025-05-14 16:10:34.908] [jointLog] [info] First decoy index : 34,688 
[2025-05-14 16:12:06.747] [fileLog] [info] 
At end of round 0
==================
Observed 24035128 total fragments (24035128 in most recent round)

[2025-05-14 16:12:06.746] [jointLog] [info] Computed 21,696 rich equivalence classes for further processing
[2025-05-14 16:12:06.746] [jointLog] [info] Counted 18,147,701 total reads in the equivalence classes 
[2025-05-14 16:12:06.966] [jointLog] [info] Number of mappings discarded because of alignment score : 4,671,935
[2025-05-14 16:12:06.966] [jointLog] [info] Number of fragments entirely discarded because of alignment score : 2,581,138
[2025-05-14 16:12:06.966] [jointLog] [info] Number of fragments discarded because they are best-mapped to decoys : 2,053,116
[2025-05-14 16:12:06.966] [jointLog] [info] Number of fragments discarded because they have only dovetail (discordant) mappings to valid targets : 277,044
[2025-05-14 16:12:06.966] [jointLog] [info] Mapping rate = 75.5049%

[2025-05-14 16:12:06.966] [jointLog] [info] finished quantifyLibrary()
[2025-05-14 16:12:06.967] [jointLog] [info] Starting optimizer
[2025-05-14 16:12:06.979] [jointLog] [info] Marked 0 weighted equivalence classes as degenerate
[2025-05-14 16:12:06.983] [jointLog] [info] iteration = 0 | max rel diff. = 26555.1
[2025-05-14 16:12:07.239] [jointLog] [info] iteration = 100 | max rel diff. = 0.0272404
[2025-05-14 16:12:07.475] [jointLog] [info] iteration = 200 | max rel diff. = 0.180364
[2025-05-14 16:12:07.490] [jointLog] [info] iteration = 208 | max rel diff. = 0.000489488
[2025-05-14 16:12:07.492] [jointLog] [info] Finished optimizer
[2025-05-14 16:12:07.492] [jointLog] [info] writing output 

[2025-05-14 16:12:07.536] [jointLog] [info] Starting Bootstrapping
[2025-05-14 16:12:07.539] [jointLog] [info] Will draw 100 bootstrap samples
[2025-05-14 16:12:07.539] [jointLog] [info] Optimizing over 21,696 equivalence classes
[2025-05-14 16:12:07.539] [jointLog] [info] Marked 0 weighted equivalence classes as degenerate
[2025-05-14 16:12:10.332] [jointLog] [info] wrote 1 bootstraps
[2025-05-14 16:12:10.436] [jointLog] [info] wrote 2 bootstraps
[2025-05-14 16:12:10.453] [jointLog] [info] wrote 3 bootstraps
[2025-05-14 16:12:10.474] [jointLog] [info] wrote 4 bootstraps
[2025-05-14 16:12:10.514] [jointLog] [info] wrote 5 bootstraps
[2025-05-14 16:12:10.528] [jointLog] [info] wrote 6 bootstraps
[2025-05-14 16:12:10.572] [jointLog] [info] wrote 7 bootstraps
[2025-05-14 16:12:10.594] [jointLog] [info] wrote 8 bootstraps
[2025-05-14 16:12:10.609] [jointLog] [info] wrote 9 bootstraps
[2025-05-14 16:12:10.625] [jointLog] [info] wrote 10 bootstraps
[2025-05-14 16:12:10.652] [jointLog] [info] wrote 11 bootstraps
[2025-05-14 16:12:10.669] [jointLog] [info] wrote 12 bootstraps
[2025-05-14 16:12:10.708] [jointLog] [info] wrote 13 bootstraps
[2025-05-14 16:12:10.721] [jointLog] [info] wrote 14 bootstraps
[2025-05-14 16:12:10.735] [jointLog] [info] wrote 15 bootstraps
[2025-05-14 16:12:10.835] [jointLog] [info] wrote 16 bootstraps
[2025-05-14 16:12:10.854] [jointLog] [info] wrote 17 bootstraps
[2025-05-14 16:12:10.866] [jointLog] [info] wrote 18 bootstraps
[2025-05-14 16:12:10.894] [jointLog] [info] wrote 19 bootstraps
[2025-05-14 16:12:10.966] [jointLog] [info] wrote 20 bootstraps
[2025-05-14 16:12:10.978] [jointLog] [info] wrote 21 bootstraps
[2025-05-14 16:12:10.990] [jointLog] [info] wrote 22 bootstraps
[2025-05-14 16:12:11.022] [jointLog] [info] wrote 23 bootstraps
[2025-05-14 16:12:11.038] [jointLog] [info] wrote 24 bootstraps
[2025-05-14 16:12:11.072] [jointLog] [info] wrote 25 bootstraps
[2025-05-14 16:12:11.095] [jointLog] [info] wrote 26 bootstraps
[2025-05-14 16:12:11.129] [jointLog] [info] wrote 27 bootstraps
[2025-05-14 16:12:11.172] [jointLog] [info] wrote 28 bootstraps
[2025-05-14 16:12:11.186] [jointLog] [info] wrote 29 bootstraps
[2025-05-14 16:12:11.199] [jointLog] [info] wrote 30 bootstraps
[2025-05-14 16:12:11.215] [jointLog] [info] wrote 31 bootstraps
[2025-05-14 16:12:11.230] [jointLog] [info] wrote 32 bootstraps
[2025-05-14 16:12:11.243] [jointLog] [info] wrote 33 bootstraps
[2025-05-14 16:12:11.255] [jointLog] [info] wrote 34 bootstraps
[2025-05-14 16:12:11.267] [jointLog] [info] wrote 35 bootstraps
[2025-05-14 16:12:11.282] [jointLog] [info] wrote 36 bootstraps
[2025-05-14 16:12:11.297] [jointLog] [info] wrote 37 bootstraps
[2025-05-14 16:12:11.311] [jointLog] [info] wrote 38 bootstraps
[2025-05-14 16:12:11.327] [jointLog] [info] wrote 39 bootstraps
[2025-05-14 16:12:11.340] [jointLog] [info] wrote 40 bootstraps
[2025-05-14 16:12:11.354] [jointLog] [info] wrote 41 bootstraps
[2025-05-14 16:12:11.368] [jointLog] [info] wrote 42 bootstraps
[2025-05-14 16:12:11.381] [jointLog] [info] wrote 43 bootstraps
[2025-05-14 16:12:11.393] [jointLog] [info] wrote 44 bootstraps
[2025-05-14 16:12:11.406] [jointLog] [info] wrote 45 bootstraps
[2025-05-14 16:12:11.421] [jointLog] [info] wrote 46 bootstraps
[2025-05-14 16:12:11.433] [jointLog] [info] wrote 47 bootstraps
[2025-05-14 16:12:11.445] [jointLog] [info] wrote 48 bootstraps
[2025-05-14 16:12:11.457] [jointLog] [info] wrote 49 bootstraps
[2025-05-14 16:12:11.471] [jointLog] [info] wrote 50 bootstraps
[2025-05-14 16:12:11.485] [jointLog] [info] wrote 51 bootstraps
[2025-05-14 16:12:11.500] [jointLog] [info] wrote 52 bootstraps
[2025-05-14 16:12:11.513] [jointLog] [info] wrote 53 bootstraps
[2025-05-14 16:12:11.525] [jointLog] [info] wrote 54 bootstraps
[2025-05-14 16:12:11.538] [jointLog] [info] wrote 55 bootstraps
[2025-05-14 16:12:11.552] [jointLog] [info] wrote 56 bootstraps
[2025-05-14 16:12:11.568] [jointLog] [info] wrote 57 bootstraps
[2025-05-14 16:12:11.583] [jointLog] [info] wrote 58 bootstraps
[2025-05-14 16:12:11.597] [jointLog] [info] wrote 59 bootstraps
[2025-05-14 16:12:11.610] [jointLog] [info] wrote 60 bootstraps
[2025-05-14 16:12:11.624] [jointLog] [info] wrote 61 bootstraps
[2025-05-14 16:12:11.640] [jointLog] [info] wrote 62 bootstraps
[2025-05-14 16:12:11.655] [jointLog] [info] wrote 63 bootstraps
[2025-05-14 16:12:11.675] [jointLog] [info] wrote 64 bootstraps
[2025-05-14 16:12:11.690] [jointLog] [info] wrote 65 bootstraps
[2025-05-14 16:12:11.704] [jointLog] [info] wrote 66 bootstraps
[2025-05-14 16:12:11.722] [jointLog] [info] wrote 67 bootstraps
[2025-05-14 16:12:11.738] [jointLog] [info] wrote 68 bootstraps
[2025-05-14 16:12:11.754] [jointLog] [info] wrote 69 bootstraps
[2025-05-14 16:12:11.774] [jointLog] [info] wrote 70 bootstraps
[2025-05-14 16:12:11.788] [jointLog] [info] wrote 71 bootstraps
[2025-05-14 16:12:11.807] [jointLog] [info] wrote 72 bootstraps
[2025-05-14 16:12:11.827] [jointLog] [info] wrote 73 bootstraps
[2025-05-14 16:12:11.846] [jointLog] [info] wrote 74 bootstraps
[2025-05-14 16:12:11.864] [jointLog] [info] wrote 75 bootstraps
[2025-05-14 16:12:11.881] [jointLog] [info] wrote 76 bootstraps
[2025-05-14 16:12:11.903] [jointLog] [info] wrote 77 bootstraps
[2025-05-14 16:12:11.925] [jointLog] [info] wrote 78 bootstraps
[2025-05-14 16:12:11.946] [jointLog] [info] wrote 79 bootstraps
[2025-05-14 16:12:11.969] [jointLog] [info] wrote 80 bootstraps
[2025-05-14 16:12:11.990] [jointLog] [info] wrote 81 bootstraps
[2025-05-14 16:12:12.011] [jointLog] [info] wrote 82 bootstraps
[2025-05-14 16:12:12.034] [jointLog] [info] wrote 83 bootstraps
[2025-05-14 16:12:12.056] [jointLog] [info] wrote 84 bootstraps
[2025-05-14 16:12:12.077] [jointLog] [info] wrote 85 bootstraps
[2025-05-14 16:12:12.099] [jointLog] [info] wrote 86 bootstraps
[2025-05-14 16:12:12.121] [jointLog] [info] wrote 87 bootstraps
[2025-05-14 16:12:12.145] [jointLog] [info] wrote 88 bootstraps
[2025-05-14 16:12:12.171] [jointLog] [info] wrote 89 bootstraps
[2025-05-14 16:12:12.193] [jointLog] [info] wrote 90 bootstraps
[2025-05-14 16:12:12.216] [jointLog] [info] wrote 91 bootstraps
[2025-05-14 16:12:12.237] [jointLog] [info] wrote 92 bootstraps
[2025-05-14 16:12:12.260] [jointLog] [info] wrote 93 bootstraps
[2025-05-14 16:12:12.284] [jointLog] [info] wrote 94 bootstraps
[2025-05-14 16:12:12.305] [jointLog] [info] wrote 95 bootstraps
[2025-05-14 16:12:12.328] [jointLog] [info] wrote 96 bootstraps
[2025-05-14 16:12:12.349] [jointLog] [info] wrote 97 bootstraps
[2025-05-14 16:12:12.371] [jointLog] [info] wrote 98 bootstraps
[2025-05-14 16:12:12.397] [jointLog] [info] wrote 99 bootstraps
[2025-05-14 16:12:13.232] [jointLog] [info] wrote 100 bootstraps
[2025-05-14 16:12:13.242] [jointLog] [info] Finished Bootstrapping
[2025-05-14 16:12:13.242] [jointLog] [warning] NOTE: Read Lib [[ ../Lisa_data/SW7_SNI_62_MKRN240014581_1.fq.gz, ../Lisa_data/SW7_SNI_62_MKRN240014581_2.fq.gz]] :

Detected a *potential* strand bias > 1% in an unstranded protocol check the file: ./output/SW7_SNI_62_MKRN240014581/lib_format_counts.json for details

