[2025-05-14 14:59:41.162] [jointLog] [info] setting maxHashResizeThreads to 128
[2025-05-14 14:59:41.162] [jointLog] [info] Fragment incompatibility prior below threshold.  Incompatible fragments will be ignored.
[2025-05-14 14:59:41.162] [jointLog] [info] Usage of --validateMappings implies use of minScoreFraction. Since not explicitly specified, it is being set to 0.65
[2025-05-14 14:59:41.162] [jointLog] [info] Setting consensusSlack to selective-alignment default of 0.35.
[2025-05-14 14:59:41.162] [jointLog] [info] parsing read library format
[2025-05-14 14:59:41.162] [jointLog] [info] There is 1 library.
[2025-05-14 14:59:41.162] [jointLog] [info] Loading pufferfish index
[2025-05-14 14:59:41.162] [jointLog] [info] Loading dense pufferfish index.
[2025-05-14 14:59:51.785] [jointLog] [info] done
[2025-05-14 14:59:51.845] [jointLog] [info] Index contained 34,701 targets
[2025-05-14 14:59:51.850] [jointLog] [info] Number of decoys : 13
[2025-05-14 14:59:51.850] [jointLog] [info] First decoy index : 34,688 
[2025-05-14 15:01:38.388] [jointLog] [info] Computed 23,092 rich equivalence classes for further processing
[2025-05-14 15:01:38.388] [jointLog] [info] Counted 24,727,040 total reads in the equivalence classes 
[2025-05-14 15:01:38.475] [jointLog] [info] Number of mappings discarded because of alignment score : 6,028,179
[2025-05-14 15:01:38.475] [jointLog] [info] Number of fragments entirely discarded because of alignment score : 3,307,098
[2025-05-14 15:01:38.475] [jointLog] [info] Number of fragments discarded because they are best-mapped to decoys : 2,614,644
[2025-05-14 15:01:38.475] [jointLog] [info] Number of fragments discarded because they have only dovetail (discordant) mappings to valid targets : 321,433
[2025-05-14 15:01:38.475] [jointLog] [info] Mapping rate = 80.2702%

[2025-05-14 15:01:38.475] [jointLog] [info] finished quantifyLibrary()
[2025-05-14 15:01:38.475] [jointLog] [info] Starting optimizer
[2025-05-14 15:01:38.490] [jointLog] [info] Marked 0 weighted equivalence classes as degenerate
[2025-05-14 15:01:38.494] [jointLog] [info] iteration = 0 | max rel diff. = 36020.8
[2025-05-14 15:01:38.761] [jointLog] [info] iteration = 100 | max rel diff. = 0.0175396
[2025-05-14 15:01:38.389] [fileLog] [info] 
At end of round 0
==================
Observed 30804755 total fragments (30804755 in most recent round)

[2025-05-14 15:01:38.993] [jointLog] [info] iteration = 200 | max rel diff. = 0.0539817
[2025-05-14 15:01:39.207] [jointLog] [info] iteration = 300 | max rel diff. = 0.806168
[2025-05-14 15:01:39.211] [jointLog] [info] iteration = 303 | max rel diff. = 0.00154932
[2025-05-14 15:01:39.213] [jointLog] [info] Finished optimizer
[2025-05-14 15:01:39.213] [jointLog] [info] writing output 

[2025-05-14 15:01:39.263] [jointLog] [info] Starting Bootstrapping
[2025-05-14 15:01:39.266] [jointLog] [info] Will draw 100 bootstrap samples
[2025-05-14 15:01:39.266] [jointLog] [info] Optimizing over 23,092 equivalence classes
[2025-05-14 15:01:39.267] [jointLog] [info] Marked 0 weighted equivalence classes as degenerate
[2025-05-14 15:01:42.656] [jointLog] [info] wrote 1 bootstraps
[2025-05-14 15:01:42.823] [jointLog] [info] wrote 2 bootstraps
[2025-05-14 15:01:42.839] [jointLog] [info] wrote 3 bootstraps
[2025-05-14 15:01:42.948] [jointLog] [info] wrote 4 bootstraps
[2025-05-14 15:01:42.984] [jointLog] [info] wrote 5 bootstraps
[2025-05-14 15:01:43.065] [jointLog] [info] wrote 6 bootstraps
[2025-05-14 15:01:43.114] [jointLog] [info] wrote 7 bootstraps
[2025-05-14 15:01:43.131] [jointLog] [info] wrote 8 bootstraps
[2025-05-14 15:01:43.154] [jointLog] [info] wrote 9 bootstraps
[2025-05-14 15:01:43.185] [jointLog] [info] wrote 10 bootstraps
[2025-05-14 15:01:43.199] [jointLog] [info] wrote 11 bootstraps
[2025-05-14 15:01:43.215] [jointLog] [info] wrote 12 bootstraps
[2025-05-14 15:01:43.268] [jointLog] [info] wrote 13 bootstraps
[2025-05-14 15:01:43.394] [jointLog] [info] wrote 14 bootstraps
[2025-05-14 15:01:43.426] [jointLog] [info] wrote 15 bootstraps
[2025-05-14 15:01:43.455] [jointLog] [info] wrote 16 bootstraps
[2025-05-14 15:01:43.476] [jointLog] [info] wrote 17 bootstraps
[2025-05-14 15:01:43.490] [jointLog] [info] wrote 18 bootstraps
[2025-05-14 15:01:43.503] [jointLog] [info] wrote 19 bootstraps
[2025-05-14 15:01:43.518] [jointLog] [info] wrote 20 bootstraps
[2025-05-14 15:01:43.533] [jointLog] [info] wrote 21 bootstraps
[2025-05-14 15:01:43.551] [jointLog] [info] wrote 22 bootstraps
[2025-05-14 15:01:43.567] [jointLog] [info] wrote 23 bootstraps
[2025-05-14 15:01:43.580] [jointLog] [info] wrote 24 bootstraps
[2025-05-14 15:01:43.594] [jointLog] [info] wrote 25 bootstraps
[2025-05-14 15:01:43.609] [jointLog] [info] wrote 26 bootstraps
[2025-05-14 15:01:43.624] [jointLog] [info] wrote 27 bootstraps
[2025-05-14 15:01:43.640] [jointLog] [info] wrote 28 bootstraps
[2025-05-14 15:01:43.653] [jointLog] [info] wrote 29 bootstraps
[2025-05-14 15:01:43.666] [jointLog] [info] wrote 30 bootstraps
[2025-05-14 15:01:43.682] [jointLog] [info] wrote 31 bootstraps
[2025-05-14 15:01:43.697] [jointLog] [info] wrote 32 bootstraps
[2025-05-14 15:01:43.712] [jointLog] [info] wrote 33 bootstraps
[2025-05-14 15:01:43.727] [jointLog] [info] wrote 34 bootstraps
[2025-05-14 15:01:43.743] [jointLog] [info] wrote 35 bootstraps
[2025-05-14 15:01:43.758] [jointLog] [info] wrote 36 bootstraps
[2025-05-14 15:01:43.773] [jointLog] [info] wrote 37 bootstraps
[2025-05-14 15:01:43.790] [jointLog] [info] wrote 38 bootstraps
[2025-05-14 15:01:43.805] [jointLog] [info] wrote 39 bootstraps
[2025-05-14 15:01:43.820] [jointLog] [info] wrote 40 bootstraps
[2025-05-14 15:01:43.836] [jointLog] [info] wrote 41 bootstraps
[2025-05-14 15:01:43.849] [jointLog] [info] wrote 42 bootstraps
[2025-05-14 15:01:43.864] [jointLog] [info] wrote 43 bootstraps
[2025-05-14 15:01:43.880] [jointLog] [info] wrote 44 bootstraps
[2025-05-14 15:01:43.895] [jointLog] [info] wrote 45 bootstraps
[2025-05-14 15:01:43.913] [jointLog] [info] wrote 46 bootstraps
[2025-05-14 15:01:43.929] [jointLog] [info] wrote 47 bootstraps
[2025-05-14 15:01:43.946] [jointLog] [info] wrote 48 bootstraps
[2025-05-14 15:01:43.962] [jointLog] [info] wrote 49 bootstraps
[2025-05-14 15:01:43.977] [jointLog] [info] wrote 50 bootstraps
[2025-05-14 15:01:43.992] [jointLog] [info] wrote 51 bootstraps
[2025-05-14 15:01:44.007] [jointLog] [info] wrote 52 bootstraps
[2025-05-14 15:01:44.022] [jointLog] [info] wrote 53 bootstraps
[2025-05-14 15:01:44.035] [jointLog] [info] wrote 54 bootstraps
[2025-05-14 15:01:44.048] [jointLog] [info] wrote 55 bootstraps
[2025-05-14 15:01:44.063] [jointLog] [info] wrote 56 bootstraps
[2025-05-14 15:01:44.076] [jointLog] [info] wrote 57 bootstraps
[2025-05-14 15:01:44.088] [jointLog] [info] wrote 58 bootstraps
[2025-05-14 15:01:44.102] [jointLog] [info] wrote 59 bootstraps
[2025-05-14 15:01:44.114] [jointLog] [info] wrote 60 bootstraps
[2025-05-14 15:01:44.129] [jointLog] [info] wrote 61 bootstraps
[2025-05-14 15:01:44.142] [jointLog] [info] wrote 62 bootstraps
[2025-05-14 15:01:44.153] [jointLog] [info] wrote 63 bootstraps
[2025-05-14 15:01:44.168] [jointLog] [info] wrote 64 bootstraps
[2025-05-14 15:01:44.180] [jointLog] [info] wrote 65 bootstraps
[2025-05-14 15:01:44.195] [jointLog] [info] wrote 66 bootstraps
[2025-05-14 15:01:44.211] [jointLog] [info] wrote 67 bootstraps
[2025-05-14 15:01:44.227] [jointLog] [info] wrote 68 bootstraps
[2025-05-14 15:01:44.243] [jointLog] [info] wrote 69 bootstraps
[2025-05-14 15:01:44.258] [jointLog] [info] wrote 70 bootstraps
[2025-05-14 15:01:44.272] [jointLog] [info] wrote 71 bootstraps
[2025-05-14 15:01:44.287] [jointLog] [info] wrote 72 bootstraps
[2025-05-14 15:01:44.302] [jointLog] [info] wrote 73 bootstraps
[2025-05-14 15:01:44.317] [jointLog] [info] wrote 74 bootstraps
[2025-05-14 15:01:44.332] [jointLog] [info] wrote 75 bootstraps
[2025-05-14 15:01:44.347] [jointLog] [info] wrote 76 bootstraps
[2025-05-14 15:01:44.364] [jointLog] [info] wrote 77 bootstraps
[2025-05-14 15:01:44.379] [jointLog] [info] wrote 78 bootstraps
[2025-05-14 15:01:44.394] [jointLog] [info] wrote 79 bootstraps
[2025-05-14 15:01:44.410] [jointLog] [info] wrote 80 bootstraps
[2025-05-14 15:01:44.430] [jointLog] [info] wrote 81 bootstraps
[2025-05-14 15:01:44.446] [jointLog] [info] wrote 82 bootstraps
[2025-05-14 15:01:44.463] [jointLog] [info] wrote 83 bootstraps
[2025-05-14 15:01:44.479] [jointLog] [info] wrote 84 bootstraps
[2025-05-14 15:01:44.498] [jointLog] [info] wrote 85 bootstraps
[2025-05-14 15:01:44.514] [jointLog] [info] wrote 86 bootstraps
[2025-05-14 15:01:44.533] [jointLog] [info] wrote 87 bootstraps
[2025-05-14 15:01:44.551] [jointLog] [info] wrote 88 bootstraps
[2025-05-14 15:01:44.566] [jointLog] [info] wrote 89 bootstraps
[2025-05-14 15:01:44.585] [jointLog] [info] wrote 90 bootstraps
[2025-05-14 15:01:44.601] [jointLog] [info] wrote 91 bootstraps
[2025-05-14 15:01:44.619] [jointLog] [info] wrote 92 bootstraps
[2025-05-14 15:01:44.641] [jointLog] [info] wrote 93 bootstraps
[2025-05-14 15:01:44.659] [jointLog] [info] wrote 94 bootstraps
[2025-05-14 15:01:44.679] [jointLog] [info] wrote 95 bootstraps
[2025-05-14 15:01:44.697] [jointLog] [info] wrote 96 bootstraps
[2025-05-14 15:01:44.716] [jointLog] [info] wrote 97 bootstraps
[2025-05-14 15:01:44.737] [jointLog] [info] wrote 98 bootstraps
[2025-05-14 15:01:44.756] [jointLog] [info] wrote 99 bootstraps
[2025-05-14 15:01:46.169] [jointLog] [info] wrote 100 bootstraps
[2025-05-14 15:01:46.175] [jointLog] [info] Finished Bootstrapping
[2025-05-14 15:01:46.176] [jointLog] [warning] NOTE: Read Lib [[ ../Lisa_data/SW57_H_19_MKRN240014587_1.fq.gz, ../Lisa_data/SW57_H_19_MKRN240014587_2.fq.gz]] :

Detected a *potential* strand bias > 1% in an unstranded protocol check the file: ./output/SW57_H_19_MKRN240014587/lib_format_counts.json for details

