[2025-05-14 15:05:57.811] [jointLog] [info] setting maxHashResizeThreads to 128
[2025-05-14 15:05:57.811] [jointLog] [info] Fragment incompatibility prior below threshold.  Incompatible fragments will be ignored.
[2025-05-14 15:05:57.811] [jointLog] [info] Usage of --validateMappings implies use of minScoreFraction. Since not explicitly specified, it is being set to 0.65
[2025-05-14 15:05:57.811] [jointLog] [info] Setting consensusSlack to selective-alignment default of 0.35.
[2025-05-14 15:05:57.811] [jointLog] [info] parsing read library format
[2025-05-14 15:05:57.811] [jointLog] [info] There is 1 library.
[2025-05-14 15:05:57.811] [jointLog] [info] Loading pufferfish index
[2025-05-14 15:05:57.811] [jointLog] [info] Loading dense pufferfish index.
[2025-05-14 15:06:10.046] [jointLog] [info] done
[2025-05-14 15:06:10.166] [jointLog] [info] Index contained 34,701 targets
[2025-05-14 15:06:10.176] [jointLog] [info] Number of decoys : 13
[2025-05-14 15:06:10.177] [jointLog] [info] First decoy index : 34,688 
[2025-05-14 15:07:18.501] [fileLog] [info] 
At end of round 0
==================
Observed 14563612 total fragments (14563612 in most recent round)

[2025-05-14 15:07:18.500] [jointLog] [info] Computed 20,914 rich equivalence classes for further processing
[2025-05-14 15:07:18.500] [jointLog] [info] Counted 8,840,054 total reads in the equivalence classes 
[2025-05-14 15:07:18.936] [jointLog] [info] Number of mappings discarded because of alignment score : 2,611,021
[2025-05-14 15:07:18.936] [jointLog] [info] Number of fragments entirely discarded because of alignment score : 1,777,719
[2025-05-14 15:07:18.936] [jointLog] [info] Number of fragments discarded because they are best-mapped to decoys : 1,450,439
[2025-05-14 15:07:18.936] [jointLog] [info] Number of fragments discarded because they have only dovetail (discordant) mappings to valid targets : 154,211
[2025-05-14 15:07:18.936] [jointLog] [info] Mapping rate = 60.6996%

[2025-05-14 15:07:18.936] [jointLog] [info] finished quantifyLibrary()
[2025-05-14 15:07:18.937] [jointLog] [info] Starting optimizer
[2025-05-14 15:07:18.952] [jointLog] [info] Marked 0 weighted equivalence classes as degenerate
[2025-05-14 15:07:18.955] [jointLog] [info] iteration = 0 | max rel diff. = 19061.9
[2025-05-14 15:07:19.214] [jointLog] [info] iteration = 100 | max rel diff. = 0.0129427
[2025-05-14 15:07:19.465] [jointLog] [info] iteration = 200 | max rel diff. = 0.0363143
[2025-05-14 15:07:19.542] [jointLog] [info] iteration = 233 | max rel diff. = 0.00926202
[2025-05-14 15:07:19.544] [jointLog] [info] Finished optimizer
[2025-05-14 15:07:19.544] [jointLog] [info] writing output 

[2025-05-14 15:07:19.586] [jointLog] [info] Starting Bootstrapping
[2025-05-14 15:07:19.590] [jointLog] [info] Will draw 100 bootstrap samples
[2025-05-14 15:07:19.590] [jointLog] [info] Optimizing over 20,914 equivalence classes
[2025-05-14 15:07:19.591] [jointLog] [info] Marked 0 weighted equivalence classes as degenerate
[2025-05-14 15:07:21.030] [jointLog] [info] wrote 1 bootstraps
[2025-05-14 15:07:21.051] [jointLog] [info] wrote 2 bootstraps
[2025-05-14 15:07:21.409] [jointLog] [info] wrote 3 bootstraps
[2025-05-14 15:07:21.733] [jointLog] [info] wrote 4 bootstraps
[2025-05-14 15:07:21.746] [jointLog] [info] wrote 5 bootstraps
[2025-05-14 15:07:21.768] [jointLog] [info] wrote 6 bootstraps
[2025-05-14 15:07:21.783] [jointLog] [info] wrote 7 bootstraps
[2025-05-14 15:07:21.800] [jointLog] [info] wrote 8 bootstraps
[2025-05-14 15:07:21.816] [jointLog] [info] wrote 9 bootstraps
[2025-05-14 15:07:21.832] [jointLog] [info] wrote 10 bootstraps
[2025-05-14 15:07:21.847] [jointLog] [info] wrote 11 bootstraps
[2025-05-14 15:07:21.863] [jointLog] [info] wrote 12 bootstraps
[2025-05-14 15:07:21.879] [jointLog] [info] wrote 13 bootstraps
[2025-05-14 15:07:21.896] [jointLog] [info] wrote 14 bootstraps
[2025-05-14 15:07:21.909] [jointLog] [info] wrote 15 bootstraps
[2025-05-14 15:07:21.925] [jointLog] [info] wrote 16 bootstraps
[2025-05-14 15:07:21.940] [jointLog] [info] wrote 17 bootstraps
[2025-05-14 15:07:21.956] [jointLog] [info] wrote 18 bootstraps
[2025-05-14 15:07:21.971] [jointLog] [info] wrote 19 bootstraps
[2025-05-14 15:07:21.989] [jointLog] [info] wrote 20 bootstraps
[2025-05-14 15:07:22.004] [jointLog] [info] wrote 21 bootstraps
[2025-05-14 15:07:22.017] [jointLog] [info] wrote 22 bootstraps
[2025-05-14 15:07:22.031] [jointLog] [info] wrote 23 bootstraps
[2025-05-14 15:07:22.048] [jointLog] [info] wrote 24 bootstraps
[2025-05-14 15:07:22.063] [jointLog] [info] wrote 25 bootstraps
[2025-05-14 15:07:22.077] [jointLog] [info] wrote 26 bootstraps
[2025-05-14 15:07:22.090] [jointLog] [info] wrote 27 bootstraps
[2025-05-14 15:07:22.105] [jointLog] [info] wrote 28 bootstraps
[2025-05-14 15:07:22.126] [jointLog] [info] wrote 29 bootstraps
[2025-05-14 15:07:22.142] [jointLog] [info] wrote 30 bootstraps
[2025-05-14 15:07:22.154] [jointLog] [info] wrote 31 bootstraps
[2025-05-14 15:07:22.167] [jointLog] [info] wrote 32 bootstraps
[2025-05-14 15:07:22.181] [jointLog] [info] wrote 33 bootstraps
[2025-05-14 15:07:22.196] [jointLog] [info] wrote 34 bootstraps
[2025-05-14 15:07:22.211] [jointLog] [info] wrote 35 bootstraps
[2025-05-14 15:07:22.225] [jointLog] [info] wrote 36 bootstraps
[2025-05-14 15:07:22.240] [jointLog] [info] wrote 37 bootstraps
[2025-05-14 15:07:22.254] [jointLog] [info] wrote 38 bootstraps
[2025-05-14 15:07:22.274] [jointLog] [info] wrote 39 bootstraps
[2025-05-14 15:07:22.289] [jointLog] [info] wrote 40 bootstraps
[2025-05-14 15:07:22.303] [jointLog] [info] wrote 41 bootstraps
[2025-05-14 15:07:22.320] [jointLog] [info] wrote 42 bootstraps
[2025-05-14 15:07:22.339] [jointLog] [info] wrote 43 bootstraps
[2025-05-14 15:07:22.357] [jointLog] [info] wrote 44 bootstraps
[2025-05-14 15:07:22.372] [jointLog] [info] wrote 45 bootstraps
[2025-05-14 15:07:22.386] [jointLog] [info] wrote 46 bootstraps
[2025-05-14 15:07:22.400] [jointLog] [info] wrote 47 bootstraps
[2025-05-14 15:07:22.418] [jointLog] [info] wrote 48 bootstraps
[2025-05-14 15:07:22.433] [jointLog] [info] wrote 49 bootstraps
[2025-05-14 15:07:22.453] [jointLog] [info] wrote 50 bootstraps
[2025-05-14 15:07:22.469] [jointLog] [info] wrote 51 bootstraps
[2025-05-14 15:07:22.487] [jointLog] [info] wrote 52 bootstraps
[2025-05-14 15:07:22.506] [jointLog] [info] wrote 53 bootstraps
[2025-05-14 15:07:22.523] [jointLog] [info] wrote 54 bootstraps
[2025-05-14 15:07:22.543] [jointLog] [info] wrote 55 bootstraps
[2025-05-14 15:07:22.563] [jointLog] [info] wrote 56 bootstraps
[2025-05-14 15:07:22.584] [jointLog] [info] wrote 57 bootstraps
[2025-05-14 15:07:22.607] [jointLog] [info] wrote 58 bootstraps
[2025-05-14 15:07:22.625] [jointLog] [info] wrote 59 bootstraps
[2025-05-14 15:07:22.638] [jointLog] [info] wrote 60 bootstraps
[2025-05-14 15:07:22.660] [jointLog] [info] wrote 61 bootstraps
[2025-05-14 15:07:22.671] [jointLog] [info] wrote 62 bootstraps
[2025-05-14 15:07:22.693] [jointLog] [info] wrote 63 bootstraps
[2025-05-14 15:07:22.715] [jointLog] [info] wrote 64 bootstraps
[2025-05-14 15:07:22.737] [jointLog] [info] wrote 65 bootstraps
[2025-05-14 15:07:22.759] [jointLog] [info] wrote 66 bootstraps
[2025-05-14 15:07:22.781] [jointLog] [info] wrote 67 bootstraps
[2025-05-14 15:07:22.803] [jointLog] [info] wrote 68 bootstraps
[2025-05-14 15:07:22.825] [jointLog] [info] wrote 69 bootstraps
[2025-05-14 15:07:22.846] [jointLog] [info] wrote 70 bootstraps
[2025-05-14 15:07:22.869] [jointLog] [info] wrote 71 bootstraps
[2025-05-14 15:07:22.891] [jointLog] [info] wrote 72 bootstraps
[2025-05-14 15:07:22.913] [jointLog] [info] wrote 73 bootstraps
[2025-05-14 15:07:22.935] [jointLog] [info] wrote 74 bootstraps
[2025-05-14 15:07:22.957] [jointLog] [info] wrote 75 bootstraps
[2025-05-14 15:07:22.980] [jointLog] [info] wrote 76 bootstraps
[2025-05-14 15:07:23.002] [jointLog] [info] wrote 77 bootstraps
[2025-05-14 15:07:23.023] [jointLog] [info] wrote 78 bootstraps
[2025-05-14 15:07:23.045] [jointLog] [info] wrote 79 bootstraps
[2025-05-14 15:07:23.067] [jointLog] [info] wrote 80 bootstraps
[2025-05-14 15:07:23.088] [jointLog] [info] wrote 81 bootstraps
[2025-05-14 15:07:23.110] [jointLog] [info] wrote 82 bootstraps
[2025-05-14 15:07:23.132] [jointLog] [info] wrote 83 bootstraps
[2025-05-14 15:07:23.154] [jointLog] [info] wrote 84 bootstraps
[2025-05-14 15:07:23.176] [jointLog] [info] wrote 85 bootstraps
[2025-05-14 15:07:23.200] [jointLog] [info] wrote 86 bootstraps
[2025-05-14 15:07:23.222] [jointLog] [info] wrote 87 bootstraps
[2025-05-14 15:07:23.244] [jointLog] [info] wrote 88 bootstraps
[2025-05-14 15:07:23.266] [jointLog] [info] wrote 89 bootstraps
[2025-05-14 15:07:23.288] [jointLog] [info] wrote 90 bootstraps
[2025-05-14 15:07:23.310] [jointLog] [info] wrote 91 bootstraps
[2025-05-14 15:07:23.331] [jointLog] [info] wrote 92 bootstraps
[2025-05-14 15:07:23.353] [jointLog] [info] wrote 93 bootstraps
[2025-05-14 15:07:23.375] [jointLog] [info] wrote 94 bootstraps
[2025-05-14 15:07:23.399] [jointLog] [info] wrote 95 bootstraps
[2025-05-14 15:07:23.421] [jointLog] [info] wrote 96 bootstraps
[2025-05-14 15:07:23.443] [jointLog] [info] wrote 97 bootstraps
[2025-05-14 15:07:23.465] [jointLog] [info] wrote 98 bootstraps
[2025-05-14 15:07:23.486] [jointLog] [info] wrote 99 bootstraps
[2025-05-14 15:07:23.509] [jointLog] [info] wrote 100 bootstraps
[2025-05-14 15:07:23.511] [jointLog] [info] Finished Bootstrapping
[2025-05-14 15:07:23.511] [jointLog] [warning] NOTE: Read Lib [[ ../Lisa_data/SW57_H_43_1.fq.gz, ../Lisa_data/SW57_H_43_2.fq.gz]] :

Detected a *potential* strand bias > 1% in an unstranded protocol check the file: ./output/SW57_H_43/lib_format_counts.json for details

