[2025-05-14 16:24:18.200] [jointLog] [info] setting maxHashResizeThreads to 128
[2025-05-14 16:24:18.200] [jointLog] [info] Fragment incompatibility prior below threshold.  Incompatible fragments will be ignored.
[2025-05-14 16:24:18.200] [jointLog] [info] Usage of --validateMappings implies use of minScoreFraction. Since not explicitly specified, it is being set to 0.65
[2025-05-14 16:24:18.200] [jointLog] [info] Setting consensusSlack to selective-alignment default of 0.35.
[2025-05-14 16:24:18.200] [jointLog] [info] parsing read library format
[2025-05-14 16:24:18.200] [jointLog] [info] There is 1 library.
[2025-05-14 16:24:18.200] [jointLog] [info] Loading pufferfish index
[2025-05-14 16:24:18.200] [jointLog] [info] Loading dense pufferfish index.
[2025-05-14 16:24:29.942] [jointLog] [info] done
[2025-05-14 16:24:30.086] [jointLog] [info] Index contained 34,701 targets
[2025-05-14 16:24:30.098] [jointLog] [info] Number of decoys : 13
[2025-05-14 16:24:30.098] [jointLog] [info] First decoy index : 34,688 
[2025-05-14 16:25:12.095] [jointLog] [info] Computed 21,481 rich equivalence classes for further processing
[2025-05-14 16:25:12.095] [jointLog] [info] Counted 5,528,018 total reads in the equivalence classes 
[2025-05-14 16:25:12.097] [fileLog] [info] 
At end of round 0
==================
Observed 7046630 total fragments (7046630 in most recent round)

[2025-05-14 16:25:12.745] [jointLog] [info] Number of mappings discarded because of alignment score : 1,277,030
[2025-05-14 16:25:12.745] [jointLog] [info] Number of fragments entirely discarded because of alignment score : 802,568
[2025-05-14 16:25:12.745] [jointLog] [info] Number of fragments discarded because they are best-mapped to decoys : 610,217
[2025-05-14 16:25:12.745] [jointLog] [info] Number of fragments discarded because they have only dovetail (discordant) mappings to valid targets : 61,425
[2025-05-14 16:25:12.745] [jointLog] [info] Mapping rate = 78.4491%

[2025-05-14 16:25:12.746] [jointLog] [info] finished quantifyLibrary()
[2025-05-14 16:25:12.746] [jointLog] [info] Starting optimizer
[2025-05-14 16:25:12.765] [jointLog] [info] Marked 0 weighted equivalence classes as degenerate
[2025-05-14 16:25:12.770] [jointLog] [info] iteration = 0 | max rel diff. = 6753.55
[2025-05-14 16:25:13.072] [jointLog] [info] iteration = 100 | max rel diff. = 9.66072
[2025-05-14 16:25:13.075] [jointLog] [info] iteration = 102 | max rel diff. = 0.00489685
[2025-05-14 16:25:13.078] [jointLog] [info] Finished optimizer
[2025-05-14 16:25:13.078] [jointLog] [info] writing output 

[2025-05-14 16:25:13.159] [jointLog] [info] Starting Bootstrapping
[2025-05-14 16:25:13.163] [jointLog] [info] Will draw 100 bootstrap samples
[2025-05-14 16:25:13.163] [jointLog] [info] Optimizing over 21,481 equivalence classes
[2025-05-14 16:25:13.165] [jointLog] [info] Marked 0 weighted equivalence classes as degenerate
[2025-05-14 16:25:14.377] [jointLog] [info] wrote 1 bootstraps
[2025-05-14 16:25:14.705] [jointLog] [info] wrote 2 bootstraps
[2025-05-14 16:25:14.722] [jointLog] [info] wrote 3 bootstraps
[2025-05-14 16:25:14.753] [jointLog] [info] wrote 4 bootstraps
[2025-05-14 16:25:14.767] [jointLog] [info] wrote 5 bootstraps
[2025-05-14 16:25:14.790] [jointLog] [info] wrote 6 bootstraps
[2025-05-14 16:25:14.802] [jointLog] [info] wrote 7 bootstraps
[2025-05-14 16:25:14.825] [jointLog] [info] wrote 8 bootstraps
[2025-05-14 16:25:14.848] [jointLog] [info] wrote 9 bootstraps
[2025-05-14 16:25:14.872] [jointLog] [info] wrote 10 bootstraps
[2025-05-14 16:25:14.899] [jointLog] [info] wrote 11 bootstraps
[2025-05-14 16:25:14.922] [jointLog] [info] wrote 12 bootstraps
[2025-05-14 16:25:14.946] [jointLog] [info] wrote 13 bootstraps
[2025-05-14 16:25:14.966] [jointLog] [info] wrote 14 bootstraps
[2025-05-14 16:25:14.988] [jointLog] [info] wrote 15 bootstraps
[2025-05-14 16:25:15.011] [jointLog] [info] wrote 16 bootstraps
[2025-05-14 16:25:15.031] [jointLog] [info] wrote 17 bootstraps
[2025-05-14 16:25:15.051] [jointLog] [info] wrote 18 bootstraps
[2025-05-14 16:25:15.068] [jointLog] [info] wrote 19 bootstraps
[2025-05-14 16:25:15.082] [jointLog] [info] wrote 20 bootstraps
[2025-05-14 16:25:15.098] [jointLog] [info] wrote 21 bootstraps
[2025-05-14 16:25:15.119] [jointLog] [info] wrote 22 bootstraps
[2025-05-14 16:25:15.140] [jointLog] [info] wrote 23 bootstraps
[2025-05-14 16:25:15.162] [jointLog] [info] wrote 24 bootstraps
[2025-05-14 16:25:15.184] [jointLog] [info] wrote 25 bootstraps
[2025-05-14 16:25:15.206] [jointLog] [info] wrote 26 bootstraps
[2025-05-14 16:25:15.220] [jointLog] [info] wrote 27 bootstraps
[2025-05-14 16:25:15.241] [jointLog] [info] wrote 28 bootstraps
[2025-05-14 16:25:15.264] [jointLog] [info] wrote 29 bootstraps
[2025-05-14 16:25:15.277] [jointLog] [info] wrote 30 bootstraps
[2025-05-14 16:25:15.294] [jointLog] [info] wrote 31 bootstraps
[2025-05-14 16:25:15.318] [jointLog] [info] wrote 32 bootstraps
[2025-05-14 16:25:15.341] [jointLog] [info] wrote 33 bootstraps
[2025-05-14 16:25:15.362] [jointLog] [info] wrote 34 bootstraps
[2025-05-14 16:25:15.386] [jointLog] [info] wrote 35 bootstraps
[2025-05-14 16:25:15.407] [jointLog] [info] wrote 36 bootstraps
[2025-05-14 16:25:15.429] [jointLog] [info] wrote 37 bootstraps
[2025-05-14 16:25:15.450] [jointLog] [info] wrote 38 bootstraps
[2025-05-14 16:25:15.472] [jointLog] [info] wrote 39 bootstraps
[2025-05-14 16:25:15.493] [jointLog] [info] wrote 40 bootstraps
[2025-05-14 16:25:15.514] [jointLog] [info] wrote 41 bootstraps
[2025-05-14 16:25:15.536] [jointLog] [info] wrote 42 bootstraps
[2025-05-14 16:25:15.557] [jointLog] [info] wrote 43 bootstraps
[2025-05-14 16:25:15.581] [jointLog] [info] wrote 44 bootstraps
[2025-05-14 16:25:15.602] [jointLog] [info] wrote 45 bootstraps
[2025-05-14 16:25:15.623] [jointLog] [info] wrote 46 bootstraps
[2025-05-14 16:25:15.644] [jointLog] [info] wrote 47 bootstraps
[2025-05-14 16:25:15.665] [jointLog] [info] wrote 48 bootstraps
[2025-05-14 16:25:15.686] [jointLog] [info] wrote 49 bootstraps
[2025-05-14 16:25:15.707] [jointLog] [info] wrote 50 bootstraps
[2025-05-14 16:25:15.728] [jointLog] [info] wrote 51 bootstraps
[2025-05-14 16:25:15.749] [jointLog] [info] wrote 52 bootstraps
[2025-05-14 16:25:15.769] [jointLog] [info] wrote 53 bootstraps
[2025-05-14 16:25:15.791] [jointLog] [info] wrote 54 bootstraps
[2025-05-14 16:25:15.812] [jointLog] [info] wrote 55 bootstraps
[2025-05-14 16:25:15.833] [jointLog] [info] wrote 56 bootstraps
[2025-05-14 16:25:15.853] [jointLog] [info] wrote 57 bootstraps
[2025-05-14 16:25:15.874] [jointLog] [info] wrote 58 bootstraps
[2025-05-14 16:25:15.895] [jointLog] [info] wrote 59 bootstraps
[2025-05-14 16:25:15.917] [jointLog] [info] wrote 60 bootstraps
[2025-05-14 16:25:15.938] [jointLog] [info] wrote 61 bootstraps
[2025-05-14 16:25:15.959] [jointLog] [info] wrote 62 bootstraps
[2025-05-14 16:25:15.979] [jointLog] [info] wrote 63 bootstraps
[2025-05-14 16:25:16.000] [jointLog] [info] wrote 64 bootstraps
[2025-05-14 16:25:16.024] [jointLog] [info] wrote 65 bootstraps
[2025-05-14 16:25:16.045] [jointLog] [info] wrote 66 bootstraps
[2025-05-14 16:25:16.066] [jointLog] [info] wrote 67 bootstraps
[2025-05-14 16:25:16.087] [jointLog] [info] wrote 68 bootstraps
[2025-05-14 16:25:16.108] [jointLog] [info] wrote 69 bootstraps
[2025-05-14 16:25:16.129] [jointLog] [info] wrote 70 bootstraps
[2025-05-14 16:25:16.149] [jointLog] [info] wrote 71 bootstraps
[2025-05-14 16:25:16.173] [jointLog] [info] wrote 72 bootstraps
[2025-05-14 16:25:16.195] [jointLog] [info] wrote 73 bootstraps
[2025-05-14 16:25:16.216] [jointLog] [info] wrote 74 bootstraps
[2025-05-14 16:25:16.236] [jointLog] [info] wrote 75 bootstraps
[2025-05-14 16:25:16.257] [jointLog] [info] wrote 76 bootstraps
[2025-05-14 16:25:16.278] [jointLog] [info] wrote 77 bootstraps
[2025-05-14 16:25:16.300] [jointLog] [info] wrote 78 bootstraps
[2025-05-14 16:25:16.321] [jointLog] [info] wrote 79 bootstraps
[2025-05-14 16:25:16.341] [jointLog] [info] wrote 80 bootstraps
[2025-05-14 16:25:16.363] [jointLog] [info] wrote 81 bootstraps
[2025-05-14 16:25:16.383] [jointLog] [info] wrote 82 bootstraps
[2025-05-14 16:25:16.404] [jointLog] [info] wrote 83 bootstraps
[2025-05-14 16:25:16.426] [jointLog] [info] wrote 84 bootstraps
[2025-05-14 16:25:16.447] [jointLog] [info] wrote 85 bootstraps
[2025-05-14 16:25:16.468] [jointLog] [info] wrote 86 bootstraps
[2025-05-14 16:25:16.489] [jointLog] [info] wrote 87 bootstraps
[2025-05-14 16:25:16.509] [jointLog] [info] wrote 88 bootstraps
[2025-05-14 16:25:16.530] [jointLog] [info] wrote 89 bootstraps
[2025-05-14 16:25:16.545] [jointLog] [info] wrote 90 bootstraps
[2025-05-14 16:25:16.566] [jointLog] [info] wrote 91 bootstraps
[2025-05-14 16:25:16.586] [jointLog] [info] wrote 92 bootstraps
[2025-05-14 16:25:16.611] [jointLog] [info] wrote 93 bootstraps
[2025-05-14 16:25:16.632] [jointLog] [info] wrote 94 bootstraps
[2025-05-14 16:25:16.653] [jointLog] [info] wrote 95 bootstraps
[2025-05-14 16:25:16.675] [jointLog] [info] wrote 96 bootstraps
[2025-05-14 16:25:16.696] [jointLog] [info] wrote 97 bootstraps
[2025-05-14 16:25:16.717] [jointLog] [info] wrote 98 bootstraps
[2025-05-14 16:25:16.737] [jointLog] [info] wrote 99 bootstraps
[2025-05-14 16:25:16.758] [jointLog] [info] wrote 100 bootstraps
[2025-05-14 16:25:16.763] [jointLog] [info] Finished Bootstrapping
[2025-05-14 16:25:16.764] [jointLog] [warning] NOTE: Read Lib [[ ../Lisa_data/SW7_SRB_134_1.fq.gz, ../Lisa_data/SW7_SRB_134_2.fq.gz]] :

Detected a *potential* strand bias > 1% in an unstranded protocol check the file: ./output/SW7_SRB_134/lib_format_counts.json for details

