[2025-05-14 15:22:48.122] [jointLog] [info] setting maxHashResizeThreads to 128
[2025-05-14 15:22:48.122] [jointLog] [info] Fragment incompatibility prior below threshold.  Incompatible fragments will be ignored.
[2025-05-14 15:22:48.122] [jointLog] [info] Usage of --validateMappings implies use of minScoreFraction. Since not explicitly specified, it is being set to 0.65
[2025-05-14 15:22:48.122] [jointLog] [info] Setting consensusSlack to selective-alignment default of 0.35.
[2025-05-14 15:22:48.122] [jointLog] [info] parsing read library format
[2025-05-14 15:22:48.122] [jointLog] [info] There is 1 library.
[2025-05-14 15:22:48.122] [jointLog] [info] Loading pufferfish index
[2025-05-14 15:22:48.122] [jointLog] [info] Loading dense pufferfish index.
[2025-05-14 15:22:58.828] [jointLog] [info] done
[2025-05-14 15:22:58.885] [jointLog] [info] Index contained 34,701 targets
[2025-05-14 15:22:58.891] [jointLog] [info] Number of decoys : 13
[2025-05-14 15:22:58.891] [jointLog] [info] First decoy index : 34,688 
[2025-05-14 15:24:26.589] [fileLog] [info] 
At end of round 0
==================
Observed 24087428 total fragments (24087428 in most recent round)

[2025-05-14 15:24:26.588] [jointLog] [info] Computed 21,180 rich equivalence classes for further processing
[2025-05-14 15:24:26.588] [jointLog] [info] Counted 18,469,891 total reads in the equivalence classes 
[2025-05-14 15:24:26.772] [jointLog] [info] Number of mappings discarded because of alignment score : 4,721,886
[2025-05-14 15:24:26.772] [jointLog] [info] Number of fragments entirely discarded because of alignment score : 2,576,096
[2025-05-14 15:24:26.772] [jointLog] [info] Number of fragments discarded because they are best-mapped to decoys : 2,078,891
[2025-05-14 15:24:26.772] [jointLog] [info] Number of fragments discarded because they have only dovetail (discordant) mappings to valid targets : 282,786
[2025-05-14 15:24:26.772] [jointLog] [info] Mapping rate = 76.6786%

[2025-05-14 15:24:26.772] [jointLog] [info] finished quantifyLibrary()
[2025-05-14 15:24:26.772] [jointLog] [info] Starting optimizer
[2025-05-14 15:24:26.788] [jointLog] [info] Marked 0 weighted equivalence classes as degenerate
[2025-05-14 15:24:26.792] [jointLog] [info] iteration = 0 | max rel diff. = 26697
[2025-05-14 15:24:27.059] [jointLog] [info] iteration = 100 | max rel diff. = 0.0124235
[2025-05-14 15:24:27.283] [jointLog] [info] iteration = 200 | max rel diff. = 0.0311496
[2025-05-14 15:24:27.490] [jointLog] [info] iteration = 300 | max rel diff. = 0.0427671
[2025-05-14 15:24:27.541] [jointLog] [info] iteration = 329 | max rel diff. = 0.00267345
[2025-05-14 15:24:27.542] [jointLog] [info] Finished optimizer
[2025-05-14 15:24:27.542] [jointLog] [info] writing output 

[2025-05-14 15:24:27.589] [jointLog] [info] Starting Bootstrapping
[2025-05-14 15:24:27.592] [jointLog] [info] Will draw 100 bootstrap samples
[2025-05-14 15:24:27.592] [jointLog] [info] Optimizing over 21,180 equivalence classes
[2025-05-14 15:24:27.593] [jointLog] [info] Marked 0 weighted equivalence classes as degenerate
[2025-05-14 15:24:30.742] [jointLog] [info] wrote 1 bootstraps
[2025-05-14 15:24:30.774] [jointLog] [info] wrote 2 bootstraps
[2025-05-14 15:24:30.943] [jointLog] [info] wrote 3 bootstraps
[2025-05-14 15:24:30.979] [jointLog] [info] wrote 4 bootstraps
[2025-05-14 15:24:30.996] [jointLog] [info] wrote 5 bootstraps
[2025-05-14 15:24:31.008] [jointLog] [info] wrote 6 bootstraps
[2025-05-14 15:24:31.020] [jointLog] [info] wrote 7 bootstraps
[2025-05-14 15:24:31.035] [jointLog] [info] wrote 8 bootstraps
[2025-05-14 15:24:31.051] [jointLog] [info] wrote 9 bootstraps
[2025-05-14 15:24:31.067] [jointLog] [info] wrote 10 bootstraps
[2025-05-14 15:24:31.134] [jointLog] [info] wrote 11 bootstraps
[2025-05-14 15:24:31.158] [jointLog] [info] wrote 12 bootstraps
[2025-05-14 15:24:31.173] [jointLog] [info] wrote 13 bootstraps
[2025-05-14 15:24:31.186] [jointLog] [info] wrote 14 bootstraps
[2025-05-14 15:24:31.198] [jointLog] [info] wrote 15 bootstraps
[2025-05-14 15:24:31.210] [jointLog] [info] wrote 16 bootstraps
[2025-05-14 15:24:31.225] [jointLog] [info] wrote 17 bootstraps
[2025-05-14 15:24:31.244] [jointLog] [info] wrote 18 bootstraps
[2025-05-14 15:24:31.274] [jointLog] [info] wrote 19 bootstraps
[2025-05-14 15:24:31.289] [jointLog] [info] wrote 20 bootstraps
[2025-05-14 15:24:31.319] [jointLog] [info] wrote 21 bootstraps
[2025-05-14 15:24:31.344] [jointLog] [info] wrote 22 bootstraps
[2025-05-14 15:24:31.389] [jointLog] [info] wrote 23 bootstraps
[2025-05-14 15:24:31.442] [jointLog] [info] wrote 24 bootstraps
[2025-05-14 15:24:31.454] [jointLog] [info] wrote 25 bootstraps
[2025-05-14 15:24:31.469] [jointLog] [info] wrote 26 bootstraps
[2025-05-14 15:24:31.498] [jointLog] [info] wrote 27 bootstraps
[2025-05-14 15:24:31.510] [jointLog] [info] wrote 28 bootstraps
[2025-05-14 15:24:31.564] [jointLog] [info] wrote 29 bootstraps
[2025-05-14 15:24:31.577] [jointLog] [info] wrote 30 bootstraps
[2025-05-14 15:24:31.590] [jointLog] [info] wrote 31 bootstraps
[2025-05-14 15:24:31.602] [jointLog] [info] wrote 32 bootstraps
[2025-05-14 15:24:31.618] [jointLog] [info] wrote 33 bootstraps
[2025-05-14 15:24:31.630] [jointLog] [info] wrote 34 bootstraps
[2025-05-14 15:24:31.642] [jointLog] [info] wrote 35 bootstraps
[2025-05-14 15:24:31.655] [jointLog] [info] wrote 36 bootstraps
[2025-05-14 15:24:31.669] [jointLog] [info] wrote 37 bootstraps
[2025-05-14 15:24:31.683] [jointLog] [info] wrote 38 bootstraps
[2025-05-14 15:24:31.696] [jointLog] [info] wrote 39 bootstraps
[2025-05-14 15:24:31.710] [jointLog] [info] wrote 40 bootstraps
[2025-05-14 15:24:31.722] [jointLog] [info] wrote 41 bootstraps
[2025-05-14 15:24:31.734] [jointLog] [info] wrote 42 bootstraps
[2025-05-14 15:24:31.748] [jointLog] [info] wrote 43 bootstraps
[2025-05-14 15:24:31.760] [jointLog] [info] wrote 44 bootstraps
[2025-05-14 15:24:31.771] [jointLog] [info] wrote 45 bootstraps
[2025-05-14 15:24:31.783] [jointLog] [info] wrote 46 bootstraps
[2025-05-14 15:24:31.796] [jointLog] [info] wrote 47 bootstraps
[2025-05-14 15:24:31.810] [jointLog] [info] wrote 48 bootstraps
[2025-05-14 15:24:31.824] [jointLog] [info] wrote 49 bootstraps
[2025-05-14 15:24:31.837] [jointLog] [info] wrote 50 bootstraps
[2025-05-14 15:24:31.848] [jointLog] [info] wrote 51 bootstraps
[2025-05-14 15:24:31.862] [jointLog] [info] wrote 52 bootstraps
[2025-05-14 15:24:31.876] [jointLog] [info] wrote 53 bootstraps
[2025-05-14 15:24:31.890] [jointLog] [info] wrote 54 bootstraps
[2025-05-14 15:24:31.904] [jointLog] [info] wrote 55 bootstraps
[2025-05-14 15:24:31.916] [jointLog] [info] wrote 56 bootstraps
[2025-05-14 15:24:31.930] [jointLog] [info] wrote 57 bootstraps
[2025-05-14 15:24:31.946] [jointLog] [info] wrote 58 bootstraps
[2025-05-14 15:24:31.962] [jointLog] [info] wrote 59 bootstraps
[2025-05-14 15:24:31.976] [jointLog] [info] wrote 60 bootstraps
[2025-05-14 15:24:31.991] [jointLog] [info] wrote 61 bootstraps
[2025-05-14 15:24:32.006] [jointLog] [info] wrote 62 bootstraps
[2025-05-14 15:24:32.020] [jointLog] [info] wrote 63 bootstraps
[2025-05-14 15:24:32.034] [jointLog] [info] wrote 64 bootstraps
[2025-05-14 15:24:32.048] [jointLog] [info] wrote 65 bootstraps
[2025-05-14 15:24:32.062] [jointLog] [info] wrote 66 bootstraps
[2025-05-14 15:24:32.078] [jointLog] [info] wrote 67 bootstraps
[2025-05-14 15:24:32.092] [jointLog] [info] wrote 68 bootstraps
[2025-05-14 15:24:32.106] [jointLog] [info] wrote 69 bootstraps
[2025-05-14 15:24:32.121] [jointLog] [info] wrote 70 bootstraps
[2025-05-14 15:24:32.136] [jointLog] [info] wrote 71 bootstraps
[2025-05-14 15:24:32.152] [jointLog] [info] wrote 72 bootstraps
[2025-05-14 15:24:32.166] [jointLog] [info] wrote 73 bootstraps
[2025-05-14 15:24:32.182] [jointLog] [info] wrote 74 bootstraps
[2025-05-14 15:24:32.199] [jointLog] [info] wrote 75 bootstraps
[2025-05-14 15:24:32.214] [jointLog] [info] wrote 76 bootstraps
[2025-05-14 15:24:32.228] [jointLog] [info] wrote 77 bootstraps
[2025-05-14 15:24:32.243] [jointLog] [info] wrote 78 bootstraps
[2025-05-14 15:24:32.259] [jointLog] [info] wrote 79 bootstraps
[2025-05-14 15:24:32.274] [jointLog] [info] wrote 80 bootstraps
[2025-05-14 15:24:32.289] [jointLog] [info] wrote 81 bootstraps
[2025-05-14 15:24:32.306] [jointLog] [info] wrote 82 bootstraps
[2025-05-14 15:24:32.323] [jointLog] [info] wrote 83 bootstraps
[2025-05-14 15:24:32.337] [jointLog] [info] wrote 84 bootstraps
[2025-05-14 15:24:32.354] [jointLog] [info] wrote 85 bootstraps
[2025-05-14 15:24:32.371] [jointLog] [info] wrote 86 bootstraps
[2025-05-14 15:24:32.389] [jointLog] [info] wrote 87 bootstraps
[2025-05-14 15:24:32.407] [jointLog] [info] wrote 88 bootstraps
[2025-05-14 15:24:32.424] [jointLog] [info] wrote 89 bootstraps
[2025-05-14 15:24:32.444] [jointLog] [info] wrote 90 bootstraps
[2025-05-14 15:24:32.465] [jointLog] [info] wrote 91 bootstraps
[2025-05-14 15:24:32.486] [jointLog] [info] wrote 92 bootstraps
[2025-05-14 15:24:32.506] [jointLog] [info] wrote 93 bootstraps
[2025-05-14 15:24:32.526] [jointLog] [info] wrote 94 bootstraps
[2025-05-14 15:24:32.547] [jointLog] [info] wrote 95 bootstraps
[2025-05-14 15:24:32.568] [jointLog] [info] wrote 96 bootstraps
[2025-05-14 15:24:32.591] [jointLog] [info] wrote 97 bootstraps
[2025-05-14 15:24:32.613] [jointLog] [info] wrote 98 bootstraps
[2025-05-14 15:24:32.634] [jointLog] [info] wrote 99 bootstraps
[2025-05-14 15:24:33.933] [jointLog] [info] wrote 100 bootstraps
[2025-05-14 15:24:33.943] [jointLog] [info] Finished Bootstrapping
[2025-05-14 15:24:33.944] [jointLog] [warning] NOTE: Read Lib [[ ../Lisa_data/SW57_SRB_116_MKRN240014594_1.fq.gz, ../Lisa_data/SW57_SRB_116_MKRN240014594_2.fq.gz]] :

Detected a *potential* strand bias > 1% in an unstranded protocol check the file: ./output/SW57_SRB_116_MKRN240014594/lib_format_counts.json for details

