[2025-05-14 14:50:21.027] [jointLog] [info] setting maxHashResizeThreads to 128
[2025-05-14 14:50:21.027] [jointLog] [info] Fragment incompatibility prior below threshold.  Incompatible fragments will be ignored.
[2025-05-14 14:50:21.027] [jointLog] [info] Usage of --validateMappings implies use of minScoreFraction. Since not explicitly specified, it is being set to 0.65
[2025-05-14 14:50:21.027] [jointLog] [info] Setting consensusSlack to selective-alignment default of 0.35.
[2025-05-14 14:50:21.027] [jointLog] [info] parsing read library format
[2025-05-14 14:50:21.028] [jointLog] [info] There is 1 library.
[2025-05-14 14:50:21.028] [jointLog] [info] Loading pufferfish index
[2025-05-14 14:50:21.028] [jointLog] [info] Loading dense pufferfish index.
[2025-05-14 14:50:32.565] [jointLog] [info] done
[2025-05-14 14:50:32.621] [jointLog] [info] Index contained 34,701 targets
[2025-05-14 14:50:32.628] [jointLog] [info] Number of decoys : 13
[2025-05-14 14:50:32.628] [jointLog] [info] First decoy index : 34,688 
[2025-05-14 14:51:54.239] [jointLog] [info] Computed 30,426 rich equivalence classes for further processing
[2025-05-14 14:51:54.239] [jointLog] [info] Counted 15,585,111 total reads in the equivalence classes 
[2025-05-14 14:51:54.338] [jointLog] [info] Number of mappings discarded because of alignment score : 3,967,303
[2025-05-14 14:51:54.338] [jointLog] [info] Number of fragments entirely discarded because of alignment score : 2,417,117
[2025-05-14 14:51:54.338] [jointLog] [info] Number of fragments discarded because they are best-mapped to decoys : 1,718,392
[2025-05-14 14:51:54.338] [jointLog] [info] Number of fragments discarded because they have only dovetail (discordant) mappings to valid targets : 261,668
[2025-05-14 14:51:54.338] [jointLog] [info] Mapping rate = 74.5416%

[2025-05-14 14:51:54.338] [jointLog] [info] finished quantifyLibrary()
[2025-05-14 14:51:54.338] [jointLog] [info] Starting optimizer
[2025-05-14 14:51:54.355] [jointLog] [info] Marked 0 weighted equivalence classes as degenerate
[2025-05-14 14:51:54.360] [jointLog] [info] iteration = 0 | max rel diff. = 29878.5
[2025-05-14 14:51:54.240] [fileLog] [info] 
At end of round 0
==================
Observed 20907930 total fragments (20907930 in most recent round)

[2025-05-14 14:51:54.676] [jointLog] [info] iteration = 100 | max rel diff. = 0.0939841
[2025-05-14 14:51:54.950] [jointLog] [info] iteration = 200 | max rel diff. = 0.042795
[2025-05-14 14:51:55.022] [jointLog] [info] iteration = 228 | max rel diff. = 0.00311713
[2025-05-14 14:51:55.023] [jointLog] [info] Finished optimizer
[2025-05-14 14:51:55.023] [jointLog] [info] writing output 

[2025-05-14 14:51:55.072] [jointLog] [info] Starting Bootstrapping
[2025-05-14 14:51:55.076] [jointLog] [info] Will draw 100 bootstrap samples
[2025-05-14 14:51:55.076] [jointLog] [info] Optimizing over 30,426 equivalence classes
[2025-05-14 14:51:55.077] [jointLog] [info] Marked 0 weighted equivalence classes as degenerate
[2025-05-14 14:51:57.671] [jointLog] [info] wrote 1 bootstraps
[2025-05-14 14:51:58.100] [jointLog] [info] wrote 2 bootstraps
[2025-05-14 14:51:58.178] [jointLog] [info] wrote 3 bootstraps
[2025-05-14 14:51:58.190] [jointLog] [info] wrote 4 bootstraps
[2025-05-14 14:51:58.206] [jointLog] [info] wrote 5 bootstraps
[2025-05-14 14:51:58.219] [jointLog] [info] wrote 6 bootstraps
[2025-05-14 14:51:58.239] [jointLog] [info] wrote 7 bootstraps
[2025-05-14 14:51:58.254] [jointLog] [info] wrote 8 bootstraps
[2025-05-14 14:51:58.320] [jointLog] [info] wrote 9 bootstraps
[2025-05-14 14:51:58.334] [jointLog] [info] wrote 10 bootstraps
[2025-05-14 14:51:58.348] [jointLog] [info] wrote 11 bootstraps
[2025-05-14 14:51:58.362] [jointLog] [info] wrote 12 bootstraps
[2025-05-14 14:51:58.375] [jointLog] [info] wrote 13 bootstraps
[2025-05-14 14:51:58.391] [jointLog] [info] wrote 14 bootstraps
[2025-05-14 14:51:58.408] [jointLog] [info] wrote 15 bootstraps
[2025-05-14 14:51:58.423] [jointLog] [info] wrote 16 bootstraps
[2025-05-14 14:51:58.436] [jointLog] [info] wrote 17 bootstraps
[2025-05-14 14:51:58.452] [jointLog] [info] wrote 18 bootstraps
[2025-05-14 14:51:58.467] [jointLog] [info] wrote 19 bootstraps
[2025-05-14 14:51:58.480] [jointLog] [info] wrote 20 bootstraps
[2025-05-14 14:51:58.493] [jointLog] [info] wrote 21 bootstraps
[2025-05-14 14:51:58.508] [jointLog] [info] wrote 22 bootstraps
[2025-05-14 14:51:58.521] [jointLog] [info] wrote 23 bootstraps
[2025-05-14 14:51:58.534] [jointLog] [info] wrote 24 bootstraps
[2025-05-14 14:51:58.549] [jointLog] [info] wrote 25 bootstraps
[2025-05-14 14:51:58.562] [jointLog] [info] wrote 26 bootstraps
[2025-05-14 14:51:58.592] [jointLog] [info] wrote 27 bootstraps
[2025-05-14 14:51:58.607] [jointLog] [info] wrote 28 bootstraps
[2025-05-14 14:51:58.623] [jointLog] [info] wrote 29 bootstraps
[2025-05-14 14:51:58.638] [jointLog] [info] wrote 30 bootstraps
[2025-05-14 14:51:58.654] [jointLog] [info] wrote 31 bootstraps
[2025-05-14 14:51:58.669] [jointLog] [info] wrote 32 bootstraps
[2025-05-14 14:51:58.684] [jointLog] [info] wrote 33 bootstraps
[2025-05-14 14:51:58.699] [jointLog] [info] wrote 34 bootstraps
[2025-05-14 14:51:58.713] [jointLog] [info] wrote 35 bootstraps
[2025-05-14 14:51:58.729] [jointLog] [info] wrote 36 bootstraps
[2025-05-14 14:51:58.744] [jointLog] [info] wrote 37 bootstraps
[2025-05-14 14:51:58.756] [jointLog] [info] wrote 38 bootstraps
[2025-05-14 14:51:58.772] [jointLog] [info] wrote 39 bootstraps
[2025-05-14 14:51:58.786] [jointLog] [info] wrote 40 bootstraps
[2025-05-14 14:51:58.801] [jointLog] [info] wrote 41 bootstraps
[2025-05-14 14:51:58.815] [jointLog] [info] wrote 42 bootstraps
[2025-05-14 14:51:58.830] [jointLog] [info] wrote 43 bootstraps
[2025-05-14 14:51:58.846] [jointLog] [info] wrote 44 bootstraps
[2025-05-14 14:51:58.861] [jointLog] [info] wrote 45 bootstraps
[2025-05-14 14:51:58.875] [jointLog] [info] wrote 46 bootstraps
[2025-05-14 14:51:58.886] [jointLog] [info] wrote 47 bootstraps
[2025-05-14 14:51:58.905] [jointLog] [info] wrote 48 bootstraps
[2025-05-14 14:51:58.920] [jointLog] [info] wrote 49 bootstraps
[2025-05-14 14:51:58.938] [jointLog] [info] wrote 50 bootstraps
[2025-05-14 14:51:58.952] [jointLog] [info] wrote 51 bootstraps
[2025-05-14 14:51:58.967] [jointLog] [info] wrote 52 bootstraps
[2025-05-14 14:51:58.984] [jointLog] [info] wrote 53 bootstraps
[2025-05-14 14:51:59.005] [jointLog] [info] wrote 54 bootstraps
[2025-05-14 14:51:59.025] [jointLog] [info] wrote 55 bootstraps
[2025-05-14 14:51:59.045] [jointLog] [info] wrote 56 bootstraps
[2025-05-14 14:51:59.066] [jointLog] [info] wrote 57 bootstraps
[2025-05-14 14:51:59.089] [jointLog] [info] wrote 58 bootstraps
[2025-05-14 14:51:59.105] [jointLog] [info] wrote 59 bootstraps
[2025-05-14 14:51:59.126] [jointLog] [info] wrote 60 bootstraps
[2025-05-14 14:51:59.142] [jointLog] [info] wrote 61 bootstraps
[2025-05-14 14:51:59.163] [jointLog] [info] wrote 62 bootstraps
[2025-05-14 14:51:59.182] [jointLog] [info] wrote 63 bootstraps
[2025-05-14 14:51:59.205] [jointLog] [info] wrote 64 bootstraps
[2025-05-14 14:51:59.228] [jointLog] [info] wrote 65 bootstraps
[2025-05-14 14:51:59.250] [jointLog] [info] wrote 66 bootstraps
[2025-05-14 14:51:59.272] [jointLog] [info] wrote 67 bootstraps
[2025-05-14 14:51:59.295] [jointLog] [info] wrote 68 bootstraps
[2025-05-14 14:51:59.316] [jointLog] [info] wrote 69 bootstraps
[2025-05-14 14:51:59.338] [jointLog] [info] wrote 70 bootstraps
[2025-05-14 14:51:59.360] [jointLog] [info] wrote 71 bootstraps
[2025-05-14 14:51:59.382] [jointLog] [info] wrote 72 bootstraps
[2025-05-14 14:51:59.404] [jointLog] [info] wrote 73 bootstraps
[2025-05-14 14:51:59.426] [jointLog] [info] wrote 74 bootstraps
[2025-05-14 14:51:59.448] [jointLog] [info] wrote 75 bootstraps
[2025-05-14 14:51:59.469] [jointLog] [info] wrote 76 bootstraps
[2025-05-14 14:51:59.493] [jointLog] [info] wrote 77 bootstraps
[2025-05-14 14:51:59.514] [jointLog] [info] wrote 78 bootstraps
[2025-05-14 14:51:59.536] [jointLog] [info] wrote 79 bootstraps
[2025-05-14 14:51:59.557] [jointLog] [info] wrote 80 bootstraps
[2025-05-14 14:51:59.579] [jointLog] [info] wrote 81 bootstraps
[2025-05-14 14:51:59.600] [jointLog] [info] wrote 82 bootstraps
[2025-05-14 14:51:59.622] [jointLog] [info] wrote 83 bootstraps
[2025-05-14 14:51:59.643] [jointLog] [info] wrote 84 bootstraps
[2025-05-14 14:51:59.665] [jointLog] [info] wrote 85 bootstraps
[2025-05-14 14:51:59.687] [jointLog] [info] wrote 86 bootstraps
[2025-05-14 14:51:59.708] [jointLog] [info] wrote 87 bootstraps
[2025-05-14 14:51:59.730] [jointLog] [info] wrote 88 bootstraps
[2025-05-14 14:51:59.752] [jointLog] [info] wrote 89 bootstraps
[2025-05-14 14:51:59.775] [jointLog] [info] wrote 90 bootstraps
[2025-05-14 14:51:59.797] [jointLog] [info] wrote 91 bootstraps
[2025-05-14 14:51:59.818] [jointLog] [info] wrote 92 bootstraps
[2025-05-14 14:51:59.840] [jointLog] [info] wrote 93 bootstraps
[2025-05-14 14:51:59.861] [jointLog] [info] wrote 94 bootstraps
[2025-05-14 14:51:59.883] [jointLog] [info] wrote 95 bootstraps
[2025-05-14 14:51:59.905] [jointLog] [info] wrote 96 bootstraps
[2025-05-14 14:51:59.928] [jointLog] [info] wrote 97 bootstraps
[2025-05-14 14:51:59.949] [jointLog] [info] wrote 98 bootstraps
[2025-05-14 14:51:59.973] [jointLog] [info] wrote 99 bootstraps
[2025-05-14 14:52:00.031] [jointLog] [info] wrote 100 bootstraps
[2025-05-14 14:52:00.037] [jointLog] [info] Finished Bootstrapping
[2025-05-14 14:52:00.037] [jointLog] [warning] NOTE: Read Lib [[ ../Lisa_data/Fla_SRB_123_1.fq.gz, ../Lisa_data/Fla_SRB_123_2.fq.gz]] :

Detected a *potential* strand bias > 1% in an unstranded protocol check the file: ./output/Fla_SRB_123/lib_format_counts.json for details

