[2025-05-14 14:47:16.877] [jointLog] [info] setting maxHashResizeThreads to 128
[2025-05-14 14:47:16.877] [jointLog] [info] Fragment incompatibility prior below threshold.  Incompatible fragments will be ignored.
[2025-05-14 14:47:16.877] [jointLog] [info] Usage of --validateMappings implies use of minScoreFraction. Since not explicitly specified, it is being set to 0.65
[2025-05-14 14:47:16.877] [jointLog] [info] Setting consensusSlack to selective-alignment default of 0.35.
[2025-05-14 14:47:16.877] [jointLog] [info] parsing read library format
[2025-05-14 14:47:16.877] [jointLog] [info] There is 1 library.
[2025-05-14 14:47:16.878] [jointLog] [info] Loading pufferfish index
[2025-05-14 14:47:16.878] [jointLog] [info] Loading dense pufferfish index.
[2025-05-14 14:47:28.497] [jointLog] [info] done
[2025-05-14 14:47:28.575] [jointLog] [info] Index contained 34,701 targets
[2025-05-14 14:47:28.584] [jointLog] [info] Number of decoys : 13
[2025-05-14 14:47:28.584] [jointLog] [info] First decoy index : 34,688 
[2025-05-14 14:48:43.013] [fileLog] [info] 
At end of round 0
==================
Observed 20309750 total fragments (20309750 in most recent round)

[2025-05-14 14:48:43.012] [jointLog] [info] Computed 36,549 rich equivalence classes for further processing
[2025-05-14 14:48:43.012] [jointLog] [info] Counted 14,368,144 total reads in the equivalence classes 
[2025-05-14 14:48:43.221] [jointLog] [info] Number of mappings discarded because of alignment score : 3,697,016
[2025-05-14 14:48:43.221] [jointLog] [info] Number of fragments entirely discarded because of alignment score : 2,242,881
[2025-05-14 14:48:43.221] [jointLog] [info] Number of fragments discarded because they are best-mapped to decoys : 1,552,628
[2025-05-14 14:48:43.221] [jointLog] [info] Number of fragments discarded because they have only dovetail (discordant) mappings to valid targets : 254,828
[2025-05-14 14:48:43.221] [jointLog] [info] Mapping rate = 70.7451%

[2025-05-14 14:48:43.221] [jointLog] [info] finished quantifyLibrary()
[2025-05-14 14:48:43.222] [jointLog] [info] Starting optimizer
[2025-05-14 14:48:43.239] [jointLog] [info] Marked 0 weighted equivalence classes as degenerate
[2025-05-14 14:48:43.243] [jointLog] [info] iteration = 0 | max rel diff. = 17376.2
[2025-05-14 14:48:43.534] [jointLog] [info] iteration = 100 | max rel diff. = 0.00696484
[2025-05-14 14:48:43.535] [jointLog] [info] Finished optimizer
[2025-05-14 14:48:43.535] [jointLog] [info] writing output 

[2025-05-14 14:48:43.587] [jointLog] [info] Starting Bootstrapping
[2025-05-14 14:48:43.592] [jointLog] [info] Will draw 100 bootstrap samples
[2025-05-14 14:48:43.592] [jointLog] [info] Optimizing over 36,549 equivalence classes
[2025-05-14 14:48:43.593] [jointLog] [info] Marked 0 weighted equivalence classes as degenerate
[2025-05-14 14:48:46.200] [jointLog] [info] wrote 1 bootstraps
[2025-05-14 14:48:46.332] [jointLog] [info] wrote 2 bootstraps
[2025-05-14 14:48:46.591] [jointLog] [info] wrote 3 bootstraps
[2025-05-14 14:48:46.615] [jointLog] [info] wrote 4 bootstraps
[2025-05-14 14:48:46.643] [jointLog] [info] wrote 5 bootstraps
[2025-05-14 14:48:46.674] [jointLog] [info] wrote 6 bootstraps
[2025-05-14 14:48:46.687] [jointLog] [info] wrote 7 bootstraps
[2025-05-14 14:48:46.723] [jointLog] [info] wrote 8 bootstraps
[2025-05-14 14:48:46.738] [jointLog] [info] wrote 9 bootstraps
[2025-05-14 14:48:46.751] [jointLog] [info] wrote 10 bootstraps
[2025-05-14 14:48:46.763] [jointLog] [info] wrote 11 bootstraps
[2025-05-14 14:48:46.779] [jointLog] [info] wrote 12 bootstraps
[2025-05-14 14:48:46.794] [jointLog] [info] wrote 13 bootstraps
[2025-05-14 14:48:46.809] [jointLog] [info] wrote 14 bootstraps
[2025-05-14 14:48:46.824] [jointLog] [info] wrote 15 bootstraps
[2025-05-14 14:48:46.836] [jointLog] [info] wrote 16 bootstraps
[2025-05-14 14:48:46.851] [jointLog] [info] wrote 17 bootstraps
[2025-05-14 14:48:46.866] [jointLog] [info] wrote 18 bootstraps
[2025-05-14 14:48:46.881] [jointLog] [info] wrote 19 bootstraps
[2025-05-14 14:48:46.896] [jointLog] [info] wrote 20 bootstraps
[2025-05-14 14:48:46.908] [jointLog] [info] wrote 21 bootstraps
[2025-05-14 14:48:46.923] [jointLog] [info] wrote 22 bootstraps
[2025-05-14 14:48:46.937] [jointLog] [info] wrote 23 bootstraps
[2025-05-14 14:48:46.953] [jointLog] [info] wrote 24 bootstraps
[2025-05-14 14:48:46.967] [jointLog] [info] wrote 25 bootstraps
[2025-05-14 14:48:46.982] [jointLog] [info] wrote 26 bootstraps
[2025-05-14 14:48:46.997] [jointLog] [info] wrote 27 bootstraps
[2025-05-14 14:48:47.011] [jointLog] [info] wrote 28 bootstraps
[2025-05-14 14:48:47.027] [jointLog] [info] wrote 29 bootstraps
[2025-05-14 14:48:47.041] [jointLog] [info] wrote 30 bootstraps
[2025-05-14 14:48:47.056] [jointLog] [info] wrote 31 bootstraps
[2025-05-14 14:48:47.070] [jointLog] [info] wrote 32 bootstraps
[2025-05-14 14:48:47.085] [jointLog] [info] wrote 33 bootstraps
[2025-05-14 14:48:47.100] [jointLog] [info] wrote 34 bootstraps
[2025-05-14 14:48:47.115] [jointLog] [info] wrote 35 bootstraps
[2025-05-14 14:48:47.130] [jointLog] [info] wrote 36 bootstraps
[2025-05-14 14:48:47.142] [jointLog] [info] wrote 37 bootstraps
[2025-05-14 14:48:47.157] [jointLog] [info] wrote 38 bootstraps
[2025-05-14 14:48:47.173] [jointLog] [info] wrote 39 bootstraps
[2025-05-14 14:48:47.186] [jointLog] [info] wrote 40 bootstraps
[2025-05-14 14:48:47.202] [jointLog] [info] wrote 41 bootstraps
[2025-05-14 14:48:47.217] [jointLog] [info] wrote 42 bootstraps
[2025-05-14 14:48:47.235] [jointLog] [info] wrote 43 bootstraps
[2025-05-14 14:48:47.251] [jointLog] [info] wrote 44 bootstraps
[2025-05-14 14:48:47.262] [jointLog] [info] wrote 45 bootstraps
[2025-05-14 14:48:47.276] [jointLog] [info] wrote 46 bootstraps
[2025-05-14 14:48:47.294] [jointLog] [info] wrote 47 bootstraps
[2025-05-14 14:48:47.306] [jointLog] [info] wrote 48 bootstraps
[2025-05-14 14:48:47.324] [jointLog] [info] wrote 49 bootstraps
[2025-05-14 14:48:47.341] [jointLog] [info] wrote 50 bootstraps
[2025-05-14 14:48:47.357] [jointLog] [info] wrote 51 bootstraps
[2025-05-14 14:48:47.377] [jointLog] [info] wrote 52 bootstraps
[2025-05-14 14:48:47.396] [jointLog] [info] wrote 53 bootstraps
[2025-05-14 14:48:47.418] [jointLog] [info] wrote 54 bootstraps
[2025-05-14 14:48:47.438] [jointLog] [info] wrote 55 bootstraps
[2025-05-14 14:48:47.456] [jointLog] [info] wrote 56 bootstraps
[2025-05-14 14:48:47.476] [jointLog] [info] wrote 57 bootstraps
[2025-05-14 14:48:47.494] [jointLog] [info] wrote 58 bootstraps
[2025-05-14 14:48:47.516] [jointLog] [info] wrote 59 bootstraps
[2025-05-14 14:48:47.536] [jointLog] [info] wrote 60 bootstraps
[2025-05-14 14:48:47.559] [jointLog] [info] wrote 61 bootstraps
[2025-05-14 14:48:47.581] [jointLog] [info] wrote 62 bootstraps
[2025-05-14 14:48:47.599] [jointLog] [info] wrote 63 bootstraps
[2025-05-14 14:48:47.623] [jointLog] [info] wrote 64 bootstraps
[2025-05-14 14:48:47.648] [jointLog] [info] wrote 65 bootstraps
[2025-05-14 14:48:47.670] [jointLog] [info] wrote 66 bootstraps
[2025-05-14 14:48:47.694] [jointLog] [info] wrote 67 bootstraps
[2025-05-14 14:48:47.715] [jointLog] [info] wrote 68 bootstraps
[2025-05-14 14:48:47.737] [jointLog] [info] wrote 69 bootstraps
[2025-05-14 14:48:47.759] [jointLog] [info] wrote 70 bootstraps
[2025-05-14 14:48:47.780] [jointLog] [info] wrote 71 bootstraps
[2025-05-14 14:48:47.802] [jointLog] [info] wrote 72 bootstraps
[2025-05-14 14:48:47.824] [jointLog] [info] wrote 73 bootstraps
[2025-05-14 14:48:47.846] [jointLog] [info] wrote 74 bootstraps
[2025-05-14 14:48:47.868] [jointLog] [info] wrote 75 bootstraps
[2025-05-14 14:48:47.889] [jointLog] [info] wrote 76 bootstraps
[2025-05-14 14:48:47.911] [jointLog] [info] wrote 77 bootstraps
[2025-05-14 14:48:47.932] [jointLog] [info] wrote 78 bootstraps
[2025-05-14 14:48:47.955] [jointLog] [info] wrote 79 bootstraps
[2025-05-14 14:48:47.977] [jointLog] [info] wrote 80 bootstraps
[2025-05-14 14:48:47.998] [jointLog] [info] wrote 81 bootstraps
[2025-05-14 14:48:48.020] [jointLog] [info] wrote 82 bootstraps
[2025-05-14 14:48:48.042] [jointLog] [info] wrote 83 bootstraps
[2025-05-14 14:48:48.064] [jointLog] [info] wrote 84 bootstraps
[2025-05-14 14:48:48.085] [jointLog] [info] wrote 85 bootstraps
[2025-05-14 14:48:48.107] [jointLog] [info] wrote 86 bootstraps
[2025-05-14 14:48:48.128] [jointLog] [info] wrote 87 bootstraps
[2025-05-14 14:48:48.150] [jointLog] [info] wrote 88 bootstraps
[2025-05-14 14:48:48.171] [jointLog] [info] wrote 89 bootstraps
[2025-05-14 14:48:48.193] [jointLog] [info] wrote 90 bootstraps
[2025-05-14 14:48:48.216] [jointLog] [info] wrote 91 bootstraps
[2025-05-14 14:48:48.237] [jointLog] [info] wrote 92 bootstraps
[2025-05-14 14:48:48.259] [jointLog] [info] wrote 93 bootstraps
[2025-05-14 14:48:48.281] [jointLog] [info] wrote 94 bootstraps
[2025-05-14 14:48:48.303] [jointLog] [info] wrote 95 bootstraps
[2025-05-14 14:48:48.325] [jointLog] [info] wrote 96 bootstraps
[2025-05-14 14:48:48.347] [jointLog] [info] wrote 97 bootstraps
[2025-05-14 14:48:48.368] [jointLog] [info] wrote 98 bootstraps
[2025-05-14 14:48:48.391] [jointLog] [info] wrote 99 bootstraps
[2025-05-14 14:48:48.645] [jointLog] [info] wrote 100 bootstraps
[2025-05-14 14:48:48.651] [jointLog] [info] Finished Bootstrapping
[2025-05-14 14:48:48.652] [jointLog] [warning] NOTE: Read Lib [[ ../Lisa_data/Fla_SNI_84_1.fq.gz, ../Lisa_data/Fla_SNI_84_2.fq.gz]] :

Detected a *potential* strand bias > 1% in an unstranded protocol check the file: ./output/Fla_SNI_84/lib_format_counts.json for details

