[2025-05-14 14:29:33.787] [jointLog] [info] setting maxHashResizeThreads to 128
[2025-05-14 14:29:33.787] [jointLog] [info] Fragment incompatibility prior below threshold.  Incompatible fragments will be ignored.
[2025-05-14 14:29:33.787] [jointLog] [info] Usage of --validateMappings implies use of minScoreFraction. Since not explicitly specified, it is being set to 0.65
[2025-05-14 14:29:33.787] [jointLog] [info] Setting consensusSlack to selective-alignment default of 0.35.
[2025-05-14 14:29:33.787] [jointLog] [info] parsing read library format
[2025-05-14 14:29:33.787] [jointLog] [info] There is 1 library.
[2025-05-14 14:29:33.787] [jointLog] [info] Loading pufferfish index
[2025-05-14 14:29:33.787] [jointLog] [info] Loading dense pufferfish index.
[2025-05-14 14:29:46.348] [jointLog] [info] done
[2025-05-14 14:29:46.404] [jointLog] [info] Index contained 34,701 targets
[2025-05-14 14:29:46.411] [jointLog] [info] Number of decoys : 13
[2025-05-14 14:29:46.411] [jointLog] [info] First decoy index : 34,688 
[2025-05-14 14:31:43.991] [fileLog] [info] 
At end of round 0
==================
Observed 28053164 total fragments (28053164 in most recent round)

[2025-05-14 14:31:43.990] [jointLog] [info] Computed 44,560 rich equivalence classes for further processing
[2025-05-14 14:31:43.990] [jointLog] [info] Counted 21,228,877 total reads in the equivalence classes 
[2025-05-14 14:31:44.171] [jointLog] [info] Number of mappings discarded because of alignment score : 5,914,768
[2025-05-14 14:31:44.171] [jointLog] [info] Number of fragments entirely discarded because of alignment score : 3,682,166
[2025-05-14 14:31:44.171] [jointLog] [info] Number of fragments discarded because they are best-mapped to decoys : 2,558,267
[2025-05-14 14:31:44.171] [jointLog] [info] Number of fragments discarded because they have only dovetail (discordant) mappings to valid targets : 460,072
[2025-05-14 14:31:44.171] [jointLog] [info] Mapping rate = 75.6737%

[2025-05-14 14:31:44.171] [jointLog] [info] finished quantifyLibrary()
[2025-05-14 14:31:44.171] [jointLog] [info] Starting optimizer
[2025-05-14 14:31:44.185] [jointLog] [info] Marked 0 weighted equivalence classes as degenerate
[2025-05-14 14:31:44.189] [jointLog] [info] iteration = 0 | max rel diff. = 34777.2
[2025-05-14 14:31:44.437] [jointLog] [info] iteration = 100 | max rel diff. = 0.108621
[2025-05-14 14:31:44.578] [jointLog] [info] iteration = 164 | max rel diff. = 0.00519396
[2025-05-14 14:31:44.579] [jointLog] [info] Finished optimizer
[2025-05-14 14:31:44.579] [jointLog] [info] writing output 

[2025-05-14 14:31:44.622] [jointLog] [info] Starting Bootstrapping
[2025-05-14 14:31:44.625] [jointLog] [info] Will draw 100 bootstrap samples
[2025-05-14 14:31:44.625] [jointLog] [info] Optimizing over 44,560 equivalence classes
[2025-05-14 14:31:44.626] [jointLog] [info] Marked 0 weighted equivalence classes as degenerate
[2025-05-14 14:31:47.974] [jointLog] [info] wrote 1 bootstraps
[2025-05-14 14:31:48.008] [jointLog] [info] wrote 2 bootstraps
[2025-05-14 14:31:48.175] [jointLog] [info] wrote 3 bootstraps
[2025-05-14 14:31:48.203] [jointLog] [info] wrote 4 bootstraps
[2025-05-14 14:31:48.265] [jointLog] [info] wrote 5 bootstraps
[2025-05-14 14:31:48.279] [jointLog] [info] wrote 6 bootstraps
[2025-05-14 14:31:48.327] [jointLog] [info] wrote 7 bootstraps
[2025-05-14 14:31:48.353] [jointLog] [info] wrote 8 bootstraps
[2025-05-14 14:31:48.408] [jointLog] [info] wrote 9 bootstraps
[2025-05-14 14:31:48.452] [jointLog] [info] wrote 10 bootstraps
[2025-05-14 14:31:48.474] [jointLog] [info] wrote 11 bootstraps
[2025-05-14 14:31:48.488] [jointLog] [info] wrote 12 bootstraps
[2025-05-14 14:31:48.530] [jointLog] [info] wrote 13 bootstraps
[2025-05-14 14:31:48.556] [jointLog] [info] wrote 14 bootstraps
[2025-05-14 14:31:48.572] [jointLog] [info] wrote 15 bootstraps
[2025-05-14 14:31:48.589] [jointLog] [info] wrote 16 bootstraps
[2025-05-14 14:31:48.605] [jointLog] [info] wrote 17 bootstraps
[2025-05-14 14:31:48.618] [jointLog] [info] wrote 18 bootstraps
[2025-05-14 14:31:48.632] [jointLog] [info] wrote 19 bootstraps
[2025-05-14 14:31:48.648] [jointLog] [info] wrote 20 bootstraps
[2025-05-14 14:31:48.661] [jointLog] [info] wrote 21 bootstraps
[2025-05-14 14:31:48.687] [jointLog] [info] wrote 22 bootstraps
[2025-05-14 14:31:48.703] [jointLog] [info] wrote 23 bootstraps
[2025-05-14 14:31:48.742] [jointLog] [info] wrote 24 bootstraps
[2025-05-14 14:31:48.776] [jointLog] [info] wrote 25 bootstraps
[2025-05-14 14:31:48.788] [jointLog] [info] wrote 26 bootstraps
[2025-05-14 14:31:48.826] [jointLog] [info] wrote 27 bootstraps
[2025-05-14 14:31:48.851] [jointLog] [info] wrote 28 bootstraps
[2025-05-14 14:31:48.864] [jointLog] [info] wrote 29 bootstraps
[2025-05-14 14:31:48.902] [jointLog] [info] wrote 30 bootstraps
[2025-05-14 14:31:48.915] [jointLog] [info] wrote 31 bootstraps
[2025-05-14 14:31:48.944] [jointLog] [info] wrote 32 bootstraps
[2025-05-14 14:31:48.956] [jointLog] [info] wrote 33 bootstraps
[2025-05-14 14:31:48.971] [jointLog] [info] wrote 34 bootstraps
[2025-05-14 14:31:48.984] [jointLog] [info] wrote 35 bootstraps
[2025-05-14 14:31:48.997] [jointLog] [info] wrote 36 bootstraps
[2025-05-14 14:31:49.009] [jointLog] [info] wrote 37 bootstraps
[2025-05-14 14:31:49.026] [jointLog] [info] wrote 38 bootstraps
[2025-05-14 14:31:49.039] [jointLog] [info] wrote 39 bootstraps
[2025-05-14 14:31:49.051] [jointLog] [info] wrote 40 bootstraps
[2025-05-14 14:31:49.065] [jointLog] [info] wrote 41 bootstraps
[2025-05-14 14:31:49.078] [jointLog] [info] wrote 42 bootstraps
[2025-05-14 14:31:49.093] [jointLog] [info] wrote 43 bootstraps
[2025-05-14 14:31:49.107] [jointLog] [info] wrote 44 bootstraps
[2025-05-14 14:31:49.122] [jointLog] [info] wrote 45 bootstraps
[2025-05-14 14:31:49.135] [jointLog] [info] wrote 46 bootstraps
[2025-05-14 14:31:49.148] [jointLog] [info] wrote 47 bootstraps
[2025-05-14 14:31:49.162] [jointLog] [info] wrote 48 bootstraps
[2025-05-14 14:31:49.176] [jointLog] [info] wrote 49 bootstraps
[2025-05-14 14:31:49.189] [jointLog] [info] wrote 50 bootstraps
[2025-05-14 14:31:49.201] [jointLog] [info] wrote 51 bootstraps
[2025-05-14 14:31:49.213] [jointLog] [info] wrote 52 bootstraps
[2025-05-14 14:31:49.227] [jointLog] [info] wrote 53 bootstraps
[2025-05-14 14:31:49.239] [jointLog] [info] wrote 54 bootstraps
[2025-05-14 14:31:49.251] [jointLog] [info] wrote 55 bootstraps
[2025-05-14 14:31:49.263] [jointLog] [info] wrote 56 bootstraps
[2025-05-14 14:31:49.278] [jointLog] [info] wrote 57 bootstraps
[2025-05-14 14:31:49.293] [jointLog] [info] wrote 58 bootstraps
[2025-05-14 14:31:49.308] [jointLog] [info] wrote 59 bootstraps
[2025-05-14 14:31:49.323] [jointLog] [info] wrote 60 bootstraps
[2025-05-14 14:31:49.338] [jointLog] [info] wrote 61 bootstraps
[2025-05-14 14:31:49.353] [jointLog] [info] wrote 62 bootstraps
[2025-05-14 14:31:49.369] [jointLog] [info] wrote 63 bootstraps
[2025-05-14 14:31:49.384] [jointLog] [info] wrote 64 bootstraps
[2025-05-14 14:31:49.399] [jointLog] [info] wrote 65 bootstraps
[2025-05-14 14:31:49.416] [jointLog] [info] wrote 66 bootstraps
[2025-05-14 14:31:49.431] [jointLog] [info] wrote 67 bootstraps
[2025-05-14 14:31:49.447] [jointLog] [info] wrote 68 bootstraps
[2025-05-14 14:31:49.465] [jointLog] [info] wrote 69 bootstraps
[2025-05-14 14:31:49.480] [jointLog] [info] wrote 70 bootstraps
[2025-05-14 14:31:49.495] [jointLog] [info] wrote 71 bootstraps
[2025-05-14 14:31:49.510] [jointLog] [info] wrote 72 bootstraps
[2025-05-14 14:31:49.531] [jointLog] [info] wrote 73 bootstraps
[2025-05-14 14:31:49.548] [jointLog] [info] wrote 74 bootstraps
[2025-05-14 14:31:49.566] [jointLog] [info] wrote 75 bootstraps
[2025-05-14 14:31:49.584] [jointLog] [info] wrote 76 bootstraps
[2025-05-14 14:31:49.601] [jointLog] [info] wrote 77 bootstraps
[2025-05-14 14:31:49.625] [jointLog] [info] wrote 78 bootstraps
[2025-05-14 14:31:49.643] [jointLog] [info] wrote 79 bootstraps
[2025-05-14 14:31:49.662] [jointLog] [info] wrote 80 bootstraps
[2025-05-14 14:31:49.681] [jointLog] [info] wrote 81 bootstraps
[2025-05-14 14:31:49.698] [jointLog] [info] wrote 82 bootstraps
[2025-05-14 14:31:49.716] [jointLog] [info] wrote 83 bootstraps
[2025-05-14 14:31:49.734] [jointLog] [info] wrote 84 bootstraps
[2025-05-14 14:31:49.752] [jointLog] [info] wrote 85 bootstraps
[2025-05-14 14:31:49.775] [jointLog] [info] wrote 86 bootstraps
[2025-05-14 14:31:49.793] [jointLog] [info] wrote 87 bootstraps
[2025-05-14 14:31:49.809] [jointLog] [info] wrote 88 bootstraps
[2025-05-14 14:31:49.827] [jointLog] [info] wrote 89 bootstraps
[2025-05-14 14:31:49.846] [jointLog] [info] wrote 90 bootstraps
[2025-05-14 14:31:49.866] [jointLog] [info] wrote 91 bootstraps
[2025-05-14 14:31:49.886] [jointLog] [info] wrote 92 bootstraps
[2025-05-14 14:31:49.905] [jointLog] [info] wrote 93 bootstraps
[2025-05-14 14:31:49.924] [jointLog] [info] wrote 94 bootstraps
[2025-05-14 14:31:49.948] [jointLog] [info] wrote 95 bootstraps
[2025-05-14 14:31:49.968] [jointLog] [info] wrote 96 bootstraps
[2025-05-14 14:31:49.986] [jointLog] [info] wrote 97 bootstraps
[2025-05-14 14:31:50.007] [jointLog] [info] wrote 98 bootstraps
[2025-05-14 14:31:50.025] [jointLog] [info] wrote 99 bootstraps
[2025-05-14 14:31:52.111] [jointLog] [info] wrote 100 bootstraps
[2025-05-14 14:31:52.124] [jointLog] [info] Finished Bootstrapping
[2025-05-14 14:31:52.124] [jointLog] [warning] NOTE: Read Lib [[ ../Lisa_data/Fla_H_27_1.fq.gz, ../Lisa_data/Fla_H_27_2.fq.gz]] :

Detected a *potential* strand bias > 1% in an unstranded protocol check the file: ./output/Fla_H_27/lib_format_counts.json for details

