[2025-05-14 15:40:57.942] [jointLog] [info] setting maxHashResizeThreads to 128
[2025-05-14 15:40:57.942] [jointLog] [info] Fragment incompatibility prior below threshold.  Incompatible fragments will be ignored.
[2025-05-14 15:40:57.942] [jointLog] [info] Usage of --validateMappings implies use of minScoreFraction. Since not explicitly specified, it is being set to 0.65
[2025-05-14 15:40:57.942] [jointLog] [info] Setting consensusSlack to selective-alignment default of 0.35.
[2025-05-14 15:40:57.942] [jointLog] [info] parsing read library format
[2025-05-14 15:40:57.942] [jointLog] [info] There is 1 library.
[2025-05-14 15:40:57.942] [jointLog] [info] Loading pufferfish index
[2025-05-14 15:40:57.942] [jointLog] [info] Loading dense pufferfish index.
[2025-05-14 15:41:09.577] [jointLog] [info] done
[2025-05-14 15:41:09.640] [jointLog] [info] Index contained 34,701 targets
[2025-05-14 15:41:09.647] [jointLog] [info] Number of decoys : 13
[2025-05-14 15:41:09.647] [jointLog] [info] First decoy index : 34,688 
[2025-05-14 15:42:34.022] [fileLog] [info] 
At end of round 0
==================
Observed 23168462 total fragments (23168462 in most recent round)

[2025-05-14 15:42:34.020] [jointLog] [info] Computed 19,911 rich equivalence classes for further processing
[2025-05-14 15:42:34.020] [jointLog] [info] Counted 17,722,553 total reads in the equivalence classes 
[2025-05-14 15:42:34.144] [jointLog] [info] Number of mappings discarded because of alignment score : 4,554,384
[2025-05-14 15:42:34.144] [jointLog] [info] Number of fragments entirely discarded because of alignment score : 2,625,801
[2025-05-14 15:42:34.144] [jointLog] [info] Number of fragments discarded because they are best-mapped to decoys : 2,116,524
[2025-05-14 15:42:34.144] [jointLog] [info] Number of fragments discarded because they have only dovetail (discordant) mappings to valid targets : 310,170
[2025-05-14 15:42:34.144] [jointLog] [info] Mapping rate = 76.4943%

[2025-05-14 15:42:34.144] [jointLog] [info] finished quantifyLibrary()
[2025-05-14 15:42:34.144] [jointLog] [info] Starting optimizer
[2025-05-14 15:42:34.159] [jointLog] [info] Marked 0 weighted equivalence classes as degenerate
[2025-05-14 15:42:34.162] [jointLog] [info] iteration = 0 | max rel diff. = 25125.2
[2025-05-14 15:42:34.434] [jointLog] [info] iteration = 100 | max rel diff. = 0.00834549
[2025-05-14 15:42:34.435] [jointLog] [info] Finished optimizer
[2025-05-14 15:42:34.435] [jointLog] [info] writing output 

[2025-05-14 15:42:34.511] [jointLog] [info] Starting Bootstrapping
[2025-05-14 15:42:34.514] [jointLog] [info] Will draw 100 bootstrap samples
[2025-05-14 15:42:34.514] [jointLog] [info] Optimizing over 19,911 equivalence classes
[2025-05-14 15:42:34.515] [jointLog] [info] Marked 0 weighted equivalence classes as degenerate
[2025-05-14 15:42:36.783] [jointLog] [info] wrote 1 bootstraps
[2025-05-14 15:42:37.025] [jointLog] [info] wrote 2 bootstraps
[2025-05-14 15:42:37.080] [jointLog] [info] wrote 3 bootstraps
[2025-05-14 15:42:37.100] [jointLog] [info] wrote 4 bootstraps
[2025-05-14 15:42:37.116] [jointLog] [info] wrote 5 bootstraps
[2025-05-14 15:42:37.168] [jointLog] [info] wrote 6 bootstraps
[2025-05-14 15:42:37.297] [jointLog] [info] wrote 7 bootstraps
[2025-05-14 15:42:37.399] [jointLog] [info] wrote 8 bootstraps
[2025-05-14 15:42:37.425] [jointLog] [info] wrote 9 bootstraps
[2025-05-14 15:42:37.478] [jointLog] [info] wrote 10 bootstraps
[2025-05-14 15:42:37.563] [jointLog] [info] wrote 11 bootstraps
[2025-05-14 15:42:37.591] [jointLog] [info] wrote 12 bootstraps
[2025-05-14 15:42:37.605] [jointLog] [info] wrote 13 bootstraps
[2025-05-14 15:42:37.638] [jointLog] [info] wrote 14 bootstraps
[2025-05-14 15:42:37.653] [jointLog] [info] wrote 15 bootstraps
[2025-05-14 15:42:37.675] [jointLog] [info] wrote 16 bootstraps
[2025-05-14 15:42:37.686] [jointLog] [info] wrote 17 bootstraps
[2025-05-14 15:42:37.701] [jointLog] [info] wrote 18 bootstraps
[2025-05-14 15:42:37.713] [jointLog] [info] wrote 19 bootstraps
[2025-05-14 15:42:37.725] [jointLog] [info] wrote 20 bootstraps
[2025-05-14 15:42:37.740] [jointLog] [info] wrote 21 bootstraps
[2025-05-14 15:42:37.754] [jointLog] [info] wrote 22 bootstraps
[2025-05-14 15:42:37.766] [jointLog] [info] wrote 23 bootstraps
[2025-05-14 15:42:37.780] [jointLog] [info] wrote 24 bootstraps
[2025-05-14 15:42:37.793] [jointLog] [info] wrote 25 bootstraps
[2025-05-14 15:42:37.806] [jointLog] [info] wrote 26 bootstraps
[2025-05-14 15:42:37.820] [jointLog] [info] wrote 27 bootstraps
[2025-05-14 15:42:37.832] [jointLog] [info] wrote 28 bootstraps
[2025-05-14 15:42:37.846] [jointLog] [info] wrote 29 bootstraps
[2025-05-14 15:42:37.857] [jointLog] [info] wrote 30 bootstraps
[2025-05-14 15:42:37.872] [jointLog] [info] wrote 31 bootstraps
[2025-05-14 15:42:37.885] [jointLog] [info] wrote 32 bootstraps
[2025-05-14 15:42:37.899] [jointLog] [info] wrote 33 bootstraps
[2025-05-14 15:42:37.911] [jointLog] [info] wrote 34 bootstraps
[2025-05-14 15:42:37.926] [jointLog] [info] wrote 35 bootstraps
[2025-05-14 15:42:37.941] [jointLog] [info] wrote 36 bootstraps
[2025-05-14 15:42:37.955] [jointLog] [info] wrote 37 bootstraps
[2025-05-14 15:42:37.966] [jointLog] [info] wrote 38 bootstraps
[2025-05-14 15:42:37.978] [jointLog] [info] wrote 39 bootstraps
[2025-05-14 15:42:37.992] [jointLog] [info] wrote 40 bootstraps
[2025-05-14 15:42:38.006] [jointLog] [info] wrote 41 bootstraps
[2025-05-14 15:42:38.020] [jointLog] [info] wrote 42 bootstraps
[2025-05-14 15:42:38.035] [jointLog] [info] wrote 43 bootstraps
[2025-05-14 15:42:38.050] [jointLog] [info] wrote 44 bootstraps
[2025-05-14 15:42:38.064] [jointLog] [info] wrote 45 bootstraps
[2025-05-14 15:42:38.077] [jointLog] [info] wrote 46 bootstraps
[2025-05-14 15:42:38.092] [jointLog] [info] wrote 47 bootstraps
[2025-05-14 15:42:38.106] [jointLog] [info] wrote 48 bootstraps
[2025-05-14 15:42:38.120] [jointLog] [info] wrote 49 bootstraps
[2025-05-14 15:42:38.135] [jointLog] [info] wrote 50 bootstraps
[2025-05-14 15:42:38.147] [jointLog] [info] wrote 51 bootstraps
[2025-05-14 15:42:38.162] [jointLog] [info] wrote 52 bootstraps
[2025-05-14 15:42:38.180] [jointLog] [info] wrote 53 bootstraps
[2025-05-14 15:42:38.195] [jointLog] [info] wrote 54 bootstraps
[2025-05-14 15:42:38.207] [jointLog] [info] wrote 55 bootstraps
[2025-05-14 15:42:38.225] [jointLog] [info] wrote 56 bootstraps
[2025-05-14 15:42:38.239] [jointLog] [info] wrote 57 bootstraps
[2025-05-14 15:42:38.253] [jointLog] [info] wrote 58 bootstraps
[2025-05-14 15:42:38.271] [jointLog] [info] wrote 59 bootstraps
[2025-05-14 15:42:38.284] [jointLog] [info] wrote 60 bootstraps
[2025-05-14 15:42:38.304] [jointLog] [info] wrote 61 bootstraps
[2025-05-14 15:42:38.321] [jointLog] [info] wrote 62 bootstraps
[2025-05-14 15:42:38.338] [jointLog] [info] wrote 63 bootstraps
[2025-05-14 15:42:38.355] [jointLog] [info] wrote 64 bootstraps
[2025-05-14 15:42:38.375] [jointLog] [info] wrote 65 bootstraps
[2025-05-14 15:42:38.397] [jointLog] [info] wrote 66 bootstraps
[2025-05-14 15:42:38.420] [jointLog] [info] wrote 67 bootstraps
[2025-05-14 15:42:38.439] [jointLog] [info] wrote 68 bootstraps
[2025-05-14 15:42:38.460] [jointLog] [info] wrote 69 bootstraps
[2025-05-14 15:42:38.482] [jointLog] [info] wrote 70 bootstraps
[2025-05-14 15:42:38.503] [jointLog] [info] wrote 71 bootstraps
[2025-05-14 15:42:38.525] [jointLog] [info] wrote 72 bootstraps
[2025-05-14 15:42:38.549] [jointLog] [info] wrote 73 bootstraps
[2025-05-14 15:42:38.571] [jointLog] [info] wrote 74 bootstraps
[2025-05-14 15:42:38.585] [jointLog] [info] wrote 75 bootstraps
[2025-05-14 15:42:38.608] [jointLog] [info] wrote 76 bootstraps
[2025-05-14 15:42:38.629] [jointLog] [info] wrote 77 bootstraps
[2025-05-14 15:42:38.650] [jointLog] [info] wrote 78 bootstraps
[2025-05-14 15:42:38.671] [jointLog] [info] wrote 79 bootstraps
[2025-05-14 15:42:38.691] [jointLog] [info] wrote 80 bootstraps
[2025-05-14 15:42:38.712] [jointLog] [info] wrote 81 bootstraps
[2025-05-14 15:42:38.732] [jointLog] [info] wrote 82 bootstraps
[2025-05-14 15:42:38.755] [jointLog] [info] wrote 83 bootstraps
[2025-05-14 15:42:38.776] [jointLog] [info] wrote 84 bootstraps
[2025-05-14 15:42:38.796] [jointLog] [info] wrote 85 bootstraps
[2025-05-14 15:42:38.824] [jointLog] [info] wrote 86 bootstraps
[2025-05-14 15:42:38.847] [jointLog] [info] wrote 87 bootstraps
[2025-05-14 15:42:38.869] [jointLog] [info] wrote 88 bootstraps
[2025-05-14 15:42:38.890] [jointLog] [info] wrote 89 bootstraps
[2025-05-14 15:42:38.911] [jointLog] [info] wrote 90 bootstraps
[2025-05-14 15:42:38.933] [jointLog] [info] wrote 91 bootstraps
[2025-05-14 15:42:38.954] [jointLog] [info] wrote 92 bootstraps
[2025-05-14 15:42:38.975] [jointLog] [info] wrote 93 bootstraps
[2025-05-14 15:42:38.998] [jointLog] [info] wrote 94 bootstraps
[2025-05-14 15:42:39.021] [jointLog] [info] wrote 95 bootstraps
[2025-05-14 15:42:39.041] [jointLog] [info] wrote 96 bootstraps
[2025-05-14 15:42:39.062] [jointLog] [info] wrote 97 bootstraps
[2025-05-14 15:42:39.083] [jointLog] [info] wrote 98 bootstraps
[2025-05-14 15:42:39.103] [jointLog] [info] wrote 99 bootstraps
[2025-05-14 15:42:39.115] [jointLog] [info] wrote 100 bootstraps
[2025-05-14 15:42:39.118] [jointLog] [info] Finished Bootstrapping
[2025-05-14 15:42:39.118] [jointLog] [warning] NOTE: Read Lib [[ ../Lisa_data/SW5_SNI_55_1.fq.gz, ../Lisa_data/SW5_SNI_55_2.fq.gz]] :

Detected a *potential* strand bias > 1% in an unstranded protocol check the file: ./output/SW5_SNI_55/lib_format_counts.json for details

