[2025-05-14 14:48:51.562] [jointLog] [info] setting maxHashResizeThreads to 128
[2025-05-14 14:48:51.562] [jointLog] [info] Fragment incompatibility prior below threshold.  Incompatible fragments will be ignored.
[2025-05-14 14:48:51.562] [jointLog] [info] Usage of --validateMappings implies use of minScoreFraction. Since not explicitly specified, it is being set to 0.65
[2025-05-14 14:48:51.562] [jointLog] [info] Setting consensusSlack to selective-alignment default of 0.35.
[2025-05-14 14:48:51.562] [jointLog] [info] parsing read library format
[2025-05-14 14:48:51.562] [jointLog] [info] There is 1 library.
[2025-05-14 14:48:51.562] [jointLog] [info] Loading pufferfish index
[2025-05-14 14:48:51.562] [jointLog] [info] Loading dense pufferfish index.
[2025-05-14 14:49:02.290] [jointLog] [info] done
[2025-05-14 14:49:02.404] [jointLog] [info] Index contained 34,701 targets
[2025-05-14 14:49:02.414] [jointLog] [info] Number of decoys : 13
[2025-05-14 14:49:02.414] [jointLog] [info] First decoy index : 34,688 
[2025-05-14 14:50:13.034] [fileLog] [info] 
At end of round 0
==================
Observed 16854037 total fragments (16854037 in most recent round)

[2025-05-14 14:50:13.033] [jointLog] [info] Computed 19,374 rich equivalence classes for further processing
[2025-05-14 14:50:13.033] [jointLog] [info] Counted 13,006,837 total reads in the equivalence classes 
[2025-05-14 14:50:13.382] [jointLog] [info] Number of mappings discarded because of alignment score : 3,165,184
[2025-05-14 14:50:13.382] [jointLog] [info] Number of fragments entirely discarded because of alignment score : 1,987,976
[2025-05-14 14:50:13.382] [jointLog] [info] Number of fragments discarded because they are best-mapped to decoys : 1,501,994
[2025-05-14 14:50:13.382] [jointLog] [info] Number of fragments discarded because they have only dovetail (discordant) mappings to valid targets : 273,999
[2025-05-14 14:50:13.382] [jointLog] [info] Mapping rate = 77.1734%

[2025-05-14 14:50:13.382] [jointLog] [info] finished quantifyLibrary()
[2025-05-14 14:50:13.382] [jointLog] [info] Starting optimizer
[2025-05-14 14:50:13.396] [jointLog] [info] Marked 0 weighted equivalence classes as degenerate
[2025-05-14 14:50:13.399] [jointLog] [info] iteration = 0 | max rel diff. = 16129.3
[2025-05-14 14:50:13.631] [jointLog] [info] iteration = 100 | max rel diff. = 1.33193
[2025-05-14 14:50:13.806] [jointLog] [info] iteration = 194 | max rel diff. = 0.000558944
[2025-05-14 14:50:13.807] [jointLog] [info] Finished optimizer
[2025-05-14 14:50:13.807] [jointLog] [info] writing output 

[2025-05-14 14:50:13.887] [jointLog] [info] Starting Bootstrapping
[2025-05-14 14:50:13.890] [jointLog] [info] Will draw 100 bootstrap samples
[2025-05-14 14:50:13.890] [jointLog] [info] Optimizing over 19,374 equivalence classes
[2025-05-14 14:50:13.891] [jointLog] [info] Marked 0 weighted equivalence classes as degenerate
[2025-05-14 14:50:16.192] [jointLog] [info] wrote 1 bootstraps
[2025-05-14 14:50:16.209] [jointLog] [info] wrote 2 bootstraps
[2025-05-14 14:50:16.297] [jointLog] [info] wrote 3 bootstraps
[2025-05-14 14:50:16.430] [jointLog] [info] wrote 4 bootstraps
[2025-05-14 14:50:16.448] [jointLog] [info] wrote 5 bootstraps
[2025-05-14 14:50:16.469] [jointLog] [info] wrote 6 bootstraps
[2025-05-14 14:50:16.484] [jointLog] [info] wrote 7 bootstraps
[2025-05-14 14:50:16.499] [jointLog] [info] wrote 8 bootstraps
[2025-05-14 14:50:16.515] [jointLog] [info] wrote 9 bootstraps
[2025-05-14 14:50:16.530] [jointLog] [info] wrote 10 bootstraps
[2025-05-14 14:50:16.545] [jointLog] [info] wrote 11 bootstraps
[2025-05-14 14:50:16.561] [jointLog] [info] wrote 12 bootstraps
[2025-05-14 14:50:16.576] [jointLog] [info] wrote 13 bootstraps
[2025-05-14 14:50:16.592] [jointLog] [info] wrote 14 bootstraps
[2025-05-14 14:50:16.607] [jointLog] [info] wrote 15 bootstraps
[2025-05-14 14:50:16.620] [jointLog] [info] wrote 16 bootstraps
[2025-05-14 14:50:16.636] [jointLog] [info] wrote 17 bootstraps
[2025-05-14 14:50:16.651] [jointLog] [info] wrote 18 bootstraps
[2025-05-14 14:50:16.665] [jointLog] [info] wrote 19 bootstraps
[2025-05-14 14:50:16.681] [jointLog] [info] wrote 20 bootstraps
[2025-05-14 14:50:16.697] [jointLog] [info] wrote 21 bootstraps
[2025-05-14 14:50:16.709] [jointLog] [info] wrote 22 bootstraps
[2025-05-14 14:50:16.724] [jointLog] [info] wrote 23 bootstraps
[2025-05-14 14:50:16.739] [jointLog] [info] wrote 24 bootstraps
[2025-05-14 14:50:16.756] [jointLog] [info] wrote 25 bootstraps
[2025-05-14 14:50:16.771] [jointLog] [info] wrote 26 bootstraps
[2025-05-14 14:50:16.787] [jointLog] [info] wrote 27 bootstraps
[2025-05-14 14:50:16.818] [jointLog] [info] wrote 28 bootstraps
[2025-05-14 14:50:16.830] [jointLog] [info] wrote 29 bootstraps
[2025-05-14 14:50:16.852] [jointLog] [info] wrote 30 bootstraps
[2025-05-14 14:50:16.866] [jointLog] [info] wrote 31 bootstraps
[2025-05-14 14:50:16.881] [jointLog] [info] wrote 32 bootstraps
[2025-05-14 14:50:16.895] [jointLog] [info] wrote 33 bootstraps
[2025-05-14 14:50:16.920] [jointLog] [info] wrote 34 bootstraps
[2025-05-14 14:50:16.936] [jointLog] [info] wrote 35 bootstraps
[2025-05-14 14:50:16.949] [jointLog] [info] wrote 36 bootstraps
[2025-05-14 14:50:16.962] [jointLog] [info] wrote 37 bootstraps
[2025-05-14 14:50:16.977] [jointLog] [info] wrote 38 bootstraps
[2025-05-14 14:50:16.991] [jointLog] [info] wrote 39 bootstraps
[2025-05-14 14:50:17.004] [jointLog] [info] wrote 40 bootstraps
[2025-05-14 14:50:17.015] [jointLog] [info] wrote 41 bootstraps
[2025-05-14 14:50:17.028] [jointLog] [info] wrote 42 bootstraps
[2025-05-14 14:50:17.041] [jointLog] [info] wrote 43 bootstraps
[2025-05-14 14:50:17.052] [jointLog] [info] wrote 44 bootstraps
[2025-05-14 14:50:17.065] [jointLog] [info] wrote 45 bootstraps
[2025-05-14 14:50:17.075] [jointLog] [info] wrote 46 bootstraps
[2025-05-14 14:50:17.086] [jointLog] [info] wrote 47 bootstraps
[2025-05-14 14:50:17.097] [jointLog] [info] wrote 48 bootstraps
[2025-05-14 14:50:17.110] [jointLog] [info] wrote 49 bootstraps
[2025-05-14 14:50:17.121] [jointLog] [info] wrote 50 bootstraps
[2025-05-14 14:50:17.132] [jointLog] [info] wrote 51 bootstraps
[2025-05-14 14:50:17.145] [jointLog] [info] wrote 52 bootstraps
[2025-05-14 14:50:17.155] [jointLog] [info] wrote 53 bootstraps
[2025-05-14 14:50:17.169] [jointLog] [info] wrote 54 bootstraps
[2025-05-14 14:50:17.182] [jointLog] [info] wrote 55 bootstraps
[2025-05-14 14:50:17.195] [jointLog] [info] wrote 56 bootstraps
[2025-05-14 14:50:17.208] [jointLog] [info] wrote 57 bootstraps
[2025-05-14 14:50:17.221] [jointLog] [info] wrote 58 bootstraps
[2025-05-14 14:50:17.235] [jointLog] [info] wrote 59 bootstraps
[2025-05-14 14:50:17.246] [jointLog] [info] wrote 60 bootstraps
[2025-05-14 14:50:17.260] [jointLog] [info] wrote 61 bootstraps
[2025-05-14 14:50:17.275] [jointLog] [info] wrote 62 bootstraps
[2025-05-14 14:50:17.288] [jointLog] [info] wrote 63 bootstraps
[2025-05-14 14:50:17.304] [jointLog] [info] wrote 64 bootstraps
[2025-05-14 14:50:17.319] [jointLog] [info] wrote 65 bootstraps
[2025-05-14 14:50:17.334] [jointLog] [info] wrote 66 bootstraps
[2025-05-14 14:50:17.348] [jointLog] [info] wrote 67 bootstraps
[2025-05-14 14:50:17.363] [jointLog] [info] wrote 68 bootstraps
[2025-05-14 14:50:17.377] [jointLog] [info] wrote 69 bootstraps
[2025-05-14 14:50:17.391] [jointLog] [info] wrote 70 bootstraps
[2025-05-14 14:50:17.404] [jointLog] [info] wrote 71 bootstraps
[2025-05-14 14:50:17.420] [jointLog] [info] wrote 72 bootstraps
[2025-05-14 14:50:17.436] [jointLog] [info] wrote 73 bootstraps
[2025-05-14 14:50:17.447] [jointLog] [info] wrote 74 bootstraps
[2025-05-14 14:50:17.465] [jointLog] [info] wrote 75 bootstraps
[2025-05-14 14:50:17.482] [jointLog] [info] wrote 76 bootstraps
[2025-05-14 14:50:17.501] [jointLog] [info] wrote 77 bootstraps
[2025-05-14 14:50:17.515] [jointLog] [info] wrote 78 bootstraps
[2025-05-14 14:50:17.533] [jointLog] [info] wrote 79 bootstraps
[2025-05-14 14:50:17.552] [jointLog] [info] wrote 80 bootstraps
[2025-05-14 14:50:17.571] [jointLog] [info] wrote 81 bootstraps
[2025-05-14 14:50:17.592] [jointLog] [info] wrote 82 bootstraps
[2025-05-14 14:50:17.606] [jointLog] [info] wrote 83 bootstraps
[2025-05-14 14:50:17.620] [jointLog] [info] wrote 84 bootstraps
[2025-05-14 14:50:17.642] [jointLog] [info] wrote 85 bootstraps
[2025-05-14 14:50:17.657] [jointLog] [info] wrote 86 bootstraps
[2025-05-14 14:50:17.677] [jointLog] [info] wrote 87 bootstraps
[2025-05-14 14:50:17.694] [jointLog] [info] wrote 88 bootstraps
[2025-05-14 14:50:17.714] [jointLog] [info] wrote 89 bootstraps
[2025-05-14 14:50:17.728] [jointLog] [info] wrote 90 bootstraps
[2025-05-14 14:50:17.748] [jointLog] [info] wrote 91 bootstraps
[2025-05-14 14:50:17.763] [jointLog] [info] wrote 92 bootstraps
[2025-05-14 14:50:17.778] [jointLog] [info] wrote 93 bootstraps
[2025-05-14 14:50:17.792] [jointLog] [info] wrote 94 bootstraps
[2025-05-14 14:50:17.806] [jointLog] [info] wrote 95 bootstraps
[2025-05-14 14:50:17.821] [jointLog] [info] wrote 96 bootstraps
[2025-05-14 14:50:17.836] [jointLog] [info] wrote 97 bootstraps
[2025-05-14 14:50:17.857] [jointLog] [info] wrote 98 bootstraps
[2025-05-14 14:50:17.872] [jointLog] [info] wrote 99 bootstraps
[2025-05-14 14:50:18.387] [jointLog] [info] wrote 100 bootstraps
[2025-05-14 14:50:18.395] [jointLog] [info] Finished Bootstrapping
[2025-05-14 14:50:18.395] [jointLog] [warning] NOTE: Read Lib [[ ../Lisa_data/Fla_SRB_121_1.fq.gz, ../Lisa_data/Fla_SRB_121_2.fq.gz]] :

Detected a *potential* strand bias > 1% in an unstranded protocol check the file: ./output/Fla_SRB_121/lib_format_counts.json for details

