[2025-05-14 16:07:23.025] [jointLog] [info] setting maxHashResizeThreads to 128
[2025-05-14 16:07:23.025] [jointLog] [info] Fragment incompatibility prior below threshold.  Incompatible fragments will be ignored.
[2025-05-14 16:07:23.025] [jointLog] [info] Usage of --validateMappings implies use of minScoreFraction. Since not explicitly specified, it is being set to 0.65
[2025-05-14 16:07:23.025] [jointLog] [info] Setting consensusSlack to selective-alignment default of 0.35.
[2025-05-14 16:07:23.025] [jointLog] [info] parsing read library format
[2025-05-14 16:07:23.025] [jointLog] [info] There is 1 library.
[2025-05-14 16:07:23.026] [jointLog] [info] Loading pufferfish index
[2025-05-14 16:07:23.026] [jointLog] [info] Loading dense pufferfish index.
[2025-05-14 16:07:33.784] [jointLog] [info] done
[2025-05-14 16:07:33.850] [jointLog] [info] Index contained 34,701 targets
[2025-05-14 16:07:33.857] [jointLog] [info] Number of decoys : 13
[2025-05-14 16:07:33.857] [jointLog] [info] First decoy index : 34,688 
[2025-05-14 16:08:56.114] [fileLog] [info] 
At end of round 0
==================
Observed 19622421 total fragments (19622421 in most recent round)

[2025-05-14 16:08:56.113] [jointLog] [info] Computed 23,434 rich equivalence classes for further processing
[2025-05-14 16:08:56.113] [jointLog] [info] Counted 15,337,044 total reads in the equivalence classes 
[2025-05-14 16:08:56.220] [jointLog] [info] Number of mappings discarded because of alignment score : 3,664,602
[2025-05-14 16:08:56.220] [jointLog] [info] Number of fragments entirely discarded because of alignment score : 2,364,331
[2025-05-14 16:08:56.220] [jointLog] [info] Number of fragments discarded because they are best-mapped to decoys : 1,827,907
[2025-05-14 16:08:56.220] [jointLog] [info] Number of fragments discarded because they have only dovetail (discordant) mappings to valid targets : 245,086
[2025-05-14 16:08:56.220] [jointLog] [info] Mapping rate = 78.1608%

[2025-05-14 16:08:56.220] [jointLog] [info] finished quantifyLibrary()
[2025-05-14 16:08:56.221] [jointLog] [info] Starting optimizer
[2025-05-14 16:08:56.237] [jointLog] [info] Marked 0 weighted equivalence classes as degenerate
[2025-05-14 16:08:56.240] [jointLog] [info] iteration = 0 | max rel diff. = 17820
[2025-05-14 16:08:56.509] [jointLog] [info] iteration = 100 | max rel diff. = 0.135875
[2025-05-14 16:08:56.593] [jointLog] [info] iteration = 136 | max rel diff. = 0.00516127
[2025-05-14 16:08:56.594] [jointLog] [info] Finished optimizer
[2025-05-14 16:08:56.594] [jointLog] [info] writing output 

[2025-05-14 16:08:56.674] [jointLog] [info] Starting Bootstrapping
[2025-05-14 16:08:56.678] [jointLog] [info] Will draw 100 bootstrap samples
[2025-05-14 16:08:56.678] [jointLog] [info] Optimizing over 23,434 equivalence classes
[2025-05-14 16:08:56.679] [jointLog] [info] Marked 0 weighted equivalence classes as degenerate
[2025-05-14 16:08:59.460] [jointLog] [info] wrote 1 bootstraps
[2025-05-14 16:08:59.568] [jointLog] [info] wrote 2 bootstraps
[2025-05-14 16:08:59.582] [jointLog] [info] wrote 3 bootstraps
[2025-05-14 16:08:59.608] [jointLog] [info] wrote 4 bootstraps
[2025-05-14 16:08:59.621] [jointLog] [info] wrote 5 bootstraps
[2025-05-14 16:08:59.634] [jointLog] [info] wrote 6 bootstraps
[2025-05-14 16:08:59.647] [jointLog] [info] wrote 7 bootstraps
[2025-05-14 16:08:59.660] [jointLog] [info] wrote 8 bootstraps
[2025-05-14 16:08:59.692] [jointLog] [info] wrote 9 bootstraps
[2025-05-14 16:08:59.706] [jointLog] [info] wrote 10 bootstraps
[2025-05-14 16:08:59.718] [jointLog] [info] wrote 11 bootstraps
[2025-05-14 16:08:59.733] [jointLog] [info] wrote 12 bootstraps
[2025-05-14 16:08:59.746] [jointLog] [info] wrote 13 bootstraps
[2025-05-14 16:08:59.762] [jointLog] [info] wrote 14 bootstraps
[2025-05-14 16:08:59.778] [jointLog] [info] wrote 15 bootstraps
[2025-05-14 16:08:59.793] [jointLog] [info] wrote 16 bootstraps
[2025-05-14 16:08:59.807] [jointLog] [info] wrote 17 bootstraps
[2025-05-14 16:08:59.823] [jointLog] [info] wrote 18 bootstraps
[2025-05-14 16:08:59.838] [jointLog] [info] wrote 19 bootstraps
[2025-05-14 16:08:59.851] [jointLog] [info] wrote 20 bootstraps
[2025-05-14 16:08:59.863] [jointLog] [info] wrote 21 bootstraps
[2025-05-14 16:08:59.875] [jointLog] [info] wrote 22 bootstraps
[2025-05-14 16:08:59.888] [jointLog] [info] wrote 23 bootstraps
[2025-05-14 16:08:59.901] [jointLog] [info] wrote 24 bootstraps
[2025-05-14 16:08:59.916] [jointLog] [info] wrote 25 bootstraps
[2025-05-14 16:08:59.931] [jointLog] [info] wrote 26 bootstraps
[2025-05-14 16:08:59.945] [jointLog] [info] wrote 27 bootstraps
[2025-05-14 16:08:59.958] [jointLog] [info] wrote 28 bootstraps
[2025-05-14 16:08:59.971] [jointLog] [info] wrote 29 bootstraps
[2025-05-14 16:08:59.986] [jointLog] [info] wrote 30 bootstraps
[2025-05-14 16:09:00.000] [jointLog] [info] wrote 31 bootstraps
[2025-05-14 16:09:00.013] [jointLog] [info] wrote 32 bootstraps
[2025-05-14 16:09:00.024] [jointLog] [info] wrote 33 bootstraps
[2025-05-14 16:09:00.040] [jointLog] [info] wrote 34 bootstraps
[2025-05-14 16:09:00.054] [jointLog] [info] wrote 35 bootstraps
[2025-05-14 16:09:00.070] [jointLog] [info] wrote 36 bootstraps
[2025-05-14 16:09:00.083] [jointLog] [info] wrote 37 bootstraps
[2025-05-14 16:09:00.098] [jointLog] [info] wrote 38 bootstraps
[2025-05-14 16:09:00.113] [jointLog] [info] wrote 39 bootstraps
[2025-05-14 16:09:00.128] [jointLog] [info] wrote 40 bootstraps
[2025-05-14 16:09:00.141] [jointLog] [info] wrote 41 bootstraps
[2025-05-14 16:09:00.156] [jointLog] [info] wrote 42 bootstraps
[2025-05-14 16:09:00.169] [jointLog] [info] wrote 43 bootstraps
[2025-05-14 16:09:00.187] [jointLog] [info] wrote 44 bootstraps
[2025-05-14 16:09:00.203] [jointLog] [info] wrote 45 bootstraps
[2025-05-14 16:09:00.221] [jointLog] [info] wrote 46 bootstraps
[2025-05-14 16:09:00.237] [jointLog] [info] wrote 47 bootstraps
[2025-05-14 16:09:00.253] [jointLog] [info] wrote 48 bootstraps
[2025-05-14 16:09:00.266] [jointLog] [info] wrote 49 bootstraps
[2025-05-14 16:09:00.283] [jointLog] [info] wrote 50 bootstraps
[2025-05-14 16:09:00.300] [jointLog] [info] wrote 51 bootstraps
[2025-05-14 16:09:00.319] [jointLog] [info] wrote 52 bootstraps
[2025-05-14 16:09:00.339] [jointLog] [info] wrote 53 bootstraps
[2025-05-14 16:09:00.358] [jointLog] [info] wrote 54 bootstraps
[2025-05-14 16:09:00.376] [jointLog] [info] wrote 55 bootstraps
[2025-05-14 16:09:00.398] [jointLog] [info] wrote 56 bootstraps
[2025-05-14 16:09:00.419] [jointLog] [info] wrote 57 bootstraps
[2025-05-14 16:09:00.443] [jointLog] [info] wrote 58 bootstraps
[2025-05-14 16:09:00.465] [jointLog] [info] wrote 59 bootstraps
[2025-05-14 16:09:00.487] [jointLog] [info] wrote 60 bootstraps
[2025-05-14 16:09:00.506] [jointLog] [info] wrote 61 bootstraps
[2025-05-14 16:09:00.528] [jointLog] [info] wrote 62 bootstraps
[2025-05-14 16:09:00.550] [jointLog] [info] wrote 63 bootstraps
[2025-05-14 16:09:00.572] [jointLog] [info] wrote 64 bootstraps
[2025-05-14 16:09:00.594] [jointLog] [info] wrote 65 bootstraps
[2025-05-14 16:09:00.615] [jointLog] [info] wrote 66 bootstraps
[2025-05-14 16:09:00.637] [jointLog] [info] wrote 67 bootstraps
[2025-05-14 16:09:00.659] [jointLog] [info] wrote 68 bootstraps
[2025-05-14 16:09:00.681] [jointLog] [info] wrote 69 bootstraps
[2025-05-14 16:09:00.702] [jointLog] [info] wrote 70 bootstraps
[2025-05-14 16:09:00.724] [jointLog] [info] wrote 71 bootstraps
[2025-05-14 16:09:00.746] [jointLog] [info] wrote 72 bootstraps
[2025-05-14 16:09:00.768] [jointLog] [info] wrote 73 bootstraps
[2025-05-14 16:09:00.790] [jointLog] [info] wrote 74 bootstraps
[2025-05-14 16:09:00.812] [jointLog] [info] wrote 75 bootstraps
[2025-05-14 16:09:00.833] [jointLog] [info] wrote 76 bootstraps
[2025-05-14 16:09:00.856] [jointLog] [info] wrote 77 bootstraps
[2025-05-14 16:09:00.878] [jointLog] [info] wrote 78 bootstraps
[2025-05-14 16:09:00.900] [jointLog] [info] wrote 79 bootstraps
[2025-05-14 16:09:00.922] [jointLog] [info] wrote 80 bootstraps
[2025-05-14 16:09:00.943] [jointLog] [info] wrote 81 bootstraps
[2025-05-14 16:09:00.966] [jointLog] [info] wrote 82 bootstraps
[2025-05-14 16:09:00.988] [jointLog] [info] wrote 83 bootstraps
[2025-05-14 16:09:01.011] [jointLog] [info] wrote 84 bootstraps
[2025-05-14 16:09:01.033] [jointLog] [info] wrote 85 bootstraps
[2025-05-14 16:09:01.055] [jointLog] [info] wrote 86 bootstraps
[2025-05-14 16:09:01.077] [jointLog] [info] wrote 87 bootstraps
[2025-05-14 16:09:01.099] [jointLog] [info] wrote 88 bootstraps
[2025-05-14 16:09:01.121] [jointLog] [info] wrote 89 bootstraps
[2025-05-14 16:09:01.143] [jointLog] [info] wrote 90 bootstraps
[2025-05-14 16:09:01.166] [jointLog] [info] wrote 91 bootstraps
[2025-05-14 16:09:01.187] [jointLog] [info] wrote 92 bootstraps
[2025-05-14 16:09:01.209] [jointLog] [info] wrote 93 bootstraps
[2025-05-14 16:09:01.230] [jointLog] [info] wrote 94 bootstraps
[2025-05-14 16:09:01.252] [jointLog] [info] wrote 95 bootstraps
[2025-05-14 16:09:01.277] [jointLog] [info] wrote 96 bootstraps
[2025-05-14 16:09:01.299] [jointLog] [info] wrote 97 bootstraps
[2025-05-14 16:09:01.321] [jointLog] [info] wrote 98 bootstraps
[2025-05-14 16:09:01.343] [jointLog] [info] wrote 99 bootstraps
[2025-05-14 16:09:01.554] [jointLog] [info] wrote 100 bootstraps
[2025-05-14 16:09:01.558] [jointLog] [info] Finished Bootstrapping
[2025-05-14 16:09:01.559] [jointLog] [warning] NOTE: Read Lib [[ ../Lisa_data/SW7_H_40_1.fq.gz, ../Lisa_data/SW7_H_40_2.fq.gz]] :

Detected a *potential* strand bias > 1% in an unstranded protocol check the file: ./output/SW7_H_40/lib_format_counts.json for details

