[2025-05-14 15:46:33.254] [jointLog] [info] setting maxHashResizeThreads to 128
[2025-05-14 15:46:33.254] [jointLog] [info] Fragment incompatibility prior below threshold.  Incompatible fragments will be ignored.
[2025-05-14 15:46:33.254] [jointLog] [info] Usage of --validateMappings implies use of minScoreFraction. Since not explicitly specified, it is being set to 0.65
[2025-05-14 15:46:33.254] [jointLog] [info] Setting consensusSlack to selective-alignment default of 0.35.
[2025-05-14 15:46:33.254] [jointLog] [info] parsing read library format
[2025-05-14 15:46:33.254] [jointLog] [info] There is 1 library.
[2025-05-14 15:46:33.255] [jointLog] [info] Loading pufferfish index
[2025-05-14 15:46:33.255] [jointLog] [info] Loading dense pufferfish index.
[2025-05-14 15:46:45.778] [jointLog] [info] done
[2025-05-14 15:46:45.838] [jointLog] [info] Index contained 34,701 targets
[2025-05-14 15:46:45.844] [jointLog] [info] Number of decoys : 13
[2025-05-14 15:46:45.844] [jointLog] [info] First decoy index : 34,688 
[2025-05-14 15:47:39.500] [jointLog] [info] Computed 27,183 rich equivalence classes for further processing
[2025-05-14 15:47:39.500] [jointLog] [info] Counted 8,560,598 total reads in the equivalence classes 
[2025-05-14 15:47:39.501] [fileLog] [info] 
At end of round 0
==================
Observed 12550230 total fragments (12550230 in most recent round)

[2025-05-14 15:47:39.904] [jointLog] [info] Number of mappings discarded because of alignment score : 2,574,325
[2025-05-14 15:47:39.904] [jointLog] [info] Number of fragments entirely discarded because of alignment score : 1,540,590
[2025-05-14 15:47:39.904] [jointLog] [info] Number of fragments discarded because they are best-mapped to decoys : 1,169,040
[2025-05-14 15:47:39.904] [jointLog] [info] Number of fragments discarded because they have only dovetail (discordant) mappings to valid targets : 137,481
[2025-05-14 15:47:39.904] [jointLog] [info] Mapping rate = 68.2107%

[2025-05-14 15:47:39.904] [jointLog] [info] finished quantifyLibrary()
[2025-05-14 15:47:39.904] [jointLog] [info] Starting optimizer
[2025-05-14 15:47:39.922] [jointLog] [info] Marked 0 weighted equivalence classes as degenerate
[2025-05-14 15:47:39.926] [jointLog] [info] iteration = 0 | max rel diff. = 14046.8
[2025-05-14 15:47:40.232] [jointLog] [info] iteration = 100 | max rel diff. = 0.0179765
[2025-05-14 15:47:40.369] [jointLog] [info] iteration = 154 | max rel diff. = 0.00806103
[2025-05-14 15:47:40.370] [jointLog] [info] Finished optimizer
[2025-05-14 15:47:40.370] [jointLog] [info] writing output 

[2025-05-14 15:47:40.446] [jointLog] [info] Starting Bootstrapping
[2025-05-14 15:47:40.451] [jointLog] [info] Will draw 100 bootstrap samples
[2025-05-14 15:47:40.451] [jointLog] [info] Optimizing over 27,183 equivalence classes
[2025-05-14 15:47:40.452] [jointLog] [info] Marked 0 weighted equivalence classes as degenerate
[2025-05-14 15:47:41.932] [jointLog] [info] wrote 1 bootstraps
[2025-05-14 15:47:41.951] [jointLog] [info] wrote 2 bootstraps
[2025-05-14 15:47:41.969] [jointLog] [info] wrote 3 bootstraps
[2025-05-14 15:47:42.120] [jointLog] [info] wrote 4 bootstraps
[2025-05-14 15:47:42.262] [jointLog] [info] wrote 5 bootstraps
[2025-05-14 15:47:42.415] [jointLog] [info] wrote 6 bootstraps
[2025-05-14 15:47:42.442] [jointLog] [info] wrote 7 bootstraps
[2025-05-14 15:47:42.515] [jointLog] [info] wrote 8 bootstraps
[2025-05-14 15:47:42.532] [jointLog] [info] wrote 9 bootstraps
[2025-05-14 15:47:42.617] [jointLog] [info] wrote 10 bootstraps
[2025-05-14 15:47:42.629] [jointLog] [info] wrote 11 bootstraps
[2025-05-14 15:47:42.641] [jointLog] [info] wrote 12 bootstraps
[2025-05-14 15:47:42.654] [jointLog] [info] wrote 13 bootstraps
[2025-05-14 15:47:42.666] [jointLog] [info] wrote 14 bootstraps
[2025-05-14 15:47:42.701] [jointLog] [info] wrote 15 bootstraps
[2025-05-14 15:47:42.715] [jointLog] [info] wrote 16 bootstraps
[2025-05-14 15:47:42.730] [jointLog] [info] wrote 17 bootstraps
[2025-05-14 15:47:42.745] [jointLog] [info] wrote 18 bootstraps
[2025-05-14 15:47:42.757] [jointLog] [info] wrote 19 bootstraps
[2025-05-14 15:47:42.772] [jointLog] [info] wrote 20 bootstraps
[2025-05-14 15:47:42.784] [jointLog] [info] wrote 21 bootstraps
[2025-05-14 15:47:42.800] [jointLog] [info] wrote 22 bootstraps
[2025-05-14 15:47:42.814] [jointLog] [info] wrote 23 bootstraps
[2025-05-14 15:47:42.826] [jointLog] [info] wrote 24 bootstraps
[2025-05-14 15:47:42.839] [jointLog] [info] wrote 25 bootstraps
[2025-05-14 15:47:42.853] [jointLog] [info] wrote 26 bootstraps
[2025-05-14 15:47:42.865] [jointLog] [info] wrote 27 bootstraps
[2025-05-14 15:47:42.879] [jointLog] [info] wrote 28 bootstraps
[2025-05-14 15:47:42.893] [jointLog] [info] wrote 29 bootstraps
[2025-05-14 15:47:42.907] [jointLog] [info] wrote 30 bootstraps
[2025-05-14 15:47:42.921] [jointLog] [info] wrote 31 bootstraps
[2025-05-14 15:47:42.935] [jointLog] [info] wrote 32 bootstraps
[2025-05-14 15:47:42.946] [jointLog] [info] wrote 33 bootstraps
[2025-05-14 15:47:42.969] [jointLog] [info] wrote 34 bootstraps
[2025-05-14 15:47:42.984] [jointLog] [info] wrote 35 bootstraps
[2025-05-14 15:47:42.998] [jointLog] [info] wrote 36 bootstraps
[2025-05-14 15:47:43.013] [jointLog] [info] wrote 37 bootstraps
[2025-05-14 15:47:43.025] [jointLog] [info] wrote 38 bootstraps
[2025-05-14 15:47:43.038] [jointLog] [info] wrote 39 bootstraps
[2025-05-14 15:47:43.051] [jointLog] [info] wrote 40 bootstraps
[2025-05-14 15:47:43.065] [jointLog] [info] wrote 41 bootstraps
[2025-05-14 15:47:43.080] [jointLog] [info] wrote 42 bootstraps
[2025-05-14 15:47:43.095] [jointLog] [info] wrote 43 bootstraps
[2025-05-14 15:47:43.110] [jointLog] [info] wrote 44 bootstraps
[2025-05-14 15:47:43.133] [jointLog] [info] wrote 45 bootstraps
[2025-05-14 15:47:43.156] [jointLog] [info] wrote 46 bootstraps
[2025-05-14 15:47:43.170] [jointLog] [info] wrote 47 bootstraps
[2025-05-14 15:47:43.183] [jointLog] [info] wrote 48 bootstraps
[2025-05-14 15:47:43.199] [jointLog] [info] wrote 49 bootstraps
[2025-05-14 15:47:43.212] [jointLog] [info] wrote 50 bootstraps
[2025-05-14 15:47:43.227] [jointLog] [info] wrote 51 bootstraps
[2025-05-14 15:47:43.245] [jointLog] [info] wrote 52 bootstraps
[2025-05-14 15:47:43.265] [jointLog] [info] wrote 53 bootstraps
[2025-05-14 15:47:43.283] [jointLog] [info] wrote 54 bootstraps
[2025-05-14 15:47:43.301] [jointLog] [info] wrote 55 bootstraps
[2025-05-14 15:47:43.315] [jointLog] [info] wrote 56 bootstraps
[2025-05-14 15:47:43.328] [jointLog] [info] wrote 57 bootstraps
[2025-05-14 15:47:43.350] [jointLog] [info] wrote 58 bootstraps
[2025-05-14 15:47:43.373] [jointLog] [info] wrote 59 bootstraps
[2025-05-14 15:47:43.395] [jointLog] [info] wrote 60 bootstraps
[2025-05-14 15:47:43.418] [jointLog] [info] wrote 61 bootstraps
[2025-05-14 15:47:43.442] [jointLog] [info] wrote 62 bootstraps
[2025-05-14 15:47:43.464] [jointLog] [info] wrote 63 bootstraps
[2025-05-14 15:47:43.486] [jointLog] [info] wrote 64 bootstraps
[2025-05-14 15:47:43.509] [jointLog] [info] wrote 65 bootstraps
[2025-05-14 15:47:43.531] [jointLog] [info] wrote 66 bootstraps
[2025-05-14 15:47:43.553] [jointLog] [info] wrote 67 bootstraps
[2025-05-14 15:47:43.575] [jointLog] [info] wrote 68 bootstraps
[2025-05-14 15:47:43.589] [jointLog] [info] wrote 69 bootstraps
[2025-05-14 15:47:43.610] [jointLog] [info] wrote 70 bootstraps
[2025-05-14 15:47:43.632] [jointLog] [info] wrote 71 bootstraps
[2025-05-14 15:47:43.654] [jointLog] [info] wrote 72 bootstraps
[2025-05-14 15:47:43.675] [jointLog] [info] wrote 73 bootstraps
[2025-05-14 15:47:43.696] [jointLog] [info] wrote 74 bootstraps
[2025-05-14 15:47:43.717] [jointLog] [info] wrote 75 bootstraps
[2025-05-14 15:47:43.738] [jointLog] [info] wrote 76 bootstraps
[2025-05-14 15:47:43.758] [jointLog] [info] wrote 77 bootstraps
[2025-05-14 15:47:43.780] [jointLog] [info] wrote 78 bootstraps
[2025-05-14 15:47:43.801] [jointLog] [info] wrote 79 bootstraps
[2025-05-14 15:47:43.822] [jointLog] [info] wrote 80 bootstraps
[2025-05-14 15:47:43.848] [jointLog] [info] wrote 81 bootstraps
[2025-05-14 15:47:43.869] [jointLog] [info] wrote 82 bootstraps
[2025-05-14 15:47:43.891] [jointLog] [info] wrote 83 bootstraps
[2025-05-14 15:47:43.912] [jointLog] [info] wrote 84 bootstraps
[2025-05-14 15:47:43.933] [jointLog] [info] wrote 85 bootstraps
[2025-05-14 15:47:43.954] [jointLog] [info] wrote 86 bootstraps
[2025-05-14 15:47:43.975] [jointLog] [info] wrote 87 bootstraps
[2025-05-14 15:47:43.996] [jointLog] [info] wrote 88 bootstraps
[2025-05-14 15:47:44.019] [jointLog] [info] wrote 89 bootstraps
[2025-05-14 15:47:44.040] [jointLog] [info] wrote 90 bootstraps
[2025-05-14 15:47:44.061] [jointLog] [info] wrote 91 bootstraps
[2025-05-14 15:47:44.082] [jointLog] [info] wrote 92 bootstraps
[2025-05-14 15:47:44.103] [jointLog] [info] wrote 93 bootstraps
[2025-05-14 15:47:44.124] [jointLog] [info] wrote 94 bootstraps
[2025-05-14 15:47:44.145] [jointLog] [info] wrote 95 bootstraps
[2025-05-14 15:47:44.166] [jointLog] [info] wrote 96 bootstraps
[2025-05-14 15:47:44.187] [jointLog] [info] wrote 97 bootstraps
[2025-05-14 15:47:44.208] [jointLog] [info] wrote 98 bootstraps
[2025-05-14 15:47:44.229] [jointLog] [info] wrote 99 bootstraps
[2025-05-14 15:47:44.251] [jointLog] [info] wrote 100 bootstraps
[2025-05-14 15:47:44.255] [jointLog] [info] Finished Bootstrapping
[2025-05-14 15:47:44.255] [jointLog] [warning] NOTE: Read Lib [[ ../Lisa_data/SW5_SNI_73_1.fq.gz, ../Lisa_data/SW5_SNI_73_2.fq.gz]] :

Detected a *potential* strand bias > 1% in an unstranded protocol check the file: ./output/SW5_SNI_73/lib_format_counts.json for details

