[2025-05-14 15:08:49.854] [jointLog] [info] setting maxHashResizeThreads to 128
[2025-05-14 15:08:49.854] [jointLog] [info] Fragment incompatibility prior below threshold.  Incompatible fragments will be ignored.
[2025-05-14 15:08:49.854] [jointLog] [info] Usage of --validateMappings implies use of minScoreFraction. Since not explicitly specified, it is being set to 0.65
[2025-05-14 15:08:49.854] [jointLog] [info] Setting consensusSlack to selective-alignment default of 0.35.
[2025-05-14 15:08:49.854] [jointLog] [info] parsing read library format
[2025-05-14 15:08:49.854] [jointLog] [info] There is 1 library.
[2025-05-14 15:08:49.854] [jointLog] [info] Loading pufferfish index
[2025-05-14 15:08:49.854] [jointLog] [info] Loading dense pufferfish index.
[2025-05-14 15:09:00.683] [jointLog] [info] done
[2025-05-14 15:09:00.744] [jointLog] [info] Index contained 34,701 targets
[2025-05-14 15:09:00.750] [jointLog] [info] Number of decoys : 13
[2025-05-14 15:09:00.750] [jointLog] [info] First decoy index : 34,688 
[2025-05-14 15:09:41.583] [jointLog] [info] Computed 20,023 rich equivalence classes for further processing
[2025-05-14 15:09:41.583] [jointLog] [info] Counted 6,141,865 total reads in the equivalence classes 
[2025-05-14 15:09:41.780] [jointLog] [info] Number of mappings discarded because of alignment score : 1,426,012
[2025-05-14 15:09:41.780] [jointLog] [info] Number of fragments entirely discarded because of alignment score : 994,753
[2025-05-14 15:09:41.780] [jointLog] [info] Number of fragments discarded because they are best-mapped to decoys : 778,513
[2025-05-14 15:09:41.780] [jointLog] [info] Number of fragments discarded because they have only dovetail (discordant) mappings to valid targets : 101,609
[2025-05-14 15:09:41.780] [jointLog] [info] Mapping rate = 77.2003%

[2025-05-14 15:09:41.780] [jointLog] [info] finished quantifyLibrary()
[2025-05-14 15:09:41.780] [jointLog] [info] Starting optimizer
[2025-05-14 15:09:41.793] [jointLog] [info] Marked 0 weighted equivalence classes as degenerate
[2025-05-14 15:09:41.797] [jointLog] [info] iteration = 0 | max rel diff. = 12322.6
[2025-05-14 15:09:41.585] [fileLog] [info] 
At end of round 0
==================
Observed 7955757 total fragments (7955757 in most recent round)

[2025-05-14 15:09:42.087] [jointLog] [info] iteration = 100 | max rel diff. = 0.077627
[2025-05-14 15:09:42.336] [jointLog] [info] iteration = 200 | max rel diff. = 0.0133209
[2025-05-14 15:09:42.601] [jointLog] [info] iteration = 300 | max rel diff. = 0.104888
[2025-05-14 15:09:42.610] [jointLog] [info] iteration = 305 | max rel diff. = 0.0033005
[2025-05-14 15:09:42.612] [jointLog] [info] Finished optimizer
[2025-05-14 15:09:42.612] [jointLog] [info] writing output 

[2025-05-14 15:09:42.689] [jointLog] [info] Starting Bootstrapping
[2025-05-14 15:09:42.693] [jointLog] [info] Will draw 100 bootstrap samples
[2025-05-14 15:09:42.693] [jointLog] [info] Optimizing over 20,023 equivalence classes
[2025-05-14 15:09:42.694] [jointLog] [info] Marked 0 weighted equivalence classes as degenerate
[2025-05-14 15:09:43.839] [jointLog] [info] wrote 1 bootstraps
[2025-05-14 15:09:43.946] [jointLog] [info] wrote 2 bootstraps
[2025-05-14 15:09:44.180] [jointLog] [info] wrote 3 bootstraps
[2025-05-14 15:09:44.429] [jointLog] [info] wrote 4 bootstraps
[2025-05-14 15:09:44.440] [jointLog] [info] wrote 5 bootstraps
[2025-05-14 15:09:44.458] [jointLog] [info] wrote 6 bootstraps
[2025-05-14 15:09:44.471] [jointLog] [info] wrote 7 bootstraps
[2025-05-14 15:09:44.491] [jointLog] [info] wrote 8 bootstraps
[2025-05-14 15:09:44.507] [jointLog] [info] wrote 9 bootstraps
[2025-05-14 15:09:44.523] [jointLog] [info] wrote 10 bootstraps
[2025-05-14 15:09:44.541] [jointLog] [info] wrote 11 bootstraps
[2025-05-14 15:09:44.556] [jointLog] [info] wrote 12 bootstraps
[2025-05-14 15:09:44.571] [jointLog] [info] wrote 13 bootstraps
[2025-05-14 15:09:44.584] [jointLog] [info] wrote 14 bootstraps
[2025-05-14 15:09:44.601] [jointLog] [info] wrote 15 bootstraps
[2025-05-14 15:09:44.615] [jointLog] [info] wrote 16 bootstraps
[2025-05-14 15:09:44.631] [jointLog] [info] wrote 17 bootstraps
[2025-05-14 15:09:44.650] [jointLog] [info] wrote 18 bootstraps
[2025-05-14 15:09:44.667] [jointLog] [info] wrote 19 bootstraps
[2025-05-14 15:09:44.683] [jointLog] [info] wrote 20 bootstraps
[2025-05-14 15:09:44.695] [jointLog] [info] wrote 21 bootstraps
[2025-05-14 15:09:44.706] [jointLog] [info] wrote 22 bootstraps
[2025-05-14 15:09:44.723] [jointLog] [info] wrote 23 bootstraps
[2025-05-14 15:09:44.738] [jointLog] [info] wrote 24 bootstraps
[2025-05-14 15:09:44.760] [jointLog] [info] wrote 25 bootstraps
[2025-05-14 15:09:44.776] [jointLog] [info] wrote 26 bootstraps
[2025-05-14 15:09:44.796] [jointLog] [info] wrote 27 bootstraps
[2025-05-14 15:09:44.810] [jointLog] [info] wrote 28 bootstraps
[2025-05-14 15:09:44.824] [jointLog] [info] wrote 29 bootstraps
[2025-05-14 15:09:44.841] [jointLog] [info] wrote 30 bootstraps
[2025-05-14 15:09:44.860] [jointLog] [info] wrote 31 bootstraps
[2025-05-14 15:09:44.873] [jointLog] [info] wrote 32 bootstraps
[2025-05-14 15:09:44.887] [jointLog] [info] wrote 33 bootstraps
[2025-05-14 15:09:44.904] [jointLog] [info] wrote 34 bootstraps
[2025-05-14 15:09:44.923] [jointLog] [info] wrote 35 bootstraps
[2025-05-14 15:09:44.935] [jointLog] [info] wrote 36 bootstraps
[2025-05-14 15:09:44.951] [jointLog] [info] wrote 37 bootstraps
[2025-05-14 15:09:44.965] [jointLog] [info] wrote 38 bootstraps
[2025-05-14 15:09:44.985] [jointLog] [info] wrote 39 bootstraps
[2025-05-14 15:09:45.005] [jointLog] [info] wrote 40 bootstraps
[2025-05-14 15:09:45.016] [jointLog] [info] wrote 41 bootstraps
[2025-05-14 15:09:45.031] [jointLog] [info] wrote 42 bootstraps
[2025-05-14 15:09:45.050] [jointLog] [info] wrote 43 bootstraps
[2025-05-14 15:09:45.062] [jointLog] [info] wrote 44 bootstraps
[2025-05-14 15:09:45.075] [jointLog] [info] wrote 45 bootstraps
[2025-05-14 15:09:45.092] [jointLog] [info] wrote 46 bootstraps
[2025-05-14 15:09:45.109] [jointLog] [info] wrote 47 bootstraps
[2025-05-14 15:09:45.123] [jointLog] [info] wrote 48 bootstraps
[2025-05-14 15:09:45.139] [jointLog] [info] wrote 49 bootstraps
[2025-05-14 15:09:45.156] [jointLog] [info] wrote 50 bootstraps
[2025-05-14 15:09:45.172] [jointLog] [info] wrote 51 bootstraps
[2025-05-14 15:09:45.186] [jointLog] [info] wrote 52 bootstraps
[2025-05-14 15:09:45.206] [jointLog] [info] wrote 53 bootstraps
[2025-05-14 15:09:45.226] [jointLog] [info] wrote 54 bootstraps
[2025-05-14 15:09:45.243] [jointLog] [info] wrote 55 bootstraps
[2025-05-14 15:09:45.255] [jointLog] [info] wrote 56 bootstraps
[2025-05-14 15:09:45.273] [jointLog] [info] wrote 57 bootstraps
[2025-05-14 15:09:45.290] [jointLog] [info] wrote 58 bootstraps
[2025-05-14 15:09:45.301] [jointLog] [info] wrote 59 bootstraps
[2025-05-14 15:09:45.321] [jointLog] [info] wrote 60 bootstraps
[2025-05-14 15:09:45.335] [jointLog] [info] wrote 61 bootstraps
[2025-05-14 15:09:45.355] [jointLog] [info] wrote 62 bootstraps
[2025-05-14 15:09:45.371] [jointLog] [info] wrote 63 bootstraps
[2025-05-14 15:09:45.391] [jointLog] [info] wrote 64 bootstraps
[2025-05-14 15:09:45.413] [jointLog] [info] wrote 65 bootstraps
[2025-05-14 15:09:45.427] [jointLog] [info] wrote 66 bootstraps
[2025-05-14 15:09:45.450] [jointLog] [info] wrote 67 bootstraps
[2025-05-14 15:09:45.470] [jointLog] [info] wrote 68 bootstraps
[2025-05-14 15:09:45.491] [jointLog] [info] wrote 69 bootstraps
[2025-05-14 15:09:45.512] [jointLog] [info] wrote 70 bootstraps
[2025-05-14 15:09:45.533] [jointLog] [info] wrote 71 bootstraps
[2025-05-14 15:09:45.553] [jointLog] [info] wrote 72 bootstraps
[2025-05-14 15:09:45.574] [jointLog] [info] wrote 73 bootstraps
[2025-05-14 15:09:45.594] [jointLog] [info] wrote 74 bootstraps
[2025-05-14 15:09:45.616] [jointLog] [info] wrote 75 bootstraps
[2025-05-14 15:09:45.637] [jointLog] [info] wrote 76 bootstraps
[2025-05-14 15:09:45.658] [jointLog] [info] wrote 77 bootstraps
[2025-05-14 15:09:45.679] [jointLog] [info] wrote 78 bootstraps
[2025-05-14 15:09:45.703] [jointLog] [info] wrote 79 bootstraps
[2025-05-14 15:09:45.722] [jointLog] [info] wrote 80 bootstraps
[2025-05-14 15:09:45.743] [jointLog] [info] wrote 81 bootstraps
[2025-05-14 15:09:45.764] [jointLog] [info] wrote 82 bootstraps
[2025-05-14 15:09:45.785] [jointLog] [info] wrote 83 bootstraps
[2025-05-14 15:09:45.806] [jointLog] [info] wrote 84 bootstraps
[2025-05-14 15:09:45.827] [jointLog] [info] wrote 85 bootstraps
[2025-05-14 15:09:45.848] [jointLog] [info] wrote 86 bootstraps
[2025-05-14 15:09:45.868] [jointLog] [info] wrote 87 bootstraps
[2025-05-14 15:09:45.892] [jointLog] [info] wrote 88 bootstraps
[2025-05-14 15:09:45.913] [jointLog] [info] wrote 89 bootstraps
[2025-05-14 15:09:45.936] [jointLog] [info] wrote 90 bootstraps
[2025-05-14 15:09:45.957] [jointLog] [info] wrote 91 bootstraps
[2025-05-14 15:09:45.978] [jointLog] [info] wrote 92 bootstraps
[2025-05-14 15:09:46.000] [jointLog] [info] wrote 93 bootstraps
[2025-05-14 15:09:46.021] [jointLog] [info] wrote 94 bootstraps
[2025-05-14 15:09:46.042] [jointLog] [info] wrote 95 bootstraps
[2025-05-14 15:09:46.063] [jointLog] [info] wrote 96 bootstraps
[2025-05-14 15:09:46.085] [jointLog] [info] wrote 97 bootstraps
[2025-05-14 15:09:46.107] [jointLog] [info] wrote 98 bootstraps
[2025-05-14 15:09:46.127] [jointLog] [info] wrote 99 bootstraps
[2025-05-14 15:09:46.148] [jointLog] [info] wrote 100 bootstraps
[2025-05-14 15:09:46.151] [jointLog] [info] Finished Bootstrapping
[2025-05-14 15:09:46.151] [jointLog] [warning] NOTE: Read Lib [[ ../Lisa_data/SW57_H_46_1.fq.gz, ../Lisa_data/SW57_H_46_2.fq.gz]] :

Detected a *potential* strand bias > 1% in an unstranded protocol check the file: ./output/SW57_H_46/lib_format_counts.json for details

