[2025-05-14 14:37:16.441] [jointLog] [info] setting maxHashResizeThreads to 128
[2025-05-14 14:37:16.441] [jointLog] [info] Fragment incompatibility prior below threshold.  Incompatible fragments will be ignored.
[2025-05-14 14:37:16.441] [jointLog] [info] Usage of --validateMappings implies use of minScoreFraction. Since not explicitly specified, it is being set to 0.65
[2025-05-14 14:37:16.441] [jointLog] [info] Setting consensusSlack to selective-alignment default of 0.35.
[2025-05-14 14:37:16.441] [jointLog] [info] parsing read library format
[2025-05-14 14:37:16.441] [jointLog] [info] There is 1 library.
[2025-05-14 14:37:16.441] [jointLog] [info] Loading pufferfish index
[2025-05-14 14:37:16.442] [jointLog] [info] Loading dense pufferfish index.
[2025-05-14 14:37:27.141] [jointLog] [info] done
[2025-05-14 14:37:27.201] [jointLog] [info] Index contained 34,701 targets
[2025-05-14 14:37:27.207] [jointLog] [info] Number of decoys : 13
[2025-05-14 14:37:27.207] [jointLog] [info] First decoy index : 34,688 
[2025-05-14 14:39:01.755] [jointLog] [info] Computed 34,937 rich equivalence classes for further processing
[2025-05-14 14:39:01.755] [jointLog] [info] Counted 19,990,165 total reads in the equivalence classes 
[2025-05-14 14:39:01.873] [jointLog] [info] Number of mappings discarded because of alignment score : 4,979,130
[2025-05-14 14:39:01.873] [jointLog] [info] Number of fragments entirely discarded because of alignment score : 2,623,897
[2025-05-14 14:39:01.873] [jointLog] [info] Number of fragments discarded because they are best-mapped to decoys : 1,996,829
[2025-05-14 14:39:01.873] [jointLog] [info] Number of fragments discarded because they have only dovetail (discordant) mappings to valid targets : 254,340
[2025-05-14 14:39:01.873] [jointLog] [info] Mapping rate = 81.1768%

[2025-05-14 14:39:01.873] [jointLog] [info] finished quantifyLibrary()
[2025-05-14 14:39:01.873] [jointLog] [info] Starting optimizer
[2025-05-14 14:39:01.889] [jointLog] [info] Marked 0 weighted equivalence classes as degenerate
[2025-05-14 14:39:01.893] [jointLog] [info] iteration = 0 | max rel diff. = 33229.1
[2025-05-14 14:39:01.756] [fileLog] [info] 
At end of round 0
==================
Observed 24625457 total fragments (24625457 in most recent round)

[2025-05-14 14:39:02.187] [jointLog] [info] iteration = 100 | max rel diff. = 0.0141154
[2025-05-14 14:39:02.453] [jointLog] [info] iteration = 200 | max rel diff. = 0.227202
[2025-05-14 14:39:02.466] [jointLog] [info] iteration = 206 | max rel diff. = 0.00115885
[2025-05-14 14:39:02.467] [jointLog] [info] Finished optimizer
[2025-05-14 14:39:02.467] [jointLog] [info] writing output 

[2025-05-14 14:39:02.523] [jointLog] [info] Starting Bootstrapping
[2025-05-14 14:39:02.527] [jointLog] [info] Will draw 100 bootstrap samples
[2025-05-14 14:39:02.527] [jointLog] [info] Optimizing over 34,937 equivalence classes
[2025-05-14 14:39:02.528] [jointLog] [info] Marked 0 weighted equivalence classes as degenerate
[2025-05-14 14:39:05.641] [jointLog] [info] wrote 1 bootstraps
[2025-05-14 14:39:05.657] [jointLog] [info] wrote 2 bootstraps
[2025-05-14 14:39:05.674] [jointLog] [info] wrote 3 bootstraps
[2025-05-14 14:39:05.693] [jointLog] [info] wrote 4 bootstraps
[2025-05-14 14:39:05.724] [jointLog] [info] wrote 5 bootstraps
[2025-05-14 14:39:05.760] [jointLog] [info] wrote 6 bootstraps
[2025-05-14 14:39:05.777] [jointLog] [info] wrote 7 bootstraps
[2025-05-14 14:39:05.884] [jointLog] [info] wrote 8 bootstraps
[2025-05-14 14:39:05.918] [jointLog] [info] wrote 9 bootstraps
[2025-05-14 14:39:05.934] [jointLog] [info] wrote 10 bootstraps
[2025-05-14 14:39:05.956] [jointLog] [info] wrote 11 bootstraps
[2025-05-14 14:39:05.972] [jointLog] [info] wrote 12 bootstraps
[2025-05-14 14:39:05.987] [jointLog] [info] wrote 13 bootstraps
[2025-05-14 14:39:06.001] [jointLog] [info] wrote 14 bootstraps
[2025-05-14 14:39:06.015] [jointLog] [info] wrote 15 bootstraps
[2025-05-14 14:39:06.030] [jointLog] [info] wrote 16 bootstraps
[2025-05-14 14:39:06.046] [jointLog] [info] wrote 17 bootstraps
[2025-05-14 14:39:06.062] [jointLog] [info] wrote 18 bootstraps
[2025-05-14 14:39:06.079] [jointLog] [info] wrote 19 bootstraps
[2025-05-14 14:39:06.096] [jointLog] [info] wrote 20 bootstraps
[2025-05-14 14:39:06.112] [jointLog] [info] wrote 21 bootstraps
[2025-05-14 14:39:06.128] [jointLog] [info] wrote 22 bootstraps
[2025-05-14 14:39:06.145] [jointLog] [info] wrote 23 bootstraps
[2025-05-14 14:39:06.160] [jointLog] [info] wrote 24 bootstraps
[2025-05-14 14:39:06.177] [jointLog] [info] wrote 25 bootstraps
[2025-05-14 14:39:06.194] [jointLog] [info] wrote 26 bootstraps
[2025-05-14 14:39:06.209] [jointLog] [info] wrote 27 bootstraps
[2025-05-14 14:39:06.225] [jointLog] [info] wrote 28 bootstraps
[2025-05-14 14:39:06.240] [jointLog] [info] wrote 29 bootstraps
[2025-05-14 14:39:06.257] [jointLog] [info] wrote 30 bootstraps
[2025-05-14 14:39:06.273] [jointLog] [info] wrote 31 bootstraps
[2025-05-14 14:39:06.291] [jointLog] [info] wrote 32 bootstraps
[2025-05-14 14:39:06.308] [jointLog] [info] wrote 33 bootstraps
[2025-05-14 14:39:06.321] [jointLog] [info] wrote 34 bootstraps
[2025-05-14 14:39:06.334] [jointLog] [info] wrote 35 bootstraps
[2025-05-14 14:39:06.350] [jointLog] [info] wrote 36 bootstraps
[2025-05-14 14:39:06.365] [jointLog] [info] wrote 37 bootstraps
[2025-05-14 14:39:06.381] [jointLog] [info] wrote 38 bootstraps
[2025-05-14 14:39:06.396] [jointLog] [info] wrote 39 bootstraps
[2025-05-14 14:39:06.411] [jointLog] [info] wrote 40 bootstraps
[2025-05-14 14:39:06.426] [jointLog] [info] wrote 41 bootstraps
[2025-05-14 14:39:06.440] [jointLog] [info] wrote 42 bootstraps
[2025-05-14 14:39:06.454] [jointLog] [info] wrote 43 bootstraps
[2025-05-14 14:39:06.471] [jointLog] [info] wrote 44 bootstraps
[2025-05-14 14:39:06.487] [jointLog] [info] wrote 45 bootstraps
[2025-05-14 14:39:06.499] [jointLog] [info] wrote 46 bootstraps
[2025-05-14 14:39:06.516] [jointLog] [info] wrote 47 bootstraps
[2025-05-14 14:39:06.534] [jointLog] [info] wrote 48 bootstraps
[2025-05-14 14:39:06.548] [jointLog] [info] wrote 49 bootstraps
[2025-05-14 14:39:06.563] [jointLog] [info] wrote 50 bootstraps
[2025-05-14 14:39:06.578] [jointLog] [info] wrote 51 bootstraps
[2025-05-14 14:39:06.590] [jointLog] [info] wrote 52 bootstraps
[2025-05-14 14:39:06.605] [jointLog] [info] wrote 53 bootstraps
[2025-05-14 14:39:06.622] [jointLog] [info] wrote 54 bootstraps
[2025-05-14 14:39:06.635] [jointLog] [info] wrote 55 bootstraps
[2025-05-14 14:39:06.651] [jointLog] [info] wrote 56 bootstraps
[2025-05-14 14:39:06.666] [jointLog] [info] wrote 57 bootstraps
[2025-05-14 14:39:06.684] [jointLog] [info] wrote 58 bootstraps
[2025-05-14 14:39:06.700] [jointLog] [info] wrote 59 bootstraps
[2025-05-14 14:39:06.715] [jointLog] [info] wrote 60 bootstraps
[2025-05-14 14:39:06.730] [jointLog] [info] wrote 61 bootstraps
[2025-05-14 14:39:06.744] [jointLog] [info] wrote 62 bootstraps
[2025-05-14 14:39:06.759] [jointLog] [info] wrote 63 bootstraps
[2025-05-14 14:39:06.775] [jointLog] [info] wrote 64 bootstraps
[2025-05-14 14:39:06.790] [jointLog] [info] wrote 65 bootstraps
[2025-05-14 14:39:06.807] [jointLog] [info] wrote 66 bootstraps
[2025-05-14 14:39:06.823] [jointLog] [info] wrote 67 bootstraps
[2025-05-14 14:39:06.838] [jointLog] [info] wrote 68 bootstraps
[2025-05-14 14:39:06.854] [jointLog] [info] wrote 69 bootstraps
[2025-05-14 14:39:06.871] [jointLog] [info] wrote 70 bootstraps
[2025-05-14 14:39:06.883] [jointLog] [info] wrote 71 bootstraps
[2025-05-14 14:39:06.896] [jointLog] [info] wrote 72 bootstraps
[2025-05-14 14:39:06.908] [jointLog] [info] wrote 73 bootstraps
[2025-05-14 14:39:06.921] [jointLog] [info] wrote 74 bootstraps
[2025-05-14 14:39:06.933] [jointLog] [info] wrote 75 bootstraps
[2025-05-14 14:39:06.946] [jointLog] [info] wrote 76 bootstraps
[2025-05-14 14:39:06.963] [jointLog] [info] wrote 77 bootstraps
[2025-05-14 14:39:06.979] [jointLog] [info] wrote 78 bootstraps
[2025-05-14 14:39:06.997] [jointLog] [info] wrote 79 bootstraps
[2025-05-14 14:39:07.035] [jointLog] [info] wrote 80 bootstraps
[2025-05-14 14:39:07.047] [jointLog] [info] wrote 81 bootstraps
[2025-05-14 14:39:07.108] [jointLog] [info] wrote 82 bootstraps
[2025-05-14 14:39:07.152] [jointLog] [info] wrote 83 bootstraps
[2025-05-14 14:39:07.170] [jointLog] [info] wrote 84 bootstraps
[2025-05-14 14:39:07.182] [jointLog] [info] wrote 85 bootstraps
[2025-05-14 14:39:07.195] [jointLog] [info] wrote 86 bootstraps
[2025-05-14 14:39:07.307] [jointLog] [info] wrote 87 bootstraps
[2025-05-14 14:39:07.422] [jointLog] [info] wrote 88 bootstraps
[2025-05-14 14:39:07.489] [jointLog] [info] wrote 89 bootstraps
[2025-05-14 14:39:07.520] [jointLog] [info] wrote 90 bootstraps
[2025-05-14 14:39:07.569] [jointLog] [info] wrote 91 bootstraps
[2025-05-14 14:39:07.595] [jointLog] [info] wrote 92 bootstraps
[2025-05-14 14:39:07.671] [jointLog] [info] wrote 93 bootstraps
[2025-05-14 14:39:07.766] [jointLog] [info] wrote 94 bootstraps
[2025-05-14 14:39:07.806] [jointLog] [info] wrote 95 bootstraps
[2025-05-14 14:39:07.938] [jointLog] [info] wrote 96 bootstraps
[2025-05-14 14:39:08.138] [jointLog] [info] wrote 97 bootstraps
[2025-05-14 14:39:08.297] [jointLog] [info] wrote 98 bootstraps
[2025-05-14 14:39:08.536] [jointLog] [info] wrote 99 bootstraps
[2025-05-14 14:39:08.682] [jointLog] [info] wrote 100 bootstraps
[2025-05-14 14:39:08.687] [jointLog] [info] Finished Bootstrapping
[2025-05-14 14:39:08.687] [jointLog] [warning] NOTE: Read Lib [[ ../Lisa_data/Fla_H_6_1.fq.gz, ../Lisa_data/Fla_H_6_2.fq.gz]] :

Detected a *potential* strand bias > 1% in an unstranded protocol check the file: ./output/Fla_H_6/lib_format_counts.json for details

