[2025-05-14 16:25:19.371] [jointLog] [info] setting maxHashResizeThreads to 128
[2025-05-14 16:25:19.371] [jointLog] [info] Fragment incompatibility prior below threshold.  Incompatible fragments will be ignored.
[2025-05-14 16:25:19.371] [jointLog] [info] Usage of --validateMappings implies use of minScoreFraction. Since not explicitly specified, it is being set to 0.65
[2025-05-14 16:25:19.371] [jointLog] [info] Setting consensusSlack to selective-alignment default of 0.35.
[2025-05-14 16:25:19.371] [jointLog] [info] parsing read library format
[2025-05-14 16:25:19.371] [jointLog] [info] There is 1 library.
[2025-05-14 16:25:19.372] [jointLog] [info] Loading pufferfish index
[2025-05-14 16:25:19.372] [jointLog] [info] Loading dense pufferfish index.
[2025-05-14 16:25:33.239] [jointLog] [info] done
[2025-05-14 16:25:33.319] [jointLog] [info] Index contained 34,701 targets
[2025-05-14 16:25:33.329] [jointLog] [info] Number of decoys : 13
[2025-05-14 16:25:33.329] [jointLog] [info] First decoy index : 34,688 
[2025-05-14 16:26:22.084] [jointLog] [info] Computed 19,572 rich equivalence classes for further processing
[2025-05-14 16:26:22.084] [jointLog] [info] Counted 7,920,226 total reads in the equivalence classes 
[2025-05-14 16:26:22.324] [jointLog] [info] Number of mappings discarded because of alignment score : 1,971,555
[2025-05-14 16:26:22.324] [jointLog] [info] Number of fragments entirely discarded because of alignment score : 1,262,877
[2025-05-14 16:26:22.324] [jointLog] [info] Number of fragments discarded because they are best-mapped to decoys : 985,236
[2025-05-14 16:26:22.324] [jointLog] [info] Number of fragments discarded because they have only dovetail (discordant) mappings to valid targets : 135,215
[2025-05-14 16:26:22.324] [jointLog] [info] Mapping rate = 72.434%

[2025-05-14 16:26:22.324] [jointLog] [info] finished quantifyLibrary()
[2025-05-14 16:26:22.324] [jointLog] [info] Starting optimizer
[2025-05-14 16:26:22.335] [jointLog] [info] Marked 0 weighted equivalence classes as degenerate
[2025-05-14 16:26:22.337] [jointLog] [info] iteration = 0 | max rel diff. = 15564
[2025-05-14 16:26:22.085] [fileLog] [info] 
At end of round 0
==================
Observed 10934409 total fragments (10934409 in most recent round)

[2025-05-14 16:26:22.571] [jointLog] [info] iteration = 100 | max rel diff. = 0.00958304
[2025-05-14 16:26:22.573] [jointLog] [info] Finished optimizer
[2025-05-14 16:26:22.573] [jointLog] [info] writing output 

[2025-05-14 16:26:22.622] [jointLog] [info] Starting Bootstrapping
[2025-05-14 16:26:22.624] [jointLog] [info] Will draw 100 bootstrap samples
[2025-05-14 16:26:22.624] [jointLog] [info] Optimizing over 19,572 equivalence classes
[2025-05-14 16:26:22.625] [jointLog] [info] Marked 0 weighted equivalence classes as degenerate
[2025-05-14 16:26:23.974] [jointLog] [info] wrote 1 bootstraps
[2025-05-14 16:26:24.009] [jointLog] [info] wrote 2 bootstraps
[2025-05-14 16:26:24.032] [jointLog] [info] wrote 3 bootstraps
[2025-05-14 16:26:24.047] [jointLog] [info] wrote 4 bootstraps
[2025-05-14 16:26:24.063] [jointLog] [info] wrote 5 bootstraps
[2025-05-14 16:26:24.090] [jointLog] [info] wrote 6 bootstraps
[2025-05-14 16:26:24.135] [jointLog] [info] wrote 7 bootstraps
[2025-05-14 16:26:24.184] [jointLog] [info] wrote 8 bootstraps
[2025-05-14 16:26:24.216] [jointLog] [info] wrote 9 bootstraps
[2025-05-14 16:26:24.233] [jointLog] [info] wrote 10 bootstraps
[2025-05-14 16:26:24.294] [jointLog] [info] wrote 11 bootstraps
[2025-05-14 16:26:24.330] [jointLog] [info] wrote 12 bootstraps
[2025-05-14 16:26:24.347] [jointLog] [info] wrote 13 bootstraps
[2025-05-14 16:26:24.367] [jointLog] [info] wrote 14 bootstraps
[2025-05-14 16:26:24.395] [jointLog] [info] wrote 15 bootstraps
[2025-05-14 16:26:24.411] [jointLog] [info] wrote 16 bootstraps
[2025-05-14 16:26:24.425] [jointLog] [info] wrote 17 bootstraps
[2025-05-14 16:26:24.441] [jointLog] [info] wrote 18 bootstraps
[2025-05-14 16:26:24.455] [jointLog] [info] wrote 19 bootstraps
[2025-05-14 16:26:24.472] [jointLog] [info] wrote 20 bootstraps
[2025-05-14 16:26:24.489] [jointLog] [info] wrote 21 bootstraps
[2025-05-14 16:26:24.505] [jointLog] [info] wrote 22 bootstraps
[2025-05-14 16:26:24.521] [jointLog] [info] wrote 23 bootstraps
[2025-05-14 16:26:24.537] [jointLog] [info] wrote 24 bootstraps
[2025-05-14 16:26:24.552] [jointLog] [info] wrote 25 bootstraps
[2025-05-14 16:26:24.568] [jointLog] [info] wrote 26 bootstraps
[2025-05-14 16:26:24.582] [jointLog] [info] wrote 27 bootstraps
[2025-05-14 16:26:24.598] [jointLog] [info] wrote 28 bootstraps
[2025-05-14 16:26:24.612] [jointLog] [info] wrote 29 bootstraps
[2025-05-14 16:26:24.627] [jointLog] [info] wrote 30 bootstraps
[2025-05-14 16:26:24.644] [jointLog] [info] wrote 31 bootstraps
[2025-05-14 16:26:24.661] [jointLog] [info] wrote 32 bootstraps
[2025-05-14 16:26:24.677] [jointLog] [info] wrote 33 bootstraps
[2025-05-14 16:26:24.693] [jointLog] [info] wrote 34 bootstraps
[2025-05-14 16:26:24.709] [jointLog] [info] wrote 35 bootstraps
[2025-05-14 16:26:24.726] [jointLog] [info] wrote 36 bootstraps
[2025-05-14 16:26:24.741] [jointLog] [info] wrote 37 bootstraps
[2025-05-14 16:26:24.756] [jointLog] [info] wrote 38 bootstraps
[2025-05-14 16:26:24.773] [jointLog] [info] wrote 39 bootstraps
[2025-05-14 16:26:24.791] [jointLog] [info] wrote 40 bootstraps
[2025-05-14 16:26:24.806] [jointLog] [info] wrote 41 bootstraps
[2025-05-14 16:26:24.819] [jointLog] [info] wrote 42 bootstraps
[2025-05-14 16:26:24.834] [jointLog] [info] wrote 43 bootstraps
[2025-05-14 16:26:24.849] [jointLog] [info] wrote 44 bootstraps
[2025-05-14 16:26:24.864] [jointLog] [info] wrote 45 bootstraps
[2025-05-14 16:26:24.880] [jointLog] [info] wrote 46 bootstraps
[2025-05-14 16:26:24.895] [jointLog] [info] wrote 47 bootstraps
[2025-05-14 16:26:24.910] [jointLog] [info] wrote 48 bootstraps
[2025-05-14 16:26:24.925] [jointLog] [info] wrote 49 bootstraps
[2025-05-14 16:26:24.940] [jointLog] [info] wrote 50 bootstraps
[2025-05-14 16:26:24.955] [jointLog] [info] wrote 51 bootstraps
[2025-05-14 16:26:24.971] [jointLog] [info] wrote 52 bootstraps
[2025-05-14 16:26:24.986] [jointLog] [info] wrote 53 bootstraps
[2025-05-14 16:26:25.002] [jointLog] [info] wrote 54 bootstraps
[2025-05-14 16:26:25.016] [jointLog] [info] wrote 55 bootstraps
[2025-05-14 16:26:25.031] [jointLog] [info] wrote 56 bootstraps
[2025-05-14 16:26:25.046] [jointLog] [info] wrote 57 bootstraps
[2025-05-14 16:26:25.061] [jointLog] [info] wrote 58 bootstraps
[2025-05-14 16:26:25.076] [jointLog] [info] wrote 59 bootstraps
[2025-05-14 16:26:25.090] [jointLog] [info] wrote 60 bootstraps
[2025-05-14 16:26:25.104] [jointLog] [info] wrote 61 bootstraps
[2025-05-14 16:26:25.118] [jointLog] [info] wrote 62 bootstraps
[2025-05-14 16:26:25.133] [jointLog] [info] wrote 63 bootstraps
[2025-05-14 16:26:25.148] [jointLog] [info] wrote 64 bootstraps
[2025-05-14 16:26:25.162] [jointLog] [info] wrote 65 bootstraps
[2025-05-14 16:26:25.176] [jointLog] [info] wrote 66 bootstraps
[2025-05-14 16:26:25.190] [jointLog] [info] wrote 67 bootstraps
[2025-05-14 16:26:25.205] [jointLog] [info] wrote 68 bootstraps
[2025-05-14 16:26:25.222] [jointLog] [info] wrote 69 bootstraps
[2025-05-14 16:26:25.237] [jointLog] [info] wrote 70 bootstraps
[2025-05-14 16:26:25.253] [jointLog] [info] wrote 71 bootstraps
[2025-05-14 16:26:25.269] [jointLog] [info] wrote 72 bootstraps
[2025-05-14 16:26:25.285] [jointLog] [info] wrote 73 bootstraps
[2025-05-14 16:26:25.299] [jointLog] [info] wrote 74 bootstraps
[2025-05-14 16:26:25.311] [jointLog] [info] wrote 75 bootstraps
[2025-05-14 16:26:25.324] [jointLog] [info] wrote 76 bootstraps
[2025-05-14 16:26:25.338] [jointLog] [info] wrote 77 bootstraps
[2025-05-14 16:26:25.351] [jointLog] [info] wrote 78 bootstraps
[2025-05-14 16:26:25.364] [jointLog] [info] wrote 79 bootstraps
[2025-05-14 16:26:25.377] [jointLog] [info] wrote 80 bootstraps
[2025-05-14 16:26:25.393] [jointLog] [info] wrote 81 bootstraps
[2025-05-14 16:26:25.408] [jointLog] [info] wrote 82 bootstraps
[2025-05-14 16:26:25.423] [jointLog] [info] wrote 83 bootstraps
[2025-05-14 16:26:25.436] [jointLog] [info] wrote 84 bootstraps
[2025-05-14 16:26:25.451] [jointLog] [info] wrote 85 bootstraps
[2025-05-14 16:26:25.466] [jointLog] [info] wrote 86 bootstraps
[2025-05-14 16:26:25.480] [jointLog] [info] wrote 87 bootstraps
[2025-05-14 16:26:25.496] [jointLog] [info] wrote 88 bootstraps
[2025-05-14 16:26:25.511] [jointLog] [info] wrote 89 bootstraps
[2025-05-14 16:26:25.526] [jointLog] [info] wrote 90 bootstraps
[2025-05-14 16:26:25.541] [jointLog] [info] wrote 91 bootstraps
[2025-05-14 16:26:25.554] [jointLog] [info] wrote 92 bootstraps
[2025-05-14 16:26:25.568] [jointLog] [info] wrote 93 bootstraps
[2025-05-14 16:26:25.584] [jointLog] [info] wrote 94 bootstraps
[2025-05-14 16:26:25.601] [jointLog] [info] wrote 95 bootstraps
[2025-05-14 16:26:25.624] [jointLog] [info] wrote 96 bootstraps
[2025-05-14 16:26:25.639] [jointLog] [info] wrote 97 bootstraps
[2025-05-14 16:26:25.653] [jointLog] [info] wrote 98 bootstraps
[2025-05-14 16:26:25.667] [jointLog] [info] wrote 99 bootstraps
[2025-05-14 16:26:25.680] [jointLog] [info] wrote 100 bootstraps
[2025-05-14 16:26:25.685] [jointLog] [info] Finished Bootstrapping
[2025-05-14 16:26:25.686] [jointLog] [warning] NOTE: Read Lib [[ ../Lisa_data/SW7_SRB_135_1.fq.gz, ../Lisa_data/SW7_SRB_135_2.fq.gz]] :

Detected a *potential* strand bias > 1% in an unstranded protocol check the file: ./output/SW7_SRB_135/lib_format_counts.json for details

