[2025-05-14 14:55:41.405] [jointLog] [info] setting maxHashResizeThreads to 128
[2025-05-14 14:55:41.405] [jointLog] [info] Fragment incompatibility prior below threshold.  Incompatible fragments will be ignored.
[2025-05-14 14:55:41.405] [jointLog] [info] Usage of --validateMappings implies use of minScoreFraction. Since not explicitly specified, it is being set to 0.65
[2025-05-14 14:55:41.405] [jointLog] [info] Setting consensusSlack to selective-alignment default of 0.35.
[2025-05-14 14:55:41.405] [jointLog] [info] parsing read library format
[2025-05-14 14:55:41.405] [jointLog] [info] There is 1 library.
[2025-05-14 14:55:41.406] [jointLog] [info] Loading pufferfish index
[2025-05-14 14:55:41.406] [jointLog] [info] Loading dense pufferfish index.
[2025-05-14 14:55:52.021] [jointLog] [info] done
[2025-05-14 14:55:52.077] [jointLog] [info] Index contained 34,701 targets
[2025-05-14 14:55:52.082] [jointLog] [info] Number of decoys : 13
[2025-05-14 14:55:52.082] [jointLog] [info] First decoy index : 34,688 
[2025-05-14 14:57:33.455] [fileLog] [info] 
At end of round 0
==================
Observed 23597117 total fragments (23597117 in most recent round)

[2025-05-14 14:57:33.453] [jointLog] [info] Computed 25,962 rich equivalence classes for further processing
[2025-05-14 14:57:33.453] [jointLog] [info] Counted 18,595,672 total reads in the equivalence classes 
[2025-05-14 14:57:33.552] [jointLog] [info] Number of mappings discarded because of alignment score : 4,854,627
[2025-05-14 14:57:33.552] [jointLog] [info] Number of fragments entirely discarded because of alignment score : 2,655,382
[2025-05-14 14:57:33.552] [jointLog] [info] Number of fragments discarded because they are best-mapped to decoys : 2,008,363
[2025-05-14 14:57:33.552] [jointLog] [info] Number of fragments discarded because they have only dovetail (discordant) mappings to valid targets : 297,427
[2025-05-14 14:57:33.552] [jointLog] [info] Mapping rate = 78.8048%

[2025-05-14 14:57:33.552] [jointLog] [info] finished quantifyLibrary()
[2025-05-14 14:57:33.552] [jointLog] [info] Starting optimizer
[2025-05-14 14:57:33.568] [jointLog] [info] Marked 0 weighted equivalence classes as degenerate
[2025-05-14 14:57:33.571] [jointLog] [info] iteration = 0 | max rel diff. = 32872
[2025-05-14 14:57:33.873] [jointLog] [info] iteration = 100 | max rel diff. = 0.033652
[2025-05-14 14:57:34.143] [jointLog] [info] iteration = 196 | max rel diff. = 0.00857541
[2025-05-14 14:57:34.144] [jointLog] [info] Finished optimizer
[2025-05-14 14:57:34.144] [jointLog] [info] writing output 

[2025-05-14 14:57:34.194] [jointLog] [info] Starting Bootstrapping
[2025-05-14 14:57:34.198] [jointLog] [info] Will draw 100 bootstrap samples
[2025-05-14 14:57:34.198] [jointLog] [info] Optimizing over 25,962 equivalence classes
[2025-05-14 14:57:34.199] [jointLog] [info] Marked 0 weighted equivalence classes as degenerate
[2025-05-14 14:57:37.082] [jointLog] [info] wrote 1 bootstraps
[2025-05-14 14:57:37.187] [jointLog] [info] wrote 2 bootstraps
[2025-05-14 14:57:37.337] [jointLog] [info] wrote 3 bootstraps
[2025-05-14 14:57:37.515] [jointLog] [info] wrote 4 bootstraps
[2025-05-14 14:57:37.532] [jointLog] [info] wrote 5 bootstraps
[2025-05-14 14:57:37.600] [jointLog] [info] wrote 6 bootstraps
[2025-05-14 14:57:37.618] [jointLog] [info] wrote 7 bootstraps
[2025-05-14 14:57:37.632] [jointLog] [info] wrote 8 bootstraps
[2025-05-14 14:57:37.645] [jointLog] [info] wrote 9 bootstraps
[2025-05-14 14:57:37.665] [jointLog] [info] wrote 10 bootstraps
[2025-05-14 14:57:37.682] [jointLog] [info] wrote 11 bootstraps
[2025-05-14 14:57:37.695] [jointLog] [info] wrote 12 bootstraps
[2025-05-14 14:57:37.708] [jointLog] [info] wrote 13 bootstraps
[2025-05-14 14:57:37.725] [jointLog] [info] wrote 14 bootstraps
[2025-05-14 14:57:37.740] [jointLog] [info] wrote 15 bootstraps
[2025-05-14 14:57:37.754] [jointLog] [info] wrote 16 bootstraps
[2025-05-14 14:57:37.767] [jointLog] [info] wrote 17 bootstraps
[2025-05-14 14:57:37.781] [jointLog] [info] wrote 18 bootstraps
[2025-05-14 14:57:37.795] [jointLog] [info] wrote 19 bootstraps
[2025-05-14 14:57:37.810] [jointLog] [info] wrote 20 bootstraps
[2025-05-14 14:57:37.825] [jointLog] [info] wrote 21 bootstraps
[2025-05-14 14:57:37.840] [jointLog] [info] wrote 22 bootstraps
[2025-05-14 14:57:37.852] [jointLog] [info] wrote 23 bootstraps
[2025-05-14 14:57:37.867] [jointLog] [info] wrote 24 bootstraps
[2025-05-14 14:57:37.882] [jointLog] [info] wrote 25 bootstraps
[2025-05-14 14:57:37.895] [jointLog] [info] wrote 26 bootstraps
[2025-05-14 14:57:37.907] [jointLog] [info] wrote 27 bootstraps
[2025-05-14 14:57:37.922] [jointLog] [info] wrote 28 bootstraps
[2025-05-14 14:57:37.934] [jointLog] [info] wrote 29 bootstraps
[2025-05-14 14:57:37.946] [jointLog] [info] wrote 30 bootstraps
[2025-05-14 14:57:37.963] [jointLog] [info] wrote 31 bootstraps
[2025-05-14 14:57:37.979] [jointLog] [info] wrote 32 bootstraps
[2025-05-14 14:57:37.994] [jointLog] [info] wrote 33 bootstraps
[2025-05-14 14:57:38.009] [jointLog] [info] wrote 34 bootstraps
[2025-05-14 14:57:38.023] [jointLog] [info] wrote 35 bootstraps
[2025-05-14 14:57:38.037] [jointLog] [info] wrote 36 bootstraps
[2025-05-14 14:57:38.054] [jointLog] [info] wrote 37 bootstraps
[2025-05-14 14:57:38.069] [jointLog] [info] wrote 38 bootstraps
[2025-05-14 14:57:38.081] [jointLog] [info] wrote 39 bootstraps
[2025-05-14 14:57:38.098] [jointLog] [info] wrote 40 bootstraps
[2025-05-14 14:57:38.113] [jointLog] [info] wrote 41 bootstraps
[2025-05-14 14:57:38.129] [jointLog] [info] wrote 42 bootstraps
[2025-05-14 14:57:38.144] [jointLog] [info] wrote 43 bootstraps
[2025-05-14 14:57:38.163] [jointLog] [info] wrote 44 bootstraps
[2025-05-14 14:57:38.181] [jointLog] [info] wrote 45 bootstraps
[2025-05-14 14:57:38.196] [jointLog] [info] wrote 46 bootstraps
[2025-05-14 14:57:38.215] [jointLog] [info] wrote 47 bootstraps
[2025-05-14 14:57:38.233] [jointLog] [info] wrote 48 bootstraps
[2025-05-14 14:57:38.252] [jointLog] [info] wrote 49 bootstraps
[2025-05-14 14:57:38.271] [jointLog] [info] wrote 50 bootstraps
[2025-05-14 14:57:38.292] [jointLog] [info] wrote 51 bootstraps
[2025-05-14 14:57:38.316] [jointLog] [info] wrote 52 bootstraps
[2025-05-14 14:57:38.337] [jointLog] [info] wrote 53 bootstraps
[2025-05-14 14:57:38.358] [jointLog] [info] wrote 54 bootstraps
[2025-05-14 14:57:38.381] [jointLog] [info] wrote 55 bootstraps
[2025-05-14 14:57:38.403] [jointLog] [info] wrote 56 bootstraps
[2025-05-14 14:57:38.425] [jointLog] [info] wrote 57 bootstraps
[2025-05-14 14:57:38.449] [jointLog] [info] wrote 58 bootstraps
[2025-05-14 14:57:38.472] [jointLog] [info] wrote 59 bootstraps
[2025-05-14 14:57:38.493] [jointLog] [info] wrote 60 bootstraps
[2025-05-14 14:57:38.516] [jointLog] [info] wrote 61 bootstraps
[2025-05-14 14:57:38.538] [jointLog] [info] wrote 62 bootstraps
[2025-05-14 14:57:38.560] [jointLog] [info] wrote 63 bootstraps
[2025-05-14 14:57:38.583] [jointLog] [info] wrote 64 bootstraps
[2025-05-14 14:57:38.605] [jointLog] [info] wrote 65 bootstraps
[2025-05-14 14:57:38.627] [jointLog] [info] wrote 66 bootstraps
[2025-05-14 14:57:38.649] [jointLog] [info] wrote 67 bootstraps
[2025-05-14 14:57:38.674] [jointLog] [info] wrote 68 bootstraps
[2025-05-14 14:57:38.696] [jointLog] [info] wrote 69 bootstraps
[2025-05-14 14:57:38.718] [jointLog] [info] wrote 70 bootstraps
[2025-05-14 14:57:38.740] [jointLog] [info] wrote 71 bootstraps
[2025-05-14 14:57:38.764] [jointLog] [info] wrote 72 bootstraps
[2025-05-14 14:57:38.786] [jointLog] [info] wrote 73 bootstraps
[2025-05-14 14:57:38.808] [jointLog] [info] wrote 74 bootstraps
[2025-05-14 14:57:38.830] [jointLog] [info] wrote 75 bootstraps
[2025-05-14 14:57:38.852] [jointLog] [info] wrote 76 bootstraps
[2025-05-14 14:57:38.875] [jointLog] [info] wrote 77 bootstraps
[2025-05-14 14:57:38.897] [jointLog] [info] wrote 78 bootstraps
[2025-05-14 14:57:38.920] [jointLog] [info] wrote 79 bootstraps
[2025-05-14 14:57:38.944] [jointLog] [info] wrote 80 bootstraps
[2025-05-14 14:57:38.966] [jointLog] [info] wrote 81 bootstraps
[2025-05-14 14:57:38.991] [jointLog] [info] wrote 82 bootstraps
[2025-05-14 14:57:39.014] [jointLog] [info] wrote 83 bootstraps
[2025-05-14 14:57:39.039] [jointLog] [info] wrote 84 bootstraps
[2025-05-14 14:57:39.061] [jointLog] [info] wrote 85 bootstraps
[2025-05-14 14:57:39.085] [jointLog] [info] wrote 86 bootstraps
[2025-05-14 14:57:39.109] [jointLog] [info] wrote 87 bootstraps
[2025-05-14 14:57:39.133] [jointLog] [info] wrote 88 bootstraps
[2025-05-14 14:57:39.156] [jointLog] [info] wrote 89 bootstraps
[2025-05-14 14:57:39.178] [jointLog] [info] wrote 90 bootstraps
[2025-05-14 14:57:39.200] [jointLog] [info] wrote 91 bootstraps
[2025-05-14 14:57:39.223] [jointLog] [info] wrote 92 bootstraps
[2025-05-14 14:57:39.245] [jointLog] [info] wrote 93 bootstraps
[2025-05-14 14:57:39.268] [jointLog] [info] wrote 94 bootstraps
[2025-05-14 14:57:39.290] [jointLog] [info] wrote 95 bootstraps
[2025-05-14 14:57:39.312] [jointLog] [info] wrote 96 bootstraps
[2025-05-14 14:57:39.336] [jointLog] [info] wrote 97 bootstraps
[2025-05-14 14:57:39.359] [jointLog] [info] wrote 98 bootstraps
[2025-05-14 14:57:39.383] [jointLog] [info] wrote 99 bootstraps
[2025-05-14 14:57:39.465] [jointLog] [info] wrote 100 bootstraps
[2025-05-14 14:57:39.470] [jointLog] [info] Finished Bootstrapping
[2025-05-14 14:57:39.470] [jointLog] [warning] NOTE: Read Lib [[ ../Lisa_data/Fla_SRB22_99_1.fq.gz, ../Lisa_data/Fla_SRB22_99_2.fq.gz]] :

Detected a *potential* strand bias > 1% in an unstranded protocol check the file: ./output/Fla_SRB22_99/lib_format_counts.json for details

