[2025-05-14 15:18:55.991] [jointLog] [info] setting maxHashResizeThreads to 128
[2025-05-14 15:18:55.991] [jointLog] [info] Fragment incompatibility prior below threshold.  Incompatible fragments will be ignored.
[2025-05-14 15:18:55.991] [jointLog] [info] Usage of --validateMappings implies use of minScoreFraction. Since not explicitly specified, it is being set to 0.65
[2025-05-14 15:18:55.991] [jointLog] [info] Setting consensusSlack to selective-alignment default of 0.35.
[2025-05-14 15:18:55.991] [jointLog] [info] parsing read library format
[2025-05-14 15:18:55.991] [jointLog] [info] There is 1 library.
[2025-05-14 15:18:55.992] [jointLog] [info] Loading pufferfish index
[2025-05-14 15:18:55.992] [jointLog] [info] Loading dense pufferfish index.
[2025-05-14 15:19:06.748] [jointLog] [info] done
[2025-05-14 15:19:06.810] [jointLog] [info] Index contained 34,701 targets
[2025-05-14 15:19:06.817] [jointLog] [info] Number of decoys : 13
[2025-05-14 15:19:06.817] [jointLog] [info] First decoy index : 34,688 
[2025-05-14 15:20:42.052] [fileLog] [info] 
At end of round 0
==================
Observed 22063276 total fragments (22063276 in most recent round)

[2025-05-14 15:20:42.050] [jointLog] [info] Computed 22,847 rich equivalence classes for further processing
[2025-05-14 15:20:42.050] [jointLog] [info] Counted 17,541,089 total reads in the equivalence classes 
[2025-05-14 15:20:42.238] [jointLog] [info] Number of mappings discarded because of alignment score : 4,223,780
[2025-05-14 15:20:42.238] [jointLog] [info] Number of fragments entirely discarded because of alignment score : 2,534,397
[2025-05-14 15:20:42.238] [jointLog] [info] Number of fragments discarded because they are best-mapped to decoys : 1,951,884
[2025-05-14 15:20:42.238] [jointLog] [info] Number of fragments discarded because they have only dovetail (discordant) mappings to valid targets : 290,302
[2025-05-14 15:20:42.238] [jointLog] [info] Mapping rate = 79.5036%

[2025-05-14 15:20:42.238] [jointLog] [info] finished quantifyLibrary()
[2025-05-14 15:20:42.238] [jointLog] [info] Starting optimizer
[2025-05-14 15:20:42.254] [jointLog] [info] Marked 0 weighted equivalence classes as degenerate
[2025-05-14 15:20:42.257] [jointLog] [info] iteration = 0 | max rel diff. = 32430
[2025-05-14 15:20:42.538] [jointLog] [info] iteration = 100 | max rel diff. = 0.0151791
[2025-05-14 15:20:42.766] [jointLog] [info] iteration = 195 | max rel diff. = 0.00181208
[2025-05-14 15:20:42.768] [jointLog] [info] Finished optimizer
[2025-05-14 15:20:42.768] [jointLog] [info] writing output 

[2025-05-14 15:20:42.825] [jointLog] [info] Starting Bootstrapping
[2025-05-14 15:20:42.828] [jointLog] [info] Will draw 100 bootstrap samples
[2025-05-14 15:20:42.828] [jointLog] [info] Optimizing over 22,847 equivalence classes
[2025-05-14 15:20:42.829] [jointLog] [info] Marked 0 weighted equivalence classes as degenerate
[2025-05-14 15:20:45.306] [jointLog] [info] wrote 1 bootstraps
[2025-05-14 15:20:45.897] [jointLog] [info] wrote 2 bootstraps
[2025-05-14 15:20:45.915] [jointLog] [info] wrote 3 bootstraps
[2025-05-14 15:20:46.026] [jointLog] [info] wrote 4 bootstraps
[2025-05-14 15:20:46.063] [jointLog] [info] wrote 5 bootstraps
[2025-05-14 15:20:46.077] [jointLog] [info] wrote 6 bootstraps
[2025-05-14 15:20:46.090] [jointLog] [info] wrote 7 bootstraps
[2025-05-14 15:20:46.106] [jointLog] [info] wrote 8 bootstraps
[2025-05-14 15:20:46.122] [jointLog] [info] wrote 9 bootstraps
[2025-05-14 15:20:46.136] [jointLog] [info] wrote 10 bootstraps
[2025-05-14 15:20:46.151] [jointLog] [info] wrote 11 bootstraps
[2025-05-14 15:20:46.171] [jointLog] [info] wrote 12 bootstraps
[2025-05-14 15:20:46.207] [jointLog] [info] wrote 13 bootstraps
[2025-05-14 15:20:46.222] [jointLog] [info] wrote 14 bootstraps
[2025-05-14 15:20:46.238] [jointLog] [info] wrote 15 bootstraps
[2025-05-14 15:20:46.253] [jointLog] [info] wrote 16 bootstraps
[2025-05-14 15:20:46.266] [jointLog] [info] wrote 17 bootstraps
[2025-05-14 15:20:46.281] [jointLog] [info] wrote 18 bootstraps
[2025-05-14 15:20:46.294] [jointLog] [info] wrote 19 bootstraps
[2025-05-14 15:20:46.306] [jointLog] [info] wrote 20 bootstraps
[2025-05-14 15:20:46.320] [jointLog] [info] wrote 21 bootstraps
[2025-05-14 15:20:46.336] [jointLog] [info] wrote 22 bootstraps
[2025-05-14 15:20:46.348] [jointLog] [info] wrote 23 bootstraps
[2025-05-14 15:20:46.363] [jointLog] [info] wrote 24 bootstraps
[2025-05-14 15:20:46.378] [jointLog] [info] wrote 25 bootstraps
[2025-05-14 15:20:46.393] [jointLog] [info] wrote 26 bootstraps
[2025-05-14 15:20:46.408] [jointLog] [info] wrote 27 bootstraps
[2025-05-14 15:20:46.423] [jointLog] [info] wrote 28 bootstraps
[2025-05-14 15:20:46.438] [jointLog] [info] wrote 29 bootstraps
[2025-05-14 15:20:46.454] [jointLog] [info] wrote 30 bootstraps
[2025-05-14 15:20:46.468] [jointLog] [info] wrote 31 bootstraps
[2025-05-14 15:20:46.484] [jointLog] [info] wrote 32 bootstraps
[2025-05-14 15:20:46.499] [jointLog] [info] wrote 33 bootstraps
[2025-05-14 15:20:46.511] [jointLog] [info] wrote 34 bootstraps
[2025-05-14 15:20:46.526] [jointLog] [info] wrote 35 bootstraps
[2025-05-14 15:20:46.542] [jointLog] [info] wrote 36 bootstraps
[2025-05-14 15:20:46.556] [jointLog] [info] wrote 37 bootstraps
[2025-05-14 15:20:46.572] [jointLog] [info] wrote 38 bootstraps
[2025-05-14 15:20:46.584] [jointLog] [info] wrote 39 bootstraps
[2025-05-14 15:20:46.599] [jointLog] [info] wrote 40 bootstraps
[2025-05-14 15:20:46.614] [jointLog] [info] wrote 41 bootstraps
[2025-05-14 15:20:46.629] [jointLog] [info] wrote 42 bootstraps
[2025-05-14 15:20:46.644] [jointLog] [info] wrote 43 bootstraps
[2025-05-14 15:20:46.660] [jointLog] [info] wrote 44 bootstraps
[2025-05-14 15:20:46.676] [jointLog] [info] wrote 45 bootstraps
[2025-05-14 15:20:46.689] [jointLog] [info] wrote 46 bootstraps
[2025-05-14 15:20:46.705] [jointLog] [info] wrote 47 bootstraps
[2025-05-14 15:20:46.721] [jointLog] [info] wrote 48 bootstraps
[2025-05-14 15:20:46.737] [jointLog] [info] wrote 49 bootstraps
[2025-05-14 15:20:46.752] [jointLog] [info] wrote 50 bootstraps
[2025-05-14 15:20:46.769] [jointLog] [info] wrote 51 bootstraps
[2025-05-14 15:20:46.785] [jointLog] [info] wrote 52 bootstraps
[2025-05-14 15:20:46.801] [jointLog] [info] wrote 53 bootstraps
[2025-05-14 15:20:46.818] [jointLog] [info] wrote 54 bootstraps
[2025-05-14 15:20:46.837] [jointLog] [info] wrote 55 bootstraps
[2025-05-14 15:20:46.857] [jointLog] [info] wrote 56 bootstraps
[2025-05-14 15:20:46.876] [jointLog] [info] wrote 57 bootstraps
[2025-05-14 15:20:46.893] [jointLog] [info] wrote 58 bootstraps
[2025-05-14 15:20:46.914] [jointLog] [info] wrote 59 bootstraps
[2025-05-14 15:20:46.935] [jointLog] [info] wrote 60 bootstraps
[2025-05-14 15:20:46.956] [jointLog] [info] wrote 61 bootstraps
[2025-05-14 15:20:46.978] [jointLog] [info] wrote 62 bootstraps
[2025-05-14 15:20:47.000] [jointLog] [info] wrote 63 bootstraps
[2025-05-14 15:20:47.023] [jointLog] [info] wrote 64 bootstraps
[2025-05-14 15:20:47.045] [jointLog] [info] wrote 65 bootstraps
[2025-05-14 15:20:47.067] [jointLog] [info] wrote 66 bootstraps
[2025-05-14 15:20:47.089] [jointLog] [info] wrote 67 bootstraps
[2025-05-14 15:20:47.111] [jointLog] [info] wrote 68 bootstraps
[2025-05-14 15:20:47.133] [jointLog] [info] wrote 69 bootstraps
[2025-05-14 15:20:47.155] [jointLog] [info] wrote 70 bootstraps
[2025-05-14 15:20:47.177] [jointLog] [info] wrote 71 bootstraps
[2025-05-14 15:20:47.199] [jointLog] [info] wrote 72 bootstraps
[2025-05-14 15:20:47.222] [jointLog] [info] wrote 73 bootstraps
[2025-05-14 15:20:47.244] [jointLog] [info] wrote 74 bootstraps
[2025-05-14 15:20:47.266] [jointLog] [info] wrote 75 bootstraps
[2025-05-14 15:20:47.288] [jointLog] [info] wrote 76 bootstraps
[2025-05-14 15:20:47.307] [jointLog] [info] wrote 77 bootstraps
[2025-05-14 15:20:47.329] [jointLog] [info] wrote 78 bootstraps
[2025-05-14 15:20:47.353] [jointLog] [info] wrote 79 bootstraps
[2025-05-14 15:20:47.375] [jointLog] [info] wrote 80 bootstraps
[2025-05-14 15:20:47.398] [jointLog] [info] wrote 81 bootstraps
[2025-05-14 15:20:47.420] [jointLog] [info] wrote 82 bootstraps
[2025-05-14 15:20:47.441] [jointLog] [info] wrote 83 bootstraps
[2025-05-14 15:20:47.464] [jointLog] [info] wrote 84 bootstraps
[2025-05-14 15:20:47.485] [jointLog] [info] wrote 85 bootstraps
[2025-05-14 15:20:47.507] [jointLog] [info] wrote 86 bootstraps
[2025-05-14 15:20:47.530] [jointLog] [info] wrote 87 bootstraps
[2025-05-14 15:20:47.552] [jointLog] [info] wrote 88 bootstraps
[2025-05-14 15:20:47.574] [jointLog] [info] wrote 89 bootstraps
[2025-05-14 15:20:47.598] [jointLog] [info] wrote 90 bootstraps
[2025-05-14 15:20:47.621] [jointLog] [info] wrote 91 bootstraps
[2025-05-14 15:20:47.648] [jointLog] [info] wrote 92 bootstraps
[2025-05-14 15:20:47.669] [jointLog] [info] wrote 93 bootstraps
[2025-05-14 15:20:47.692] [jointLog] [info] wrote 94 bootstraps
[2025-05-14 15:20:47.714] [jointLog] [info] wrote 95 bootstraps
[2025-05-14 15:20:47.736] [jointLog] [info] wrote 96 bootstraps
[2025-05-14 15:20:47.758] [jointLog] [info] wrote 97 bootstraps
[2025-05-14 15:20:47.780] [jointLog] [info] wrote 98 bootstraps
[2025-05-14 15:20:47.802] [jointLog] [info] wrote 99 bootstraps
[2025-05-14 15:20:47.814] [jointLog] [info] wrote 100 bootstraps
[2025-05-14 15:20:47.819] [jointLog] [info] Finished Bootstrapping
[2025-05-14 15:20:47.819] [jointLog] [warning] NOTE: Read Lib [[ ../Lisa_data/SW57_SNI_96_1.fq.gz, ../Lisa_data/SW57_SNI_96_2.fq.gz]] :

Detected a *potential* strand bias > 1% in an unstranded protocol check the file: ./output/SW57_SNI_96/lib_format_counts.json for details

