[2025-05-14 15:01:48.289] [jointLog] [info] setting maxHashResizeThreads to 128
[2025-05-14 15:01:48.289] [jointLog] [info] Fragment incompatibility prior below threshold.  Incompatible fragments will be ignored.
[2025-05-14 15:01:48.289] [jointLog] [info] Usage of --validateMappings implies use of minScoreFraction. Since not explicitly specified, it is being set to 0.65
[2025-05-14 15:01:48.289] [jointLog] [info] Setting consensusSlack to selective-alignment default of 0.35.
[2025-05-14 15:01:48.289] [jointLog] [info] parsing read library format
[2025-05-14 15:01:48.289] [jointLog] [info] There is 1 library.
[2025-05-14 15:01:48.289] [jointLog] [info] Loading pufferfish index
[2025-05-14 15:01:48.289] [jointLog] [info] Loading dense pufferfish index.
[2025-05-14 15:02:00.231] [jointLog] [info] done
[2025-05-14 15:02:00.290] [jointLog] [info] Index contained 34,701 targets
[2025-05-14 15:02:00.295] [jointLog] [info] Number of decoys : 13
[2025-05-14 15:02:00.295] [jointLog] [info] First decoy index : 34,688 
[2025-05-14 15:04:05.272] [fileLog] [info] 
At end of round 0
==================
Observed 28656489 total fragments (28656489 in most recent round)

[2025-05-14 15:04:05.272] [jointLog] [info] Computed 23,731 rich equivalence classes for further processing
[2025-05-14 15:04:05.272] [jointLog] [info] Counted 23,136,823 total reads in the equivalence classes 
[2025-05-14 15:04:05.441] [jointLog] [info] Number of mappings discarded because of alignment score : 5,893,651
[2025-05-14 15:04:05.441] [jointLog] [info] Number of fragments entirely discarded because of alignment score : 3,034,275
[2025-05-14 15:04:05.441] [jointLog] [info] Number of fragments discarded because they are best-mapped to decoys : 2,437,648
[2025-05-14 15:04:05.441] [jointLog] [info] Number of fragments discarded because they have only dovetail (discordant) mappings to valid targets : 271,536
[2025-05-14 15:04:05.441] [jointLog] [info] Mapping rate = 80.7385%

[2025-05-14 15:04:05.441] [jointLog] [info] finished quantifyLibrary()
[2025-05-14 15:04:05.442] [jointLog] [info] Starting optimizer
[2025-05-14 15:04:05.457] [jointLog] [info] Marked 0 weighted equivalence classes as degenerate
[2025-05-14 15:04:05.462] [jointLog] [info] iteration = 0 | max rel diff. = 34814.1
[2025-05-14 15:04:05.732] [jointLog] [info] iteration = 100 | max rel diff. = 0.0136402
[2025-05-14 15:04:05.969] [jointLog] [info] iteration = 200 | max rel diff. = 0.273054
[2025-05-14 15:04:06.135] [jointLog] [info] iteration = 272 | max rel diff. = 0.00359573
[2025-05-14 15:04:06.136] [jointLog] [info] Finished optimizer
[2025-05-14 15:04:06.136] [jointLog] [info] writing output 

[2025-05-14 15:04:06.217] [jointLog] [info] Starting Bootstrapping
[2025-05-14 15:04:06.221] [jointLog] [info] Will draw 100 bootstrap samples
[2025-05-14 15:04:06.221] [jointLog] [info] Optimizing over 23,731 equivalence classes
[2025-05-14 15:04:06.222] [jointLog] [info] Marked 0 weighted equivalence classes as degenerate
[2025-05-14 15:04:09.904] [jointLog] [info] wrote 1 bootstraps
[2025-05-14 15:04:10.024] [jointLog] [info] wrote 2 bootstraps
[2025-05-14 15:04:10.049] [jointLog] [info] wrote 3 bootstraps
[2025-05-14 15:04:10.067] [jointLog] [info] wrote 4 bootstraps
[2025-05-14 15:04:10.085] [jointLog] [info] wrote 5 bootstraps
[2025-05-14 15:04:10.100] [jointLog] [info] wrote 6 bootstraps
[2025-05-14 15:04:10.116] [jointLog] [info] wrote 7 bootstraps
[2025-05-14 15:04:10.131] [jointLog] [info] wrote 8 bootstraps
[2025-05-14 15:04:10.148] [jointLog] [info] wrote 9 bootstraps
[2025-05-14 15:04:10.173] [jointLog] [info] wrote 10 bootstraps
[2025-05-14 15:04:10.205] [jointLog] [info] wrote 11 bootstraps
[2025-05-14 15:04:10.222] [jointLog] [info] wrote 12 bootstraps
[2025-05-14 15:04:10.255] [jointLog] [info] wrote 13 bootstraps
[2025-05-14 15:04:10.284] [jointLog] [info] wrote 14 bootstraps
[2025-05-14 15:04:10.298] [jointLog] [info] wrote 15 bootstraps
[2025-05-14 15:04:10.316] [jointLog] [info] wrote 16 bootstraps
[2025-05-14 15:04:10.334] [jointLog] [info] wrote 17 bootstraps
[2025-05-14 15:04:10.350] [jointLog] [info] wrote 18 bootstraps
[2025-05-14 15:04:10.365] [jointLog] [info] wrote 19 bootstraps
[2025-05-14 15:04:10.379] [jointLog] [info] wrote 20 bootstraps
[2025-05-14 15:04:10.396] [jointLog] [info] wrote 21 bootstraps
[2025-05-14 15:04:10.412] [jointLog] [info] wrote 22 bootstraps
[2025-05-14 15:04:10.429] [jointLog] [info] wrote 23 bootstraps
[2025-05-14 15:04:10.446] [jointLog] [info] wrote 24 bootstraps
[2025-05-14 15:04:10.462] [jointLog] [info] wrote 25 bootstraps
[2025-05-14 15:04:10.479] [jointLog] [info] wrote 26 bootstraps
[2025-05-14 15:04:10.496] [jointLog] [info] wrote 27 bootstraps
[2025-05-14 15:04:10.512] [jointLog] [info] wrote 28 bootstraps
[2025-05-14 15:04:10.529] [jointLog] [info] wrote 29 bootstraps
[2025-05-14 15:04:10.546] [jointLog] [info] wrote 30 bootstraps
[2025-05-14 15:04:10.562] [jointLog] [info] wrote 31 bootstraps
[2025-05-14 15:04:10.577] [jointLog] [info] wrote 32 bootstraps
[2025-05-14 15:04:10.593] [jointLog] [info] wrote 33 bootstraps
[2025-05-14 15:04:10.610] [jointLog] [info] wrote 34 bootstraps
[2025-05-14 15:04:10.626] [jointLog] [info] wrote 35 bootstraps
[2025-05-14 15:04:10.643] [jointLog] [info] wrote 36 bootstraps
[2025-05-14 15:04:10.657] [jointLog] [info] wrote 37 bootstraps
[2025-05-14 15:04:10.674] [jointLog] [info] wrote 38 bootstraps
[2025-05-14 15:04:10.690] [jointLog] [info] wrote 39 bootstraps
[2025-05-14 15:04:10.703] [jointLog] [info] wrote 40 bootstraps
[2025-05-14 15:04:10.719] [jointLog] [info] wrote 41 bootstraps
[2025-05-14 15:04:10.737] [jointLog] [info] wrote 42 bootstraps
[2025-05-14 15:04:10.753] [jointLog] [info] wrote 43 bootstraps
[2025-05-14 15:04:10.771] [jointLog] [info] wrote 44 bootstraps
[2025-05-14 15:04:10.790] [jointLog] [info] wrote 45 bootstraps
[2025-05-14 15:04:10.804] [jointLog] [info] wrote 46 bootstraps
[2025-05-14 15:04:10.818] [jointLog] [info] wrote 47 bootstraps
[2025-05-14 15:04:10.834] [jointLog] [info] wrote 48 bootstraps
[2025-05-14 15:04:10.850] [jointLog] [info] wrote 49 bootstraps
[2025-05-14 15:04:10.865] [jointLog] [info] wrote 50 bootstraps
[2025-05-14 15:04:10.878] [jointLog] [info] wrote 51 bootstraps
[2025-05-14 15:04:10.892] [jointLog] [info] wrote 52 bootstraps
[2025-05-14 15:04:10.905] [jointLog] [info] wrote 53 bootstraps
[2025-05-14 15:04:10.917] [jointLog] [info] wrote 54 bootstraps
[2025-05-14 15:04:10.934] [jointLog] [info] wrote 55 bootstraps
[2025-05-14 15:04:10.951] [jointLog] [info] wrote 56 bootstraps
[2025-05-14 15:04:10.965] [jointLog] [info] wrote 57 bootstraps
[2025-05-14 15:04:10.983] [jointLog] [info] wrote 58 bootstraps
[2025-05-14 15:04:10.997] [jointLog] [info] wrote 59 bootstraps
[2025-05-14 15:04:11.009] [jointLog] [info] wrote 60 bootstraps
[2025-05-14 15:04:11.025] [jointLog] [info] wrote 61 bootstraps
[2025-05-14 15:04:11.042] [jointLog] [info] wrote 62 bootstraps
[2025-05-14 15:04:11.055] [jointLog] [info] wrote 63 bootstraps
[2025-05-14 15:04:11.071] [jointLog] [info] wrote 64 bootstraps
[2025-05-14 15:04:11.087] [jointLog] [info] wrote 65 bootstraps
[2025-05-14 15:04:11.103] [jointLog] [info] wrote 66 bootstraps
[2025-05-14 15:04:11.119] [jointLog] [info] wrote 67 bootstraps
[2025-05-14 15:04:11.134] [jointLog] [info] wrote 68 bootstraps
[2025-05-14 15:04:11.150] [jointLog] [info] wrote 69 bootstraps
[2025-05-14 15:04:11.167] [jointLog] [info] wrote 70 bootstraps
[2025-05-14 15:04:11.183] [jointLog] [info] wrote 71 bootstraps
[2025-05-14 15:04:11.200] [jointLog] [info] wrote 72 bootstraps
[2025-05-14 15:04:11.218] [jointLog] [info] wrote 73 bootstraps
[2025-05-14 15:04:11.232] [jointLog] [info] wrote 74 bootstraps
[2025-05-14 15:04:11.250] [jointLog] [info] wrote 75 bootstraps
[2025-05-14 15:04:11.271] [jointLog] [info] wrote 76 bootstraps
[2025-05-14 15:04:11.295] [jointLog] [info] wrote 77 bootstraps
[2025-05-14 15:04:11.312] [jointLog] [info] wrote 78 bootstraps
[2025-05-14 15:04:11.327] [jointLog] [info] wrote 79 bootstraps
[2025-05-14 15:04:11.349] [jointLog] [info] wrote 80 bootstraps
[2025-05-14 15:04:11.368] [jointLog] [info] wrote 81 bootstraps
[2025-05-14 15:04:11.387] [jointLog] [info] wrote 82 bootstraps
[2025-05-14 15:04:11.410] [jointLog] [info] wrote 83 bootstraps
[2025-05-14 15:04:11.433] [jointLog] [info] wrote 84 bootstraps
[2025-05-14 15:04:11.457] [jointLog] [info] wrote 85 bootstraps
[2025-05-14 15:04:11.483] [jointLog] [info] wrote 86 bootstraps
[2025-05-14 15:04:11.499] [jointLog] [info] wrote 87 bootstraps
[2025-05-14 15:04:11.515] [jointLog] [info] wrote 88 bootstraps
[2025-05-14 15:04:11.539] [jointLog] [info] wrote 89 bootstraps
[2025-05-14 15:04:11.556] [jointLog] [info] wrote 90 bootstraps
[2025-05-14 15:04:11.579] [jointLog] [info] wrote 91 bootstraps
[2025-05-14 15:04:11.605] [jointLog] [info] wrote 92 bootstraps
[2025-05-14 15:04:11.621] [jointLog] [info] wrote 93 bootstraps
[2025-05-14 15:04:11.645] [jointLog] [info] wrote 94 bootstraps
[2025-05-14 15:04:11.659] [jointLog] [info] wrote 95 bootstraps
[2025-05-14 15:04:11.679] [jointLog] [info] wrote 96 bootstraps
[2025-05-14 15:04:11.699] [jointLog] [info] wrote 97 bootstraps
[2025-05-14 15:04:11.715] [jointLog] [info] wrote 98 bootstraps
[2025-05-14 15:04:11.741] [jointLog] [info] wrote 99 bootstraps
[2025-05-14 15:04:12.780] [jointLog] [info] wrote 100 bootstraps
[2025-05-14 15:04:12.786] [jointLog] [info] Finished Bootstrapping
[2025-05-14 15:04:12.786] [jointLog] [warning] NOTE: Read Lib [[ ../Lisa_data/SW57_H_20_MKRN240014588_1.fq.gz, ../Lisa_data/SW57_H_20_MKRN240014588_2.fq.gz]] :

Detected a *potential* strand bias > 1% in an unstranded protocol check the file: ./output/SW57_H_20_MKRN240014588/lib_format_counts.json for details

