[2025-05-14 16:18:13.915] [jointLog] [info] setting maxHashResizeThreads to 128
[2025-05-14 16:18:13.915] [jointLog] [info] Fragment incompatibility prior below threshold.  Incompatible fragments will be ignored.
[2025-05-14 16:18:13.915] [jointLog] [info] Usage of --validateMappings implies use of minScoreFraction. Since not explicitly specified, it is being set to 0.65
[2025-05-14 16:18:13.915] [jointLog] [info] Setting consensusSlack to selective-alignment default of 0.35.
[2025-05-14 16:18:13.915] [jointLog] [info] parsing read library format
[2025-05-14 16:18:13.915] [jointLog] [info] There is 1 library.
[2025-05-14 16:18:13.915] [jointLog] [info] Loading pufferfish index
[2025-05-14 16:18:13.915] [jointLog] [info] Loading dense pufferfish index.
[2025-05-14 16:18:24.930] [jointLog] [info] done
[2025-05-14 16:18:25.045] [jointLog] [info] Index contained 34,701 targets
[2025-05-14 16:18:25.050] [jointLog] [info] Number of decoys : 13
[2025-05-14 16:18:25.050] [jointLog] [info] First decoy index : 34,688 
[2025-05-14 16:19:34.512] [fileLog] [info] 
At end of round 0
==================
Observed 16085944 total fragments (16085944 in most recent round)

[2025-05-14 16:19:34.510] [jointLog] [info] Computed 27,680 rich equivalence classes for further processing
[2025-05-14 16:19:34.510] [jointLog] [info] Counted 12,901,645 total reads in the equivalence classes 
[2025-05-14 16:19:34.839] [jointLog] [info] Number of mappings discarded because of alignment score : 3,160,615
[2025-05-14 16:19:34.839] [jointLog] [info] Number of fragments entirely discarded because of alignment score : 1,813,553
[2025-05-14 16:19:34.839] [jointLog] [info] Number of fragments discarded because they are best-mapped to decoys : 1,344,171
[2025-05-14 16:19:34.839] [jointLog] [info] Number of fragments discarded because they have only dovetail (discordant) mappings to valid targets : 192,129
[2025-05-14 16:19:34.839] [jointLog] [info] Mapping rate = 80.2045%

[2025-05-14 16:19:34.839] [jointLog] [info] finished quantifyLibrary()
[2025-05-14 16:19:34.839] [jointLog] [info] Starting optimizer
[2025-05-14 16:19:34.856] [jointLog] [info] Marked 0 weighted equivalence classes as degenerate
[2025-05-14 16:19:34.861] [jointLog] [info] iteration = 0 | max rel diff. = 26055
[2025-05-14 16:19:35.144] [jointLog] [info] iteration = 100 | max rel diff. = 0.0523552
[2025-05-14 16:19:35.189] [jointLog] [info] iteration = 119 | max rel diff. = 0.00511236
[2025-05-14 16:19:35.192] [jointLog] [info] Finished optimizer
[2025-05-14 16:19:35.192] [jointLog] [info] writing output 

[2025-05-14 16:19:35.277] [jointLog] [info] Starting Bootstrapping
[2025-05-14 16:19:35.283] [jointLog] [info] Will draw 100 bootstrap samples
[2025-05-14 16:19:35.283] [jointLog] [info] Optimizing over 27,680 equivalence classes
[2025-05-14 16:19:35.285] [jointLog] [info] Marked 0 weighted equivalence classes as degenerate
[2025-05-14 16:19:37.203] [jointLog] [info] wrote 1 bootstraps
[2025-05-14 16:19:37.260] [jointLog] [info] wrote 2 bootstraps
[2025-05-14 16:19:37.334] [jointLog] [info] wrote 3 bootstraps
[2025-05-14 16:19:37.419] [jointLog] [info] wrote 4 bootstraps
[2025-05-14 16:19:37.670] [jointLog] [info] wrote 5 bootstraps
[2025-05-14 16:19:37.728] [jointLog] [info] wrote 6 bootstraps
[2025-05-14 16:19:37.801] [jointLog] [info] wrote 7 bootstraps
[2025-05-14 16:19:37.816] [jointLog] [info] wrote 8 bootstraps
[2025-05-14 16:19:38.005] [jointLog] [info] wrote 9 bootstraps
[2025-05-14 16:19:38.018] [jointLog] [info] wrote 10 bootstraps
[2025-05-14 16:19:38.032] [jointLog] [info] wrote 11 bootstraps
[2025-05-14 16:19:38.046] [jointLog] [info] wrote 12 bootstraps
[2025-05-14 16:19:38.059] [jointLog] [info] wrote 13 bootstraps
[2025-05-14 16:19:38.082] [jointLog] [info] wrote 14 bootstraps
[2025-05-14 16:19:38.095] [jointLog] [info] wrote 15 bootstraps
[2025-05-14 16:19:38.110] [jointLog] [info] wrote 16 bootstraps
[2025-05-14 16:19:38.124] [jointLog] [info] wrote 17 bootstraps
[2025-05-14 16:19:38.137] [jointLog] [info] wrote 18 bootstraps
[2025-05-14 16:19:38.151] [jointLog] [info] wrote 19 bootstraps
[2025-05-14 16:19:38.165] [jointLog] [info] wrote 20 bootstraps
[2025-05-14 16:19:38.182] [jointLog] [info] wrote 21 bootstraps
[2025-05-14 16:19:38.198] [jointLog] [info] wrote 22 bootstraps
[2025-05-14 16:19:38.214] [jointLog] [info] wrote 23 bootstraps
[2025-05-14 16:19:38.228] [jointLog] [info] wrote 24 bootstraps
[2025-05-14 16:19:38.243] [jointLog] [info] wrote 25 bootstraps
[2025-05-14 16:19:38.257] [jointLog] [info] wrote 26 bootstraps
[2025-05-14 16:19:38.272] [jointLog] [info] wrote 27 bootstraps
[2025-05-14 16:19:38.284] [jointLog] [info] wrote 28 bootstraps
[2025-05-14 16:19:38.298] [jointLog] [info] wrote 29 bootstraps
[2025-05-14 16:19:38.313] [jointLog] [info] wrote 30 bootstraps
[2025-05-14 16:19:38.328] [jointLog] [info] wrote 31 bootstraps
[2025-05-14 16:19:38.342] [jointLog] [info] wrote 32 bootstraps
[2025-05-14 16:19:38.356] [jointLog] [info] wrote 33 bootstraps
[2025-05-14 16:19:38.374] [jointLog] [info] wrote 34 bootstraps
[2025-05-14 16:19:38.388] [jointLog] [info] wrote 35 bootstraps
[2025-05-14 16:19:38.400] [jointLog] [info] wrote 36 bootstraps
[2025-05-14 16:19:38.414] [jointLog] [info] wrote 37 bootstraps
[2025-05-14 16:19:38.428] [jointLog] [info] wrote 38 bootstraps
[2025-05-14 16:19:38.442] [jointLog] [info] wrote 39 bootstraps
[2025-05-14 16:19:38.457] [jointLog] [info] wrote 40 bootstraps
[2025-05-14 16:19:38.471] [jointLog] [info] wrote 41 bootstraps
[2025-05-14 16:19:38.485] [jointLog] [info] wrote 42 bootstraps
[2025-05-14 16:19:38.501] [jointLog] [info] wrote 43 bootstraps
[2025-05-14 16:19:38.514] [jointLog] [info] wrote 44 bootstraps
[2025-05-14 16:19:38.529] [jointLog] [info] wrote 45 bootstraps
[2025-05-14 16:19:38.544] [jointLog] [info] wrote 46 bootstraps
[2025-05-14 16:19:38.558] [jointLog] [info] wrote 47 bootstraps
[2025-05-14 16:19:38.573] [jointLog] [info] wrote 48 bootstraps
[2025-05-14 16:19:38.589] [jointLog] [info] wrote 49 bootstraps
[2025-05-14 16:19:38.605] [jointLog] [info] wrote 50 bootstraps
[2025-05-14 16:19:38.619] [jointLog] [info] wrote 51 bootstraps
[2025-05-14 16:19:38.637] [jointLog] [info] wrote 52 bootstraps
[2025-05-14 16:19:38.655] [jointLog] [info] wrote 53 bootstraps
[2025-05-14 16:19:38.673] [jointLog] [info] wrote 54 bootstraps
[2025-05-14 16:19:38.690] [jointLog] [info] wrote 55 bootstraps
[2025-05-14 16:19:38.706] [jointLog] [info] wrote 56 bootstraps
[2025-05-14 16:19:38.725] [jointLog] [info] wrote 57 bootstraps
[2025-05-14 16:19:38.737] [jointLog] [info] wrote 58 bootstraps
[2025-05-14 16:19:38.756] [jointLog] [info] wrote 59 bootstraps
[2025-05-14 16:19:38.775] [jointLog] [info] wrote 60 bootstraps
[2025-05-14 16:19:38.796] [jointLog] [info] wrote 61 bootstraps
[2025-05-14 16:19:38.819] [jointLog] [info] wrote 62 bootstraps
[2025-05-14 16:19:38.841] [jointLog] [info] wrote 63 bootstraps
[2025-05-14 16:19:38.862] [jointLog] [info] wrote 64 bootstraps
[2025-05-14 16:19:38.884] [jointLog] [info] wrote 65 bootstraps
[2025-05-14 16:19:38.906] [jointLog] [info] wrote 66 bootstraps
[2025-05-14 16:19:38.929] [jointLog] [info] wrote 67 bootstraps
[2025-05-14 16:19:38.950] [jointLog] [info] wrote 68 bootstraps
[2025-05-14 16:19:38.974] [jointLog] [info] wrote 69 bootstraps
[2025-05-14 16:19:38.996] [jointLog] [info] wrote 70 bootstraps
[2025-05-14 16:19:39.017] [jointLog] [info] wrote 71 bootstraps
[2025-05-14 16:19:39.040] [jointLog] [info] wrote 72 bootstraps
[2025-05-14 16:19:39.062] [jointLog] [info] wrote 73 bootstraps
[2025-05-14 16:19:39.085] [jointLog] [info] wrote 74 bootstraps
[2025-05-14 16:19:39.107] [jointLog] [info] wrote 75 bootstraps
[2025-05-14 16:19:39.129] [jointLog] [info] wrote 76 bootstraps
[2025-05-14 16:19:39.150] [jointLog] [info] wrote 77 bootstraps
[2025-05-14 16:19:39.171] [jointLog] [info] wrote 78 bootstraps
[2025-05-14 16:19:39.193] [jointLog] [info] wrote 79 bootstraps
[2025-05-14 16:19:39.215] [jointLog] [info] wrote 80 bootstraps
[2025-05-14 16:19:39.236] [jointLog] [info] wrote 81 bootstraps
[2025-05-14 16:19:39.257] [jointLog] [info] wrote 82 bootstraps
[2025-05-14 16:19:39.281] [jointLog] [info] wrote 83 bootstraps
[2025-05-14 16:19:39.304] [jointLog] [info] wrote 84 bootstraps
[2025-05-14 16:19:39.327] [jointLog] [info] wrote 85 bootstraps
[2025-05-14 16:19:39.348] [jointLog] [info] wrote 86 bootstraps
[2025-05-14 16:19:39.370] [jointLog] [info] wrote 87 bootstraps
[2025-05-14 16:19:39.391] [jointLog] [info] wrote 88 bootstraps
[2025-05-14 16:19:39.414] [jointLog] [info] wrote 89 bootstraps
[2025-05-14 16:19:39.439] [jointLog] [info] wrote 90 bootstraps
[2025-05-14 16:19:39.464] [jointLog] [info] wrote 91 bootstraps
[2025-05-14 16:19:39.485] [jointLog] [info] wrote 92 bootstraps
[2025-05-14 16:19:39.509] [jointLog] [info] wrote 93 bootstraps
[2025-05-14 16:19:39.531] [jointLog] [info] wrote 94 bootstraps
[2025-05-14 16:19:39.553] [jointLog] [info] wrote 95 bootstraps
[2025-05-14 16:19:39.575] [jointLog] [info] wrote 96 bootstraps
[2025-05-14 16:19:39.598] [jointLog] [info] wrote 97 bootstraps
[2025-05-14 16:19:39.621] [jointLog] [info] wrote 98 bootstraps
[2025-05-14 16:19:39.645] [jointLog] [info] wrote 99 bootstraps
[2025-05-14 16:19:39.667] [jointLog] [info] wrote 100 bootstraps
[2025-05-14 16:19:39.671] [jointLog] [info] Finished Bootstrapping
[2025-05-14 16:19:39.671] [jointLog] [warning] NOTE: Read Lib [[ ../Lisa_data/SW7_SNI_87_1.fq.gz, ../Lisa_data/SW7_SNI_87_2.fq.gz]] :

Detected a *potential* strand bias > 1% in an unstranded protocol check the file: ./output/SW7_SNI_87/lib_format_counts.json for details

