[2025-05-14 16:05:59.269] [jointLog] [info] setting maxHashResizeThreads to 128
[2025-05-14 16:05:59.269] [jointLog] [info] Fragment incompatibility prior below threshold.  Incompatible fragments will be ignored.
[2025-05-14 16:05:59.269] [jointLog] [info] Usage of --validateMappings implies use of minScoreFraction. Since not explicitly specified, it is being set to 0.65
[2025-05-14 16:05:59.269] [jointLog] [info] Setting consensusSlack to selective-alignment default of 0.35.
[2025-05-14 16:05:59.269] [jointLog] [info] parsing read library format
[2025-05-14 16:05:59.269] [jointLog] [info] There is 1 library.
[2025-05-14 16:05:59.269] [jointLog] [info] Loading pufferfish index
[2025-05-14 16:05:59.269] [jointLog] [info] Loading dense pufferfish index.
[2025-05-14 16:06:10.908] [jointLog] [info] done
[2025-05-14 16:06:10.963] [jointLog] [info] Index contained 34,701 targets
[2025-05-14 16:06:10.968] [jointLog] [info] Number of decoys : 13
[2025-05-14 16:06:10.968] [jointLog] [info] First decoy index : 34,688 
[2025-05-14 16:07:15.665] [jointLog] [info] Computed 21,848 rich equivalence classes for further processing
[2025-05-14 16:07:15.665] [jointLog] [info] Counted 13,536,500 total reads in the equivalence classes 
[2025-05-14 16:07:15.750] [jointLog] [info] Number of mappings discarded because of alignment score : 3,304,930
[2025-05-14 16:07:15.750] [jointLog] [info] Number of fragments entirely discarded because of alignment score : 1,950,552
[2025-05-14 16:07:15.750] [jointLog] [info] Number of fragments discarded because they are best-mapped to decoys : 1,488,146
[2025-05-14 16:07:15.750] [jointLog] [info] Number of fragments discarded because they have only dovetail (discordant) mappings to valid targets : 218,650
[2025-05-14 16:07:15.750] [jointLog] [info] Mapping rate = 79.8126%

[2025-05-14 16:07:15.750] [jointLog] [info] finished quantifyLibrary()
[2025-05-14 16:07:15.750] [jointLog] [info] Starting optimizer
[2025-05-14 16:07:15.764] [jointLog] [info] Marked 0 weighted equivalence classes as degenerate
[2025-05-14 16:07:15.768] [jointLog] [info] iteration = 0 | max rel diff. = 14058.1
[2025-05-14 16:07:15.666] [fileLog] [info] 
At end of round 0
==================
Observed 16960363 total fragments (16960363 in most recent round)

[2025-05-14 16:07:16.031] [jointLog] [info] iteration = 100 | max rel diff. = 0.306315
[2025-05-14 16:07:16.095] [jointLog] [info] iteration = 125 | max rel diff. = 0.00675743
[2025-05-14 16:07:16.096] [jointLog] [info] Finished optimizer
[2025-05-14 16:07:16.096] [jointLog] [info] writing output 

[2025-05-14 16:07:16.175] [jointLog] [info] Starting Bootstrapping
[2025-05-14 16:07:16.178] [jointLog] [info] Will draw 100 bootstrap samples
[2025-05-14 16:07:16.178] [jointLog] [info] Optimizing over 21,848 equivalence classes
[2025-05-14 16:07:16.179] [jointLog] [info] Marked 0 weighted equivalence classes as degenerate
[2025-05-14 16:07:18.420] [jointLog] [info] wrote 1 bootstraps
[2025-05-14 16:07:18.506] [jointLog] [info] wrote 2 bootstraps
[2025-05-14 16:07:18.520] [jointLog] [info] wrote 3 bootstraps
[2025-05-14 16:07:18.539] [jointLog] [info] wrote 4 bootstraps
[2025-05-14 16:07:18.579] [jointLog] [info] wrote 5 bootstraps
[2025-05-14 16:07:18.804] [jointLog] [info] wrote 6 bootstraps
[2025-05-14 16:07:18.862] [jointLog] [info] wrote 7 bootstraps
[2025-05-14 16:07:18.882] [jointLog] [info] wrote 8 bootstraps
[2025-05-14 16:07:18.903] [jointLog] [info] wrote 9 bootstraps
[2025-05-14 16:07:18.933] [jointLog] [info] wrote 10 bootstraps
[2025-05-14 16:07:18.945] [jointLog] [info] wrote 11 bootstraps
[2025-05-14 16:07:18.958] [jointLog] [info] wrote 12 bootstraps
[2025-05-14 16:07:18.971] [jointLog] [info] wrote 13 bootstraps
[2025-05-14 16:07:18.985] [jointLog] [info] wrote 14 bootstraps
[2025-05-14 16:07:19.000] [jointLog] [info] wrote 15 bootstraps
[2025-05-14 16:07:19.012] [jointLog] [info] wrote 16 bootstraps
[2025-05-14 16:07:19.024] [jointLog] [info] wrote 17 bootstraps
[2025-05-14 16:07:19.037] [jointLog] [info] wrote 18 bootstraps
[2025-05-14 16:07:19.050] [jointLog] [info] wrote 19 bootstraps
[2025-05-14 16:07:19.065] [jointLog] [info] wrote 20 bootstraps
[2025-05-14 16:07:19.077] [jointLog] [info] wrote 21 bootstraps
[2025-05-14 16:07:19.092] [jointLog] [info] wrote 22 bootstraps
[2025-05-14 16:07:19.107] [jointLog] [info] wrote 23 bootstraps
[2025-05-14 16:07:19.122] [jointLog] [info] wrote 24 bootstraps
[2025-05-14 16:07:19.135] [jointLog] [info] wrote 25 bootstraps
[2025-05-14 16:07:19.149] [jointLog] [info] wrote 26 bootstraps
[2025-05-14 16:07:19.163] [jointLog] [info] wrote 27 bootstraps
[2025-05-14 16:07:19.177] [jointLog] [info] wrote 28 bootstraps
[2025-05-14 16:07:19.189] [jointLog] [info] wrote 29 bootstraps
[2025-05-14 16:07:19.201] [jointLog] [info] wrote 30 bootstraps
[2025-05-14 16:07:19.213] [jointLog] [info] wrote 31 bootstraps
[2025-05-14 16:07:19.228] [jointLog] [info] wrote 32 bootstraps
[2025-05-14 16:07:19.243] [jointLog] [info] wrote 33 bootstraps
[2025-05-14 16:07:19.258] [jointLog] [info] wrote 34 bootstraps
[2025-05-14 16:07:19.269] [jointLog] [info] wrote 35 bootstraps
[2025-05-14 16:07:19.284] [jointLog] [info] wrote 36 bootstraps
[2025-05-14 16:07:19.299] [jointLog] [info] wrote 37 bootstraps
[2025-05-14 16:07:19.314] [jointLog] [info] wrote 38 bootstraps
[2025-05-14 16:07:19.328] [jointLog] [info] wrote 39 bootstraps
[2025-05-14 16:07:19.343] [jointLog] [info] wrote 40 bootstraps
[2025-05-14 16:07:19.358] [jointLog] [info] wrote 41 bootstraps
[2025-05-14 16:07:19.370] [jointLog] [info] wrote 42 bootstraps
[2025-05-14 16:07:19.386] [jointLog] [info] wrote 43 bootstraps
[2025-05-14 16:07:19.402] [jointLog] [info] wrote 44 bootstraps
[2025-05-14 16:07:19.417] [jointLog] [info] wrote 45 bootstraps
[2025-05-14 16:07:19.432] [jointLog] [info] wrote 46 bootstraps
[2025-05-14 16:07:19.449] [jointLog] [info] wrote 47 bootstraps
[2025-05-14 16:07:19.464] [jointLog] [info] wrote 48 bootstraps
[2025-05-14 16:07:19.488] [jointLog] [info] wrote 49 bootstraps
[2025-05-14 16:07:19.504] [jointLog] [info] wrote 50 bootstraps
[2025-05-14 16:07:19.521] [jointLog] [info] wrote 51 bootstraps
[2025-05-14 16:07:19.540] [jointLog] [info] wrote 52 bootstraps
[2025-05-14 16:07:19.561] [jointLog] [info] wrote 53 bootstraps
[2025-05-14 16:07:19.580] [jointLog] [info] wrote 54 bootstraps
[2025-05-14 16:07:19.600] [jointLog] [info] wrote 55 bootstraps
[2025-05-14 16:07:19.624] [jointLog] [info] wrote 56 bootstraps
[2025-05-14 16:07:19.643] [jointLog] [info] wrote 57 bootstraps
[2025-05-14 16:07:19.667] [jointLog] [info] wrote 58 bootstraps
[2025-05-14 16:07:19.688] [jointLog] [info] wrote 59 bootstraps
[2025-05-14 16:07:19.710] [jointLog] [info] wrote 60 bootstraps
[2025-05-14 16:07:19.733] [jointLog] [info] wrote 61 bootstraps
[2025-05-14 16:07:19.755] [jointLog] [info] wrote 62 bootstraps
[2025-05-14 16:07:19.779] [jointLog] [info] wrote 63 bootstraps
[2025-05-14 16:07:19.801] [jointLog] [info] wrote 64 bootstraps
[2025-05-14 16:07:19.823] [jointLog] [info] wrote 65 bootstraps
[2025-05-14 16:07:19.844] [jointLog] [info] wrote 66 bootstraps
[2025-05-14 16:07:19.867] [jointLog] [info] wrote 67 bootstraps
[2025-05-14 16:07:19.889] [jointLog] [info] wrote 68 bootstraps
[2025-05-14 16:07:19.910] [jointLog] [info] wrote 69 bootstraps
[2025-05-14 16:07:19.932] [jointLog] [info] wrote 70 bootstraps
[2025-05-14 16:07:19.954] [jointLog] [info] wrote 71 bootstraps
[2025-05-14 16:07:19.975] [jointLog] [info] wrote 72 bootstraps
[2025-05-14 16:07:19.997] [jointLog] [info] wrote 73 bootstraps
[2025-05-14 16:07:20.019] [jointLog] [info] wrote 74 bootstraps
[2025-05-14 16:07:20.041] [jointLog] [info] wrote 75 bootstraps
[2025-05-14 16:07:20.068] [jointLog] [info] wrote 76 bootstraps
[2025-05-14 16:07:20.090] [jointLog] [info] wrote 77 bootstraps
[2025-05-14 16:07:20.112] [jointLog] [info] wrote 78 bootstraps
[2025-05-14 16:07:20.134] [jointLog] [info] wrote 79 bootstraps
[2025-05-14 16:07:20.156] [jointLog] [info] wrote 80 bootstraps
[2025-05-14 16:07:20.178] [jointLog] [info] wrote 81 bootstraps
[2025-05-14 16:07:20.199] [jointLog] [info] wrote 82 bootstraps
[2025-05-14 16:07:20.221] [jointLog] [info] wrote 83 bootstraps
[2025-05-14 16:07:20.243] [jointLog] [info] wrote 84 bootstraps
[2025-05-14 16:07:20.265] [jointLog] [info] wrote 85 bootstraps
[2025-05-14 16:07:20.287] [jointLog] [info] wrote 86 bootstraps
[2025-05-14 16:07:20.310] [jointLog] [info] wrote 87 bootstraps
[2025-05-14 16:07:20.332] [jointLog] [info] wrote 88 bootstraps
[2025-05-14 16:07:20.354] [jointLog] [info] wrote 89 bootstraps
[2025-05-14 16:07:20.376] [jointLog] [info] wrote 90 bootstraps
[2025-05-14 16:07:20.399] [jointLog] [info] wrote 91 bootstraps
[2025-05-14 16:07:20.421] [jointLog] [info] wrote 92 bootstraps
[2025-05-14 16:07:20.444] [jointLog] [info] wrote 93 bootstraps
[2025-05-14 16:07:20.465] [jointLog] [info] wrote 94 bootstraps
[2025-05-14 16:07:20.488] [jointLog] [info] wrote 95 bootstraps
[2025-05-14 16:07:20.510] [jointLog] [info] wrote 96 bootstraps
[2025-05-14 16:07:20.531] [jointLog] [info] wrote 97 bootstraps
[2025-05-14 16:07:20.553] [jointLog] [info] wrote 98 bootstraps
[2025-05-14 16:07:20.575] [jointLog] [info] wrote 99 bootstraps
[2025-05-14 16:07:20.592] [jointLog] [info] wrote 100 bootstraps
[2025-05-14 16:07:20.597] [jointLog] [info] Finished Bootstrapping
[2025-05-14 16:07:20.597] [jointLog] [warning] NOTE: Read Lib [[ ../Lisa_data/SW7_H_39_1.fq.gz, ../Lisa_data/SW7_H_39_2.fq.gz]] :

Detected a *potential* strand bias > 1% in an unstranded protocol check the file: ./output/SW7_H_39/lib_format_counts.json for details

