[2025-05-14 16:12:16.104] [jointLog] [info] setting maxHashResizeThreads to 128
[2025-05-14 16:12:16.104] [jointLog] [info] Fragment incompatibility prior below threshold.  Incompatible fragments will be ignored.
[2025-05-14 16:12:16.104] [jointLog] [info] Usage of --validateMappings implies use of minScoreFraction. Since not explicitly specified, it is being set to 0.65
[2025-05-14 16:12:16.104] [jointLog] [info] Setting consensusSlack to selective-alignment default of 0.35.
[2025-05-14 16:12:16.104] [jointLog] [info] parsing read library format
[2025-05-14 16:12:16.105] [jointLog] [info] There is 1 library.
[2025-05-14 16:12:16.105] [jointLog] [info] Loading pufferfish index
[2025-05-14 16:12:16.105] [jointLog] [info] Loading dense pufferfish index.
[2025-05-14 16:12:27.157] [jointLog] [info] done
[2025-05-14 16:12:27.213] [jointLog] [info] Index contained 34,701 targets
[2025-05-14 16:12:27.218] [jointLog] [info] Number of decoys : 13
[2025-05-14 16:12:27.218] [jointLog] [info] First decoy index : 34,688 
[2025-05-14 16:14:25.189] [fileLog] [info] 
At end of round 0
==================
Observed 26765641 total fragments (26765641 in most recent round)

[2025-05-14 16:14:25.187] [jointLog] [info] Computed 23,058 rich equivalence classes for further processing
[2025-05-14 16:14:25.187] [jointLog] [info] Counted 20,809,430 total reads in the equivalence classes 
[2025-05-14 16:14:25.553] [jointLog] [info] Number of mappings discarded because of alignment score : 5,323,047
[2025-05-14 16:14:25.553] [jointLog] [info] Number of fragments entirely discarded because of alignment score : 2,893,651
[2025-05-14 16:14:25.553] [jointLog] [info] Number of fragments discarded because they are best-mapped to decoys : 2,263,820
[2025-05-14 16:14:25.553] [jointLog] [info] Number of fragments discarded because they have only dovetail (discordant) mappings to valid targets : 379,381
[2025-05-14 16:14:25.553] [jointLog] [info] Mapping rate = 77.7468%

[2025-05-14 16:14:25.553] [jointLog] [info] finished quantifyLibrary()
[2025-05-14 16:14:25.553] [jointLog] [info] Starting optimizer
[2025-05-14 16:14:25.565] [jointLog] [info] Marked 0 weighted equivalence classes as degenerate
[2025-05-14 16:14:25.569] [jointLog] [info] iteration = 0 | max rel diff. = 32352
[2025-05-14 16:14:25.862] [jointLog] [info] iteration = 100 | max rel diff. = 0.00961657
[2025-05-14 16:14:25.864] [jointLog] [info] Finished optimizer
[2025-05-14 16:14:25.864] [jointLog] [info] writing output 

[2025-05-14 16:14:25.940] [jointLog] [info] Starting Bootstrapping
[2025-05-14 16:14:25.944] [jointLog] [info] Will draw 100 bootstrap samples
[2025-05-14 16:14:25.944] [jointLog] [info] Optimizing over 23,058 equivalence classes
[2025-05-14 16:14:25.946] [jointLog] [info] Marked 0 weighted equivalence classes as degenerate
[2025-05-14 16:14:28.944] [jointLog] [info] wrote 1 bootstraps
[2025-05-14 16:14:29.063] [jointLog] [info] wrote 2 bootstraps
[2025-05-14 16:14:29.348] [jointLog] [info] wrote 3 bootstraps
[2025-05-14 16:14:29.539] [jointLog] [info] wrote 4 bootstraps
[2025-05-14 16:14:29.561] [jointLog] [info] wrote 5 bootstraps
[2025-05-14 16:14:29.574] [jointLog] [info] wrote 6 bootstraps
[2025-05-14 16:14:29.625] [jointLog] [info] wrote 7 bootstraps
[2025-05-14 16:14:29.724] [jointLog] [info] wrote 8 bootstraps
[2025-05-14 16:14:29.739] [jointLog] [info] wrote 9 bootstraps
[2025-05-14 16:14:29.751] [jointLog] [info] wrote 10 bootstraps
[2025-05-14 16:14:29.766] [jointLog] [info] wrote 11 bootstraps
[2025-05-14 16:14:29.781] [jointLog] [info] wrote 12 bootstraps
[2025-05-14 16:14:29.796] [jointLog] [info] wrote 13 bootstraps
[2025-05-14 16:14:29.811] [jointLog] [info] wrote 14 bootstraps
[2025-05-14 16:14:29.826] [jointLog] [info] wrote 15 bootstraps
[2025-05-14 16:14:29.839] [jointLog] [info] wrote 16 bootstraps
[2025-05-14 16:14:29.854] [jointLog] [info] wrote 17 bootstraps
[2025-05-14 16:14:29.869] [jointLog] [info] wrote 18 bootstraps
[2025-05-14 16:14:29.883] [jointLog] [info] wrote 19 bootstraps
[2025-05-14 16:14:29.898] [jointLog] [info] wrote 20 bootstraps
[2025-05-14 16:14:29.912] [jointLog] [info] wrote 21 bootstraps
[2025-05-14 16:14:29.926] [jointLog] [info] wrote 22 bootstraps
[2025-05-14 16:14:29.940] [jointLog] [info] wrote 23 bootstraps
[2025-05-14 16:14:29.955] [jointLog] [info] wrote 24 bootstraps
[2025-05-14 16:14:29.969] [jointLog] [info] wrote 25 bootstraps
[2025-05-14 16:14:29.981] [jointLog] [info] wrote 26 bootstraps
[2025-05-14 16:14:29.996] [jointLog] [info] wrote 27 bootstraps
[2025-05-14 16:14:30.011] [jointLog] [info] wrote 28 bootstraps
[2025-05-14 16:14:30.025] [jointLog] [info] wrote 29 bootstraps
[2025-05-14 16:14:30.039] [jointLog] [info] wrote 30 bootstraps
[2025-05-14 16:14:30.051] [jointLog] [info] wrote 31 bootstraps
[2025-05-14 16:14:30.066] [jointLog] [info] wrote 32 bootstraps
[2025-05-14 16:14:30.081] [jointLog] [info] wrote 33 bootstraps
[2025-05-14 16:14:30.095] [jointLog] [info] wrote 34 bootstraps
[2025-05-14 16:14:30.110] [jointLog] [info] wrote 35 bootstraps
[2025-05-14 16:14:30.124] [jointLog] [info] wrote 36 bootstraps
[2025-05-14 16:14:30.139] [jointLog] [info] wrote 37 bootstraps
[2025-05-14 16:14:30.155] [jointLog] [info] wrote 38 bootstraps
[2025-05-14 16:14:30.169] [jointLog] [info] wrote 39 bootstraps
[2025-05-14 16:14:30.183] [jointLog] [info] wrote 40 bootstraps
[2025-05-14 16:14:30.199] [jointLog] [info] wrote 41 bootstraps
[2025-05-14 16:14:30.214] [jointLog] [info] wrote 42 bootstraps
[2025-05-14 16:14:30.229] [jointLog] [info] wrote 43 bootstraps
[2025-05-14 16:14:30.250] [jointLog] [info] wrote 44 bootstraps
[2025-05-14 16:14:30.266] [jointLog] [info] wrote 45 bootstraps
[2025-05-14 16:14:30.277] [jointLog] [info] wrote 46 bootstraps
[2025-05-14 16:14:30.296] [jointLog] [info] wrote 47 bootstraps
[2025-05-14 16:14:30.310] [jointLog] [info] wrote 48 bootstraps
[2025-05-14 16:14:30.330] [jointLog] [info] wrote 49 bootstraps
[2025-05-14 16:14:30.349] [jointLog] [info] wrote 50 bootstraps
[2025-05-14 16:14:30.363] [jointLog] [info] wrote 51 bootstraps
[2025-05-14 16:14:30.384] [jointLog] [info] wrote 52 bootstraps
[2025-05-14 16:14:30.405] [jointLog] [info] wrote 53 bootstraps
[2025-05-14 16:14:30.420] [jointLog] [info] wrote 54 bootstraps
[2025-05-14 16:14:30.434] [jointLog] [info] wrote 55 bootstraps
[2025-05-14 16:14:30.459] [jointLog] [info] wrote 56 bootstraps
[2025-05-14 16:14:30.483] [jointLog] [info] wrote 57 bootstraps
[2025-05-14 16:14:30.504] [jointLog] [info] wrote 58 bootstraps
[2025-05-14 16:14:30.528] [jointLog] [info] wrote 59 bootstraps
[2025-05-14 16:14:30.551] [jointLog] [info] wrote 60 bootstraps
[2025-05-14 16:14:30.574] [jointLog] [info] wrote 61 bootstraps
[2025-05-14 16:14:30.597] [jointLog] [info] wrote 62 bootstraps
[2025-05-14 16:14:30.621] [jointLog] [info] wrote 63 bootstraps
[2025-05-14 16:14:30.641] [jointLog] [info] wrote 64 bootstraps
[2025-05-14 16:14:30.660] [jointLog] [info] wrote 65 bootstraps
[2025-05-14 16:14:30.685] [jointLog] [info] wrote 66 bootstraps
[2025-05-14 16:14:30.708] [jointLog] [info] wrote 67 bootstraps
[2025-05-14 16:14:30.730] [jointLog] [info] wrote 68 bootstraps
[2025-05-14 16:14:30.751] [jointLog] [info] wrote 69 bootstraps
[2025-05-14 16:14:30.773] [jointLog] [info] wrote 70 bootstraps
[2025-05-14 16:14:30.795] [jointLog] [info] wrote 71 bootstraps
[2025-05-14 16:14:30.818] [jointLog] [info] wrote 72 bootstraps
[2025-05-14 16:14:30.842] [jointLog] [info] wrote 73 bootstraps
[2025-05-14 16:14:30.863] [jointLog] [info] wrote 74 bootstraps
[2025-05-14 16:14:30.885] [jointLog] [info] wrote 75 bootstraps
[2025-05-14 16:14:30.908] [jointLog] [info] wrote 76 bootstraps
[2025-05-14 16:14:30.932] [jointLog] [info] wrote 77 bootstraps
[2025-05-14 16:14:30.955] [jointLog] [info] wrote 78 bootstraps
[2025-05-14 16:14:30.978] [jointLog] [info] wrote 79 bootstraps
[2025-05-14 16:14:31.000] [jointLog] [info] wrote 80 bootstraps
[2025-05-14 16:14:31.021] [jointLog] [info] wrote 81 bootstraps
[2025-05-14 16:14:31.043] [jointLog] [info] wrote 82 bootstraps
[2025-05-14 16:14:31.064] [jointLog] [info] wrote 83 bootstraps
[2025-05-14 16:14:31.086] [jointLog] [info] wrote 84 bootstraps
[2025-05-14 16:14:31.108] [jointLog] [info] wrote 85 bootstraps
[2025-05-14 16:14:31.129] [jointLog] [info] wrote 86 bootstraps
[2025-05-14 16:14:31.152] [jointLog] [info] wrote 87 bootstraps
[2025-05-14 16:14:31.174] [jointLog] [info] wrote 88 bootstraps
[2025-05-14 16:14:31.198] [jointLog] [info] wrote 89 bootstraps
[2025-05-14 16:14:31.220] [jointLog] [info] wrote 90 bootstraps
[2025-05-14 16:14:31.243] [jointLog] [info] wrote 91 bootstraps
[2025-05-14 16:14:31.267] [jointLog] [info] wrote 92 bootstraps
[2025-05-14 16:14:31.288] [jointLog] [info] wrote 93 bootstraps
[2025-05-14 16:14:31.311] [jointLog] [info] wrote 94 bootstraps
[2025-05-14 16:14:31.332] [jointLog] [info] wrote 95 bootstraps
[2025-05-14 16:14:31.355] [jointLog] [info] wrote 96 bootstraps
[2025-05-14 16:14:31.370] [jointLog] [info] wrote 97 bootstraps
[2025-05-14 16:14:31.392] [jointLog] [info] wrote 98 bootstraps
[2025-05-14 16:14:31.413] [jointLog] [info] wrote 99 bootstraps
[2025-05-14 16:14:31.486] [jointLog] [info] wrote 100 bootstraps
[2025-05-14 16:14:31.489] [jointLog] [info] Finished Bootstrapping
[2025-05-14 16:14:31.489] [jointLog] [warning] NOTE: Read Lib [[ ../Lisa_data/SW7_SNI_65_MKRN240014582_1.fq.gz, ../Lisa_data/SW7_SNI_65_MKRN240014582_2.fq.gz]] :

Detected a *potential* strand bias > 1% in an unstranded protocol check the file: ./output/SW7_SNI_65_MKRN240014582/lib_format_counts.json for details

