[2025-05-14 14:57:41.883] [jointLog] [info] setting maxHashResizeThreads to 128
[2025-05-14 14:57:41.883] [jointLog] [info] Fragment incompatibility prior below threshold.  Incompatible fragments will be ignored.
[2025-05-14 14:57:41.883] [jointLog] [info] Usage of --validateMappings implies use of minScoreFraction. Since not explicitly specified, it is being set to 0.65
[2025-05-14 14:57:41.883] [jointLog] [info] Setting consensusSlack to selective-alignment default of 0.35.
[2025-05-14 14:57:41.883] [jointLog] [info] parsing read library format
[2025-05-14 14:57:41.883] [jointLog] [info] There is 1 library.
[2025-05-14 14:57:41.883] [jointLog] [info] Loading pufferfish index
[2025-05-14 14:57:41.883] [jointLog] [info] Loading dense pufferfish index.
[2025-05-14 14:57:53.366] [jointLog] [info] done
[2025-05-14 14:57:53.428] [jointLog] [info] Index contained 34,701 targets
[2025-05-14 14:57:53.434] [jointLog] [info] Number of decoys : 13
[2025-05-14 14:57:53.434] [jointLog] [info] First decoy index : 34,688 
[2025-05-14 14:59:32.072] [fileLog] [info] 
At end of round 0
==================
Observed 24148694 total fragments (24148694 in most recent round)

[2025-05-14 14:59:32.071] [jointLog] [info] Computed 21,878 rich equivalence classes for further processing
[2025-05-14 14:59:32.071] [jointLog] [info] Counted 17,580,386 total reads in the equivalence classes 
[2025-05-14 14:59:32.158] [jointLog] [info] Number of mappings discarded because of alignment score : 4,559,343
[2025-05-14 14:59:32.158] [jointLog] [info] Number of fragments entirely discarded because of alignment score : 2,629,589
[2025-05-14 14:59:32.158] [jointLog] [info] Number of fragments discarded because they are best-mapped to decoys : 2,077,300
[2025-05-14 14:59:32.158] [jointLog] [info] Number of fragments discarded because they have only dovetail (discordant) mappings to valid targets : 355,043
[2025-05-14 14:59:32.158] [jointLog] [info] Mapping rate = 72.8006%

[2025-05-14 14:59:32.158] [jointLog] [info] finished quantifyLibrary()
[2025-05-14 14:59:32.158] [jointLog] [info] Starting optimizer
[2025-05-14 14:59:32.174] [jointLog] [info] Marked 0 weighted equivalence classes as degenerate
[2025-05-14 14:59:32.178] [jointLog] [info] iteration = 0 | max rel diff. = 31622.8
[2025-05-14 14:59:32.437] [jointLog] [info] iteration = 100 | max rel diff. = 0.0879609
[2025-05-14 14:59:32.666] [jointLog] [info] iteration = 200 | max rel diff. = 0.0387829
[2025-05-14 14:59:32.880] [jointLog] [info] iteration = 300 | max rel diff. = 0.0143162
[2025-05-14 14:59:33.076] [jointLog] [info] iteration = 397 | max rel diff. = 8.72152e-05
[2025-05-14 14:59:33.077] [jointLog] [info] Finished optimizer
[2025-05-14 14:59:33.077] [jointLog] [info] writing output 

[2025-05-14 14:59:33.120] [jointLog] [info] Starting Bootstrapping
[2025-05-14 14:59:33.123] [jointLog] [info] Will draw 100 bootstrap samples
[2025-05-14 14:59:33.123] [jointLog] [info] Optimizing over 21,878 equivalence classes
[2025-05-14 14:59:33.123] [jointLog] [info] Marked 0 weighted equivalence classes as degenerate
[2025-05-14 14:59:36.015] [jointLog] [info] wrote 1 bootstraps
[2025-05-14 14:59:36.066] [jointLog] [info] wrote 2 bootstraps
[2025-05-14 14:59:36.164] [jointLog] [info] wrote 3 bootstraps
[2025-05-14 14:59:36.204] [jointLog] [info] wrote 4 bootstraps
[2025-05-14 14:59:36.258] [jointLog] [info] wrote 5 bootstraps
[2025-05-14 14:59:36.319] [jointLog] [info] wrote 6 bootstraps
[2025-05-14 14:59:36.334] [jointLog] [info] wrote 7 bootstraps
[2025-05-14 14:59:36.349] [jointLog] [info] wrote 8 bootstraps
[2025-05-14 14:59:36.363] [jointLog] [info] wrote 9 bootstraps
[2025-05-14 14:59:36.375] [jointLog] [info] wrote 10 bootstraps
[2025-05-14 14:59:36.390] [jointLog] [info] wrote 11 bootstraps
[2025-05-14 14:59:36.406] [jointLog] [info] wrote 12 bootstraps
[2025-05-14 14:59:36.422] [jointLog] [info] wrote 13 bootstraps
[2025-05-14 14:59:36.439] [jointLog] [info] wrote 14 bootstraps
[2025-05-14 14:59:36.453] [jointLog] [info] wrote 15 bootstraps
[2025-05-14 14:59:36.470] [jointLog] [info] wrote 16 bootstraps
[2025-05-14 14:59:36.487] [jointLog] [info] wrote 17 bootstraps
[2025-05-14 14:59:36.502] [jointLog] [info] wrote 18 bootstraps
[2025-05-14 14:59:36.517] [jointLog] [info] wrote 19 bootstraps
[2025-05-14 14:59:36.533] [jointLog] [info] wrote 20 bootstraps
[2025-05-14 14:59:36.548] [jointLog] [info] wrote 21 bootstraps
[2025-05-14 14:59:36.560] [jointLog] [info] wrote 22 bootstraps
[2025-05-14 14:59:36.572] [jointLog] [info] wrote 23 bootstraps
[2025-05-14 14:59:36.588] [jointLog] [info] wrote 24 bootstraps
[2025-05-14 14:59:36.604] [jointLog] [info] wrote 25 bootstraps
[2025-05-14 14:59:36.619] [jointLog] [info] wrote 26 bootstraps
[2025-05-14 14:59:36.635] [jointLog] [info] wrote 27 bootstraps
[2025-05-14 14:59:36.650] [jointLog] [info] wrote 28 bootstraps
[2025-05-14 14:59:36.664] [jointLog] [info] wrote 29 bootstraps
[2025-05-14 14:59:36.680] [jointLog] [info] wrote 30 bootstraps
[2025-05-14 14:59:36.695] [jointLog] [info] wrote 31 bootstraps
[2025-05-14 14:59:36.710] [jointLog] [info] wrote 32 bootstraps
[2025-05-14 14:59:36.725] [jointLog] [info] wrote 33 bootstraps
[2025-05-14 14:59:36.740] [jointLog] [info] wrote 34 bootstraps
[2025-05-14 14:59:36.755] [jointLog] [info] wrote 35 bootstraps
[2025-05-14 14:59:36.771] [jointLog] [info] wrote 36 bootstraps
[2025-05-14 14:59:36.785] [jointLog] [info] wrote 37 bootstraps
[2025-05-14 14:59:36.800] [jointLog] [info] wrote 38 bootstraps
[2025-05-14 14:59:36.815] [jointLog] [info] wrote 39 bootstraps
[2025-05-14 14:59:36.829] [jointLog] [info] wrote 40 bootstraps
[2025-05-14 14:59:36.844] [jointLog] [info] wrote 41 bootstraps
[2025-05-14 14:59:36.860] [jointLog] [info] wrote 42 bootstraps
[2025-05-14 14:59:36.872] [jointLog] [info] wrote 43 bootstraps
[2025-05-14 14:59:36.885] [jointLog] [info] wrote 44 bootstraps
[2025-05-14 14:59:36.900] [jointLog] [info] wrote 45 bootstraps
[2025-05-14 14:59:36.914] [jointLog] [info] wrote 46 bootstraps
[2025-05-14 14:59:36.929] [jointLog] [info] wrote 47 bootstraps
[2025-05-14 14:59:36.941] [jointLog] [info] wrote 48 bootstraps
[2025-05-14 14:59:36.954] [jointLog] [info] wrote 49 bootstraps
[2025-05-14 14:59:36.969] [jointLog] [info] wrote 50 bootstraps
[2025-05-14 14:59:36.982] [jointLog] [info] wrote 51 bootstraps
[2025-05-14 14:59:36.995] [jointLog] [info] wrote 52 bootstraps
[2025-05-14 14:59:37.010] [jointLog] [info] wrote 53 bootstraps
[2025-05-14 14:59:37.024] [jointLog] [info] wrote 54 bootstraps
[2025-05-14 14:59:37.039] [jointLog] [info] wrote 55 bootstraps
[2025-05-14 14:59:37.055] [jointLog] [info] wrote 56 bootstraps
[2025-05-14 14:59:37.070] [jointLog] [info] wrote 57 bootstraps
[2025-05-14 14:59:37.085] [jointLog] [info] wrote 58 bootstraps
[2025-05-14 14:59:37.100] [jointLog] [info] wrote 59 bootstraps
[2025-05-14 14:59:37.115] [jointLog] [info] wrote 60 bootstraps
[2025-05-14 14:59:37.128] [jointLog] [info] wrote 61 bootstraps
[2025-05-14 14:59:37.143] [jointLog] [info] wrote 62 bootstraps
[2025-05-14 14:59:37.158] [jointLog] [info] wrote 63 bootstraps
[2025-05-14 14:59:37.172] [jointLog] [info] wrote 64 bootstraps
[2025-05-14 14:59:37.188] [jointLog] [info] wrote 65 bootstraps
[2025-05-14 14:59:37.203] [jointLog] [info] wrote 66 bootstraps
[2025-05-14 14:59:37.220] [jointLog] [info] wrote 67 bootstraps
[2025-05-14 14:59:37.234] [jointLog] [info] wrote 68 bootstraps
[2025-05-14 14:59:37.251] [jointLog] [info] wrote 69 bootstraps
[2025-05-14 14:59:37.265] [jointLog] [info] wrote 70 bootstraps
[2025-05-14 14:59:37.280] [jointLog] [info] wrote 71 bootstraps
[2025-05-14 14:59:37.296] [jointLog] [info] wrote 72 bootstraps
[2025-05-14 14:59:37.312] [jointLog] [info] wrote 73 bootstraps
[2025-05-14 14:59:37.327] [jointLog] [info] wrote 74 bootstraps
[2025-05-14 14:59:37.342] [jointLog] [info] wrote 75 bootstraps
[2025-05-14 14:59:37.360] [jointLog] [info] wrote 76 bootstraps
[2025-05-14 14:59:37.376] [jointLog] [info] wrote 77 bootstraps
[2025-05-14 14:59:37.391] [jointLog] [info] wrote 78 bootstraps
[2025-05-14 14:59:37.407] [jointLog] [info] wrote 79 bootstraps
[2025-05-14 14:59:37.422] [jointLog] [info] wrote 80 bootstraps
[2025-05-14 14:59:37.439] [jointLog] [info] wrote 81 bootstraps
[2025-05-14 14:59:37.456] [jointLog] [info] wrote 82 bootstraps
[2025-05-14 14:59:37.473] [jointLog] [info] wrote 83 bootstraps
[2025-05-14 14:59:37.492] [jointLog] [info] wrote 84 bootstraps
[2025-05-14 14:59:37.507] [jointLog] [info] wrote 85 bootstraps
[2025-05-14 14:59:37.523] [jointLog] [info] wrote 86 bootstraps
[2025-05-14 14:59:37.543] [jointLog] [info] wrote 87 bootstraps
[2025-05-14 14:59:37.561] [jointLog] [info] wrote 88 bootstraps
[2025-05-14 14:59:37.576] [jointLog] [info] wrote 89 bootstraps
[2025-05-14 14:59:37.592] [jointLog] [info] wrote 90 bootstraps
[2025-05-14 14:59:37.608] [jointLog] [info] wrote 91 bootstraps
[2025-05-14 14:59:37.622] [jointLog] [info] wrote 92 bootstraps
[2025-05-14 14:59:37.638] [jointLog] [info] wrote 93 bootstraps
[2025-05-14 14:59:37.660] [jointLog] [info] wrote 94 bootstraps
[2025-05-14 14:59:37.674] [jointLog] [info] wrote 95 bootstraps
[2025-05-14 14:59:37.690] [jointLog] [info] wrote 96 bootstraps
[2025-05-14 14:59:37.706] [jointLog] [info] wrote 97 bootstraps
[2025-05-14 14:59:37.722] [jointLog] [info] wrote 98 bootstraps
[2025-05-14 14:59:37.737] [jointLog] [info] wrote 99 bootstraps
[2025-05-14 14:59:38.946] [jointLog] [info] wrote 100 bootstraps
[2025-05-14 14:59:38.953] [jointLog] [info] Finished Bootstrapping
[2025-05-14 14:59:38.954] [jointLog] [warning] NOTE: Read Lib [[ ../Lisa_data/Fla_SRB_97_1.fq.gz, ../Lisa_data/Fla_SRB_97_2.fq.gz]] :

Detected a *potential* strand bias > 1% in an unstranded protocol check the file: ./output/Fla_SRB_97/lib_format_counts.json for details

