[2025-05-14 16:09:03.952] [jointLog] [info] setting maxHashResizeThreads to 128
[2025-05-14 16:09:03.952] [jointLog] [info] Fragment incompatibility prior below threshold.  Incompatible fragments will be ignored.
[2025-05-14 16:09:03.952] [jointLog] [info] Usage of --validateMappings implies use of minScoreFraction. Since not explicitly specified, it is being set to 0.65
[2025-05-14 16:09:03.952] [jointLog] [info] Setting consensusSlack to selective-alignment default of 0.35.
[2025-05-14 16:09:03.952] [jointLog] [info] parsing read library format
[2025-05-14 16:09:03.952] [jointLog] [info] There is 1 library.
[2025-05-14 16:09:03.952] [jointLog] [info] Loading pufferfish index
[2025-05-14 16:09:03.952] [jointLog] [info] Loading dense pufferfish index.
[2025-05-14 16:09:15.586] [jointLog] [info] done
[2025-05-14 16:09:15.650] [jointLog] [info] Index contained 34,701 targets
[2025-05-14 16:09:15.656] [jointLog] [info] Number of decoys : 13
[2025-05-14 16:09:15.656] [jointLog] [info] First decoy index : 34,688 
[2025-05-14 16:10:16.250] [jointLog] [info] Computed 22,782 rich equivalence classes for further processing
[2025-05-14 16:10:16.250] [jointLog] [info] Counted 10,995,583 total reads in the equivalence classes 
[2025-05-14 16:10:16.450] [jointLog] [info] Number of mappings discarded because of alignment score : 2,633,363
[2025-05-14 16:10:16.450] [jointLog] [info] Number of fragments entirely discarded because of alignment score : 1,618,852
[2025-05-14 16:10:16.450] [jointLog] [info] Number of fragments discarded because they are best-mapped to decoys : 1,242,602
[2025-05-14 16:10:16.450] [jointLog] [info] Number of fragments discarded because they have only dovetail (discordant) mappings to valid targets : 174,403
[2025-05-14 16:10:16.450] [jointLog] [info] Mapping rate = 76.8779%

[2025-05-14 16:10:16.450] [jointLog] [info] finished quantifyLibrary()
[2025-05-14 16:10:16.450] [jointLog] [info] Starting optimizer
[2025-05-14 16:10:16.466] [jointLog] [info] Marked 0 weighted equivalence classes as degenerate
[2025-05-14 16:10:16.470] [jointLog] [info] iteration = 0 | max rel diff. = 24259
[2025-05-14 16:10:16.251] [fileLog] [info] 
At end of round 0
==================
Observed 14302650 total fragments (14302650 in most recent round)

[2025-05-14 16:10:16.758] [jointLog] [info] iteration = 100 | max rel diff. = 0.0890469
[2025-05-14 16:10:16.783] [jointLog] [info] iteration = 112 | max rel diff. = 0.0059903
[2025-05-14 16:10:16.784] [jointLog] [info] Finished optimizer
[2025-05-14 16:10:16.784] [jointLog] [info] writing output 

[2025-05-14 16:10:16.848] [jointLog] [info] Starting Bootstrapping
[2025-05-14 16:10:16.853] [jointLog] [info] Will draw 100 bootstrap samples
[2025-05-14 16:10:16.853] [jointLog] [info] Optimizing over 22,782 equivalence classes
[2025-05-14 16:10:16.854] [jointLog] [info] Marked 0 weighted equivalence classes as degenerate
[2025-05-14 16:10:18.729] [jointLog] [info] wrote 1 bootstraps
[2025-05-14 16:10:18.756] [jointLog] [info] wrote 2 bootstraps
[2025-05-14 16:10:19.052] [jointLog] [info] wrote 3 bootstraps
[2025-05-14 16:10:19.345] [jointLog] [info] wrote 4 bootstraps
[2025-05-14 16:10:19.358] [jointLog] [info] wrote 5 bootstraps
[2025-05-14 16:10:19.375] [jointLog] [info] wrote 6 bootstraps
[2025-05-14 16:10:19.387] [jointLog] [info] wrote 7 bootstraps
[2025-05-14 16:10:19.401] [jointLog] [info] wrote 8 bootstraps
[2025-05-14 16:10:19.414] [jointLog] [info] wrote 9 bootstraps
[2025-05-14 16:10:19.427] [jointLog] [info] wrote 10 bootstraps
[2025-05-14 16:10:19.441] [jointLog] [info] wrote 11 bootstraps
[2025-05-14 16:10:19.456] [jointLog] [info] wrote 12 bootstraps
[2025-05-14 16:10:19.468] [jointLog] [info] wrote 13 bootstraps
[2025-05-14 16:10:19.483] [jointLog] [info] wrote 14 bootstraps
[2025-05-14 16:10:19.497] [jointLog] [info] wrote 15 bootstraps
[2025-05-14 16:10:19.512] [jointLog] [info] wrote 16 bootstraps
[2025-05-14 16:10:19.528] [jointLog] [info] wrote 17 bootstraps
[2025-05-14 16:10:19.542] [jointLog] [info] wrote 18 bootstraps
[2025-05-14 16:10:19.561] [jointLog] [info] wrote 19 bootstraps
[2025-05-14 16:10:19.573] [jointLog] [info] wrote 20 bootstraps
[2025-05-14 16:10:19.587] [jointLog] [info] wrote 21 bootstraps
[2025-05-14 16:10:19.601] [jointLog] [info] wrote 22 bootstraps
[2025-05-14 16:10:19.614] [jointLog] [info] wrote 23 bootstraps
[2025-05-14 16:10:19.625] [jointLog] [info] wrote 24 bootstraps
[2025-05-14 16:10:19.640] [jointLog] [info] wrote 25 bootstraps
[2025-05-14 16:10:19.653] [jointLog] [info] wrote 26 bootstraps
[2025-05-14 16:10:19.668] [jointLog] [info] wrote 27 bootstraps
[2025-05-14 16:10:19.683] [jointLog] [info] wrote 28 bootstraps
[2025-05-14 16:10:19.697] [jointLog] [info] wrote 29 bootstraps
[2025-05-14 16:10:19.712] [jointLog] [info] wrote 30 bootstraps
[2025-05-14 16:10:19.725] [jointLog] [info] wrote 31 bootstraps
[2025-05-14 16:10:19.739] [jointLog] [info] wrote 32 bootstraps
[2025-05-14 16:10:19.754] [jointLog] [info] wrote 33 bootstraps
[2025-05-14 16:10:19.769] [jointLog] [info] wrote 34 bootstraps
[2025-05-14 16:10:19.785] [jointLog] [info] wrote 35 bootstraps
[2025-05-14 16:10:19.801] [jointLog] [info] wrote 36 bootstraps
[2025-05-14 16:10:19.819] [jointLog] [info] wrote 37 bootstraps
[2025-05-14 16:10:19.833] [jointLog] [info] wrote 38 bootstraps
[2025-05-14 16:10:19.852] [jointLog] [info] wrote 39 bootstraps
[2025-05-14 16:10:19.870] [jointLog] [info] wrote 40 bootstraps
[2025-05-14 16:10:19.890] [jointLog] [info] wrote 41 bootstraps
[2025-05-14 16:10:19.909] [jointLog] [info] wrote 42 bootstraps
[2025-05-14 16:10:19.927] [jointLog] [info] wrote 43 bootstraps
[2025-05-14 16:10:19.942] [jointLog] [info] wrote 44 bootstraps
[2025-05-14 16:10:19.961] [jointLog] [info] wrote 45 bootstraps
[2025-05-14 16:10:19.979] [jointLog] [info] wrote 46 bootstraps
[2025-05-14 16:10:19.999] [jointLog] [info] wrote 47 bootstraps
[2025-05-14 16:10:20.023] [jointLog] [info] wrote 48 bootstraps
[2025-05-14 16:10:20.042] [jointLog] [info] wrote 49 bootstraps
[2025-05-14 16:10:20.066] [jointLog] [info] wrote 50 bootstraps
[2025-05-14 16:10:20.088] [jointLog] [info] wrote 51 bootstraps
[2025-05-14 16:10:20.110] [jointLog] [info] wrote 52 bootstraps
[2025-05-14 16:10:20.132] [jointLog] [info] wrote 53 bootstraps
[2025-05-14 16:10:20.155] [jointLog] [info] wrote 54 bootstraps
[2025-05-14 16:10:20.179] [jointLog] [info] wrote 55 bootstraps
[2025-05-14 16:10:20.203] [jointLog] [info] wrote 56 bootstraps
[2025-05-14 16:10:20.224] [jointLog] [info] wrote 57 bootstraps
[2025-05-14 16:10:20.247] [jointLog] [info] wrote 58 bootstraps
[2025-05-14 16:10:20.265] [jointLog] [info] wrote 59 bootstraps
[2025-05-14 16:10:20.287] [jointLog] [info] wrote 60 bootstraps
[2025-05-14 16:10:20.309] [jointLog] [info] wrote 61 bootstraps
[2025-05-14 16:10:20.332] [jointLog] [info] wrote 62 bootstraps
[2025-05-14 16:10:20.354] [jointLog] [info] wrote 63 bootstraps
[2025-05-14 16:10:20.376] [jointLog] [info] wrote 64 bootstraps
[2025-05-14 16:10:20.398] [jointLog] [info] wrote 65 bootstraps
[2025-05-14 16:10:20.420] [jointLog] [info] wrote 66 bootstraps
[2025-05-14 16:10:20.439] [jointLog] [info] wrote 67 bootstraps
[2025-05-14 16:10:20.461] [jointLog] [info] wrote 68 bootstraps
[2025-05-14 16:10:20.483] [jointLog] [info] wrote 69 bootstraps
[2025-05-14 16:10:20.505] [jointLog] [info] wrote 70 bootstraps
[2025-05-14 16:10:20.527] [jointLog] [info] wrote 71 bootstraps
[2025-05-14 16:10:20.548] [jointLog] [info] wrote 72 bootstraps
[2025-05-14 16:10:20.571] [jointLog] [info] wrote 73 bootstraps
[2025-05-14 16:10:20.592] [jointLog] [info] wrote 74 bootstraps
[2025-05-14 16:10:20.613] [jointLog] [info] wrote 75 bootstraps
[2025-05-14 16:10:20.636] [jointLog] [info] wrote 76 bootstraps
[2025-05-14 16:10:20.658] [jointLog] [info] wrote 77 bootstraps
[2025-05-14 16:10:20.681] [jointLog] [info] wrote 78 bootstraps
[2025-05-14 16:10:20.703] [jointLog] [info] wrote 79 bootstraps
[2025-05-14 16:10:20.725] [jointLog] [info] wrote 80 bootstraps
[2025-05-14 16:10:20.747] [jointLog] [info] wrote 81 bootstraps
[2025-05-14 16:10:20.770] [jointLog] [info] wrote 82 bootstraps
[2025-05-14 16:10:20.792] [jointLog] [info] wrote 83 bootstraps
[2025-05-14 16:10:20.813] [jointLog] [info] wrote 84 bootstraps
[2025-05-14 16:10:20.835] [jointLog] [info] wrote 85 bootstraps
[2025-05-14 16:10:20.857] [jointLog] [info] wrote 86 bootstraps
[2025-05-14 16:10:20.879] [jointLog] [info] wrote 87 bootstraps
[2025-05-14 16:10:20.901] [jointLog] [info] wrote 88 bootstraps
[2025-05-14 16:10:20.923] [jointLog] [info] wrote 89 bootstraps
[2025-05-14 16:10:20.945] [jointLog] [info] wrote 90 bootstraps
[2025-05-14 16:10:20.969] [jointLog] [info] wrote 91 bootstraps
[2025-05-14 16:10:20.992] [jointLog] [info] wrote 92 bootstraps
[2025-05-14 16:10:21.014] [jointLog] [info] wrote 93 bootstraps
[2025-05-14 16:10:21.037] [jointLog] [info] wrote 94 bootstraps
[2025-05-14 16:10:21.059] [jointLog] [info] wrote 95 bootstraps
[2025-05-14 16:10:21.081] [jointLog] [info] wrote 96 bootstraps
[2025-05-14 16:10:21.103] [jointLog] [info] wrote 97 bootstraps
[2025-05-14 16:10:21.125] [jointLog] [info] wrote 98 bootstraps
[2025-05-14 16:10:21.147] [jointLog] [info] wrote 99 bootstraps
[2025-05-14 16:10:21.169] [jointLog] [info] wrote 100 bootstraps
[2025-05-14 16:10:21.174] [jointLog] [info] Finished Bootstrapping
[2025-05-14 16:10:21.174] [jointLog] [warning] NOTE: Read Lib [[ ../Lisa_data/SW7_H_42_1.fq.gz, ../Lisa_data/SW7_H_42_2.fq.gz]] :

Detected a *potential* strand bias > 1% in an unstranded protocol check the file: ./output/SW7_H_42/lib_format_counts.json for details

