[2025-05-14 14:33:27.245] [jointLog] [info] setting maxHashResizeThreads to 128
[2025-05-14 14:33:27.245] [jointLog] [info] Fragment incompatibility prior below threshold.  Incompatible fragments will be ignored.
[2025-05-14 14:33:27.245] [jointLog] [info] Usage of --validateMappings implies use of minScoreFraction. Since not explicitly specified, it is being set to 0.65
[2025-05-14 14:33:27.245] [jointLog] [info] Setting consensusSlack to selective-alignment default of 0.35.
[2025-05-14 14:33:27.245] [jointLog] [info] parsing read library format
[2025-05-14 14:33:27.245] [jointLog] [info] There is 1 library.
[2025-05-14 14:33:27.245] [jointLog] [info] Loading pufferfish index
[2025-05-14 14:33:27.245] [jointLog] [info] Loading dense pufferfish index.
[2025-05-14 14:33:37.742] [jointLog] [info] done
[2025-05-14 14:33:37.797] [jointLog] [info] Index contained 34,701 targets
[2025-05-14 14:33:37.802] [jointLog] [info] Number of decoys : 13
[2025-05-14 14:33:37.802] [jointLog] [info] First decoy index : 34,688 
[2025-05-14 14:35:21.424] [fileLog] [info] 
At end of round 0
==================
Observed 27623791 total fragments (27623791 in most recent round)

[2025-05-14 14:35:21.424] [jointLog] [info] Computed 20,230 rich equivalence classes for further processing
[2025-05-14 14:35:21.424] [jointLog] [info] Counted 22,791,373 total reads in the equivalence classes 
[2025-05-14 14:35:21.567] [jointLog] [info] Number of mappings discarded because of alignment score : 5,397,528
[2025-05-14 14:35:21.567] [jointLog] [info] Number of fragments entirely discarded because of alignment score : 2,985,241
[2025-05-14 14:35:21.567] [jointLog] [info] Number of fragments discarded because they are best-mapped to decoys : 2,424,963
[2025-05-14 14:35:21.567] [jointLog] [info] Number of fragments discarded because they have only dovetail (discordant) mappings to valid targets : 323,208
[2025-05-14 14:35:21.567] [jointLog] [info] Mapping rate = 82.5063%

[2025-05-14 14:35:21.567] [jointLog] [info] finished quantifyLibrary()
[2025-05-14 14:35:21.567] [jointLog] [info] Starting optimizer
[2025-05-14 14:35:21.580] [jointLog] [info] Marked 0 weighted equivalence classes as degenerate
[2025-05-14 14:35:21.583] [jointLog] [info] iteration = 0 | max rel diff. = 32222.4
[2025-05-14 14:35:21.802] [jointLog] [info] iteration = 100 | max rel diff. = 0.0875799
[2025-05-14 14:35:21.864] [jointLog] [info] iteration = 133 | max rel diff. = 0.00396974
[2025-05-14 14:35:21.866] [jointLog] [info] Finished optimizer
[2025-05-14 14:35:21.866] [jointLog] [info] writing output 

[2025-05-14 14:35:21.928] [jointLog] [info] Starting Bootstrapping
[2025-05-14 14:35:21.930] [jointLog] [info] Will draw 100 bootstrap samples
[2025-05-14 14:35:21.930] [jointLog] [info] Optimizing over 20,230 equivalence classes
[2025-05-14 14:35:21.931] [jointLog] [info] Marked 0 weighted equivalence classes as degenerate
[2025-05-14 14:35:25.128] [jointLog] [info] wrote 1 bootstraps
[2025-05-14 14:35:25.208] [jointLog] [info] wrote 2 bootstraps
[2025-05-14 14:35:25.222] [jointLog] [info] wrote 3 bootstraps
[2025-05-14 14:35:25.237] [jointLog] [info] wrote 4 bootstraps
[2025-05-14 14:35:25.258] [jointLog] [info] wrote 5 bootstraps
[2025-05-14 14:35:25.273] [jointLog] [info] wrote 6 bootstraps
[2025-05-14 14:35:25.288] [jointLog] [info] wrote 7 bootstraps
[2025-05-14 14:35:25.302] [jointLog] [info] wrote 8 bootstraps
[2025-05-14 14:35:25.316] [jointLog] [info] wrote 9 bootstraps
[2025-05-14 14:35:25.331] [jointLog] [info] wrote 10 bootstraps
[2025-05-14 14:35:25.347] [jointLog] [info] wrote 11 bootstraps
[2025-05-14 14:35:25.363] [jointLog] [info] wrote 12 bootstraps
[2025-05-14 14:35:25.377] [jointLog] [info] wrote 13 bootstraps
[2025-05-14 14:35:25.393] [jointLog] [info] wrote 14 bootstraps
[2025-05-14 14:35:25.415] [jointLog] [info] wrote 15 bootstraps
[2025-05-14 14:35:25.429] [jointLog] [info] wrote 16 bootstraps
[2025-05-14 14:35:25.444] [jointLog] [info] wrote 17 bootstraps
[2025-05-14 14:35:25.459] [jointLog] [info] wrote 18 bootstraps
[2025-05-14 14:35:25.473] [jointLog] [info] wrote 19 bootstraps
[2025-05-14 14:35:25.489] [jointLog] [info] wrote 20 bootstraps
[2025-05-14 14:35:25.503] [jointLog] [info] wrote 21 bootstraps
[2025-05-14 14:35:25.517] [jointLog] [info] wrote 22 bootstraps
[2025-05-14 14:35:25.533] [jointLog] [info] wrote 23 bootstraps
[2025-05-14 14:35:25.548] [jointLog] [info] wrote 24 bootstraps
[2025-05-14 14:35:25.562] [jointLog] [info] wrote 25 bootstraps
[2025-05-14 14:35:25.575] [jointLog] [info] wrote 26 bootstraps
[2025-05-14 14:35:25.589] [jointLog] [info] wrote 27 bootstraps
[2025-05-14 14:35:25.602] [jointLog] [info] wrote 28 bootstraps
[2025-05-14 14:35:25.617] [jointLog] [info] wrote 29 bootstraps
[2025-05-14 14:35:25.632] [jointLog] [info] wrote 30 bootstraps
[2025-05-14 14:35:25.647] [jointLog] [info] wrote 31 bootstraps
[2025-05-14 14:35:25.661] [jointLog] [info] wrote 32 bootstraps
[2025-05-14 14:35:25.676] [jointLog] [info] wrote 33 bootstraps
[2025-05-14 14:35:25.692] [jointLog] [info] wrote 34 bootstraps
[2025-05-14 14:35:25.706] [jointLog] [info] wrote 35 bootstraps
[2025-05-14 14:35:25.722] [jointLog] [info] wrote 36 bootstraps
[2025-05-14 14:35:25.737] [jointLog] [info] wrote 37 bootstraps
[2025-05-14 14:35:25.751] [jointLog] [info] wrote 38 bootstraps
[2025-05-14 14:35:25.766] [jointLog] [info] wrote 39 bootstraps
[2025-05-14 14:35:25.782] [jointLog] [info] wrote 40 bootstraps
[2025-05-14 14:35:25.794] [jointLog] [info] wrote 41 bootstraps
[2025-05-14 14:35:25.806] [jointLog] [info] wrote 42 bootstraps
[2025-05-14 14:35:25.819] [jointLog] [info] wrote 43 bootstraps
[2025-05-14 14:35:25.834] [jointLog] [info] wrote 44 bootstraps
[2025-05-14 14:35:25.845] [jointLog] [info] wrote 45 bootstraps
[2025-05-14 14:35:25.859] [jointLog] [info] wrote 46 bootstraps
[2025-05-14 14:35:25.872] [jointLog] [info] wrote 47 bootstraps
[2025-05-14 14:35:25.885] [jointLog] [info] wrote 48 bootstraps
[2025-05-14 14:35:25.900] [jointLog] [info] wrote 49 bootstraps
[2025-05-14 14:35:25.913] [jointLog] [info] wrote 50 bootstraps
[2025-05-14 14:35:25.925] [jointLog] [info] wrote 51 bootstraps
[2025-05-14 14:35:25.938] [jointLog] [info] wrote 52 bootstraps
[2025-05-14 14:35:25.952] [jointLog] [info] wrote 53 bootstraps
[2025-05-14 14:35:25.963] [jointLog] [info] wrote 54 bootstraps
[2025-05-14 14:35:25.977] [jointLog] [info] wrote 55 bootstraps
[2025-05-14 14:35:25.991] [jointLog] [info] wrote 56 bootstraps
[2025-05-14 14:35:26.005] [jointLog] [info] wrote 57 bootstraps
[2025-05-14 14:35:26.028] [jointLog] [info] wrote 58 bootstraps
[2025-05-14 14:35:26.040] [jointLog] [info] wrote 59 bootstraps
[2025-05-14 14:35:26.051] [jointLog] [info] wrote 60 bootstraps
[2025-05-14 14:35:26.062] [jointLog] [info] wrote 61 bootstraps
[2025-05-14 14:35:26.076] [jointLog] [info] wrote 62 bootstraps
[2025-05-14 14:35:26.088] [jointLog] [info] wrote 63 bootstraps
[2025-05-14 14:35:26.100] [jointLog] [info] wrote 64 bootstraps
[2025-05-14 14:35:26.114] [jointLog] [info] wrote 65 bootstraps
[2025-05-14 14:35:26.125] [jointLog] [info] wrote 66 bootstraps
[2025-05-14 14:35:26.137] [jointLog] [info] wrote 67 bootstraps
[2025-05-14 14:35:26.150] [jointLog] [info] wrote 68 bootstraps
[2025-05-14 14:35:26.161] [jointLog] [info] wrote 69 bootstraps
[2025-05-14 14:35:26.174] [jointLog] [info] wrote 70 bootstraps
[2025-05-14 14:35:26.186] [jointLog] [info] wrote 71 bootstraps
[2025-05-14 14:35:26.197] [jointLog] [info] wrote 72 bootstraps
[2025-05-14 14:35:26.230] [jointLog] [info] wrote 73 bootstraps
[2025-05-14 14:35:26.242] [jointLog] [info] wrote 74 bootstraps
[2025-05-14 14:35:26.253] [jointLog] [info] wrote 75 bootstraps
[2025-05-14 14:35:26.264] [jointLog] [info] wrote 76 bootstraps
[2025-05-14 14:35:26.275] [jointLog] [info] wrote 77 bootstraps
[2025-05-14 14:35:26.327] [jointLog] [info] wrote 78 bootstraps
[2025-05-14 14:35:26.338] [jointLog] [info] wrote 79 bootstraps
[2025-05-14 14:35:26.351] [jointLog] [info] wrote 80 bootstraps
[2025-05-14 14:35:26.363] [jointLog] [info] wrote 81 bootstraps
[2025-05-14 14:35:26.374] [jointLog] [info] wrote 82 bootstraps
[2025-05-14 14:35:26.385] [jointLog] [info] wrote 83 bootstraps
[2025-05-14 14:35:26.397] [jointLog] [info] wrote 84 bootstraps
[2025-05-14 14:35:26.410] [jointLog] [info] wrote 85 bootstraps
[2025-05-14 14:35:26.421] [jointLog] [info] wrote 86 bootstraps
[2025-05-14 14:35:26.432] [jointLog] [info] wrote 87 bootstraps
[2025-05-14 14:35:26.447] [jointLog] [info] wrote 88 bootstraps
[2025-05-14 14:35:26.458] [jointLog] [info] wrote 89 bootstraps
[2025-05-14 14:35:26.469] [jointLog] [info] wrote 90 bootstraps
[2025-05-14 14:35:26.480] [jointLog] [info] wrote 91 bootstraps
[2025-05-14 14:35:26.490] [jointLog] [info] wrote 92 bootstraps
[2025-05-14 14:35:26.501] [jointLog] [info] wrote 93 bootstraps
[2025-05-14 14:35:26.513] [jointLog] [info] wrote 94 bootstraps
[2025-05-14 14:35:26.538] [jointLog] [info] wrote 95 bootstraps
[2025-05-14 14:35:26.549] [jointLog] [info] wrote 96 bootstraps
[2025-05-14 14:35:26.575] [jointLog] [info] wrote 97 bootstraps
[2025-05-14 14:35:26.728] [jointLog] [info] wrote 98 bootstraps
[2025-05-14 14:35:26.794] [jointLog] [info] wrote 99 bootstraps
[2025-05-14 14:35:27.819] [jointLog] [info] wrote 100 bootstraps
[2025-05-14 14:35:27.824] [jointLog] [info] Finished Bootstrapping
[2025-05-14 14:35:27.824] [jointLog] [warning] NOTE: Read Lib [[ ../Lisa_data/Fla_H_4_1.fq.gz, ../Lisa_data/Fla_H_4_2.fq.gz]] :

Detected a *potential* strand bias > 1% in an unstranded protocol check the file: ./output/Fla_H_4/lib_format_counts.json for details

