[2025-05-14 16:02:06.033] [jointLog] [info] setting maxHashResizeThreads to 128
[2025-05-14 16:02:06.033] [jointLog] [info] Fragment incompatibility prior below threshold.  Incompatible fragments will be ignored.
[2025-05-14 16:02:06.033] [jointLog] [info] Usage of --validateMappings implies use of minScoreFraction. Since not explicitly specified, it is being set to 0.65
[2025-05-14 16:02:06.033] [jointLog] [info] Setting consensusSlack to selective-alignment default of 0.35.
[2025-05-14 16:02:06.033] [jointLog] [info] parsing read library format
[2025-05-14 16:02:06.033] [jointLog] [info] There is 1 library.
[2025-05-14 16:02:06.034] [jointLog] [info] Loading pufferfish index
[2025-05-14 16:02:06.034] [jointLog] [info] Loading dense pufferfish index.
[2025-05-14 16:02:19.172] [jointLog] [info] done
[2025-05-14 16:02:19.247] [jointLog] [info] Index contained 34,701 targets
[2025-05-14 16:02:19.256] [jointLog] [info] Number of decoys : 13
[2025-05-14 16:02:19.256] [jointLog] [info] First decoy index : 34,688 
[2025-05-14 16:03:46.108] [fileLog] [info] 
At end of round 0
==================
Observed 24484346 total fragments (24484346 in most recent round)

[2025-05-14 16:03:46.107] [jointLog] [info] Computed 33,904 rich equivalence classes for further processing
[2025-05-14 16:03:46.107] [jointLog] [info] Counted 19,983,843 total reads in the equivalence classes 
[2025-05-14 16:03:46.215] [jointLog] [info] Number of mappings discarded because of alignment score : 5,003,100
[2025-05-14 16:03:46.215] [jointLog] [info] Number of fragments entirely discarded because of alignment score : 2,709,031
[2025-05-14 16:03:46.215] [jointLog] [info] Number of fragments discarded because they are best-mapped to decoys : 2,058,639
[2025-05-14 16:03:46.215] [jointLog] [info] Number of fragments discarded because they have only dovetail (discordant) mappings to valid targets : 272,860
[2025-05-14 16:03:46.215] [jointLog] [info] Mapping rate = 81.6189%

[2025-05-14 16:03:46.215] [jointLog] [info] finished quantifyLibrary()
[2025-05-14 16:03:46.215] [jointLog] [info] Starting optimizer
[2025-05-14 16:03:46.234] [jointLog] [info] Marked 0 weighted equivalence classes as degenerate
[2025-05-14 16:03:46.239] [jointLog] [info] iteration = 0 | max rel diff. = 23084.9
[2025-05-14 16:03:46.628] [jointLog] [info] iteration = 100 | max rel diff. = 0.0142361
[2025-05-14 16:03:46.992] [jointLog] [info] iteration = 200 | max rel diff. = 0.076943
[2025-05-14 16:03:47.327] [jointLog] [info] iteration = 300 | max rel diff. = 2.04312
[2025-05-14 16:03:47.667] [jointLog] [info] iteration = 393 | max rel diff. = 0.0022517
[2025-05-14 16:03:47.669] [jointLog] [info] Finished optimizer
[2025-05-14 16:03:47.669] [jointLog] [info] writing output 

[2025-05-14 16:03:47.745] [jointLog] [info] Starting Bootstrapping
[2025-05-14 16:03:47.751] [jointLog] [info] Will draw 100 bootstrap samples
[2025-05-14 16:03:47.751] [jointLog] [info] Optimizing over 33,904 equivalence classes
[2025-05-14 16:03:47.752] [jointLog] [info] Marked 0 weighted equivalence classes as degenerate
[2025-05-14 16:03:51.351] [jointLog] [info] wrote 1 bootstraps
[2025-05-14 16:03:51.471] [jointLog] [info] wrote 2 bootstraps
[2025-05-14 16:03:51.547] [jointLog] [info] wrote 3 bootstraps
[2025-05-14 16:03:51.613] [jointLog] [info] wrote 4 bootstraps
[2025-05-14 16:03:51.674] [jointLog] [info] wrote 5 bootstraps
[2025-05-14 16:03:51.690] [jointLog] [info] wrote 6 bootstraps
[2025-05-14 16:03:51.712] [jointLog] [info] wrote 7 bootstraps
[2025-05-14 16:03:51.725] [jointLog] [info] wrote 8 bootstraps
[2025-05-14 16:03:51.740] [jointLog] [info] wrote 9 bootstraps
[2025-05-14 16:03:51.754] [jointLog] [info] wrote 10 bootstraps
[2025-05-14 16:03:51.769] [jointLog] [info] wrote 11 bootstraps
[2025-05-14 16:03:51.784] [jointLog] [info] wrote 12 bootstraps
[2025-05-14 16:03:51.800] [jointLog] [info] wrote 13 bootstraps
[2025-05-14 16:03:51.813] [jointLog] [info] wrote 14 bootstraps
[2025-05-14 16:03:51.826] [jointLog] [info] wrote 15 bootstraps
[2025-05-14 16:03:51.841] [jointLog] [info] wrote 16 bootstraps
[2025-05-14 16:03:51.858] [jointLog] [info] wrote 17 bootstraps
[2025-05-14 16:03:51.871] [jointLog] [info] wrote 18 bootstraps
[2025-05-14 16:03:51.884] [jointLog] [info] wrote 19 bootstraps
[2025-05-14 16:03:51.897] [jointLog] [info] wrote 20 bootstraps
[2025-05-14 16:03:51.910] [jointLog] [info] wrote 21 bootstraps
[2025-05-14 16:03:51.922] [jointLog] [info] wrote 22 bootstraps
[2025-05-14 16:03:51.935] [jointLog] [info] wrote 23 bootstraps
[2025-05-14 16:03:51.950] [jointLog] [info] wrote 24 bootstraps
[2025-05-14 16:03:51.965] [jointLog] [info] wrote 25 bootstraps
[2025-05-14 16:03:51.979] [jointLog] [info] wrote 26 bootstraps
[2025-05-14 16:03:51.992] [jointLog] [info] wrote 27 bootstraps
[2025-05-14 16:03:52.005] [jointLog] [info] wrote 28 bootstraps
[2025-05-14 16:03:52.020] [jointLog] [info] wrote 29 bootstraps
[2025-05-14 16:03:52.036] [jointLog] [info] wrote 30 bootstraps
[2025-05-14 16:03:52.050] [jointLog] [info] wrote 31 bootstraps
[2025-05-14 16:03:52.062] [jointLog] [info] wrote 32 bootstraps
[2025-05-14 16:03:52.075] [jointLog] [info] wrote 33 bootstraps
[2025-05-14 16:03:52.090] [jointLog] [info] wrote 34 bootstraps
[2025-05-14 16:03:52.105] [jointLog] [info] wrote 35 bootstraps
[2025-05-14 16:03:52.117] [jointLog] [info] wrote 36 bootstraps
[2025-05-14 16:03:52.132] [jointLog] [info] wrote 37 bootstraps
[2025-05-14 16:03:52.147] [jointLog] [info] wrote 38 bootstraps
[2025-05-14 16:03:52.159] [jointLog] [info] wrote 39 bootstraps
[2025-05-14 16:03:52.171] [jointLog] [info] wrote 40 bootstraps
[2025-05-14 16:03:52.184] [jointLog] [info] wrote 41 bootstraps
[2025-05-14 16:03:52.197] [jointLog] [info] wrote 42 bootstraps
[2025-05-14 16:03:52.209] [jointLog] [info] wrote 43 bootstraps
[2025-05-14 16:03:52.224] [jointLog] [info] wrote 44 bootstraps
[2025-05-14 16:03:52.239] [jointLog] [info] wrote 45 bootstraps
[2025-05-14 16:03:52.251] [jointLog] [info] wrote 46 bootstraps
[2025-05-14 16:03:52.263] [jointLog] [info] wrote 47 bootstraps
[2025-05-14 16:03:52.276] [jointLog] [info] wrote 48 bootstraps
[2025-05-14 16:03:52.288] [jointLog] [info] wrote 49 bootstraps
[2025-05-14 16:03:52.301] [jointLog] [info] wrote 50 bootstraps
[2025-05-14 16:03:52.313] [jointLog] [info] wrote 51 bootstraps
[2025-05-14 16:03:52.326] [jointLog] [info] wrote 52 bootstraps
[2025-05-14 16:03:52.340] [jointLog] [info] wrote 53 bootstraps
[2025-05-14 16:03:52.353] [jointLog] [info] wrote 54 bootstraps
[2025-05-14 16:03:52.364] [jointLog] [info] wrote 55 bootstraps
[2025-05-14 16:03:52.377] [jointLog] [info] wrote 56 bootstraps
[2025-05-14 16:03:52.389] [jointLog] [info] wrote 57 bootstraps
[2025-05-14 16:03:52.401] [jointLog] [info] wrote 58 bootstraps
[2025-05-14 16:03:52.413] [jointLog] [info] wrote 59 bootstraps
[2025-05-14 16:03:52.425] [jointLog] [info] wrote 60 bootstraps
[2025-05-14 16:03:52.440] [jointLog] [info] wrote 61 bootstraps
[2025-05-14 16:03:52.453] [jointLog] [info] wrote 62 bootstraps
[2025-05-14 16:03:52.465] [jointLog] [info] wrote 63 bootstraps
[2025-05-14 16:03:52.477] [jointLog] [info] wrote 64 bootstraps
[2025-05-14 16:03:52.489] [jointLog] [info] wrote 65 bootstraps
[2025-05-14 16:03:52.501] [jointLog] [info] wrote 66 bootstraps
[2025-05-14 16:03:52.516] [jointLog] [info] wrote 67 bootstraps
[2025-05-14 16:03:52.530] [jointLog] [info] wrote 68 bootstraps
[2025-05-14 16:03:52.543] [jointLog] [info] wrote 69 bootstraps
[2025-05-14 16:03:52.556] [jointLog] [info] wrote 70 bootstraps
[2025-05-14 16:03:52.571] [jointLog] [info] wrote 71 bootstraps
[2025-05-14 16:03:52.583] [jointLog] [info] wrote 72 bootstraps
[2025-05-14 16:03:52.599] [jointLog] [info] wrote 73 bootstraps
[2025-05-14 16:03:52.613] [jointLog] [info] wrote 74 bootstraps
[2025-05-14 16:03:52.628] [jointLog] [info] wrote 75 bootstraps
[2025-05-14 16:03:52.641] [jointLog] [info] wrote 76 bootstraps
[2025-05-14 16:03:52.653] [jointLog] [info] wrote 77 bootstraps
[2025-05-14 16:03:52.670] [jointLog] [info] wrote 78 bootstraps
[2025-05-14 16:03:52.685] [jointLog] [info] wrote 79 bootstraps
[2025-05-14 16:03:52.697] [jointLog] [info] wrote 80 bootstraps
[2025-05-14 16:03:52.713] [jointLog] [info] wrote 81 bootstraps
[2025-05-14 16:03:52.728] [jointLog] [info] wrote 82 bootstraps
[2025-05-14 16:03:52.743] [jointLog] [info] wrote 83 bootstraps
[2025-05-14 16:03:52.756] [jointLog] [info] wrote 84 bootstraps
[2025-05-14 16:03:52.770] [jointLog] [info] wrote 85 bootstraps
[2025-05-14 16:03:52.788] [jointLog] [info] wrote 86 bootstraps
[2025-05-14 16:03:52.803] [jointLog] [info] wrote 87 bootstraps
[2025-05-14 16:03:52.819] [jointLog] [info] wrote 88 bootstraps
[2025-05-14 16:03:52.832] [jointLog] [info] wrote 89 bootstraps
[2025-05-14 16:03:52.848] [jointLog] [info] wrote 90 bootstraps
[2025-05-14 16:03:52.864] [jointLog] [info] wrote 91 bootstraps
[2025-05-14 16:03:52.878] [jointLog] [info] wrote 92 bootstraps
[2025-05-14 16:03:52.892] [jointLog] [info] wrote 93 bootstraps
[2025-05-14 16:03:52.906] [jointLog] [info] wrote 94 bootstraps
[2025-05-14 16:03:52.919] [jointLog] [info] wrote 95 bootstraps
[2025-05-14 16:03:52.933] [jointLog] [info] wrote 96 bootstraps
[2025-05-14 16:03:52.955] [jointLog] [info] wrote 97 bootstraps
[2025-05-14 16:03:52.976] [jointLog] [info] wrote 98 bootstraps
[2025-05-14 16:03:52.990] [jointLog] [info] wrote 99 bootstraps
[2025-05-14 16:03:54.559] [jointLog] [info] wrote 100 bootstraps
[2025-05-14 16:03:54.565] [jointLog] [info] Finished Bootstrapping
[2025-05-14 16:03:54.565] [jointLog] [warning] NOTE: Read Lib [[ ../Lisa_data/SW7_H_17_MKRN240014579_1.fq.gz, ../Lisa_data/SW7_H_17_MKRN240014579_2.fq.gz]] :

Detected a *potential* strand bias > 1% in an unstranded protocol check the file: ./output/SW7_H_17_MKRN240014579/lib_format_counts.json for details

