[2025-05-14 15:49:12.386] [jointLog] [info] setting maxHashResizeThreads to 128
[2025-05-14 15:49:12.386] [jointLog] [info] Fragment incompatibility prior below threshold.  Incompatible fragments will be ignored.
[2025-05-14 15:49:12.386] [jointLog] [info] Usage of --validateMappings implies use of minScoreFraction. Since not explicitly specified, it is being set to 0.65
[2025-05-14 15:49:12.386] [jointLog] [info] Setting consensusSlack to selective-alignment default of 0.35.
[2025-05-14 15:49:12.386] [jointLog] [info] parsing read library format
[2025-05-14 15:49:12.386] [jointLog] [info] There is 1 library.
[2025-05-14 15:49:12.386] [jointLog] [info] Loading pufferfish index
[2025-05-14 15:49:12.386] [jointLog] [info] Loading dense pufferfish index.
[2025-05-14 15:49:24.446] [jointLog] [info] done
[2025-05-14 15:49:24.523] [jointLog] [info] Index contained 34,701 targets
[2025-05-14 15:49:24.532] [jointLog] [info] Number of decoys : 13
[2025-05-14 15:49:24.532] [jointLog] [info] First decoy index : 34,688 
[2025-05-14 15:50:36.764] [jointLog] [info] Computed 21,973 rich equivalence classes for further processing
[2025-05-14 15:50:36.764] [jointLog] [info] Counted 12,216,692 total reads in the equivalence classes 
[2025-05-14 15:50:36.975] [jointLog] [info] Number of mappings discarded because of alignment score : 3,153,597
[2025-05-14 15:50:36.975] [jointLog] [info] Number of fragments entirely discarded because of alignment score : 2,169,018
[2025-05-14 15:50:36.975] [jointLog] [info] Number of fragments discarded because they are best-mapped to decoys : 1,737,575
[2025-05-14 15:50:36.975] [jointLog] [info] Number of fragments discarded because they have only dovetail (discordant) mappings to valid targets : 161,453
[2025-05-14 15:50:36.975] [jointLog] [info] Mapping rate = 66.0583%

[2025-05-14 15:50:36.975] [jointLog] [info] finished quantifyLibrary()
[2025-05-14 15:50:36.976] [jointLog] [info] Starting optimizer
[2025-05-14 15:50:36.990] [jointLog] [info] Marked 0 weighted equivalence classes as degenerate
[2025-05-14 15:50:36.995] [jointLog] [info] iteration = 0 | max rel diff. = 19105.3
[2025-05-14 15:50:36.765] [fileLog] [info] 
At end of round 0
==================
Observed 18493796 total fragments (18493796 in most recent round)

[2025-05-14 15:50:37.239] [jointLog] [info] iteration = 100 | max rel diff. = 0.192162
[2025-05-14 15:50:37.278] [jointLog] [info] iteration = 118 | max rel diff. = 0.0036366
[2025-05-14 15:50:37.280] [jointLog] [info] Finished optimizer
[2025-05-14 15:50:37.280] [jointLog] [info] writing output 

[2025-05-14 15:50:37.356] [jointLog] [info] Starting Bootstrapping
[2025-05-14 15:50:37.359] [jointLog] [info] Will draw 100 bootstrap samples
[2025-05-14 15:50:37.359] [jointLog] [info] Optimizing over 21,973 equivalence classes
[2025-05-14 15:50:37.361] [jointLog] [info] Marked 0 weighted equivalence classes as degenerate
[2025-05-14 15:50:39.363] [jointLog] [info] wrote 1 bootstraps
[2025-05-14 15:50:39.395] [jointLog] [info] wrote 2 bootstraps
[2025-05-14 15:50:39.411] [jointLog] [info] wrote 3 bootstraps
[2025-05-14 15:50:39.427] [jointLog] [info] wrote 4 bootstraps
[2025-05-14 15:50:39.442] [jointLog] [info] wrote 5 bootstraps
[2025-05-14 15:50:39.479] [jointLog] [info] wrote 6 bootstraps
[2025-05-14 15:50:39.507] [jointLog] [info] wrote 7 bootstraps
[2025-05-14 15:50:39.528] [jointLog] [info] wrote 8 bootstraps
[2025-05-14 15:50:39.584] [jointLog] [info] wrote 9 bootstraps
[2025-05-14 15:50:39.599] [jointLog] [info] wrote 10 bootstraps
[2025-05-14 15:50:39.614] [jointLog] [info] wrote 11 bootstraps
[2025-05-14 15:50:39.629] [jointLog] [info] wrote 12 bootstraps
[2025-05-14 15:50:39.642] [jointLog] [info] wrote 13 bootstraps
[2025-05-14 15:50:39.656] [jointLog] [info] wrote 14 bootstraps
[2025-05-14 15:50:39.674] [jointLog] [info] wrote 15 bootstraps
[2025-05-14 15:50:39.690] [jointLog] [info] wrote 16 bootstraps
[2025-05-14 15:50:39.706] [jointLog] [info] wrote 17 bootstraps
[2025-05-14 15:50:39.728] [jointLog] [info] wrote 18 bootstraps
[2025-05-14 15:50:39.775] [jointLog] [info] wrote 19 bootstraps
[2025-05-14 15:50:39.798] [jointLog] [info] wrote 20 bootstraps
[2025-05-14 15:50:39.842] [jointLog] [info] wrote 21 bootstraps
[2025-05-14 15:50:39.855] [jointLog] [info] wrote 22 bootstraps
[2025-05-14 15:50:39.928] [jointLog] [info] wrote 23 bootstraps
[2025-05-14 15:50:39.948] [jointLog] [info] wrote 24 bootstraps
[2025-05-14 15:50:39.963] [jointLog] [info] wrote 25 bootstraps
[2025-05-14 15:50:39.978] [jointLog] [info] wrote 26 bootstraps
[2025-05-14 15:50:40.013] [jointLog] [info] wrote 27 bootstraps
[2025-05-14 15:50:40.038] [jointLog] [info] wrote 28 bootstraps
[2025-05-14 15:50:40.053] [jointLog] [info] wrote 29 bootstraps
[2025-05-14 15:50:40.068] [jointLog] [info] wrote 30 bootstraps
[2025-05-14 15:50:40.084] [jointLog] [info] wrote 31 bootstraps
[2025-05-14 15:50:40.096] [jointLog] [info] wrote 32 bootstraps
[2025-05-14 15:50:40.108] [jointLog] [info] wrote 33 bootstraps
[2025-05-14 15:50:40.120] [jointLog] [info] wrote 34 bootstraps
[2025-05-14 15:50:40.133] [jointLog] [info] wrote 35 bootstraps
[2025-05-14 15:50:40.147] [jointLog] [info] wrote 36 bootstraps
[2025-05-14 15:50:40.160] [jointLog] [info] wrote 37 bootstraps
[2025-05-14 15:50:40.174] [jointLog] [info] wrote 38 bootstraps
[2025-05-14 15:50:40.188] [jointLog] [info] wrote 39 bootstraps
[2025-05-14 15:50:40.200] [jointLog] [info] wrote 40 bootstraps
[2025-05-14 15:50:40.217] [jointLog] [info] wrote 41 bootstraps
[2025-05-14 15:50:40.229] [jointLog] [info] wrote 42 bootstraps
[2025-05-14 15:50:40.240] [jointLog] [info] wrote 43 bootstraps
[2025-05-14 15:50:40.256] [jointLog] [info] wrote 44 bootstraps
[2025-05-14 15:50:40.270] [jointLog] [info] wrote 45 bootstraps
[2025-05-14 15:50:40.283] [jointLog] [info] wrote 46 bootstraps
[2025-05-14 15:50:40.295] [jointLog] [info] wrote 47 bootstraps
[2025-05-14 15:50:40.309] [jointLog] [info] wrote 48 bootstraps
[2025-05-14 15:50:40.322] [jointLog] [info] wrote 49 bootstraps
[2025-05-14 15:50:40.338] [jointLog] [info] wrote 50 bootstraps
[2025-05-14 15:50:40.349] [jointLog] [info] wrote 51 bootstraps
[2025-05-14 15:50:40.364] [jointLog] [info] wrote 52 bootstraps
[2025-05-14 15:50:40.379] [jointLog] [info] wrote 53 bootstraps
[2025-05-14 15:50:40.394] [jointLog] [info] wrote 54 bootstraps
[2025-05-14 15:50:40.410] [jointLog] [info] wrote 55 bootstraps
[2025-05-14 15:50:40.425] [jointLog] [info] wrote 56 bootstraps
[2025-05-14 15:50:40.439] [jointLog] [info] wrote 57 bootstraps
[2025-05-14 15:50:40.452] [jointLog] [info] wrote 58 bootstraps
[2025-05-14 15:50:40.467] [jointLog] [info] wrote 59 bootstraps
[2025-05-14 15:50:40.482] [jointLog] [info] wrote 60 bootstraps
[2025-05-14 15:50:40.498] [jointLog] [info] wrote 61 bootstraps
[2025-05-14 15:50:40.514] [jointLog] [info] wrote 62 bootstraps
[2025-05-14 15:50:40.530] [jointLog] [info] wrote 63 bootstraps
[2025-05-14 15:50:40.545] [jointLog] [info] wrote 64 bootstraps
[2025-05-14 15:50:40.563] [jointLog] [info] wrote 65 bootstraps
[2025-05-14 15:50:40.580] [jointLog] [info] wrote 66 bootstraps
[2025-05-14 15:50:40.595] [jointLog] [info] wrote 67 bootstraps
[2025-05-14 15:50:40.613] [jointLog] [info] wrote 68 bootstraps
[2025-05-14 15:50:40.632] [jointLog] [info] wrote 69 bootstraps
[2025-05-14 15:50:40.652] [jointLog] [info] wrote 70 bootstraps
[2025-05-14 15:50:40.667] [jointLog] [info] wrote 71 bootstraps
[2025-05-14 15:50:40.685] [jointLog] [info] wrote 72 bootstraps
[2025-05-14 15:50:40.707] [jointLog] [info] wrote 73 bootstraps
[2025-05-14 15:50:40.727] [jointLog] [info] wrote 74 bootstraps
[2025-05-14 15:50:40.751] [jointLog] [info] wrote 75 bootstraps
[2025-05-14 15:50:40.773] [jointLog] [info] wrote 76 bootstraps
[2025-05-14 15:50:40.797] [jointLog] [info] wrote 77 bootstraps
[2025-05-14 15:50:40.812] [jointLog] [info] wrote 78 bootstraps
[2025-05-14 15:50:40.834] [jointLog] [info] wrote 79 bootstraps
[2025-05-14 15:50:40.855] [jointLog] [info] wrote 80 bootstraps
[2025-05-14 15:50:40.880] [jointLog] [info] wrote 81 bootstraps
[2025-05-14 15:50:40.894] [jointLog] [info] wrote 82 bootstraps
[2025-05-14 15:50:40.916] [jointLog] [info] wrote 83 bootstraps
[2025-05-14 15:50:40.938] [jointLog] [info] wrote 84 bootstraps
[2025-05-14 15:50:40.956] [jointLog] [info] wrote 85 bootstraps
[2025-05-14 15:50:40.978] [jointLog] [info] wrote 86 bootstraps
[2025-05-14 15:50:41.000] [jointLog] [info] wrote 87 bootstraps
[2025-05-14 15:50:41.021] [jointLog] [info] wrote 88 bootstraps
[2025-05-14 15:50:41.043] [jointLog] [info] wrote 89 bootstraps
[2025-05-14 15:50:41.065] [jointLog] [info] wrote 90 bootstraps
[2025-05-14 15:50:41.088] [jointLog] [info] wrote 91 bootstraps
[2025-05-14 15:50:41.103] [jointLog] [info] wrote 92 bootstraps
[2025-05-14 15:50:41.125] [jointLog] [info] wrote 93 bootstraps
[2025-05-14 15:50:41.150] [jointLog] [info] wrote 94 bootstraps
[2025-05-14 15:50:41.165] [jointLog] [info] wrote 95 bootstraps
[2025-05-14 15:50:41.186] [jointLog] [info] wrote 96 bootstraps
[2025-05-14 15:50:41.208] [jointLog] [info] wrote 97 bootstraps
[2025-05-14 15:50:41.231] [jointLog] [info] wrote 98 bootstraps
[2025-05-14 15:50:41.246] [jointLog] [info] wrote 99 bootstraps
[2025-05-14 15:50:41.321] [jointLog] [info] wrote 100 bootstraps
[2025-05-14 15:50:41.325] [jointLog] [info] Finished Bootstrapping
[2025-05-14 15:50:41.325] [jointLog] [warning] NOTE: Read Lib [[ ../Lisa_data/SW5_SNI_77_1.fq.gz, ../Lisa_data/SW5_SNI_77_2.fq.gz]] :

Detected a *potential* strand bias > 1% in an unstranded protocol check the file: ./output/SW5_SNI_77/lib_format_counts.json for details

