[2025-05-14 15:50:43.911] [jointLog] [info] setting maxHashResizeThreads to 128
[2025-05-14 15:50:43.911] [jointLog] [info] Fragment incompatibility prior below threshold.  Incompatible fragments will be ignored.
[2025-05-14 15:50:43.911] [jointLog] [info] Usage of --validateMappings implies use of minScoreFraction. Since not explicitly specified, it is being set to 0.65
[2025-05-14 15:50:43.911] [jointLog] [info] Setting consensusSlack to selective-alignment default of 0.35.
[2025-05-14 15:50:43.911] [jointLog] [info] parsing read library format
[2025-05-14 15:50:43.911] [jointLog] [info] There is 1 library.
[2025-05-14 15:50:43.911] [jointLog] [info] Loading pufferfish index
[2025-05-14 15:50:43.912] [jointLog] [info] Loading dense pufferfish index.
[2025-05-14 15:50:56.466] [jointLog] [info] done
[2025-05-14 15:50:56.540] [jointLog] [info] Index contained 34,701 targets
[2025-05-14 15:50:56.549] [jointLog] [info] Number of decoys : 13
[2025-05-14 15:50:56.549] [jointLog] [info] First decoy index : 34,688 
[2025-05-14 15:52:17.578] [fileLog] [info] 
At end of round 0
==================
Observed 23534117 total fragments (23534117 in most recent round)

[2025-05-14 15:52:17.577] [jointLog] [info] Computed 19,360 rich equivalence classes for further processing
[2025-05-14 15:52:17.577] [jointLog] [info] Counted 10,311,377 total reads in the equivalence classes 
[2025-05-14 15:52:17.681] [jointLog] [info] Number of mappings discarded because of alignment score : 3,877,390
[2025-05-14 15:52:17.681] [jointLog] [info] Number of fragments entirely discarded because of alignment score : 2,810,638
[2025-05-14 15:52:17.681] [jointLog] [info] Number of fragments discarded because they are best-mapped to decoys : 2,483,046
[2025-05-14 15:52:17.681] [jointLog] [info] Number of fragments discarded because they have only dovetail (discordant) mappings to valid targets : 198,617
[2025-05-14 15:52:17.681] [jointLog] [info] Mapping rate = 43.8146%

[2025-05-14 15:52:17.681] [jointLog] [info] finished quantifyLibrary()
[2025-05-14 15:52:17.681] [jointLog] [info] Starting optimizer
[2025-05-14 15:52:17.694] [jointLog] [info] Marked 0 weighted equivalence classes as degenerate
[2025-05-14 15:52:17.698] [jointLog] [info] iteration = 0 | max rel diff. = 20219.6
[2025-05-14 15:52:17.944] [jointLog] [info] iteration = 100 | max rel diff. = 0.0170588
[2025-05-14 15:52:18.161] [jointLog] [info] iteration = 200 | max rel diff. = 0.0416262
[2025-05-14 15:52:18.226] [jointLog] [info] iteration = 231 | max rel diff. = 0.00343707
[2025-05-14 15:52:18.227] [jointLog] [info] Finished optimizer
[2025-05-14 15:52:18.227] [jointLog] [info] writing output 

[2025-05-14 15:52:18.303] [jointLog] [info] Starting Bootstrapping
[2025-05-14 15:52:18.306] [jointLog] [info] Will draw 100 bootstrap samples
[2025-05-14 15:52:18.306] [jointLog] [info] Optimizing over 19,360 equivalence classes
[2025-05-14 15:52:18.307] [jointLog] [info] Marked 0 weighted equivalence classes as degenerate
[2025-05-14 15:52:20.114] [jointLog] [info] wrote 1 bootstraps
[2025-05-14 15:52:20.325] [jointLog] [info] wrote 2 bootstraps
[2025-05-14 15:52:20.351] [jointLog] [info] wrote 3 bootstraps
[2025-05-14 15:52:20.374] [jointLog] [info] wrote 4 bootstraps
[2025-05-14 15:52:20.424] [jointLog] [info] wrote 5 bootstraps
[2025-05-14 15:52:20.438] [jointLog] [info] wrote 6 bootstraps
[2025-05-14 15:52:20.456] [jointLog] [info] wrote 7 bootstraps
[2025-05-14 15:52:20.472] [jointLog] [info] wrote 8 bootstraps
[2025-05-14 15:52:20.499] [jointLog] [info] wrote 9 bootstraps
[2025-05-14 15:52:20.525] [jointLog] [info] wrote 10 bootstraps
[2025-05-14 15:52:20.540] [jointLog] [info] wrote 11 bootstraps
[2025-05-14 15:52:20.556] [jointLog] [info] wrote 12 bootstraps
[2025-05-14 15:52:20.569] [jointLog] [info] wrote 13 bootstraps
[2025-05-14 15:52:20.584] [jointLog] [info] wrote 14 bootstraps
[2025-05-14 15:52:20.600] [jointLog] [info] wrote 15 bootstraps
[2025-05-14 15:52:20.615] [jointLog] [info] wrote 16 bootstraps
[2025-05-14 15:52:20.629] [jointLog] [info] wrote 17 bootstraps
[2025-05-14 15:52:20.644] [jointLog] [info] wrote 18 bootstraps
[2025-05-14 15:52:20.660] [jointLog] [info] wrote 19 bootstraps
[2025-05-14 15:52:20.674] [jointLog] [info] wrote 20 bootstraps
[2025-05-14 15:52:20.689] [jointLog] [info] wrote 21 bootstraps
[2025-05-14 15:52:20.705] [jointLog] [info] wrote 22 bootstraps
[2025-05-14 15:52:20.720] [jointLog] [info] wrote 23 bootstraps
[2025-05-14 15:52:20.735] [jointLog] [info] wrote 24 bootstraps
[2025-05-14 15:52:20.747] [jointLog] [info] wrote 25 bootstraps
[2025-05-14 15:52:20.763] [jointLog] [info] wrote 26 bootstraps
[2025-05-14 15:52:20.778] [jointLog] [info] wrote 27 bootstraps
[2025-05-14 15:52:20.793] [jointLog] [info] wrote 28 bootstraps
[2025-05-14 15:52:20.809] [jointLog] [info] wrote 29 bootstraps
[2025-05-14 15:52:20.823] [jointLog] [info] wrote 30 bootstraps
[2025-05-14 15:52:20.839] [jointLog] [info] wrote 31 bootstraps
[2025-05-14 15:52:20.854] [jointLog] [info] wrote 32 bootstraps
[2025-05-14 15:52:20.868] [jointLog] [info] wrote 33 bootstraps
[2025-05-14 15:52:20.883] [jointLog] [info] wrote 34 bootstraps
[2025-05-14 15:52:20.895] [jointLog] [info] wrote 35 bootstraps
[2025-05-14 15:52:20.912] [jointLog] [info] wrote 36 bootstraps
[2025-05-14 15:52:20.923] [jointLog] [info] wrote 37 bootstraps
[2025-05-14 15:52:20.934] [jointLog] [info] wrote 38 bootstraps
[2025-05-14 15:52:20.946] [jointLog] [info] wrote 39 bootstraps
[2025-05-14 15:52:20.958] [jointLog] [info] wrote 40 bootstraps
[2025-05-14 15:52:20.969] [jointLog] [info] wrote 41 bootstraps
[2025-05-14 15:52:20.984] [jointLog] [info] wrote 42 bootstraps
[2025-05-14 15:52:20.996] [jointLog] [info] wrote 43 bootstraps
[2025-05-14 15:52:21.009] [jointLog] [info] wrote 44 bootstraps
[2025-05-14 15:52:21.020] [jointLog] [info] wrote 45 bootstraps
[2025-05-14 15:52:21.034] [jointLog] [info] wrote 46 bootstraps
[2025-05-14 15:52:21.046] [jointLog] [info] wrote 47 bootstraps
[2025-05-14 15:52:21.058] [jointLog] [info] wrote 48 bootstraps
[2025-05-14 15:52:21.071] [jointLog] [info] wrote 49 bootstraps
[2025-05-14 15:52:21.082] [jointLog] [info] wrote 50 bootstraps
[2025-05-14 15:52:21.096] [jointLog] [info] wrote 51 bootstraps
[2025-05-14 15:52:21.111] [jointLog] [info] wrote 52 bootstraps
[2025-05-14 15:52:21.124] [jointLog] [info] wrote 53 bootstraps
[2025-05-14 15:52:21.137] [jointLog] [info] wrote 54 bootstraps
[2025-05-14 15:52:21.149] [jointLog] [info] wrote 55 bootstraps
[2025-05-14 15:52:21.162] [jointLog] [info] wrote 56 bootstraps
[2025-05-14 15:52:21.173] [jointLog] [info] wrote 57 bootstraps
[2025-05-14 15:52:21.187] [jointLog] [info] wrote 58 bootstraps
[2025-05-14 15:52:21.198] [jointLog] [info] wrote 59 bootstraps
[2025-05-14 15:52:21.209] [jointLog] [info] wrote 60 bootstraps
[2025-05-14 15:52:21.225] [jointLog] [info] wrote 61 bootstraps
[2025-05-14 15:52:21.239] [jointLog] [info] wrote 62 bootstraps
[2025-05-14 15:52:21.252] [jointLog] [info] wrote 63 bootstraps
[2025-05-14 15:52:21.266] [jointLog] [info] wrote 64 bootstraps
[2025-05-14 15:52:21.280] [jointLog] [info] wrote 65 bootstraps
[2025-05-14 15:52:21.294] [jointLog] [info] wrote 66 bootstraps
[2025-05-14 15:52:21.310] [jointLog] [info] wrote 67 bootstraps
[2025-05-14 15:52:21.324] [jointLog] [info] wrote 68 bootstraps
[2025-05-14 15:52:21.339] [jointLog] [info] wrote 69 bootstraps
[2025-05-14 15:52:21.352] [jointLog] [info] wrote 70 bootstraps
[2025-05-14 15:52:21.366] [jointLog] [info] wrote 71 bootstraps
[2025-05-14 15:52:21.378] [jointLog] [info] wrote 72 bootstraps
[2025-05-14 15:52:21.391] [jointLog] [info] wrote 73 bootstraps
[2025-05-14 15:52:21.404] [jointLog] [info] wrote 74 bootstraps
[2025-05-14 15:52:21.418] [jointLog] [info] wrote 75 bootstraps
[2025-05-14 15:52:21.436] [jointLog] [info] wrote 76 bootstraps
[2025-05-14 15:52:21.453] [jointLog] [info] wrote 77 bootstraps
[2025-05-14 15:52:21.467] [jointLog] [info] wrote 78 bootstraps
[2025-05-14 15:52:21.482] [jointLog] [info] wrote 79 bootstraps
[2025-05-14 15:52:21.497] [jointLog] [info] wrote 80 bootstraps
[2025-05-14 15:52:21.514] [jointLog] [info] wrote 81 bootstraps
[2025-05-14 15:52:21.532] [jointLog] [info] wrote 82 bootstraps
[2025-05-14 15:52:21.548] [jointLog] [info] wrote 83 bootstraps
[2025-05-14 15:52:21.562] [jointLog] [info] wrote 84 bootstraps
[2025-05-14 15:52:21.577] [jointLog] [info] wrote 85 bootstraps
[2025-05-14 15:52:21.593] [jointLog] [info] wrote 86 bootstraps
[2025-05-14 15:52:21.609] [jointLog] [info] wrote 87 bootstraps
[2025-05-14 15:52:21.625] [jointLog] [info] wrote 88 bootstraps
[2025-05-14 15:52:21.642] [jointLog] [info] wrote 89 bootstraps
[2025-05-14 15:52:21.658] [jointLog] [info] wrote 90 bootstraps
[2025-05-14 15:52:21.678] [jointLog] [info] wrote 91 bootstraps
[2025-05-14 15:52:21.693] [jointLog] [info] wrote 92 bootstraps
[2025-05-14 15:52:21.708] [jointLog] [info] wrote 93 bootstraps
[2025-05-14 15:52:21.726] [jointLog] [info] wrote 94 bootstraps
[2025-05-14 15:52:21.740] [jointLog] [info] wrote 95 bootstraps
[2025-05-14 15:52:21.755] [jointLog] [info] wrote 96 bootstraps
[2025-05-14 15:52:21.770] [jointLog] [info] wrote 97 bootstraps
[2025-05-14 15:52:21.787] [jointLog] [info] wrote 98 bootstraps
[2025-05-14 15:52:21.801] [jointLog] [info] wrote 99 bootstraps
[2025-05-14 15:52:21.958] [jointLog] [info] wrote 100 bootstraps
[2025-05-14 15:52:21.962] [jointLog] [info] Finished Bootstrapping
[2025-05-14 15:52:21.962] [jointLog] [warning] NOTE: Read Lib [[ ../Lisa_data/SW5_SRB_103_1.fq.gz, ../Lisa_data/SW5_SRB_103_2.fq.gz]] :

Detected a *potential* strand bias > 1% in an unstranded protocol check the file: ./output/SW5_SRB_103/lib_format_counts.json for details

