[2025-05-14 15:26:31.223] [jointLog] [info] setting maxHashResizeThreads to 128
[2025-05-14 15:26:31.223] [jointLog] [info] Fragment incompatibility prior below threshold.  Incompatible fragments will be ignored.
[2025-05-14 15:26:31.223] [jointLog] [info] Usage of --validateMappings implies use of minScoreFraction. Since not explicitly specified, it is being set to 0.65
[2025-05-14 15:26:31.223] [jointLog] [info] Setting consensusSlack to selective-alignment default of 0.35.
[2025-05-14 15:26:31.223] [jointLog] [info] parsing read library format
[2025-05-14 15:26:31.223] [jointLog] [info] There is 1 library.
[2025-05-14 15:26:31.223] [jointLog] [info] Loading pufferfish index
[2025-05-14 15:26:31.224] [jointLog] [info] Loading dense pufferfish index.
[2025-05-14 15:26:42.313] [jointLog] [info] done
[2025-05-14 15:26:42.381] [jointLog] [info] Index contained 34,701 targets
[2025-05-14 15:26:42.390] [jointLog] [info] Number of decoys : 13
[2025-05-14 15:26:42.390] [jointLog] [info] First decoy index : 34,688 
[2025-05-14 15:28:00.266] [fileLog] [info] 
At end of round 0
==================
Observed 19073942 total fragments (19073942 in most recent round)

[2025-05-14 15:28:00.265] [jointLog] [info] Computed 22,100 rich equivalence classes for further processing
[2025-05-14 15:28:00.265] [jointLog] [info] Counted 14,768,553 total reads in the equivalence classes 
[2025-05-14 15:28:00.396] [jointLog] [info] Number of mappings discarded because of alignment score : 3,491,907
[2025-05-14 15:28:00.396] [jointLog] [info] Number of fragments entirely discarded because of alignment score : 2,172,899
[2025-05-14 15:28:00.396] [jointLog] [info] Number of fragments discarded because they are best-mapped to decoys : 1,648,781
[2025-05-14 15:28:00.396] [jointLog] [info] Number of fragments discarded because they have only dovetail (discordant) mappings to valid targets : 299,185
[2025-05-14 15:28:00.396] [jointLog] [info] Mapping rate = 77.4279%

[2025-05-14 15:28:00.396] [jointLog] [info] finished quantifyLibrary()
[2025-05-14 15:28:00.396] [jointLog] [info] Starting optimizer
[2025-05-14 15:28:00.405] [jointLog] [info] Marked 0 weighted equivalence classes as degenerate
[2025-05-14 15:28:00.408] [jointLog] [info] iteration = 0 | max rel diff. = 27831.5
[2025-05-14 15:28:00.626] [jointLog] [info] iteration = 100 | max rel diff. = 0.0210599
[2025-05-14 15:28:00.807] [jointLog] [info] iteration = 200 | max rel diff. = 0.0456704
[2025-05-14 15:28:00.850] [jointLog] [info] iteration = 225 | max rel diff. = 0.00579967
[2025-05-14 15:28:00.851] [jointLog] [info] Finished optimizer
[2025-05-14 15:28:00.851] [jointLog] [info] writing output 

[2025-05-14 15:28:00.894] [jointLog] [info] Starting Bootstrapping
[2025-05-14 15:28:00.896] [jointLog] [info] Will draw 100 bootstrap samples
[2025-05-14 15:28:00.896] [jointLog] [info] Optimizing over 22,100 equivalence classes
[2025-05-14 15:28:00.897] [jointLog] [info] Marked 0 weighted equivalence classes as degenerate
[2025-05-14 15:28:03.270] [jointLog] [info] wrote 1 bootstraps
[2025-05-14 15:28:03.286] [jointLog] [info] wrote 2 bootstraps
[2025-05-14 15:28:03.307] [jointLog] [info] wrote 3 bootstraps
[2025-05-14 15:28:03.334] [jointLog] [info] wrote 4 bootstraps
[2025-05-14 15:28:03.348] [jointLog] [info] wrote 5 bootstraps
[2025-05-14 15:28:03.362] [jointLog] [info] wrote 6 bootstraps
[2025-05-14 15:28:03.430] [jointLog] [info] wrote 7 bootstraps
[2025-05-14 15:28:03.453] [jointLog] [info] wrote 8 bootstraps
[2025-05-14 15:28:03.469] [jointLog] [info] wrote 9 bootstraps
[2025-05-14 15:28:03.482] [jointLog] [info] wrote 10 bootstraps
[2025-05-14 15:28:03.498] [jointLog] [info] wrote 11 bootstraps
[2025-05-14 15:28:03.512] [jointLog] [info] wrote 12 bootstraps
[2025-05-14 15:28:03.525] [jointLog] [info] wrote 13 bootstraps
[2025-05-14 15:28:03.538] [jointLog] [info] wrote 14 bootstraps
[2025-05-14 15:28:03.554] [jointLog] [info] wrote 15 bootstraps
[2025-05-14 15:28:03.569] [jointLog] [info] wrote 16 bootstraps
[2025-05-14 15:28:03.584] [jointLog] [info] wrote 17 bootstraps
[2025-05-14 15:28:03.600] [jointLog] [info] wrote 18 bootstraps
[2025-05-14 15:28:03.616] [jointLog] [info] wrote 19 bootstraps
[2025-05-14 15:28:03.725] [jointLog] [info] wrote 20 bootstraps
[2025-05-14 15:28:03.745] [jointLog] [info] wrote 21 bootstraps
[2025-05-14 15:28:03.767] [jointLog] [info] wrote 22 bootstraps
[2025-05-14 15:28:03.783] [jointLog] [info] wrote 23 bootstraps
[2025-05-14 15:28:03.799] [jointLog] [info] wrote 24 bootstraps
[2025-05-14 15:28:03.823] [jointLog] [info] wrote 25 bootstraps
[2025-05-14 15:28:03.962] [jointLog] [info] wrote 26 bootstraps
[2025-05-14 15:28:03.977] [jointLog] [info] wrote 27 bootstraps
[2025-05-14 15:28:03.991] [jointLog] [info] wrote 28 bootstraps
[2025-05-14 15:28:04.015] [jointLog] [info] wrote 29 bootstraps
[2025-05-14 15:28:04.029] [jointLog] [info] wrote 30 bootstraps
[2025-05-14 15:28:04.055] [jointLog] [info] wrote 31 bootstraps
[2025-05-14 15:28:04.071] [jointLog] [info] wrote 32 bootstraps
[2025-05-14 15:28:04.085] [jointLog] [info] wrote 33 bootstraps
[2025-05-14 15:28:04.100] [jointLog] [info] wrote 34 bootstraps
[2025-05-14 15:28:04.113] [jointLog] [info] wrote 35 bootstraps
[2025-05-14 15:28:04.126] [jointLog] [info] wrote 36 bootstraps
[2025-05-14 15:28:04.138] [jointLog] [info] wrote 37 bootstraps
[2025-05-14 15:28:04.151] [jointLog] [info] wrote 38 bootstraps
[2025-05-14 15:28:04.166] [jointLog] [info] wrote 39 bootstraps
[2025-05-14 15:28:04.179] [jointLog] [info] wrote 40 bootstraps
[2025-05-14 15:28:04.194] [jointLog] [info] wrote 41 bootstraps
[2025-05-14 15:28:04.210] [jointLog] [info] wrote 42 bootstraps
[2025-05-14 15:28:04.226] [jointLog] [info] wrote 43 bootstraps
[2025-05-14 15:28:04.240] [jointLog] [info] wrote 44 bootstraps
[2025-05-14 15:28:04.255] [jointLog] [info] wrote 45 bootstraps
[2025-05-14 15:28:04.268] [jointLog] [info] wrote 46 bootstraps
[2025-05-14 15:28:04.281] [jointLog] [info] wrote 47 bootstraps
[2025-05-14 15:28:04.293] [jointLog] [info] wrote 48 bootstraps
[2025-05-14 15:28:04.306] [jointLog] [info] wrote 49 bootstraps
[2025-05-14 15:28:04.318] [jointLog] [info] wrote 50 bootstraps
[2025-05-14 15:28:04.333] [jointLog] [info] wrote 51 bootstraps
[2025-05-14 15:28:04.348] [jointLog] [info] wrote 52 bootstraps
[2025-05-14 15:28:04.360] [jointLog] [info] wrote 53 bootstraps
[2025-05-14 15:28:04.375] [jointLog] [info] wrote 54 bootstraps
[2025-05-14 15:28:04.390] [jointLog] [info] wrote 55 bootstraps
[2025-05-14 15:28:04.404] [jointLog] [info] wrote 56 bootstraps
[2025-05-14 15:28:04.419] [jointLog] [info] wrote 57 bootstraps
[2025-05-14 15:28:04.435] [jointLog] [info] wrote 58 bootstraps
[2025-05-14 15:28:04.449] [jointLog] [info] wrote 59 bootstraps
[2025-05-14 15:28:04.465] [jointLog] [info] wrote 60 bootstraps
[2025-05-14 15:28:04.480] [jointLog] [info] wrote 61 bootstraps
[2025-05-14 15:28:04.498] [jointLog] [info] wrote 62 bootstraps
[2025-05-14 15:28:04.514] [jointLog] [info] wrote 63 bootstraps
[2025-05-14 15:28:04.533] [jointLog] [info] wrote 64 bootstraps
[2025-05-14 15:28:04.548] [jointLog] [info] wrote 65 bootstraps
[2025-05-14 15:28:04.563] [jointLog] [info] wrote 66 bootstraps
[2025-05-14 15:28:04.581] [jointLog] [info] wrote 67 bootstraps
[2025-05-14 15:28:04.598] [jointLog] [info] wrote 68 bootstraps
[2025-05-14 15:28:04.610] [jointLog] [info] wrote 69 bootstraps
[2025-05-14 15:28:04.626] [jointLog] [info] wrote 70 bootstraps
[2025-05-14 15:28:04.647] [jointLog] [info] wrote 71 bootstraps
[2025-05-14 15:28:04.659] [jointLog] [info] wrote 72 bootstraps
[2025-05-14 15:28:04.679] [jointLog] [info] wrote 73 bootstraps
[2025-05-14 15:28:04.700] [jointLog] [info] wrote 74 bootstraps
[2025-05-14 15:28:04.719] [jointLog] [info] wrote 75 bootstraps
[2025-05-14 15:28:04.742] [jointLog] [info] wrote 76 bootstraps
[2025-05-14 15:28:04.762] [jointLog] [info] wrote 77 bootstraps
[2025-05-14 15:28:04.776] [jointLog] [info] wrote 78 bootstraps
[2025-05-14 15:28:04.800] [jointLog] [info] wrote 79 bootstraps
[2025-05-14 15:28:04.822] [jointLog] [info] wrote 80 bootstraps
[2025-05-14 15:28:04.845] [jointLog] [info] wrote 81 bootstraps
[2025-05-14 15:28:04.871] [jointLog] [info] wrote 82 bootstraps
[2025-05-14 15:28:04.896] [jointLog] [info] wrote 83 bootstraps
[2025-05-14 15:28:04.920] [jointLog] [info] wrote 84 bootstraps
[2025-05-14 15:28:04.944] [jointLog] [info] wrote 85 bootstraps
[2025-05-14 15:28:04.968] [jointLog] [info] wrote 86 bootstraps
[2025-05-14 15:28:04.992] [jointLog] [info] wrote 87 bootstraps
[2025-05-14 15:28:05.007] [jointLog] [info] wrote 88 bootstraps
[2025-05-14 15:28:05.029] [jointLog] [info] wrote 89 bootstraps
[2025-05-14 15:28:05.052] [jointLog] [info] wrote 90 bootstraps
[2025-05-14 15:28:05.077] [jointLog] [info] wrote 91 bootstraps
[2025-05-14 15:28:05.098] [jointLog] [info] wrote 92 bootstraps
[2025-05-14 15:28:05.123] [jointLog] [info] wrote 93 bootstraps
[2025-05-14 15:28:05.149] [jointLog] [info] wrote 94 bootstraps
[2025-05-14 15:28:05.173] [jointLog] [info] wrote 95 bootstraps
[2025-05-14 15:28:05.195] [jointLog] [info] wrote 96 bootstraps
[2025-05-14 15:28:05.217] [jointLog] [info] wrote 97 bootstraps
[2025-05-14 15:28:05.240] [jointLog] [info] wrote 98 bootstraps
[2025-05-14 15:28:05.263] [jointLog] [info] wrote 99 bootstraps
[2025-05-14 15:28:05.532] [jointLog] [info] wrote 100 bootstraps
[2025-05-14 15:28:05.536] [jointLog] [info] Finished Bootstrapping
[2025-05-14 15:28:05.536] [jointLog] [warning] NOTE: Read Lib [[ ../Lisa_data/SW57_SRB_139_1.fq.gz, ../Lisa_data/SW57_SRB_139_2.fq.gz]] :

Detected a *potential* strand bias > 1% in an unstranded protocol check the file: ./output/SW57_SRB_139/lib_format_counts.json for details

