[2025-05-14 15:54:17.943] [jointLog] [info] setting maxHashResizeThreads to 128
[2025-05-14 15:54:17.943] [jointLog] [info] Fragment incompatibility prior below threshold.  Incompatible fragments will be ignored.
[2025-05-14 15:54:17.943] [jointLog] [info] Usage of --validateMappings implies use of minScoreFraction. Since not explicitly specified, it is being set to 0.65
[2025-05-14 15:54:17.943] [jointLog] [info] Setting consensusSlack to selective-alignment default of 0.35.
[2025-05-14 15:54:17.943] [jointLog] [info] parsing read library format
[2025-05-14 15:54:17.943] [jointLog] [info] There is 1 library.
[2025-05-14 15:54:17.944] [jointLog] [info] Loading pufferfish index
[2025-05-14 15:54:17.944] [jointLog] [info] Loading dense pufferfish index.
[2025-05-14 15:54:28.878] [jointLog] [info] done
[2025-05-14 15:54:28.938] [jointLog] [info] Index contained 34,701 targets
[2025-05-14 15:54:28.944] [jointLog] [info] Number of decoys : 13
[2025-05-14 15:54:28.944] [jointLog] [info] First decoy index : 34,688 
[2025-05-14 15:55:55.340] [jointLog] [info] Computed 23,174 rich equivalence classes for further processing
[2025-05-14 15:55:55.340] [jointLog] [info] Counted 19,887,231 total reads in the equivalence classes 
[2025-05-14 15:55:55.428] [jointLog] [info] Number of mappings discarded because of alignment score : 5,100,737
[2025-05-14 15:55:55.428] [jointLog] [info] Number of fragments entirely discarded because of alignment score : 2,693,416
[2025-05-14 15:55:55.428] [jointLog] [info] Number of fragments discarded because they are best-mapped to decoys : 2,146,391
[2025-05-14 15:55:55.428] [jointLog] [info] Number of fragments discarded because they have only dovetail (discordant) mappings to valid targets : 279,445
[2025-05-14 15:55:55.428] [jointLog] [info] Mapping rate = 80.4232%

[2025-05-14 15:55:55.428] [jointLog] [info] finished quantifyLibrary()
[2025-05-14 15:55:55.428] [jointLog] [info] Starting optimizer
[2025-05-14 15:55:55.444] [jointLog] [info] Marked 0 weighted equivalence classes as degenerate
[2025-05-14 15:55:55.448] [jointLog] [info] iteration = 0 | max rel diff. = 32214
[2025-05-14 15:55:55.341] [fileLog] [info] 
At end of round 0
==================
Observed 24728237 total fragments (24728237 in most recent round)

[2025-05-14 15:55:55.687] [jointLog] [info] iteration = 100 | max rel diff. = 0.0177595
[2025-05-14 15:55:55.896] [jointLog] [info] iteration = 200 | max rel diff. = 0.0109879
[2025-05-14 15:55:56.096] [jointLog] [info] iteration = 300 | max rel diff. = 0.0168227
[2025-05-14 15:55:56.256] [jointLog] [info] iteration = 384 | max rel diff. = 0.00225422
[2025-05-14 15:55:56.257] [jointLog] [info] Finished optimizer
[2025-05-14 15:55:56.257] [jointLog] [info] writing output 

[2025-05-14 15:55:56.311] [jointLog] [info] Starting Bootstrapping
[2025-05-14 15:55:56.314] [jointLog] [info] Will draw 100 bootstrap samples
[2025-05-14 15:55:56.314] [jointLog] [info] Optimizing over 23,174 equivalence classes
[2025-05-14 15:55:56.314] [jointLog] [info] Marked 0 weighted equivalence classes as degenerate
[2025-05-14 15:55:59.456] [jointLog] [info] wrote 1 bootstraps
[2025-05-14 15:55:59.488] [jointLog] [info] wrote 2 bootstraps
[2025-05-14 15:55:59.502] [jointLog] [info] wrote 3 bootstraps
[2025-05-14 15:55:59.625] [jointLog] [info] wrote 4 bootstraps
[2025-05-14 15:55:59.642] [jointLog] [info] wrote 5 bootstraps
[2025-05-14 15:55:59.728] [jointLog] [info] wrote 6 bootstraps
[2025-05-14 15:55:59.789] [jointLog] [info] wrote 7 bootstraps
[2025-05-14 15:55:59.817] [jointLog] [info] wrote 8 bootstraps
[2025-05-14 15:55:59.868] [jointLog] [info] wrote 9 bootstraps
[2025-05-14 15:55:59.884] [jointLog] [info] wrote 10 bootstraps
[2025-05-14 15:55:59.900] [jointLog] [info] wrote 11 bootstraps
[2025-05-14 15:55:59.918] [jointLog] [info] wrote 12 bootstraps
[2025-05-14 15:55:59.961] [jointLog] [info] wrote 13 bootstraps
[2025-05-14 15:56:00.001] [jointLog] [info] wrote 14 bootstraps
[2025-05-14 15:56:00.065] [jointLog] [info] wrote 15 bootstraps
[2025-05-14 15:56:00.111] [jointLog] [info] wrote 16 bootstraps
[2025-05-14 15:56:00.127] [jointLog] [info] wrote 17 bootstraps
[2025-05-14 15:56:00.147] [jointLog] [info] wrote 18 bootstraps
[2025-05-14 15:56:00.162] [jointLog] [info] wrote 19 bootstraps
[2025-05-14 15:56:00.179] [jointLog] [info] wrote 20 bootstraps
[2025-05-14 15:56:00.209] [jointLog] [info] wrote 21 bootstraps
[2025-05-14 15:56:00.223] [jointLog] [info] wrote 22 bootstraps
[2025-05-14 15:56:00.240] [jointLog] [info] wrote 23 bootstraps
[2025-05-14 15:56:00.259] [jointLog] [info] wrote 24 bootstraps
[2025-05-14 15:56:00.275] [jointLog] [info] wrote 25 bootstraps
[2025-05-14 15:56:00.288] [jointLog] [info] wrote 26 bootstraps
[2025-05-14 15:56:00.303] [jointLog] [info] wrote 27 bootstraps
[2025-05-14 15:56:00.319] [jointLog] [info] wrote 28 bootstraps
[2025-05-14 15:56:00.334] [jointLog] [info] wrote 29 bootstraps
[2025-05-14 15:56:00.349] [jointLog] [info] wrote 30 bootstraps
[2025-05-14 15:56:00.365] [jointLog] [info] wrote 31 bootstraps
[2025-05-14 15:56:00.381] [jointLog] [info] wrote 32 bootstraps
[2025-05-14 15:56:00.396] [jointLog] [info] wrote 33 bootstraps
[2025-05-14 15:56:00.412] [jointLog] [info] wrote 34 bootstraps
[2025-05-14 15:56:00.427] [jointLog] [info] wrote 35 bootstraps
[2025-05-14 15:56:00.441] [jointLog] [info] wrote 36 bootstraps
[2025-05-14 15:56:00.456] [jointLog] [info] wrote 37 bootstraps
[2025-05-14 15:56:00.472] [jointLog] [info] wrote 38 bootstraps
[2025-05-14 15:56:00.488] [jointLog] [info] wrote 39 bootstraps
[2025-05-14 15:56:00.505] [jointLog] [info] wrote 40 bootstraps
[2025-05-14 15:56:00.520] [jointLog] [info] wrote 41 bootstraps
[2025-05-14 15:56:00.535] [jointLog] [info] wrote 42 bootstraps
[2025-05-14 15:56:00.551] [jointLog] [info] wrote 43 bootstraps
[2025-05-14 15:56:00.566] [jointLog] [info] wrote 44 bootstraps
[2025-05-14 15:56:00.580] [jointLog] [info] wrote 45 bootstraps
[2025-05-14 15:56:00.596] [jointLog] [info] wrote 46 bootstraps
[2025-05-14 15:56:00.613] [jointLog] [info] wrote 47 bootstraps
[2025-05-14 15:56:00.628] [jointLog] [info] wrote 48 bootstraps
[2025-05-14 15:56:00.644] [jointLog] [info] wrote 49 bootstraps
[2025-05-14 15:56:00.658] [jointLog] [info] wrote 50 bootstraps
[2025-05-14 15:56:00.673] [jointLog] [info] wrote 51 bootstraps
[2025-05-14 15:56:00.688] [jointLog] [info] wrote 52 bootstraps
[2025-05-14 15:56:00.703] [jointLog] [info] wrote 53 bootstraps
[2025-05-14 15:56:00.717] [jointLog] [info] wrote 54 bootstraps
[2025-05-14 15:56:00.733] [jointLog] [info] wrote 55 bootstraps
[2025-05-14 15:56:00.744] [jointLog] [info] wrote 56 bootstraps
[2025-05-14 15:56:00.760] [jointLog] [info] wrote 57 bootstraps
[2025-05-14 15:56:00.774] [jointLog] [info] wrote 58 bootstraps
[2025-05-14 15:56:00.790] [jointLog] [info] wrote 59 bootstraps
[2025-05-14 15:56:00.804] [jointLog] [info] wrote 60 bootstraps
[2025-05-14 15:56:00.819] [jointLog] [info] wrote 61 bootstraps
[2025-05-14 15:56:00.834] [jointLog] [info] wrote 62 bootstraps
[2025-05-14 15:56:00.849] [jointLog] [info] wrote 63 bootstraps
[2025-05-14 15:56:00.868] [jointLog] [info] wrote 64 bootstraps
[2025-05-14 15:56:00.882] [jointLog] [info] wrote 65 bootstraps
[2025-05-14 15:56:00.894] [jointLog] [info] wrote 66 bootstraps
[2025-05-14 15:56:00.909] [jointLog] [info] wrote 67 bootstraps
[2025-05-14 15:56:00.924] [jointLog] [info] wrote 68 bootstraps
[2025-05-14 15:56:00.939] [jointLog] [info] wrote 69 bootstraps
[2025-05-14 15:56:00.954] [jointLog] [info] wrote 70 bootstraps
[2025-05-14 15:56:00.969] [jointLog] [info] wrote 71 bootstraps
[2025-05-14 15:56:00.985] [jointLog] [info] wrote 72 bootstraps
[2025-05-14 15:56:01.000] [jointLog] [info] wrote 73 bootstraps
[2025-05-14 15:56:01.018] [jointLog] [info] wrote 74 bootstraps
[2025-05-14 15:56:01.033] [jointLog] [info] wrote 75 bootstraps
[2025-05-14 15:56:01.048] [jointLog] [info] wrote 76 bootstraps
[2025-05-14 15:56:01.064] [jointLog] [info] wrote 77 bootstraps
[2025-05-14 15:56:01.080] [jointLog] [info] wrote 78 bootstraps
[2025-05-14 15:56:01.095] [jointLog] [info] wrote 79 bootstraps
[2025-05-14 15:56:01.111] [jointLog] [info] wrote 80 bootstraps
[2025-05-14 15:56:01.127] [jointLog] [info] wrote 81 bootstraps
[2025-05-14 15:56:01.142] [jointLog] [info] wrote 82 bootstraps
[2025-05-14 15:56:01.157] [jointLog] [info] wrote 83 bootstraps
[2025-05-14 15:56:01.172] [jointLog] [info] wrote 84 bootstraps
[2025-05-14 15:56:01.186] [jointLog] [info] wrote 85 bootstraps
[2025-05-14 15:56:01.201] [jointLog] [info] wrote 86 bootstraps
[2025-05-14 15:56:01.216] [jointLog] [info] wrote 87 bootstraps
[2025-05-14 15:56:01.233] [jointLog] [info] wrote 88 bootstraps
[2025-05-14 15:56:01.250] [jointLog] [info] wrote 89 bootstraps
[2025-05-14 15:56:01.267] [jointLog] [info] wrote 90 bootstraps
[2025-05-14 15:56:01.285] [jointLog] [info] wrote 91 bootstraps
[2025-05-14 15:56:01.300] [jointLog] [info] wrote 92 bootstraps
[2025-05-14 15:56:01.314] [jointLog] [info] wrote 93 bootstraps
[2025-05-14 15:56:01.332] [jointLog] [info] wrote 94 bootstraps
[2025-05-14 15:56:01.353] [jointLog] [info] wrote 95 bootstraps
[2025-05-14 15:56:01.376] [jointLog] [info] wrote 96 bootstraps
[2025-05-14 15:56:01.392] [jointLog] [info] wrote 97 bootstraps
[2025-05-14 15:56:01.408] [jointLog] [info] wrote 98 bootstraps
[2025-05-14 15:56:01.426] [jointLog] [info] wrote 99 bootstraps
[2025-05-14 15:56:02.615] [jointLog] [info] wrote 100 bootstraps
[2025-05-14 15:56:02.620] [jointLog] [info] Finished Bootstrapping
[2025-05-14 15:56:02.620] [jointLog] [warning] NOTE: Read Lib [[ ../Lisa_data/SW5_SRB_105_1.fq.gz, ../Lisa_data/SW5_SRB_105_2.fq.gz]] :

Detected a *potential* strand bias > 1% in an unstranded protocol check the file: ./output/SW5_SRB_105/lib_format_counts.json for details

