[2025-05-14 15:28:08.077] [jointLog] [info] setting maxHashResizeThreads to 128
[2025-05-14 15:28:08.077] [jointLog] [info] Fragment incompatibility prior below threshold.  Incompatible fragments will be ignored.
[2025-05-14 15:28:08.077] [jointLog] [info] Usage of --validateMappings implies use of minScoreFraction. Since not explicitly specified, it is being set to 0.65
[2025-05-14 15:28:08.077] [jointLog] [info] Setting consensusSlack to selective-alignment default of 0.35.
[2025-05-14 15:28:08.077] [jointLog] [info] parsing read library format
[2025-05-14 15:28:08.077] [jointLog] [info] There is 1 library.
[2025-05-14 15:28:08.077] [jointLog] [info] Loading pufferfish index
[2025-05-14 15:28:08.077] [jointLog] [info] Loading dense pufferfish index.
[2025-05-14 15:28:20.252] [jointLog] [info] done
[2025-05-14 15:28:20.312] [jointLog] [info] Index contained 34,701 targets
[2025-05-14 15:28:20.318] [jointLog] [info] Number of decoys : 13
[2025-05-14 15:28:20.318] [jointLog] [info] First decoy index : 34,688 
[2025-05-14 15:29:45.884] [jointLog] [info] Computed 27,098 rich equivalence classes for further processing
[2025-05-14 15:29:45.884] [jointLog] [info] Counted 18,191,028 total reads in the equivalence classes 
[2025-05-14 15:29:46.154] [jointLog] [info] Number of mappings discarded because of alignment score : 4,483,349
[2025-05-14 15:29:46.154] [jointLog] [info] Number of fragments entirely discarded because of alignment score : 2,683,613
[2025-05-14 15:29:46.154] [jointLog] [info] Number of fragments discarded because they are best-mapped to decoys : 1,975,365
[2025-05-14 15:29:46.154] [jointLog] [info] Number of fragments discarded because they have only dovetail (discordant) mappings to valid targets : 308,694
[2025-05-14 15:29:46.154] [jointLog] [info] Mapping rate = 78.4244%

[2025-05-14 15:29:46.154] [jointLog] [info] finished quantifyLibrary()
[2025-05-14 15:29:46.154] [jointLog] [info] Starting optimizer
[2025-05-14 15:29:46.169] [jointLog] [info] Marked 0 weighted equivalence classes as degenerate
[2025-05-14 15:29:46.173] [jointLog] [info] iteration = 0 | max rel diff. = 28281.9
[2025-05-14 15:29:45.885] [fileLog] [info] 
At end of round 0
==================
Observed 23195629 total fragments (23195629 in most recent round)

[2025-05-14 15:29:46.431] [jointLog] [info] iteration = 100 | max rel diff. = 0.0311305
[2025-05-14 15:29:46.598] [jointLog] [info] iteration = 178 | max rel diff. = 0.00183378
[2025-05-14 15:29:46.599] [jointLog] [info] Finished optimizer
[2025-05-14 15:29:46.599] [jointLog] [info] writing output 

[2025-05-14 15:29:46.653] [jointLog] [info] Starting Bootstrapping
[2025-05-14 15:29:46.656] [jointLog] [info] Will draw 100 bootstrap samples
[2025-05-14 15:29:46.656] [jointLog] [info] Optimizing over 27,098 equivalence classes
[2025-05-14 15:29:46.657] [jointLog] [info] Marked 0 weighted equivalence classes as degenerate
[2025-05-14 15:29:49.545] [jointLog] [info] wrote 1 bootstraps
[2025-05-14 15:29:49.564] [jointLog] [info] wrote 2 bootstraps
[2025-05-14 15:29:49.623] [jointLog] [info] wrote 3 bootstraps
[2025-05-14 15:29:49.637] [jointLog] [info] wrote 4 bootstraps
[2025-05-14 15:29:49.650] [jointLog] [info] wrote 5 bootstraps
[2025-05-14 15:29:49.667] [jointLog] [info] wrote 6 bootstraps
[2025-05-14 15:29:49.686] [jointLog] [info] wrote 7 bootstraps
[2025-05-14 15:29:49.724] [jointLog] [info] wrote 8 bootstraps
[2025-05-14 15:29:49.741] [jointLog] [info] wrote 9 bootstraps
[2025-05-14 15:29:49.754] [jointLog] [info] wrote 10 bootstraps
[2025-05-14 15:29:49.769] [jointLog] [info] wrote 11 bootstraps
[2025-05-14 15:29:49.783] [jointLog] [info] wrote 12 bootstraps
[2025-05-14 15:29:49.798] [jointLog] [info] wrote 13 bootstraps
[2025-05-14 15:29:49.815] [jointLog] [info] wrote 14 bootstraps
[2025-05-14 15:29:49.830] [jointLog] [info] wrote 15 bootstraps
[2025-05-14 15:29:49.922] [jointLog] [info] wrote 16 bootstraps
[2025-05-14 15:29:49.937] [jointLog] [info] wrote 17 bootstraps
[2025-05-14 15:29:49.950] [jointLog] [info] wrote 18 bootstraps
[2025-05-14 15:29:49.963] [jointLog] [info] wrote 19 bootstraps
[2025-05-14 15:29:49.975] [jointLog] [info] wrote 20 bootstraps
[2025-05-14 15:29:50.139] [jointLog] [info] wrote 21 bootstraps
[2025-05-14 15:29:50.250] [jointLog] [info] wrote 22 bootstraps
[2025-05-14 15:29:50.263] [jointLog] [info] wrote 23 bootstraps
[2025-05-14 15:29:50.278] [jointLog] [info] wrote 24 bootstraps
[2025-05-14 15:29:50.291] [jointLog] [info] wrote 25 bootstraps
[2025-05-14 15:29:50.304] [jointLog] [info] wrote 26 bootstraps
[2025-05-14 15:29:50.318] [jointLog] [info] wrote 27 bootstraps
[2025-05-14 15:29:50.335] [jointLog] [info] wrote 28 bootstraps
[2025-05-14 15:29:50.352] [jointLog] [info] wrote 29 bootstraps
[2025-05-14 15:29:50.367] [jointLog] [info] wrote 30 bootstraps
[2025-05-14 15:29:50.383] [jointLog] [info] wrote 31 bootstraps
[2025-05-14 15:29:50.397] [jointLog] [info] wrote 32 bootstraps
[2025-05-14 15:29:50.410] [jointLog] [info] wrote 33 bootstraps
[2025-05-14 15:29:50.422] [jointLog] [info] wrote 34 bootstraps
[2025-05-14 15:29:50.438] [jointLog] [info] wrote 35 bootstraps
[2025-05-14 15:29:50.451] [jointLog] [info] wrote 36 bootstraps
[2025-05-14 15:29:50.466] [jointLog] [info] wrote 37 bootstraps
[2025-05-14 15:29:50.482] [jointLog] [info] wrote 38 bootstraps
[2025-05-14 15:29:50.496] [jointLog] [info] wrote 39 bootstraps
[2025-05-14 15:29:50.509] [jointLog] [info] wrote 40 bootstraps
[2025-05-14 15:29:50.524] [jointLog] [info] wrote 41 bootstraps
[2025-05-14 15:29:50.539] [jointLog] [info] wrote 42 bootstraps
[2025-05-14 15:29:50.553] [jointLog] [info] wrote 43 bootstraps
[2025-05-14 15:29:50.565] [jointLog] [info] wrote 44 bootstraps
[2025-05-14 15:29:50.581] [jointLog] [info] wrote 45 bootstraps
[2025-05-14 15:29:50.596] [jointLog] [info] wrote 46 bootstraps
[2025-05-14 15:29:50.608] [jointLog] [info] wrote 47 bootstraps
[2025-05-14 15:29:50.621] [jointLog] [info] wrote 48 bootstraps
[2025-05-14 15:29:50.634] [jointLog] [info] wrote 49 bootstraps
[2025-05-14 15:29:50.649] [jointLog] [info] wrote 50 bootstraps
[2025-05-14 15:29:50.665] [jointLog] [info] wrote 51 bootstraps
[2025-05-14 15:29:50.677] [jointLog] [info] wrote 52 bootstraps
[2025-05-14 15:29:50.692] [jointLog] [info] wrote 53 bootstraps
[2025-05-14 15:29:50.707] [jointLog] [info] wrote 54 bootstraps
[2025-05-14 15:29:50.722] [jointLog] [info] wrote 55 bootstraps
[2025-05-14 15:29:50.738] [jointLog] [info] wrote 56 bootstraps
[2025-05-14 15:29:50.751] [jointLog] [info] wrote 57 bootstraps
[2025-05-14 15:29:50.767] [jointLog] [info] wrote 58 bootstraps
[2025-05-14 15:29:50.783] [jointLog] [info] wrote 59 bootstraps
[2025-05-14 15:29:50.801] [jointLog] [info] wrote 60 bootstraps
[2025-05-14 15:29:50.819] [jointLog] [info] wrote 61 bootstraps
[2025-05-14 15:29:50.835] [jointLog] [info] wrote 62 bootstraps
[2025-05-14 15:29:50.851] [jointLog] [info] wrote 63 bootstraps
[2025-05-14 15:29:50.870] [jointLog] [info] wrote 64 bootstraps
[2025-05-14 15:29:50.891] [jointLog] [info] wrote 65 bootstraps
[2025-05-14 15:29:50.909] [jointLog] [info] wrote 66 bootstraps
[2025-05-14 15:29:50.931] [jointLog] [info] wrote 67 bootstraps
[2025-05-14 15:29:50.948] [jointLog] [info] wrote 68 bootstraps
[2025-05-14 15:29:50.967] [jointLog] [info] wrote 69 bootstraps
[2025-05-14 15:29:50.987] [jointLog] [info] wrote 70 bootstraps
[2025-05-14 15:29:51.007] [jointLog] [info] wrote 71 bootstraps
[2025-05-14 15:29:51.019] [jointLog] [info] wrote 72 bootstraps
[2025-05-14 15:29:51.041] [jointLog] [info] wrote 73 bootstraps
[2025-05-14 15:29:51.064] [jointLog] [info] wrote 74 bootstraps
[2025-05-14 15:29:51.088] [jointLog] [info] wrote 75 bootstraps
[2025-05-14 15:29:51.110] [jointLog] [info] wrote 76 bootstraps
[2025-05-14 15:29:51.133] [jointLog] [info] wrote 77 bootstraps
[2025-05-14 15:29:51.155] [jointLog] [info] wrote 78 bootstraps
[2025-05-14 15:29:51.179] [jointLog] [info] wrote 79 bootstraps
[2025-05-14 15:29:51.203] [jointLog] [info] wrote 80 bootstraps
[2025-05-14 15:29:51.226] [jointLog] [info] wrote 81 bootstraps
[2025-05-14 15:29:51.248] [jointLog] [info] wrote 82 bootstraps
[2025-05-14 15:29:51.272] [jointLog] [info] wrote 83 bootstraps
[2025-05-14 15:29:51.296] [jointLog] [info] wrote 84 bootstraps
[2025-05-14 15:29:51.321] [jointLog] [info] wrote 85 bootstraps
[2025-05-14 15:29:51.344] [jointLog] [info] wrote 86 bootstraps
[2025-05-14 15:29:51.366] [jointLog] [info] wrote 87 bootstraps
[2025-05-14 15:29:51.388] [jointLog] [info] wrote 88 bootstraps
[2025-05-14 15:29:51.412] [jointLog] [info] wrote 89 bootstraps
[2025-05-14 15:29:51.436] [jointLog] [info] wrote 90 bootstraps
[2025-05-14 15:29:51.459] [jointLog] [info] wrote 91 bootstraps
[2025-05-14 15:29:51.481] [jointLog] [info] wrote 92 bootstraps
[2025-05-14 15:29:51.503] [jointLog] [info] wrote 93 bootstraps
[2025-05-14 15:29:51.525] [jointLog] [info] wrote 94 bootstraps
[2025-05-14 15:29:51.547] [jointLog] [info] wrote 95 bootstraps
[2025-05-14 15:29:51.569] [jointLog] [info] wrote 96 bootstraps
[2025-05-14 15:29:51.594] [jointLog] [info] wrote 97 bootstraps
[2025-05-14 15:29:51.616] [jointLog] [info] wrote 98 bootstraps
[2025-05-14 15:29:51.641] [jointLog] [info] wrote 99 bootstraps
[2025-05-14 15:29:52.059] [jointLog] [info] wrote 100 bootstraps
[2025-05-14 15:29:52.066] [jointLog] [info] Finished Bootstrapping
[2025-05-14 15:29:52.066] [jointLog] [warning] NOTE: Read Lib [[ ../Lisa_data/SW57_SRB_140_1.fq.gz, ../Lisa_data/SW57_SRB_140_2.fq.gz]] :

Detected a *potential* strand bias > 1% in an unstranded protocol check the file: ./output/SW57_SRB_140/lib_format_counts.json for details

