[2025-05-14 14:35:29.871] [jointLog] [info] setting maxHashResizeThreads to 128
[2025-05-14 14:35:29.871] [jointLog] [info] Fragment incompatibility prior below threshold.  Incompatible fragments will be ignored.
[2025-05-14 14:35:29.871] [jointLog] [info] Usage of --validateMappings implies use of minScoreFraction. Since not explicitly specified, it is being set to 0.65
[2025-05-14 14:35:29.871] [jointLog] [info] Setting consensusSlack to selective-alignment default of 0.35.
[2025-05-14 14:35:29.871] [jointLog] [info] parsing read library format
[2025-05-14 14:35:29.871] [jointLog] [info] There is 1 library.
[2025-05-14 14:35:29.872] [jointLog] [info] Loading pufferfish index
[2025-05-14 14:35:29.872] [jointLog] [info] Loading dense pufferfish index.
[2025-05-14 14:35:42.561] [jointLog] [info] done
[2025-05-14 14:35:42.619] [jointLog] [info] Index contained 34,701 targets
[2025-05-14 14:35:42.625] [jointLog] [info] Number of decoys : 13
[2025-05-14 14:35:42.625] [jointLog] [info] First decoy index : 34,688 
[2025-05-14 14:37:08.180] [jointLog] [info] Computed 32,593 rich equivalence classes for further processing
[2025-05-14 14:37:08.180] [jointLog] [info] Counted 19,514,912 total reads in the equivalence classes 
[2025-05-14 14:37:08.259] [jointLog] [info] Number of mappings discarded because of alignment score : 4,804,343
[2025-05-14 14:37:08.259] [jointLog] [info] Number of fragments entirely discarded because of alignment score : 2,515,436
[2025-05-14 14:37:08.259] [jointLog] [info] Number of fragments discarded because they are best-mapped to decoys : 1,923,658
[2025-05-14 14:37:08.259] [jointLog] [info] Number of fragments discarded because they have only dovetail (discordant) mappings to valid targets : 276,225
[2025-05-14 14:37:08.259] [jointLog] [info] Mapping rate = 82.7294%

[2025-05-14 14:37:08.259] [jointLog] [info] finished quantifyLibrary()
[2025-05-14 14:37:08.259] [jointLog] [info] Starting optimizer
[2025-05-14 14:37:08.274] [jointLog] [info] Marked 0 weighted equivalence classes as degenerate
[2025-05-14 14:37:08.278] [jointLog] [info] iteration = 0 | max rel diff. = 26677.4
[2025-05-14 14:37:08.181] [fileLog] [info] 
At end of round 0
==================
Observed 23588839 total fragments (23588839 in most recent round)

[2025-05-14 14:37:08.604] [jointLog] [info] iteration = 100 | max rel diff. = 0.318893
[2025-05-14 14:37:08.651] [jointLog] [info] iteration = 114 | max rel diff. = 0.0035232
[2025-05-14 14:37:08.652] [jointLog] [info] Finished optimizer
[2025-05-14 14:37:08.652] [jointLog] [info] writing output 

[2025-05-14 14:37:08.709] [jointLog] [info] Starting Bootstrapping
[2025-05-14 14:37:08.713] [jointLog] [info] Will draw 100 bootstrap samples
[2025-05-14 14:37:08.713] [jointLog] [info] Optimizing over 32,593 equivalence classes
[2025-05-14 14:37:08.714] [jointLog] [info] Marked 0 weighted equivalence classes as degenerate
[2025-05-14 14:37:11.370] [jointLog] [info] wrote 1 bootstraps
[2025-05-14 14:37:11.735] [jointLog] [info] wrote 2 bootstraps
[2025-05-14 14:37:11.751] [jointLog] [info] wrote 3 bootstraps
[2025-05-14 14:37:11.961] [jointLog] [info] wrote 4 bootstraps
[2025-05-14 14:37:11.987] [jointLog] [info] wrote 5 bootstraps
[2025-05-14 14:37:12.016] [jointLog] [info] wrote 6 bootstraps
[2025-05-14 14:37:12.080] [jointLog] [info] wrote 7 bootstraps
[2025-05-14 14:37:12.093] [jointLog] [info] wrote 8 bootstraps
[2025-05-14 14:37:12.105] [jointLog] [info] wrote 9 bootstraps
[2025-05-14 14:37:12.196] [jointLog] [info] wrote 10 bootstraps
[2025-05-14 14:37:12.209] [jointLog] [info] wrote 11 bootstraps
[2025-05-14 14:37:12.231] [jointLog] [info] wrote 12 bootstraps
[2025-05-14 14:37:12.244] [jointLog] [info] wrote 13 bootstraps
[2025-05-14 14:37:12.256] [jointLog] [info] wrote 14 bootstraps
[2025-05-14 14:37:12.268] [jointLog] [info] wrote 15 bootstraps
[2025-05-14 14:37:12.281] [jointLog] [info] wrote 16 bootstraps
[2025-05-14 14:37:12.294] [jointLog] [info] wrote 17 bootstraps
[2025-05-14 14:37:12.308] [jointLog] [info] wrote 18 bootstraps
[2025-05-14 14:37:12.322] [jointLog] [info] wrote 19 bootstraps
[2025-05-14 14:37:12.334] [jointLog] [info] wrote 20 bootstraps
[2025-05-14 14:37:12.349] [jointLog] [info] wrote 21 bootstraps
[2025-05-14 14:37:12.364] [jointLog] [info] wrote 22 bootstraps
[2025-05-14 14:37:12.376] [jointLog] [info] wrote 23 bootstraps
[2025-05-14 14:37:12.393] [jointLog] [info] wrote 24 bootstraps
[2025-05-14 14:37:12.405] [jointLog] [info] wrote 25 bootstraps
[2025-05-14 14:37:12.419] [jointLog] [info] wrote 26 bootstraps
[2025-05-14 14:37:12.433] [jointLog] [info] wrote 27 bootstraps
[2025-05-14 14:37:12.448] [jointLog] [info] wrote 28 bootstraps
[2025-05-14 14:37:12.463] [jointLog] [info] wrote 29 bootstraps
[2025-05-14 14:37:12.479] [jointLog] [info] wrote 30 bootstraps
[2025-05-14 14:37:12.494] [jointLog] [info] wrote 31 bootstraps
[2025-05-14 14:37:12.509] [jointLog] [info] wrote 32 bootstraps
[2025-05-14 14:37:12.524] [jointLog] [info] wrote 33 bootstraps
[2025-05-14 14:37:12.539] [jointLog] [info] wrote 34 bootstraps
[2025-05-14 14:37:12.553] [jointLog] [info] wrote 35 bootstraps
[2025-05-14 14:37:12.565] [jointLog] [info] wrote 36 bootstraps
[2025-05-14 14:37:12.580] [jointLog] [info] wrote 37 bootstraps
[2025-05-14 14:37:12.594] [jointLog] [info] wrote 38 bootstraps
[2025-05-14 14:37:12.610] [jointLog] [info] wrote 39 bootstraps
[2025-05-14 14:37:12.622] [jointLog] [info] wrote 40 bootstraps
[2025-05-14 14:37:12.635] [jointLog] [info] wrote 41 bootstraps
[2025-05-14 14:37:12.650] [jointLog] [info] wrote 42 bootstraps
[2025-05-14 14:37:12.664] [jointLog] [info] wrote 43 bootstraps
[2025-05-14 14:37:12.679] [jointLog] [info] wrote 44 bootstraps
[2025-05-14 14:37:12.694] [jointLog] [info] wrote 45 bootstraps
[2025-05-14 14:37:12.708] [jointLog] [info] wrote 46 bootstraps
[2025-05-14 14:37:12.723] [jointLog] [info] wrote 47 bootstraps
[2025-05-14 14:37:12.738] [jointLog] [info] wrote 48 bootstraps
[2025-05-14 14:37:12.752] [jointLog] [info] wrote 49 bootstraps
[2025-05-14 14:37:12.768] [jointLog] [info] wrote 50 bootstraps
[2025-05-14 14:37:12.782] [jointLog] [info] wrote 51 bootstraps
[2025-05-14 14:37:12.799] [jointLog] [info] wrote 52 bootstraps
[2025-05-14 14:37:12.815] [jointLog] [info] wrote 53 bootstraps
[2025-05-14 14:37:12.829] [jointLog] [info] wrote 54 bootstraps
[2025-05-14 14:37:12.847] [jointLog] [info] wrote 55 bootstraps
[2025-05-14 14:37:12.862] [jointLog] [info] wrote 56 bootstraps
[2025-05-14 14:37:12.878] [jointLog] [info] wrote 57 bootstraps
[2025-05-14 14:37:12.894] [jointLog] [info] wrote 58 bootstraps
[2025-05-14 14:37:12.913] [jointLog] [info] wrote 59 bootstraps
[2025-05-14 14:37:12.931] [jointLog] [info] wrote 60 bootstraps
[2025-05-14 14:37:12.949] [jointLog] [info] wrote 61 bootstraps
[2025-05-14 14:37:12.967] [jointLog] [info] wrote 62 bootstraps
[2025-05-14 14:37:12.986] [jointLog] [info] wrote 63 bootstraps
[2025-05-14 14:37:13.006] [jointLog] [info] wrote 64 bootstraps
[2025-05-14 14:37:13.022] [jointLog] [info] wrote 65 bootstraps
[2025-05-14 14:37:13.044] [jointLog] [info] wrote 66 bootstraps
[2025-05-14 14:37:13.065] [jointLog] [info] wrote 67 bootstraps
[2025-05-14 14:37:13.089] [jointLog] [info] wrote 68 bootstraps
[2025-05-14 14:37:13.105] [jointLog] [info] wrote 69 bootstraps
[2025-05-14 14:37:13.127] [jointLog] [info] wrote 70 bootstraps
[2025-05-14 14:37:13.148] [jointLog] [info] wrote 71 bootstraps
[2025-05-14 14:37:13.170] [jointLog] [info] wrote 72 bootstraps
[2025-05-14 14:37:13.191] [jointLog] [info] wrote 73 bootstraps
[2025-05-14 14:37:13.211] [jointLog] [info] wrote 74 bootstraps
[2025-05-14 14:37:13.233] [jointLog] [info] wrote 75 bootstraps
[2025-05-14 14:37:13.255] [jointLog] [info] wrote 76 bootstraps
[2025-05-14 14:37:13.277] [jointLog] [info] wrote 77 bootstraps
[2025-05-14 14:37:13.298] [jointLog] [info] wrote 78 bootstraps
[2025-05-14 14:37:13.320] [jointLog] [info] wrote 79 bootstraps
[2025-05-14 14:37:13.341] [jointLog] [info] wrote 80 bootstraps
[2025-05-14 14:37:13.363] [jointLog] [info] wrote 81 bootstraps
[2025-05-14 14:37:13.384] [jointLog] [info] wrote 82 bootstraps
[2025-05-14 14:37:13.407] [jointLog] [info] wrote 83 bootstraps
[2025-05-14 14:37:13.428] [jointLog] [info] wrote 84 bootstraps
[2025-05-14 14:37:13.450] [jointLog] [info] wrote 85 bootstraps
[2025-05-14 14:37:13.471] [jointLog] [info] wrote 86 bootstraps
[2025-05-14 14:37:13.492] [jointLog] [info] wrote 87 bootstraps
[2025-05-14 14:37:13.514] [jointLog] [info] wrote 88 bootstraps
[2025-05-14 14:37:13.536] [jointLog] [info] wrote 89 bootstraps
[2025-05-14 14:37:13.557] [jointLog] [info] wrote 90 bootstraps
[2025-05-14 14:37:13.579] [jointLog] [info] wrote 91 bootstraps
[2025-05-14 14:37:13.601] [jointLog] [info] wrote 92 bootstraps
[2025-05-14 14:37:13.622] [jointLog] [info] wrote 93 bootstraps
[2025-05-14 14:37:13.643] [jointLog] [info] wrote 94 bootstraps
[2025-05-14 14:37:13.665] [jointLog] [info] wrote 95 bootstraps
[2025-05-14 14:37:13.689] [jointLog] [info] wrote 96 bootstraps
[2025-05-14 14:37:13.710] [jointLog] [info] wrote 97 bootstraps
[2025-05-14 14:37:13.736] [jointLog] [info] wrote 98 bootstraps
[2025-05-14 14:37:13.758] [jointLog] [info] wrote 99 bootstraps
[2025-05-14 14:37:13.848] [jointLog] [info] wrote 100 bootstraps
[2025-05-14 14:37:13.854] [jointLog] [info] Finished Bootstrapping
[2025-05-14 14:37:13.854] [jointLog] [warning] NOTE: Read Lib [[ ../Lisa_data/Fla_H_5_1.fq.gz, ../Lisa_data/Fla_H_5_2.fq.gz]] :

Detected a *potential* strand bias > 1% in an unstranded protocol check the file: ./output/Fla_H_5/lib_format_counts.json for details

