[2025-05-14 15:12:00.378] [jointLog] [info] setting maxHashResizeThreads to 128
[2025-05-14 15:12:00.378] [jointLog] [info] Fragment incompatibility prior below threshold.  Incompatible fragments will be ignored.
[2025-05-14 15:12:00.378] [jointLog] [info] Usage of --validateMappings implies use of minScoreFraction. Since not explicitly specified, it is being set to 0.65
[2025-05-14 15:12:00.378] [jointLog] [info] Setting consensusSlack to selective-alignment default of 0.35.
[2025-05-14 15:12:00.378] [jointLog] [info] parsing read library format
[2025-05-14 15:12:00.378] [jointLog] [info] There is 1 library.
[2025-05-14 15:12:00.378] [jointLog] [info] Loading pufferfish index
[2025-05-14 15:12:00.378] [jointLog] [info] Loading dense pufferfish index.
[2025-05-14 15:12:11.012] [jointLog] [info] done
[2025-05-14 15:12:11.076] [jointLog] [info] Index contained 34,701 targets
[2025-05-14 15:12:11.082] [jointLog] [info] Number of decoys : 13
[2025-05-14 15:12:11.082] [jointLog] [info] First decoy index : 34,688 
[2025-05-14 15:13:42.347] [fileLog] [info] 
At end of round 0
==================
Observed 24055131 total fragments (24055131 in most recent round)

[2025-05-14 15:13:42.346] [jointLog] [info] Computed 27,482 rich equivalence classes for further processing
[2025-05-14 15:13:42.346] [jointLog] [info] Counted 19,552,714 total reads in the equivalence classes 
[2025-05-14 15:13:42.490] [jointLog] [info] Number of mappings discarded because of alignment score : 5,212,926
[2025-05-14 15:13:42.490] [jointLog] [info] Number of fragments entirely discarded because of alignment score : 2,581,568
[2025-05-14 15:13:42.490] [jointLog] [info] Number of fragments discarded because they are best-mapped to decoys : 2,000,135
[2025-05-14 15:13:42.490] [jointLog] [info] Number of fragments discarded because they have only dovetail (discordant) mappings to valid targets : 294,892
[2025-05-14 15:13:42.490] [jointLog] [info] Mapping rate = 81.2829%

[2025-05-14 15:13:42.490] [jointLog] [info] finished quantifyLibrary()
[2025-05-14 15:13:42.490] [jointLog] [info] Starting optimizer
[2025-05-14 15:13:42.506] [jointLog] [info] Marked 0 weighted equivalence classes as degenerate
[2025-05-14 15:13:42.511] [jointLog] [info] iteration = 0 | max rel diff. = 21984
[2025-05-14 15:13:42.825] [jointLog] [info] iteration = 100 | max rel diff. = 0.0136647
[2025-05-14 15:13:42.866] [jointLog] [info] iteration = 117 | max rel diff. = 0.00995082
[2025-05-14 15:13:42.868] [jointLog] [info] Finished optimizer
[2025-05-14 15:13:42.868] [jointLog] [info] writing output 

[2025-05-14 15:13:42.946] [jointLog] [info] Starting Bootstrapping
[2025-05-14 15:13:42.951] [jointLog] [info] Will draw 100 bootstrap samples
[2025-05-14 15:13:42.951] [jointLog] [info] Optimizing over 27,482 equivalence classes
[2025-05-14 15:13:42.953] [jointLog] [info] Marked 0 weighted equivalence classes as degenerate
[2025-05-14 15:13:45.686] [jointLog] [info] wrote 1 bootstraps
[2025-05-14 15:13:45.902] [jointLog] [info] wrote 2 bootstraps
[2025-05-14 15:13:46.037] [jointLog] [info] wrote 3 bootstraps
[2025-05-14 15:13:46.137] [jointLog] [info] wrote 4 bootstraps
[2025-05-14 15:13:46.286] [jointLog] [info] wrote 5 bootstraps
[2025-05-14 15:13:46.301] [jointLog] [info] wrote 6 bootstraps
[2025-05-14 15:13:46.314] [jointLog] [info] wrote 7 bootstraps
[2025-05-14 15:13:46.337] [jointLog] [info] wrote 8 bootstraps
[2025-05-14 15:13:46.351] [jointLog] [info] wrote 9 bootstraps
[2025-05-14 15:13:46.366] [jointLog] [info] wrote 10 bootstraps
[2025-05-14 15:13:46.379] [jointLog] [info] wrote 11 bootstraps
[2025-05-14 15:13:46.392] [jointLog] [info] wrote 12 bootstraps
[2025-05-14 15:13:46.424] [jointLog] [info] wrote 13 bootstraps
[2025-05-14 15:13:46.453] [jointLog] [info] wrote 14 bootstraps
[2025-05-14 15:13:46.465] [jointLog] [info] wrote 15 bootstraps
[2025-05-14 15:13:46.486] [jointLog] [info] wrote 16 bootstraps
[2025-05-14 15:13:46.499] [jointLog] [info] wrote 17 bootstraps
[2025-05-14 15:13:46.511] [jointLog] [info] wrote 18 bootstraps
[2025-05-14 15:13:46.524] [jointLog] [info] wrote 19 bootstraps
[2025-05-14 15:13:46.552] [jointLog] [info] wrote 20 bootstraps
[2025-05-14 15:13:46.565] [jointLog] [info] wrote 21 bootstraps
[2025-05-14 15:13:46.577] [jointLog] [info] wrote 22 bootstraps
[2025-05-14 15:13:46.591] [jointLog] [info] wrote 23 bootstraps
[2025-05-14 15:13:46.605] [jointLog] [info] wrote 24 bootstraps
[2025-05-14 15:13:46.620] [jointLog] [info] wrote 25 bootstraps
[2025-05-14 15:13:46.635] [jointLog] [info] wrote 26 bootstraps
[2025-05-14 15:13:46.648] [jointLog] [info] wrote 27 bootstraps
[2025-05-14 15:13:46.660] [jointLog] [info] wrote 28 bootstraps
[2025-05-14 15:13:46.675] [jointLog] [info] wrote 29 bootstraps
[2025-05-14 15:13:46.690] [jointLog] [info] wrote 30 bootstraps
[2025-05-14 15:13:46.704] [jointLog] [info] wrote 31 bootstraps
[2025-05-14 15:13:46.719] [jointLog] [info] wrote 32 bootstraps
[2025-05-14 15:13:46.733] [jointLog] [info] wrote 33 bootstraps
[2025-05-14 15:13:46.746] [jointLog] [info] wrote 34 bootstraps
[2025-05-14 15:13:46.758] [jointLog] [info] wrote 35 bootstraps
[2025-05-14 15:13:46.774] [jointLog] [info] wrote 36 bootstraps
[2025-05-14 15:13:46.786] [jointLog] [info] wrote 37 bootstraps
[2025-05-14 15:13:46.801] [jointLog] [info] wrote 38 bootstraps
[2025-05-14 15:13:46.816] [jointLog] [info] wrote 39 bootstraps
[2025-05-14 15:13:46.830] [jointLog] [info] wrote 40 bootstraps
[2025-05-14 15:13:46.844] [jointLog] [info] wrote 41 bootstraps
[2025-05-14 15:13:46.859] [jointLog] [info] wrote 42 bootstraps
[2025-05-14 15:13:46.874] [jointLog] [info] wrote 43 bootstraps
[2025-05-14 15:13:46.889] [jointLog] [info] wrote 44 bootstraps
[2025-05-14 15:13:46.904] [jointLog] [info] wrote 45 bootstraps
[2025-05-14 15:13:46.917] [jointLog] [info] wrote 46 bootstraps
[2025-05-14 15:13:46.932] [jointLog] [info] wrote 47 bootstraps
[2025-05-14 15:13:46.947] [jointLog] [info] wrote 48 bootstraps
[2025-05-14 15:13:46.962] [jointLog] [info] wrote 49 bootstraps
[2025-05-14 15:13:46.976] [jointLog] [info] wrote 50 bootstraps
[2025-05-14 15:13:46.991] [jointLog] [info] wrote 51 bootstraps
[2025-05-14 15:13:47.006] [jointLog] [info] wrote 52 bootstraps
[2025-05-14 15:13:47.021] [jointLog] [info] wrote 53 bootstraps
[2025-05-14 15:13:47.035] [jointLog] [info] wrote 54 bootstraps
[2025-05-14 15:13:47.051] [jointLog] [info] wrote 55 bootstraps
[2025-05-14 15:13:47.066] [jointLog] [info] wrote 56 bootstraps
[2025-05-14 15:13:47.082] [jointLog] [info] wrote 57 bootstraps
[2025-05-14 15:13:47.097] [jointLog] [info] wrote 58 bootstraps
[2025-05-14 15:13:47.114] [jointLog] [info] wrote 59 bootstraps
[2025-05-14 15:13:47.130] [jointLog] [info] wrote 60 bootstraps
[2025-05-14 15:13:47.146] [jointLog] [info] wrote 61 bootstraps
[2025-05-14 15:13:47.164] [jointLog] [info] wrote 62 bootstraps
[2025-05-14 15:13:47.180] [jointLog] [info] wrote 63 bootstraps
[2025-05-14 15:13:47.196] [jointLog] [info] wrote 64 bootstraps
[2025-05-14 15:13:47.211] [jointLog] [info] wrote 65 bootstraps
[2025-05-14 15:13:47.227] [jointLog] [info] wrote 66 bootstraps
[2025-05-14 15:13:47.243] [jointLog] [info] wrote 67 bootstraps
[2025-05-14 15:13:47.259] [jointLog] [info] wrote 68 bootstraps
[2025-05-14 15:13:47.276] [jointLog] [info] wrote 69 bootstraps
[2025-05-14 15:13:47.292] [jointLog] [info] wrote 70 bootstraps
[2025-05-14 15:13:47.306] [jointLog] [info] wrote 71 bootstraps
[2025-05-14 15:13:47.319] [jointLog] [info] wrote 72 bootstraps
[2025-05-14 15:13:47.334] [jointLog] [info] wrote 73 bootstraps
[2025-05-14 15:13:47.349] [jointLog] [info] wrote 74 bootstraps
[2025-05-14 15:13:47.362] [jointLog] [info] wrote 75 bootstraps
[2025-05-14 15:13:47.377] [jointLog] [info] wrote 76 bootstraps
[2025-05-14 15:13:47.392] [jointLog] [info] wrote 77 bootstraps
[2025-05-14 15:13:47.404] [jointLog] [info] wrote 78 bootstraps
[2025-05-14 15:13:47.419] [jointLog] [info] wrote 79 bootstraps
[2025-05-14 15:13:47.431] [jointLog] [info] wrote 80 bootstraps
[2025-05-14 15:13:47.446] [jointLog] [info] wrote 81 bootstraps
[2025-05-14 15:13:47.460] [jointLog] [info] wrote 82 bootstraps
[2025-05-14 15:13:47.471] [jointLog] [info] wrote 83 bootstraps
[2025-05-14 15:13:47.485] [jointLog] [info] wrote 84 bootstraps
[2025-05-14 15:13:47.498] [jointLog] [info] wrote 85 bootstraps
[2025-05-14 15:13:47.510] [jointLog] [info] wrote 86 bootstraps
[2025-05-14 15:13:47.522] [jointLog] [info] wrote 87 bootstraps
[2025-05-14 15:13:47.539] [jointLog] [info] wrote 88 bootstraps
[2025-05-14 15:13:47.551] [jointLog] [info] wrote 89 bootstraps
[2025-05-14 15:13:47.564] [jointLog] [info] wrote 90 bootstraps
[2025-05-14 15:13:47.576] [jointLog] [info] wrote 91 bootstraps
[2025-05-14 15:13:47.588] [jointLog] [info] wrote 92 bootstraps
[2025-05-14 15:13:47.600] [jointLog] [info] wrote 93 bootstraps
[2025-05-14 15:13:47.612] [jointLog] [info] wrote 94 bootstraps
[2025-05-14 15:13:47.627] [jointLog] [info] wrote 95 bootstraps
[2025-05-14 15:13:47.651] [jointLog] [info] wrote 96 bootstraps
[2025-05-14 15:13:47.663] [jointLog] [info] wrote 97 bootstraps
[2025-05-14 15:13:47.674] [jointLog] [info] wrote 98 bootstraps
[2025-05-14 15:13:47.692] [jointLog] [info] wrote 99 bootstraps
[2025-05-14 15:13:49.071] [jointLog] [info] wrote 100 bootstraps
[2025-05-14 15:13:49.079] [jointLog] [info] Finished Bootstrapping
[2025-05-14 15:13:49.079] [jointLog] [warning] NOTE: Read Lib [[ ../Lisa_data/SW57_SNI_68_MKRN240014591_1.fq.gz, ../Lisa_data/SW57_SNI_68_MKRN240014591_2.fq.gz]] :

Detected a *potential* strand bias > 1% in an unstranded protocol check the file: ./output/SW57_SNI_68_MKRN240014591/lib_format_counts.json for details

