[2025-05-14 15:44:38.579] [jointLog] [info] setting maxHashResizeThreads to 128
[2025-05-14 15:44:38.579] [jointLog] [info] Fragment incompatibility prior below threshold.  Incompatible fragments will be ignored.
[2025-05-14 15:44:38.579] [jointLog] [info] Usage of --validateMappings implies use of minScoreFraction. Since not explicitly specified, it is being set to 0.65
[2025-05-14 15:44:38.579] [jointLog] [info] Setting consensusSlack to selective-alignment default of 0.35.
[2025-05-14 15:44:38.579] [jointLog] [info] parsing read library format
[2025-05-14 15:44:38.579] [jointLog] [info] There is 1 library.
[2025-05-14 15:44:38.579] [jointLog] [info] Loading pufferfish index
[2025-05-14 15:44:38.579] [jointLog] [info] Loading dense pufferfish index.
[2025-05-14 15:44:50.749] [jointLog] [info] done
[2025-05-14 15:44:50.807] [jointLog] [info] Index contained 34,701 targets
[2025-05-14 15:44:50.813] [jointLog] [info] Number of decoys : 13
[2025-05-14 15:44:50.813] [jointLog] [info] First decoy index : 34,688 
[2025-05-14 15:46:23.812] [jointLog] [info] Computed 19,303 rich equivalence classes for further processing
[2025-05-14 15:46:23.812] [jointLog] [info] Counted 18,135,548 total reads in the equivalence classes 
[2025-05-14 15:46:23.891] [jointLog] [info] Number of mappings discarded because of alignment score : 5,316,638
[2025-05-14 15:46:23.891] [jointLog] [info] Number of fragments entirely discarded because of alignment score : 2,680,584
[2025-05-14 15:46:23.891] [jointLog] [info] Number of fragments discarded because they are best-mapped to decoys : 1,991,537
[2025-05-14 15:46:23.891] [jointLog] [info] Number of fragments discarded because they have only dovetail (discordant) mappings to valid targets : 614,341
[2025-05-14 15:46:23.891] [jointLog] [info] Mapping rate = 69.6565%

[2025-05-14 15:46:23.891] [jointLog] [info] finished quantifyLibrary()
[2025-05-14 15:46:23.891] [jointLog] [info] Starting optimizer
[2025-05-14 15:46:23.901] [jointLog] [info] Marked 0 weighted equivalence classes as degenerate
[2025-05-14 15:46:23.904] [jointLog] [info] iteration = 0 | max rel diff. = 28732.4
[2025-05-14 15:46:24.141] [jointLog] [info] iteration = 100 | max rel diff. = 0.00892703
[2025-05-14 15:46:24.143] [jointLog] [info] Finished optimizer
[2025-05-14 15:46:24.143] [jointLog] [info] writing output 

[2025-05-14 15:46:24.201] [jointLog] [info] Starting Bootstrapping
[2025-05-14 15:46:24.203] [jointLog] [info] Will draw 100 bootstrap samples
[2025-05-14 15:46:24.203] [jointLog] [info] Optimizing over 19,303 equivalence classes
[2025-05-14 15:46:24.204] [jointLog] [info] Marked 0 weighted equivalence classes as degenerate
[2025-05-14 15:46:23.813] [fileLog] [info] 
At end of round 0
==================
Observed 26035672 total fragments (26035672 in most recent round)

[2025-05-14 15:46:26.712] [jointLog] [info] wrote 1 bootstraps
[2025-05-14 15:46:26.952] [jointLog] [info] wrote 2 bootstraps
[2025-05-14 15:46:26.972] [jointLog] [info] wrote 3 bootstraps
[2025-05-14 15:46:26.987] [jointLog] [info] wrote 4 bootstraps
[2025-05-14 15:46:27.022] [jointLog] [info] wrote 5 bootstraps
[2025-05-14 15:46:27.036] [jointLog] [info] wrote 6 bootstraps
[2025-05-14 15:46:27.051] [jointLog] [info] wrote 7 bootstraps
[2025-05-14 15:46:27.068] [jointLog] [info] wrote 8 bootstraps
[2025-05-14 15:46:27.082] [jointLog] [info] wrote 9 bootstraps
[2025-05-14 15:46:27.099] [jointLog] [info] wrote 10 bootstraps
[2025-05-14 15:46:27.113] [jointLog] [info] wrote 11 bootstraps
[2025-05-14 15:46:27.127] [jointLog] [info] wrote 12 bootstraps
[2025-05-14 15:46:27.144] [jointLog] [info] wrote 13 bootstraps
[2025-05-14 15:46:27.172] [jointLog] [info] wrote 14 bootstraps
[2025-05-14 15:46:27.212] [jointLog] [info] wrote 15 bootstraps
[2025-05-14 15:46:27.227] [jointLog] [info] wrote 16 bootstraps
[2025-05-14 15:46:27.259] [jointLog] [info] wrote 17 bootstraps
[2025-05-14 15:46:27.277] [jointLog] [info] wrote 18 bootstraps
[2025-05-14 15:46:27.293] [jointLog] [info] wrote 19 bootstraps
[2025-05-14 15:46:27.309] [jointLog] [info] wrote 20 bootstraps
[2025-05-14 15:46:27.327] [jointLog] [info] wrote 21 bootstraps
[2025-05-14 15:46:27.379] [jointLog] [info] wrote 22 bootstraps
[2025-05-14 15:46:27.396] [jointLog] [info] wrote 23 bootstraps
[2025-05-14 15:46:27.411] [jointLog] [info] wrote 24 bootstraps
[2025-05-14 15:46:27.425] [jointLog] [info] wrote 25 bootstraps
[2025-05-14 15:46:27.440] [jointLog] [info] wrote 26 bootstraps
[2025-05-14 15:46:27.454] [jointLog] [info] wrote 27 bootstraps
[2025-05-14 15:46:27.469] [jointLog] [info] wrote 28 bootstraps
[2025-05-14 15:46:27.484] [jointLog] [info] wrote 29 bootstraps
[2025-05-14 15:46:27.500] [jointLog] [info] wrote 30 bootstraps
[2025-05-14 15:46:27.514] [jointLog] [info] wrote 31 bootstraps
[2025-05-14 15:46:27.527] [jointLog] [info] wrote 32 bootstraps
[2025-05-14 15:46:27.541] [jointLog] [info] wrote 33 bootstraps
[2025-05-14 15:46:27.555] [jointLog] [info] wrote 34 bootstraps
[2025-05-14 15:46:27.568] [jointLog] [info] wrote 35 bootstraps
[2025-05-14 15:46:27.581] [jointLog] [info] wrote 36 bootstraps
[2025-05-14 15:46:27.596] [jointLog] [info] wrote 37 bootstraps
[2025-05-14 15:46:27.611] [jointLog] [info] wrote 38 bootstraps
[2025-05-14 15:46:27.624] [jointLog] [info] wrote 39 bootstraps
[2025-05-14 15:46:27.637] [jointLog] [info] wrote 40 bootstraps
[2025-05-14 15:46:27.649] [jointLog] [info] wrote 41 bootstraps
[2025-05-14 15:46:27.664] [jointLog] [info] wrote 42 bootstraps
[2025-05-14 15:46:27.681] [jointLog] [info] wrote 43 bootstraps
[2025-05-14 15:46:27.694] [jointLog] [info] wrote 44 bootstraps
[2025-05-14 15:46:27.707] [jointLog] [info] wrote 45 bootstraps
[2025-05-14 15:46:27.719] [jointLog] [info] wrote 46 bootstraps
[2025-05-14 15:46:27.733] [jointLog] [info] wrote 47 bootstraps
[2025-05-14 15:46:27.747] [jointLog] [info] wrote 48 bootstraps
[2025-05-14 15:46:27.759] [jointLog] [info] wrote 49 bootstraps
[2025-05-14 15:46:27.774] [jointLog] [info] wrote 50 bootstraps
[2025-05-14 15:46:27.786] [jointLog] [info] wrote 51 bootstraps
[2025-05-14 15:46:27.797] [jointLog] [info] wrote 52 bootstraps
[2025-05-14 15:46:27.811] [jointLog] [info] wrote 53 bootstraps
[2025-05-14 15:46:27.825] [jointLog] [info] wrote 54 bootstraps
[2025-05-14 15:46:27.838] [jointLog] [info] wrote 55 bootstraps
[2025-05-14 15:46:27.851] [jointLog] [info] wrote 56 bootstraps
[2025-05-14 15:46:27.862] [jointLog] [info] wrote 57 bootstraps
[2025-05-14 15:46:27.876] [jointLog] [info] wrote 58 bootstraps
[2025-05-14 15:46:27.890] [jointLog] [info] wrote 59 bootstraps
[2025-05-14 15:46:27.902] [jointLog] [info] wrote 60 bootstraps
[2025-05-14 15:46:27.916] [jointLog] [info] wrote 61 bootstraps
[2025-05-14 15:46:27.928] [jointLog] [info] wrote 62 bootstraps
[2025-05-14 15:46:27.941] [jointLog] [info] wrote 63 bootstraps
[2025-05-14 15:46:27.956] [jointLog] [info] wrote 64 bootstraps
[2025-05-14 15:46:27.969] [jointLog] [info] wrote 65 bootstraps
[2025-05-14 15:46:27.979] [jointLog] [info] wrote 66 bootstraps
[2025-05-14 15:46:27.994] [jointLog] [info] wrote 67 bootstraps
[2025-05-14 15:46:28.005] [jointLog] [info] wrote 68 bootstraps
[2025-05-14 15:46:28.019] [jointLog] [info] wrote 69 bootstraps
[2025-05-14 15:46:28.033] [jointLog] [info] wrote 70 bootstraps
[2025-05-14 15:46:28.045] [jointLog] [info] wrote 71 bootstraps
[2025-05-14 15:46:28.059] [jointLog] [info] wrote 72 bootstraps
[2025-05-14 15:46:28.073] [jointLog] [info] wrote 73 bootstraps
[2025-05-14 15:46:28.088] [jointLog] [info] wrote 74 bootstraps
[2025-05-14 15:46:28.103] [jointLog] [info] wrote 75 bootstraps
[2025-05-14 15:46:28.117] [jointLog] [info] wrote 76 bootstraps
[2025-05-14 15:46:28.133] [jointLog] [info] wrote 77 bootstraps
[2025-05-14 15:46:28.147] [jointLog] [info] wrote 78 bootstraps
[2025-05-14 15:46:28.163] [jointLog] [info] wrote 79 bootstraps
[2025-05-14 15:46:28.177] [jointLog] [info] wrote 80 bootstraps
[2025-05-14 15:46:28.192] [jointLog] [info] wrote 81 bootstraps
[2025-05-14 15:46:28.208] [jointLog] [info] wrote 82 bootstraps
[2025-05-14 15:46:28.224] [jointLog] [info] wrote 83 bootstraps
[2025-05-14 15:46:28.241] [jointLog] [info] wrote 84 bootstraps
[2025-05-14 15:46:28.254] [jointLog] [info] wrote 85 bootstraps
[2025-05-14 15:46:28.270] [jointLog] [info] wrote 86 bootstraps
[2025-05-14 15:46:28.284] [jointLog] [info] wrote 87 bootstraps
[2025-05-14 15:46:28.300] [jointLog] [info] wrote 88 bootstraps
[2025-05-14 15:46:28.315] [jointLog] [info] wrote 89 bootstraps
[2025-05-14 15:46:28.331] [jointLog] [info] wrote 90 bootstraps
[2025-05-14 15:46:28.349] [jointLog] [info] wrote 91 bootstraps
[2025-05-14 15:46:28.363] [jointLog] [info] wrote 92 bootstraps
[2025-05-14 15:46:28.377] [jointLog] [info] wrote 93 bootstraps
[2025-05-14 15:46:28.398] [jointLog] [info] wrote 94 bootstraps
[2025-05-14 15:46:28.420] [jointLog] [info] wrote 95 bootstraps
[2025-05-14 15:46:28.434] [jointLog] [info] wrote 96 bootstraps
[2025-05-14 15:46:28.450] [jointLog] [info] wrote 97 bootstraps
[2025-05-14 15:46:28.461] [jointLog] [info] wrote 98 bootstraps
[2025-05-14 15:46:28.472] [jointLog] [info] wrote 99 bootstraps
[2025-05-14 15:46:29.825] [jointLog] [info] wrote 100 bootstraps
[2025-05-14 15:46:29.831] [jointLog] [info] Finished Bootstrapping
[2025-05-14 15:46:29.832] [jointLog] [warning] NOTE: Read Lib [[ ../Lisa_data/SW5_SNI_57_1.fq.gz, ../Lisa_data/SW5_SNI_57_2.fq.gz]] :

Detected a *potential* strand bias > 1% in an unstranded protocol check the file: ./output/SW5_SNI_57/lib_format_counts.json for details

