[2025-05-14 15:15:47.959] [jointLog] [info] setting maxHashResizeThreads to 128
[2025-05-14 15:15:47.959] [jointLog] [info] Fragment incompatibility prior below threshold.  Incompatible fragments will be ignored.
[2025-05-14 15:15:47.959] [jointLog] [info] Usage of --validateMappings implies use of minScoreFraction. Since not explicitly specified, it is being set to 0.65
[2025-05-14 15:15:47.959] [jointLog] [info] Setting consensusSlack to selective-alignment default of 0.35.
[2025-05-14 15:15:47.959] [jointLog] [info] parsing read library format
[2025-05-14 15:15:47.959] [jointLog] [info] There is 1 library.
[2025-05-14 15:15:47.959] [jointLog] [info] Loading pufferfish index
[2025-05-14 15:15:47.959] [jointLog] [info] Loading dense pufferfish index.
[2025-05-14 15:16:01.197] [jointLog] [info] done
[2025-05-14 15:16:01.257] [jointLog] [info] Index contained 34,701 targets
[2025-05-14 15:16:01.263] [jointLog] [info] Number of decoys : 13
[2025-05-14 15:16:01.263] [jointLog] [info] First decoy index : 34,688 
[2025-05-14 15:17:01.415] [fileLog] [info] 
At end of round 0
==================
Observed 15548001 total fragments (15548001 in most recent round)

[2025-05-14 15:17:01.414] [jointLog] [info] Computed 21,974 rich equivalence classes for further processing
[2025-05-14 15:17:01.414] [jointLog] [info] Counted 11,767,471 total reads in the equivalence classes 
[2025-05-14 15:17:01.512] [jointLog] [info] Number of mappings discarded because of alignment score : 3,010,059
[2025-05-14 15:17:01.512] [jointLog] [info] Number of fragments entirely discarded because of alignment score : 1,696,648
[2025-05-14 15:17:01.512] [jointLog] [info] Number of fragments discarded because they are best-mapped to decoys : 1,207,152
[2025-05-14 15:17:01.512] [jointLog] [info] Number of fragments discarded because they have only dovetail (discordant) mappings to valid targets : 483,916
[2025-05-14 15:17:01.512] [jointLog] [info] Mapping rate = 75.6848%

[2025-05-14 15:17:01.512] [jointLog] [info] finished quantifyLibrary()
[2025-05-14 15:17:01.512] [jointLog] [info] Starting optimizer
[2025-05-14 15:17:01.527] [jointLog] [info] Marked 0 weighted equivalence classes as degenerate
[2025-05-14 15:17:01.530] [jointLog] [info] iteration = 0 | max rel diff. = 22309.4
[2025-05-14 15:17:01.802] [jointLog] [info] iteration = 100 | max rel diff. = 0.0166456
[2025-05-14 15:17:02.042] [jointLog] [info] iteration = 200 | max rel diff. = 0.0721898
[2025-05-14 15:17:02.152] [jointLog] [info] iteration = 243 | max rel diff. = 0.000603222
[2025-05-14 15:17:02.154] [jointLog] [info] Finished optimizer
[2025-05-14 15:17:02.154] [jointLog] [info] writing output 

[2025-05-14 15:17:02.233] [jointLog] [info] Starting Bootstrapping
[2025-05-14 15:17:02.237] [jointLog] [info] Will draw 100 bootstrap samples
[2025-05-14 15:17:02.237] [jointLog] [info] Optimizing over 21,974 equivalence classes
[2025-05-14 15:17:02.238] [jointLog] [info] Marked 0 weighted equivalence classes as degenerate
[2025-05-14 15:17:04.008] [jointLog] [info] wrote 1 bootstraps
[2025-05-14 15:17:04.021] [jointLog] [info] wrote 2 bootstraps
[2025-05-14 15:17:04.133] [jointLog] [info] wrote 3 bootstraps
[2025-05-14 15:17:04.327] [jointLog] [info] wrote 4 bootstraps
[2025-05-14 15:17:04.350] [jointLog] [info] wrote 5 bootstraps
[2025-05-14 15:17:04.368] [jointLog] [info] wrote 6 bootstraps
[2025-05-14 15:17:04.432] [jointLog] [info] wrote 7 bootstraps
[2025-05-14 15:17:04.449] [jointLog] [info] wrote 8 bootstraps
[2025-05-14 15:17:04.478] [jointLog] [info] wrote 9 bootstraps
[2025-05-14 15:17:04.494] [jointLog] [info] wrote 10 bootstraps
[2025-05-14 15:17:04.541] [jointLog] [info] wrote 11 bootstraps
[2025-05-14 15:17:04.746] [jointLog] [info] wrote 12 bootstraps
[2025-05-14 15:17:04.762] [jointLog] [info] wrote 13 bootstraps
[2025-05-14 15:17:04.779] [jointLog] [info] wrote 14 bootstraps
[2025-05-14 15:17:04.797] [jointLog] [info] wrote 15 bootstraps
[2025-05-14 15:17:04.810] [jointLog] [info] wrote 16 bootstraps
[2025-05-14 15:17:04.823] [jointLog] [info] wrote 17 bootstraps
[2025-05-14 15:17:04.839] [jointLog] [info] wrote 18 bootstraps
[2025-05-14 15:17:04.853] [jointLog] [info] wrote 19 bootstraps
[2025-05-14 15:17:04.868] [jointLog] [info] wrote 20 bootstraps
[2025-05-14 15:17:04.881] [jointLog] [info] wrote 21 bootstraps
[2025-05-14 15:17:04.894] [jointLog] [info] wrote 22 bootstraps
[2025-05-14 15:17:04.909] [jointLog] [info] wrote 23 bootstraps
[2025-05-14 15:17:04.929] [jointLog] [info] wrote 24 bootstraps
[2025-05-14 15:17:04.944] [jointLog] [info] wrote 25 bootstraps
[2025-05-14 15:17:04.958] [jointLog] [info] wrote 26 bootstraps
[2025-05-14 15:17:04.973] [jointLog] [info] wrote 27 bootstraps
[2025-05-14 15:17:04.989] [jointLog] [info] wrote 28 bootstraps
[2025-05-14 15:17:05.004] [jointLog] [info] wrote 29 bootstraps
[2025-05-14 15:17:05.018] [jointLog] [info] wrote 30 bootstraps
[2025-05-14 15:17:05.032] [jointLog] [info] wrote 31 bootstraps
[2025-05-14 15:17:05.047] [jointLog] [info] wrote 32 bootstraps
[2025-05-14 15:17:05.062] [jointLog] [info] wrote 33 bootstraps
[2025-05-14 15:17:05.075] [jointLog] [info] wrote 34 bootstraps
[2025-05-14 15:17:05.088] [jointLog] [info] wrote 35 bootstraps
[2025-05-14 15:17:05.103] [jointLog] [info] wrote 36 bootstraps
[2025-05-14 15:17:05.118] [jointLog] [info] wrote 37 bootstraps
[2025-05-14 15:17:05.130] [jointLog] [info] wrote 38 bootstraps
[2025-05-14 15:17:05.145] [jointLog] [info] wrote 39 bootstraps
[2025-05-14 15:17:05.158] [jointLog] [info] wrote 40 bootstraps
[2025-05-14 15:17:05.172] [jointLog] [info] wrote 41 bootstraps
[2025-05-14 15:17:05.187] [jointLog] [info] wrote 42 bootstraps
[2025-05-14 15:17:05.202] [jointLog] [info] wrote 43 bootstraps
[2025-05-14 15:17:05.217] [jointLog] [info] wrote 44 bootstraps
[2025-05-14 15:17:05.234] [jointLog] [info] wrote 45 bootstraps
[2025-05-14 15:17:05.247] [jointLog] [info] wrote 46 bootstraps
[2025-05-14 15:17:05.263] [jointLog] [info] wrote 47 bootstraps
[2025-05-14 15:17:05.276] [jointLog] [info] wrote 48 bootstraps
[2025-05-14 15:17:05.292] [jointLog] [info] wrote 49 bootstraps
[2025-05-14 15:17:05.306] [jointLog] [info] wrote 50 bootstraps
[2025-05-14 15:17:05.323] [jointLog] [info] wrote 51 bootstraps
[2025-05-14 15:17:05.339] [jointLog] [info] wrote 52 bootstraps
[2025-05-14 15:17:05.356] [jointLog] [info] wrote 53 bootstraps
[2025-05-14 15:17:05.371] [jointLog] [info] wrote 54 bootstraps
[2025-05-14 15:17:05.389] [jointLog] [info] wrote 55 bootstraps
[2025-05-14 15:17:05.402] [jointLog] [info] wrote 56 bootstraps
[2025-05-14 15:17:05.419] [jointLog] [info] wrote 57 bootstraps
[2025-05-14 15:17:05.439] [jointLog] [info] wrote 58 bootstraps
[2025-05-14 15:17:05.456] [jointLog] [info] wrote 59 bootstraps
[2025-05-14 15:17:05.474] [jointLog] [info] wrote 60 bootstraps
[2025-05-14 15:17:05.491] [jointLog] [info] wrote 61 bootstraps
[2025-05-14 15:17:05.509] [jointLog] [info] wrote 62 bootstraps
[2025-05-14 15:17:05.528] [jointLog] [info] wrote 63 bootstraps
[2025-05-14 15:17:05.546] [jointLog] [info] wrote 64 bootstraps
[2025-05-14 15:17:05.568] [jointLog] [info] wrote 65 bootstraps
[2025-05-14 15:17:05.593] [jointLog] [info] wrote 66 bootstraps
[2025-05-14 15:17:05.613] [jointLog] [info] wrote 67 bootstraps
[2025-05-14 15:17:05.635] [jointLog] [info] wrote 68 bootstraps
[2025-05-14 15:17:05.658] [jointLog] [info] wrote 69 bootstraps
[2025-05-14 15:17:05.681] [jointLog] [info] wrote 70 bootstraps
[2025-05-14 15:17:05.703] [jointLog] [info] wrote 71 bootstraps
[2025-05-14 15:17:05.725] [jointLog] [info] wrote 72 bootstraps
[2025-05-14 15:17:05.748] [jointLog] [info] wrote 73 bootstraps
[2025-05-14 15:17:05.770] [jointLog] [info] wrote 74 bootstraps
[2025-05-14 15:17:05.794] [jointLog] [info] wrote 75 bootstraps
[2025-05-14 15:17:05.816] [jointLog] [info] wrote 76 bootstraps
[2025-05-14 15:17:05.838] [jointLog] [info] wrote 77 bootstraps
[2025-05-14 15:17:05.861] [jointLog] [info] wrote 78 bootstraps
[2025-05-14 15:17:05.883] [jointLog] [info] wrote 79 bootstraps
[2025-05-14 15:17:05.906] [jointLog] [info] wrote 80 bootstraps
[2025-05-14 15:17:05.929] [jointLog] [info] wrote 81 bootstraps
[2025-05-14 15:17:05.952] [jointLog] [info] wrote 82 bootstraps
[2025-05-14 15:17:05.967] [jointLog] [info] wrote 83 bootstraps
[2025-05-14 15:17:05.990] [jointLog] [info] wrote 84 bootstraps
[2025-05-14 15:17:06.012] [jointLog] [info] wrote 85 bootstraps
[2025-05-14 15:17:06.028] [jointLog] [info] wrote 86 bootstraps
[2025-05-14 15:17:06.052] [jointLog] [info] wrote 87 bootstraps
[2025-05-14 15:17:06.074] [jointLog] [info] wrote 88 bootstraps
[2025-05-14 15:17:06.099] [jointLog] [info] wrote 89 bootstraps
[2025-05-14 15:17:06.116] [jointLog] [info] wrote 90 bootstraps
[2025-05-14 15:17:06.140] [jointLog] [info] wrote 91 bootstraps
[2025-05-14 15:17:06.167] [jointLog] [info] wrote 92 bootstraps
[2025-05-14 15:17:06.191] [jointLog] [info] wrote 93 bootstraps
[2025-05-14 15:17:06.214] [jointLog] [info] wrote 94 bootstraps
[2025-05-14 15:17:06.237] [jointLog] [info] wrote 95 bootstraps
[2025-05-14 15:17:06.259] [jointLog] [info] wrote 96 bootstraps
[2025-05-14 15:17:06.283] [jointLog] [info] wrote 97 bootstraps
[2025-05-14 15:17:06.306] [jointLog] [info] wrote 98 bootstraps
[2025-05-14 15:17:06.331] [jointLog] [info] wrote 99 bootstraps
[2025-05-14 15:17:06.353] [jointLog] [info] wrote 100 bootstraps
[2025-05-14 15:17:06.357] [jointLog] [info] Finished Bootstrapping
[2025-05-14 15:17:06.358] [jointLog] [warning] NOTE: Read Lib [[ ../Lisa_data/SW57_SNI_93_1.fq.gz, ../Lisa_data/SW57_SNI_93_2.fq.gz]] :

Detected a *potential* strand bias > 1% in an unstranded protocol check the file: ./output/SW57_SNI_93/lib_format_counts.json for details

