[2025-05-14 15:52:24.506] [jointLog] [info] setting maxHashResizeThreads to 128
[2025-05-14 15:52:24.506] [jointLog] [info] Fragment incompatibility prior below threshold.  Incompatible fragments will be ignored.
[2025-05-14 15:52:24.506] [jointLog] [info] Usage of --validateMappings implies use of minScoreFraction. Since not explicitly specified, it is being set to 0.65
[2025-05-14 15:52:24.506] [jointLog] [info] Setting consensusSlack to selective-alignment default of 0.35.
[2025-05-14 15:52:24.506] [jointLog] [info] parsing read library format
[2025-05-14 15:52:24.506] [jointLog] [info] There is 1 library.
[2025-05-14 15:52:24.506] [jointLog] [info] Loading pufferfish index
[2025-05-14 15:52:24.506] [jointLog] [info] Loading dense pufferfish index.
[2025-05-14 15:52:35.467] [jointLog] [info] done
[2025-05-14 15:52:35.524] [jointLog] [info] Index contained 34,701 targets
[2025-05-14 15:52:35.529] [jointLog] [info] Number of decoys : 13
[2025-05-14 15:52:35.529] [jointLog] [info] First decoy index : 34,688 
[2025-05-14 15:54:08.643] [fileLog] [info] 
At end of round 0
==================
Observed 24867133 total fragments (24867133 in most recent round)

[2025-05-14 15:54:08.642] [jointLog] [info] Computed 23,161 rich equivalence classes for further processing
[2025-05-14 15:54:08.642] [jointLog] [info] Counted 18,994,353 total reads in the equivalence classes 
[2025-05-14 15:54:08.938] [jointLog] [info] Number of mappings discarded because of alignment score : 4,965,041
[2025-05-14 15:54:08.938] [jointLog] [info] Number of fragments entirely discarded because of alignment score : 2,783,752
[2025-05-14 15:54:08.938] [jointLog] [info] Number of fragments discarded because they are best-mapped to decoys : 2,220,795
[2025-05-14 15:54:08.938] [jointLog] [info] Number of fragments discarded because they have only dovetail (discordant) mappings to valid targets : 283,418
[2025-05-14 15:54:08.938] [jointLog] [info] Mapping rate = 76.3834%

[2025-05-14 15:54:08.938] [jointLog] [info] finished quantifyLibrary()
[2025-05-14 15:54:08.938] [jointLog] [info] Starting optimizer
[2025-05-14 15:54:08.953] [jointLog] [info] Marked 0 weighted equivalence classes as degenerate
[2025-05-14 15:54:08.957] [jointLog] [info] iteration = 0 | max rel diff. = 7217.29
[2025-05-14 15:54:09.251] [jointLog] [info] iteration = 100 | max rel diff. = 0.0445424
[2025-05-14 15:54:09.527] [jointLog] [info] iteration = 200 | max rel diff. = 0.0556666
[2025-05-14 15:54:09.581] [jointLog] [info] iteration = 221 | max rel diff. = 0.000474023
[2025-05-14 15:54:09.584] [jointLog] [info] Finished optimizer
[2025-05-14 15:54:09.584] [jointLog] [info] writing output 

[2025-05-14 15:54:09.671] [jointLog] [info] Starting Bootstrapping
[2025-05-14 15:54:09.675] [jointLog] [info] Will draw 100 bootstrap samples
[2025-05-14 15:54:09.675] [jointLog] [info] Optimizing over 23,161 equivalence classes
[2025-05-14 15:54:09.677] [jointLog] [info] Marked 0 weighted equivalence classes as degenerate
[2025-05-14 15:54:12.484] [jointLog] [info] wrote 1 bootstraps
[2025-05-14 15:54:12.534] [jointLog] [info] wrote 2 bootstraps
[2025-05-14 15:54:12.631] [jointLog] [info] wrote 3 bootstraps
[2025-05-14 15:54:12.857] [jointLog] [info] wrote 4 bootstraps
[2025-05-14 15:54:12.986] [jointLog] [info] wrote 5 bootstraps
[2025-05-14 15:54:13.151] [jointLog] [info] wrote 6 bootstraps
[2025-05-14 15:54:13.260] [jointLog] [info] wrote 7 bootstraps
[2025-05-14 15:54:13.301] [jointLog] [info] wrote 8 bootstraps
[2025-05-14 15:54:13.314] [jointLog] [info] wrote 9 bootstraps
[2025-05-14 15:54:13.327] [jointLog] [info] wrote 10 bootstraps
[2025-05-14 15:54:13.342] [jointLog] [info] wrote 11 bootstraps
[2025-05-14 15:54:13.355] [jointLog] [info] wrote 12 bootstraps
[2025-05-14 15:54:13.368] [jointLog] [info] wrote 13 bootstraps
[2025-05-14 15:54:13.380] [jointLog] [info] wrote 14 bootstraps
[2025-05-14 15:54:13.396] [jointLog] [info] wrote 15 bootstraps
[2025-05-14 15:54:13.408] [jointLog] [info] wrote 16 bootstraps
[2025-05-14 15:54:13.421] [jointLog] [info] wrote 17 bootstraps
[2025-05-14 15:54:13.435] [jointLog] [info] wrote 18 bootstraps
[2025-05-14 15:54:13.448] [jointLog] [info] wrote 19 bootstraps
[2025-05-14 15:54:13.460] [jointLog] [info] wrote 20 bootstraps
[2025-05-14 15:54:13.472] [jointLog] [info] wrote 21 bootstraps
[2025-05-14 15:54:13.487] [jointLog] [info] wrote 22 bootstraps
[2025-05-14 15:54:13.500] [jointLog] [info] wrote 23 bootstraps
[2025-05-14 15:54:13.514] [jointLog] [info] wrote 24 bootstraps
[2025-05-14 15:54:13.529] [jointLog] [info] wrote 25 bootstraps
[2025-05-14 15:54:13.544] [jointLog] [info] wrote 26 bootstraps
[2025-05-14 15:54:13.559] [jointLog] [info] wrote 27 bootstraps
[2025-05-14 15:54:13.574] [jointLog] [info] wrote 28 bootstraps
[2025-05-14 15:54:13.587] [jointLog] [info] wrote 29 bootstraps
[2025-05-14 15:54:13.599] [jointLog] [info] wrote 30 bootstraps
[2025-05-14 15:54:13.614] [jointLog] [info] wrote 31 bootstraps
[2025-05-14 15:54:13.628] [jointLog] [info] wrote 32 bootstraps
[2025-05-14 15:54:13.639] [jointLog] [info] wrote 33 bootstraps
[2025-05-14 15:54:13.654] [jointLog] [info] wrote 34 bootstraps
[2025-05-14 15:54:13.666] [jointLog] [info] wrote 35 bootstraps
[2025-05-14 15:54:13.680] [jointLog] [info] wrote 36 bootstraps
[2025-05-14 15:54:13.693] [jointLog] [info] wrote 37 bootstraps
[2025-05-14 15:54:13.707] [jointLog] [info] wrote 38 bootstraps
[2025-05-14 15:54:13.722] [jointLog] [info] wrote 39 bootstraps
[2025-05-14 15:54:13.734] [jointLog] [info] wrote 40 bootstraps
[2025-05-14 15:54:13.746] [jointLog] [info] wrote 41 bootstraps
[2025-05-14 15:54:13.760] [jointLog] [info] wrote 42 bootstraps
[2025-05-14 15:54:13.775] [jointLog] [info] wrote 43 bootstraps
[2025-05-14 15:54:13.792] [jointLog] [info] wrote 44 bootstraps
[2025-05-14 15:54:13.807] [jointLog] [info] wrote 45 bootstraps
[2025-05-14 15:54:13.821] [jointLog] [info] wrote 46 bootstraps
[2025-05-14 15:54:13.833] [jointLog] [info] wrote 47 bootstraps
[2025-05-14 15:54:13.845] [jointLog] [info] wrote 48 bootstraps
[2025-05-14 15:54:13.860] [jointLog] [info] wrote 49 bootstraps
[2025-05-14 15:54:13.876] [jointLog] [info] wrote 50 bootstraps
[2025-05-14 15:54:13.891] [jointLog] [info] wrote 51 bootstraps
[2025-05-14 15:54:13.906] [jointLog] [info] wrote 52 bootstraps
[2025-05-14 15:54:13.917] [jointLog] [info] wrote 53 bootstraps
[2025-05-14 15:54:13.932] [jointLog] [info] wrote 54 bootstraps
[2025-05-14 15:54:13.949] [jointLog] [info] wrote 55 bootstraps
[2025-05-14 15:54:13.965] [jointLog] [info] wrote 56 bootstraps
[2025-05-14 15:54:13.982] [jointLog] [info] wrote 57 bootstraps
[2025-05-14 15:54:14.001] [jointLog] [info] wrote 58 bootstraps
[2025-05-14 15:54:14.016] [jointLog] [info] wrote 59 bootstraps
[2025-05-14 15:54:14.034] [jointLog] [info] wrote 60 bootstraps
[2025-05-14 15:54:14.053] [jointLog] [info] wrote 61 bootstraps
[2025-05-14 15:54:14.073] [jointLog] [info] wrote 62 bootstraps
[2025-05-14 15:54:14.094] [jointLog] [info] wrote 63 bootstraps
[2025-05-14 15:54:14.114] [jointLog] [info] wrote 64 bootstraps
[2025-05-14 15:54:14.137] [jointLog] [info] wrote 65 bootstraps
[2025-05-14 15:54:14.158] [jointLog] [info] wrote 66 bootstraps
[2025-05-14 15:54:14.179] [jointLog] [info] wrote 67 bootstraps
[2025-05-14 15:54:14.201] [jointLog] [info] wrote 68 bootstraps
[2025-05-14 15:54:14.223] [jointLog] [info] wrote 69 bootstraps
[2025-05-14 15:54:14.244] [jointLog] [info] wrote 70 bootstraps
[2025-05-14 15:54:14.266] [jointLog] [info] wrote 71 bootstraps
[2025-05-14 15:54:14.290] [jointLog] [info] wrote 72 bootstraps
[2025-05-14 15:54:14.312] [jointLog] [info] wrote 73 bootstraps
[2025-05-14 15:54:14.335] [jointLog] [info] wrote 74 bootstraps
[2025-05-14 15:54:14.356] [jointLog] [info] wrote 75 bootstraps
[2025-05-14 15:54:14.378] [jointLog] [info] wrote 76 bootstraps
[2025-05-14 15:54:14.402] [jointLog] [info] wrote 77 bootstraps
[2025-05-14 15:54:14.424] [jointLog] [info] wrote 78 bootstraps
[2025-05-14 15:54:14.448] [jointLog] [info] wrote 79 bootstraps
[2025-05-14 15:54:14.470] [jointLog] [info] wrote 80 bootstraps
[2025-05-14 15:54:14.493] [jointLog] [info] wrote 81 bootstraps
[2025-05-14 15:54:14.515] [jointLog] [info] wrote 82 bootstraps
[2025-05-14 15:54:14.537] [jointLog] [info] wrote 83 bootstraps
[2025-05-14 15:54:14.558] [jointLog] [info] wrote 84 bootstraps
[2025-05-14 15:54:14.580] [jointLog] [info] wrote 85 bootstraps
[2025-05-14 15:54:14.606] [jointLog] [info] wrote 86 bootstraps
[2025-05-14 15:54:14.628] [jointLog] [info] wrote 87 bootstraps
[2025-05-14 15:54:14.649] [jointLog] [info] wrote 88 bootstraps
[2025-05-14 15:54:14.671] [jointLog] [info] wrote 89 bootstraps
[2025-05-14 15:54:14.693] [jointLog] [info] wrote 90 bootstraps
[2025-05-14 15:54:14.715] [jointLog] [info] wrote 91 bootstraps
[2025-05-14 15:54:14.736] [jointLog] [info] wrote 92 bootstraps
[2025-05-14 15:54:14.758] [jointLog] [info] wrote 93 bootstraps
[2025-05-14 15:54:14.781] [jointLog] [info] wrote 94 bootstraps
[2025-05-14 15:54:14.803] [jointLog] [info] wrote 95 bootstraps
[2025-05-14 15:54:14.825] [jointLog] [info] wrote 96 bootstraps
[2025-05-14 15:54:14.846] [jointLog] [info] wrote 97 bootstraps
[2025-05-14 15:54:14.868] [jointLog] [info] wrote 98 bootstraps
[2025-05-14 15:54:14.892] [jointLog] [info] wrote 99 bootstraps
[2025-05-14 15:54:15.017] [jointLog] [info] wrote 100 bootstraps
[2025-05-14 15:54:15.021] [jointLog] [info] Finished Bootstrapping
[2025-05-14 15:54:15.021] [jointLog] [warning] NOTE: Read Lib [[ ../Lisa_data/SW5_SRB_104_1.fq.gz, ../Lisa_data/SW5_SRB_104_2.fq.gz]] :

Detected a *potential* strand bias > 1% in an unstranded protocol check the file: ./output/SW5_SRB_104/lib_format_counts.json for details

