[2025-05-14 16:03:57.145] [jointLog] [info] setting maxHashResizeThreads to 128
[2025-05-14 16:03:57.145] [jointLog] [info] Fragment incompatibility prior below threshold.  Incompatible fragments will be ignored.
[2025-05-14 16:03:57.145] [jointLog] [info] Usage of --validateMappings implies use of minScoreFraction. Since not explicitly specified, it is being set to 0.65
[2025-05-14 16:03:57.145] [jointLog] [info] Setting consensusSlack to selective-alignment default of 0.35.
[2025-05-14 16:03:57.145] [jointLog] [info] parsing read library format
[2025-05-14 16:03:57.145] [jointLog] [info] There is 1 library.
[2025-05-14 16:03:57.145] [jointLog] [info] Loading pufferfish index
[2025-05-14 16:03:57.146] [jointLog] [info] Loading dense pufferfish index.
[2025-05-14 16:04:07.941] [jointLog] [info] done
[2025-05-14 16:04:07.998] [jointLog] [info] Index contained 34,701 targets
[2025-05-14 16:04:08.003] [jointLog] [info] Number of decoys : 13
[2025-05-14 16:04:08.003] [jointLog] [info] First decoy index : 34,688 
[2025-05-14 16:05:49.970] [jointLog] [info] Computed 24,835 rich equivalence classes for further processing
[2025-05-14 16:05:49.970] [jointLog] [info] Counted 19,593,185 total reads in the equivalence classes 
[2025-05-14 16:05:50.058] [jointLog] [info] Number of mappings discarded because of alignment score : 4,666,573
[2025-05-14 16:05:50.058] [jointLog] [info] Number of fragments entirely discarded because of alignment score : 2,743,498
[2025-05-14 16:05:50.058] [jointLog] [info] Number of fragments discarded because they are best-mapped to decoys : 2,134,123
[2025-05-14 16:05:50.058] [jointLog] [info] Number of fragments discarded because they have only dovetail (discordant) mappings to valid targets : 279,162
[2025-05-14 16:05:50.058] [jointLog] [info] Mapping rate = 78.934%

[2025-05-14 16:05:50.058] [jointLog] [info] finished quantifyLibrary()
[2025-05-14 16:05:50.059] [jointLog] [info] Starting optimizer
[2025-05-14 16:05:50.073] [jointLog] [info] Marked 0 weighted equivalence classes as degenerate
[2025-05-14 16:05:50.077] [jointLog] [info] iteration = 0 | max rel diff. = 32165.2
[2025-05-14 16:05:49.971] [fileLog] [info] 
At end of round 0
==================
Observed 24822239 total fragments (24822239 in most recent round)

[2025-05-14 16:05:50.330] [jointLog] [info] iteration = 100 | max rel diff. = 0.0141964
[2025-05-14 16:05:50.563] [jointLog] [info] iteration = 200 | max rel diff. = 0.0129736
[2025-05-14 16:05:50.782] [jointLog] [info] iteration = 300 | max rel diff. = 0.042296
[2025-05-14 16:05:50.870] [jointLog] [info] iteration = 342 | max rel diff. = 0.0035876
[2025-05-14 16:05:50.871] [jointLog] [info] Finished optimizer
[2025-05-14 16:05:50.871] [jointLog] [info] writing output 

[2025-05-14 16:05:50.927] [jointLog] [info] Starting Bootstrapping
[2025-05-14 16:05:50.930] [jointLog] [info] Will draw 100 bootstrap samples
[2025-05-14 16:05:50.930] [jointLog] [info] Optimizing over 24,835 equivalence classes
[2025-05-14 16:05:50.931] [jointLog] [info] Marked 0 weighted equivalence classes as degenerate
[2025-05-14 16:05:53.917] [jointLog] [info] wrote 1 bootstraps
[2025-05-14 16:05:54.252] [jointLog] [info] wrote 2 bootstraps
[2025-05-14 16:05:54.301] [jointLog] [info] wrote 3 bootstraps
[2025-05-14 16:05:54.399] [jointLog] [info] wrote 4 bootstraps
[2025-05-14 16:05:54.464] [jointLog] [info] wrote 5 bootstraps
[2025-05-14 16:05:54.503] [jointLog] [info] wrote 6 bootstraps
[2025-05-14 16:05:54.517] [jointLog] [info] wrote 7 bootstraps
[2025-05-14 16:05:54.565] [jointLog] [info] wrote 8 bootstraps
[2025-05-14 16:05:54.584] [jointLog] [info] wrote 9 bootstraps
[2025-05-14 16:05:54.645] [jointLog] [info] wrote 10 bootstraps
[2025-05-14 16:05:54.659] [jointLog] [info] wrote 11 bootstraps
[2025-05-14 16:05:54.675] [jointLog] [info] wrote 12 bootstraps
[2025-05-14 16:05:54.709] [jointLog] [info] wrote 13 bootstraps
[2025-05-14 16:05:54.739] [jointLog] [info] wrote 14 bootstraps
[2025-05-14 16:05:54.757] [jointLog] [info] wrote 15 bootstraps
[2025-05-14 16:05:54.868] [jointLog] [info] wrote 16 bootstraps
[2025-05-14 16:05:54.884] [jointLog] [info] wrote 17 bootstraps
[2025-05-14 16:05:54.899] [jointLog] [info] wrote 18 bootstraps
[2025-05-14 16:05:54.925] [jointLog] [info] wrote 19 bootstraps
[2025-05-14 16:05:54.940] [jointLog] [info] wrote 20 bootstraps
[2025-05-14 16:05:54.961] [jointLog] [info] wrote 21 bootstraps
[2025-05-14 16:05:54.977] [jointLog] [info] wrote 22 bootstraps
[2025-05-14 16:05:54.993] [jointLog] [info] wrote 23 bootstraps
[2025-05-14 16:05:55.009] [jointLog] [info] wrote 24 bootstraps
[2025-05-14 16:05:55.023] [jointLog] [info] wrote 25 bootstraps
[2025-05-14 16:05:55.040] [jointLog] [info] wrote 26 bootstraps
[2025-05-14 16:05:55.056] [jointLog] [info] wrote 27 bootstraps
[2025-05-14 16:05:55.072] [jointLog] [info] wrote 28 bootstraps
[2025-05-14 16:05:55.088] [jointLog] [info] wrote 29 bootstraps
[2025-05-14 16:05:55.103] [jointLog] [info] wrote 30 bootstraps
[2025-05-14 16:05:55.119] [jointLog] [info] wrote 31 bootstraps
[2025-05-14 16:05:55.134] [jointLog] [info] wrote 32 bootstraps
[2025-05-14 16:05:55.149] [jointLog] [info] wrote 33 bootstraps
[2025-05-14 16:05:55.164] [jointLog] [info] wrote 34 bootstraps
[2025-05-14 16:05:55.180] [jointLog] [info] wrote 35 bootstraps
[2025-05-14 16:05:55.193] [jointLog] [info] wrote 36 bootstraps
[2025-05-14 16:05:55.208] [jointLog] [info] wrote 37 bootstraps
[2025-05-14 16:05:55.223] [jointLog] [info] wrote 38 bootstraps
[2025-05-14 16:05:55.236] [jointLog] [info] wrote 39 bootstraps
[2025-05-14 16:05:55.251] [jointLog] [info] wrote 40 bootstraps
[2025-05-14 16:05:55.266] [jointLog] [info] wrote 41 bootstraps
[2025-05-14 16:05:55.279] [jointLog] [info] wrote 42 bootstraps
[2025-05-14 16:05:55.294] [jointLog] [info] wrote 43 bootstraps
[2025-05-14 16:05:55.309] [jointLog] [info] wrote 44 bootstraps
[2025-05-14 16:05:55.325] [jointLog] [info] wrote 45 bootstraps
[2025-05-14 16:05:55.338] [jointLog] [info] wrote 46 bootstraps
[2025-05-14 16:05:55.351] [jointLog] [info] wrote 47 bootstraps
[2025-05-14 16:05:55.362] [jointLog] [info] wrote 48 bootstraps
[2025-05-14 16:05:55.377] [jointLog] [info] wrote 49 bootstraps
[2025-05-14 16:05:55.390] [jointLog] [info] wrote 50 bootstraps
[2025-05-14 16:05:55.402] [jointLog] [info] wrote 51 bootstraps
[2025-05-14 16:05:55.415] [jointLog] [info] wrote 52 bootstraps
[2025-05-14 16:05:55.427] [jointLog] [info] wrote 53 bootstraps
[2025-05-14 16:05:55.439] [jointLog] [info] wrote 54 bootstraps
[2025-05-14 16:05:55.453] [jointLog] [info] wrote 55 bootstraps
[2025-05-14 16:05:55.468] [jointLog] [info] wrote 56 bootstraps
[2025-05-14 16:05:55.484] [jointLog] [info] wrote 57 bootstraps
[2025-05-14 16:05:55.497] [jointLog] [info] wrote 58 bootstraps
[2025-05-14 16:05:55.512] [jointLog] [info] wrote 59 bootstraps
[2025-05-14 16:05:55.524] [jointLog] [info] wrote 60 bootstraps
[2025-05-14 16:05:55.539] [jointLog] [info] wrote 61 bootstraps
[2025-05-14 16:05:55.555] [jointLog] [info] wrote 62 bootstraps
[2025-05-14 16:05:55.571] [jointLog] [info] wrote 63 bootstraps
[2025-05-14 16:05:55.587] [jointLog] [info] wrote 64 bootstraps
[2025-05-14 16:05:55.602] [jointLog] [info] wrote 65 bootstraps
[2025-05-14 16:05:55.617] [jointLog] [info] wrote 66 bootstraps
[2025-05-14 16:05:55.632] [jointLog] [info] wrote 67 bootstraps
[2025-05-14 16:05:55.647] [jointLog] [info] wrote 68 bootstraps
[2025-05-14 16:05:55.663] [jointLog] [info] wrote 69 bootstraps
[2025-05-14 16:05:55.676] [jointLog] [info] wrote 70 bootstraps
[2025-05-14 16:05:55.691] [jointLog] [info] wrote 71 bootstraps
[2025-05-14 16:05:55.707] [jointLog] [info] wrote 72 bootstraps
[2025-05-14 16:05:55.721] [jointLog] [info] wrote 73 bootstraps
[2025-05-14 16:05:55.737] [jointLog] [info] wrote 74 bootstraps
[2025-05-14 16:05:55.752] [jointLog] [info] wrote 75 bootstraps
[2025-05-14 16:05:55.768] [jointLog] [info] wrote 76 bootstraps
[2025-05-14 16:05:55.783] [jointLog] [info] wrote 77 bootstraps
[2025-05-14 16:05:55.800] [jointLog] [info] wrote 78 bootstraps
[2025-05-14 16:05:55.815] [jointLog] [info] wrote 79 bootstraps
[2025-05-14 16:05:55.832] [jointLog] [info] wrote 80 bootstraps
[2025-05-14 16:05:55.848] [jointLog] [info] wrote 81 bootstraps
[2025-05-14 16:05:55.865] [jointLog] [info] wrote 82 bootstraps
[2025-05-14 16:05:55.883] [jointLog] [info] wrote 83 bootstraps
[2025-05-14 16:05:55.900] [jointLog] [info] wrote 84 bootstraps
[2025-05-14 16:05:55.919] [jointLog] [info] wrote 85 bootstraps
[2025-05-14 16:05:55.936] [jointLog] [info] wrote 86 bootstraps
[2025-05-14 16:05:55.958] [jointLog] [info] wrote 87 bootstraps
[2025-05-14 16:05:55.977] [jointLog] [info] wrote 88 bootstraps
[2025-05-14 16:05:55.996] [jointLog] [info] wrote 89 bootstraps
[2025-05-14 16:05:56.015] [jointLog] [info] wrote 90 bootstraps
[2025-05-14 16:05:56.034] [jointLog] [info] wrote 91 bootstraps
[2025-05-14 16:05:56.053] [jointLog] [info] wrote 92 bootstraps
[2025-05-14 16:05:56.072] [jointLog] [info] wrote 93 bootstraps
[2025-05-14 16:05:56.098] [jointLog] [info] wrote 94 bootstraps
[2025-05-14 16:05:56.122] [jointLog] [info] wrote 95 bootstraps
[2025-05-14 16:05:56.144] [jointLog] [info] wrote 96 bootstraps
[2025-05-14 16:05:56.169] [jointLog] [info] wrote 97 bootstraps
[2025-05-14 16:05:56.191] [jointLog] [info] wrote 98 bootstraps
[2025-05-14 16:05:56.214] [jointLog] [info] wrote 99 bootstraps
[2025-05-14 16:05:57.037] [jointLog] [info] wrote 100 bootstraps
[2025-05-14 16:05:57.043] [jointLog] [info] Finished Bootstrapping
[2025-05-14 16:05:57.043] [jointLog] [warning] NOTE: Read Lib [[ ../Lisa_data/SW7_H_18_MKRN240014580_1.fq.gz, ../Lisa_data/SW7_H_18_MKRN240014580_2.fq.gz]] :

Detected a *potential* strand bias > 1% in an unstranded protocol check the file: ./output/SW7_H_18_MKRN240014580/lib_format_counts.json for details

