[2025-05-14 15:57:26.974] [jointLog] [info] setting maxHashResizeThreads to 128
[2025-05-14 15:57:26.974] [jointLog] [info] Fragment incompatibility prior below threshold.  Incompatible fragments will be ignored.
[2025-05-14 15:57:26.974] [jointLog] [info] Usage of --validateMappings implies use of minScoreFraction. Since not explicitly specified, it is being set to 0.65
[2025-05-14 15:57:26.974] [jointLog] [info] Setting consensusSlack to selective-alignment default of 0.35.
[2025-05-14 15:57:26.974] [jointLog] [info] parsing read library format
[2025-05-14 15:57:26.974] [jointLog] [info] There is 1 library.
[2025-05-14 15:57:26.974] [jointLog] [info] Loading pufferfish index
[2025-05-14 15:57:26.974] [jointLog] [info] Loading dense pufferfish index.
[2025-05-14 15:57:39.128] [jointLog] [info] done
[2025-05-14 15:57:39.185] [jointLog] [info] Index contained 34,701 targets
[2025-05-14 15:57:39.191] [jointLog] [info] Number of decoys : 13
[2025-05-14 15:57:39.191] [jointLog] [info] First decoy index : 34,688 
[2025-05-14 15:58:38.363] [jointLog] [info] Computed 24,876 rich equivalence classes for further processing
[2025-05-14 15:58:38.363] [jointLog] [info] Counted 11,201,985 total reads in the equivalence classes 
[2025-05-14 15:58:38.438] [jointLog] [info] Number of mappings discarded because of alignment score : 2,775,115
[2025-05-14 15:58:38.438] [jointLog] [info] Number of fragments entirely discarded because of alignment score : 1,777,121
[2025-05-14 15:58:38.438] [jointLog] [info] Number of fragments discarded because they are best-mapped to decoys : 1,317,405
[2025-05-14 15:58:38.438] [jointLog] [info] Number of fragments discarded because they have only dovetail (discordant) mappings to valid targets : 171,968
[2025-05-14 15:58:38.438] [jointLog] [info] Mapping rate = 76.8131%

[2025-05-14 15:58:38.438] [jointLog] [info] finished quantifyLibrary()
[2025-05-14 15:58:38.438] [jointLog] [info] Starting optimizer
[2025-05-14 15:58:38.449] [jointLog] [info] Marked 0 weighted equivalence classes as degenerate
[2025-05-14 15:58:38.454] [jointLog] [info] iteration = 0 | max rel diff. = 23286.9
[2025-05-14 15:58:38.364] [fileLog] [info] 
At end of round 0
==================
Observed 14583429 total fragments (14583429 in most recent round)

[2025-05-14 15:58:38.714] [jointLog] [info] iteration = 100 | max rel diff. = 0.0261078
[2025-05-14 15:58:38.790] [jointLog] [info] iteration = 135 | max rel diff. = 0.00166185
[2025-05-14 15:58:38.791] [jointLog] [info] Finished optimizer
[2025-05-14 15:58:38.791] [jointLog] [info] writing output 

[2025-05-14 15:58:38.848] [jointLog] [info] Starting Bootstrapping
[2025-05-14 15:58:38.851] [jointLog] [info] Will draw 100 bootstrap samples
[2025-05-14 15:58:38.851] [jointLog] [info] Optimizing over 24,876 equivalence classes
[2025-05-14 15:58:38.852] [jointLog] [info] Marked 0 weighted equivalence classes as degenerate
[2025-05-14 15:58:40.759] [jointLog] [info] wrote 1 bootstraps
[2025-05-14 15:58:40.771] [jointLog] [info] wrote 2 bootstraps
[2025-05-14 15:58:40.783] [jointLog] [info] wrote 3 bootstraps
[2025-05-14 15:58:40.797] [jointLog] [info] wrote 4 bootstraps
[2025-05-14 15:58:40.814] [jointLog] [info] wrote 5 bootstraps
[2025-05-14 15:58:40.828] [jointLog] [info] wrote 6 bootstraps
[2025-05-14 15:58:40.856] [jointLog] [info] wrote 7 bootstraps
[2025-05-14 15:58:40.910] [jointLog] [info] wrote 8 bootstraps
[2025-05-14 15:58:40.952] [jointLog] [info] wrote 9 bootstraps
[2025-05-14 15:58:40.965] [jointLog] [info] wrote 10 bootstraps
[2025-05-14 15:58:40.991] [jointLog] [info] wrote 11 bootstraps
[2025-05-14 15:58:41.006] [jointLog] [info] wrote 12 bootstraps
[2025-05-14 15:58:41.140] [jointLog] [info] wrote 13 bootstraps
[2025-05-14 15:58:41.203] [jointLog] [info] wrote 14 bootstraps
[2025-05-14 15:58:41.219] [jointLog] [info] wrote 15 bootstraps
[2025-05-14 15:58:41.260] [jointLog] [info] wrote 16 bootstraps
[2025-05-14 15:58:41.274] [jointLog] [info] wrote 17 bootstraps
[2025-05-14 15:58:41.289] [jointLog] [info] wrote 18 bootstraps
[2025-05-14 15:58:41.301] [jointLog] [info] wrote 19 bootstraps
[2025-05-14 15:58:41.316] [jointLog] [info] wrote 20 bootstraps
[2025-05-14 15:58:41.329] [jointLog] [info] wrote 21 bootstraps
[2025-05-14 15:58:41.344] [jointLog] [info] wrote 22 bootstraps
[2025-05-14 15:58:41.359] [jointLog] [info] wrote 23 bootstraps
[2025-05-14 15:58:41.371] [jointLog] [info] wrote 24 bootstraps
[2025-05-14 15:58:41.383] [jointLog] [info] wrote 25 bootstraps
[2025-05-14 15:58:41.397] [jointLog] [info] wrote 26 bootstraps
[2025-05-14 15:58:41.412] [jointLog] [info] wrote 27 bootstraps
[2025-05-14 15:58:41.427] [jointLog] [info] wrote 28 bootstraps
[2025-05-14 15:58:41.440] [jointLog] [info] wrote 29 bootstraps
[2025-05-14 15:58:41.452] [jointLog] [info] wrote 30 bootstraps
[2025-05-14 15:58:41.467] [jointLog] [info] wrote 31 bootstraps
[2025-05-14 15:58:41.480] [jointLog] [info] wrote 32 bootstraps
[2025-05-14 15:58:41.494] [jointLog] [info] wrote 33 bootstraps
[2025-05-14 15:58:41.507] [jointLog] [info] wrote 34 bootstraps
[2025-05-14 15:58:41.519] [jointLog] [info] wrote 35 bootstraps
[2025-05-14 15:58:41.532] [jointLog] [info] wrote 36 bootstraps
[2025-05-14 15:58:41.544] [jointLog] [info] wrote 37 bootstraps
[2025-05-14 15:58:41.559] [jointLog] [info] wrote 38 bootstraps
[2025-05-14 15:58:41.572] [jointLog] [info] wrote 39 bootstraps
[2025-05-14 15:58:41.584] [jointLog] [info] wrote 40 bootstraps
[2025-05-14 15:58:41.598] [jointLog] [info] wrote 41 bootstraps
[2025-05-14 15:58:41.612] [jointLog] [info] wrote 42 bootstraps
[2025-05-14 15:58:41.627] [jointLog] [info] wrote 43 bootstraps
[2025-05-14 15:58:41.638] [jointLog] [info] wrote 44 bootstraps
[2025-05-14 15:58:41.653] [jointLog] [info] wrote 45 bootstraps
[2025-05-14 15:58:41.665] [jointLog] [info] wrote 46 bootstraps
[2025-05-14 15:58:41.680] [jointLog] [info] wrote 47 bootstraps
[2025-05-14 15:58:41.698] [jointLog] [info] wrote 48 bootstraps
[2025-05-14 15:58:41.715] [jointLog] [info] wrote 49 bootstraps
[2025-05-14 15:58:41.726] [jointLog] [info] wrote 50 bootstraps
[2025-05-14 15:58:41.739] [jointLog] [info] wrote 51 bootstraps
[2025-05-14 15:58:41.753] [jointLog] [info] wrote 52 bootstraps
[2025-05-14 15:58:41.769] [jointLog] [info] wrote 53 bootstraps
[2025-05-14 15:58:41.785] [jointLog] [info] wrote 54 bootstraps
[2025-05-14 15:58:41.801] [jointLog] [info] wrote 55 bootstraps
[2025-05-14 15:58:41.819] [jointLog] [info] wrote 56 bootstraps
[2025-05-14 15:58:41.838] [jointLog] [info] wrote 57 bootstraps
[2025-05-14 15:58:41.855] [jointLog] [info] wrote 58 bootstraps
[2025-05-14 15:58:41.871] [jointLog] [info] wrote 59 bootstraps
[2025-05-14 15:58:41.889] [jointLog] [info] wrote 60 bootstraps
[2025-05-14 15:58:41.908] [jointLog] [info] wrote 61 bootstraps
[2025-05-14 15:58:41.929] [jointLog] [info] wrote 62 bootstraps
[2025-05-14 15:58:41.951] [jointLog] [info] wrote 63 bootstraps
[2025-05-14 15:58:41.973] [jointLog] [info] wrote 64 bootstraps
[2025-05-14 15:58:41.996] [jointLog] [info] wrote 65 bootstraps
[2025-05-14 15:58:42.019] [jointLog] [info] wrote 66 bootstraps
[2025-05-14 15:58:42.040] [jointLog] [info] wrote 67 bootstraps
[2025-05-14 15:58:42.055] [jointLog] [info] wrote 68 bootstraps
[2025-05-14 15:58:42.077] [jointLog] [info] wrote 69 bootstraps
[2025-05-14 15:58:42.099] [jointLog] [info] wrote 70 bootstraps
[2025-05-14 15:58:42.122] [jointLog] [info] wrote 71 bootstraps
[2025-05-14 15:58:42.145] [jointLog] [info] wrote 72 bootstraps
[2025-05-14 15:58:42.167] [jointLog] [info] wrote 73 bootstraps
[2025-05-14 15:58:42.191] [jointLog] [info] wrote 74 bootstraps
[2025-05-14 15:58:42.213] [jointLog] [info] wrote 75 bootstraps
[2025-05-14 15:58:42.235] [jointLog] [info] wrote 76 bootstraps
[2025-05-14 15:58:42.257] [jointLog] [info] wrote 77 bootstraps
[2025-05-14 15:58:42.279] [jointLog] [info] wrote 78 bootstraps
[2025-05-14 15:58:42.293] [jointLog] [info] wrote 79 bootstraps
[2025-05-14 15:58:42.316] [jointLog] [info] wrote 80 bootstraps
[2025-05-14 15:58:42.338] [jointLog] [info] wrote 81 bootstraps
[2025-05-14 15:58:42.360] [jointLog] [info] wrote 82 bootstraps
[2025-05-14 15:58:42.382] [jointLog] [info] wrote 83 bootstraps
[2025-05-14 15:58:42.405] [jointLog] [info] wrote 84 bootstraps
[2025-05-14 15:58:42.422] [jointLog] [info] wrote 85 bootstraps
[2025-05-14 15:58:42.444] [jointLog] [info] wrote 86 bootstraps
[2025-05-14 15:58:42.457] [jointLog] [info] wrote 87 bootstraps
[2025-05-14 15:58:42.478] [jointLog] [info] wrote 88 bootstraps
[2025-05-14 15:58:42.500] [jointLog] [info] wrote 89 bootstraps
[2025-05-14 15:58:42.524] [jointLog] [info] wrote 90 bootstraps
[2025-05-14 15:58:42.547] [jointLog] [info] wrote 91 bootstraps
[2025-05-14 15:58:42.568] [jointLog] [info] wrote 92 bootstraps
[2025-05-14 15:58:42.593] [jointLog] [info] wrote 93 bootstraps
[2025-05-14 15:58:42.617] [jointLog] [info] wrote 94 bootstraps
[2025-05-14 15:58:42.641] [jointLog] [info] wrote 95 bootstraps
[2025-05-14 15:58:42.664] [jointLog] [info] wrote 96 bootstraps
[2025-05-14 15:58:42.688] [jointLog] [info] wrote 97 bootstraps
[2025-05-14 15:58:42.712] [jointLog] [info] wrote 98 bootstraps
[2025-05-14 15:58:42.735] [jointLog] [info] wrote 99 bootstraps
[2025-05-14 15:58:42.856] [jointLog] [info] wrote 100 bootstraps
[2025-05-14 15:58:42.859] [jointLog] [info] Finished Bootstrapping
[2025-05-14 15:58:42.859] [jointLog] [warning] NOTE: Read Lib [[ ../Lisa_data/SW5_SRB_129_1.fq.gz, ../Lisa_data/SW5_SRB_129_2.fq.gz]] :

Detected a *potential* strand bias > 1% in an unstranded protocol check the file: ./output/SW5_SRB_129/lib_format_counts.json for details

