[2025-05-14 15:56:05.670] [jointLog] [info] setting maxHashResizeThreads to 128
[2025-05-14 15:56:05.670] [jointLog] [info] Fragment incompatibility prior below threshold.  Incompatible fragments will be ignored.
[2025-05-14 15:56:05.670] [jointLog] [info] Usage of --validateMappings implies use of minScoreFraction. Since not explicitly specified, it is being set to 0.65
[2025-05-14 15:56:05.670] [jointLog] [info] Setting consensusSlack to selective-alignment default of 0.35.
[2025-05-14 15:56:05.670] [jointLog] [info] parsing read library format
[2025-05-14 15:56:05.670] [jointLog] [info] There is 1 library.
[2025-05-14 15:56:05.670] [jointLog] [info] Loading pufferfish index
[2025-05-14 15:56:05.670] [jointLog] [info] Loading dense pufferfish index.
[2025-05-14 15:56:16.488] [jointLog] [info] done
[2025-05-14 15:56:16.545] [jointLog] [info] Index contained 34,701 targets
[2025-05-14 15:56:16.551] [jointLog] [info] Number of decoys : 13
[2025-05-14 15:56:16.551] [jointLog] [info] First decoy index : 34,688 
[2025-05-14 15:57:20.355] [fileLog] [info] 
At end of round 0
==================
Observed 15255733 total fragments (15255733 in most recent round)

[2025-05-14 15:57:20.354] [jointLog] [info] Computed 23,227 rich equivalence classes for further processing
[2025-05-14 15:57:20.354] [jointLog] [info] Counted 12,133,951 total reads in the equivalence classes 
[2025-05-14 15:57:20.469] [jointLog] [info] Number of mappings discarded because of alignment score : 2,935,013
[2025-05-14 15:57:20.469] [jointLog] [info] Number of fragments entirely discarded because of alignment score : 1,752,334
[2025-05-14 15:57:20.469] [jointLog] [info] Number of fragments discarded because they are best-mapped to decoys : 1,337,119
[2025-05-14 15:57:20.469] [jointLog] [info] Number of fragments discarded because they have only dovetail (discordant) mappings to valid targets : 157,171
[2025-05-14 15:57:20.469] [jointLog] [info] Mapping rate = 79.537%

[2025-05-14 15:57:20.469] [jointLog] [info] finished quantifyLibrary()
[2025-05-14 15:57:20.469] [jointLog] [info] Starting optimizer
[2025-05-14 15:57:20.483] [jointLog] [info] Marked 0 weighted equivalence classes as degenerate
[2025-05-14 15:57:20.487] [jointLog] [info] iteration = 0 | max rel diff. = 13649.6
[2025-05-14 15:57:20.779] [jointLog] [info] iteration = 100 | max rel diff. = 0.00784555
[2025-05-14 15:57:20.781] [jointLog] [info] Finished optimizer
[2025-05-14 15:57:20.781] [jointLog] [info] writing output 

[2025-05-14 15:57:20.866] [jointLog] [info] Starting Bootstrapping
[2025-05-14 15:57:20.871] [jointLog] [info] Will draw 100 bootstrap samples
[2025-05-14 15:57:20.871] [jointLog] [info] Optimizing over 23,227 equivalence classes
[2025-05-14 15:57:20.872] [jointLog] [info] Marked 0 weighted equivalence classes as degenerate
[2025-05-14 15:57:22.695] [jointLog] [info] wrote 1 bootstraps
[2025-05-14 15:57:22.789] [jointLog] [info] wrote 2 bootstraps
[2025-05-14 15:57:22.877] [jointLog] [info] wrote 3 bootstraps
[2025-05-14 15:57:22.893] [jointLog] [info] wrote 4 bootstraps
[2025-05-14 15:57:22.926] [jointLog] [info] wrote 5 bootstraps
[2025-05-14 15:57:22.949] [jointLog] [info] wrote 6 bootstraps
[2025-05-14 15:57:22.970] [jointLog] [info] wrote 7 bootstraps
[2025-05-14 15:57:22.995] [jointLog] [info] wrote 8 bootstraps
[2025-05-14 15:57:23.012] [jointLog] [info] wrote 9 bootstraps
[2025-05-14 15:57:23.028] [jointLog] [info] wrote 10 bootstraps
[2025-05-14 15:57:23.045] [jointLog] [info] wrote 11 bootstraps
[2025-05-14 15:57:23.059] [jointLog] [info] wrote 12 bootstraps
[2025-05-14 15:57:23.076] [jointLog] [info] wrote 13 bootstraps
[2025-05-14 15:57:23.093] [jointLog] [info] wrote 14 bootstraps
[2025-05-14 15:57:23.110] [jointLog] [info] wrote 15 bootstraps
[2025-05-14 15:57:23.127] [jointLog] [info] wrote 16 bootstraps
[2025-05-14 15:57:23.142] [jointLog] [info] wrote 17 bootstraps
[2025-05-14 15:57:23.156] [jointLog] [info] wrote 18 bootstraps
[2025-05-14 15:57:23.169] [jointLog] [info] wrote 19 bootstraps
[2025-05-14 15:57:23.185] [jointLog] [info] wrote 20 bootstraps
[2025-05-14 15:57:23.201] [jointLog] [info] wrote 21 bootstraps
[2025-05-14 15:57:23.217] [jointLog] [info] wrote 22 bootstraps
[2025-05-14 15:57:23.234] [jointLog] [info] wrote 23 bootstraps
[2025-05-14 15:57:23.250] [jointLog] [info] wrote 24 bootstraps
[2025-05-14 15:57:23.267] [jointLog] [info] wrote 25 bootstraps
[2025-05-14 15:57:23.285] [jointLog] [info] wrote 26 bootstraps
[2025-05-14 15:57:23.300] [jointLog] [info] wrote 27 bootstraps
[2025-05-14 15:57:23.316] [jointLog] [info] wrote 28 bootstraps
[2025-05-14 15:57:23.333] [jointLog] [info] wrote 29 bootstraps
[2025-05-14 15:57:23.349] [jointLog] [info] wrote 30 bootstraps
[2025-05-14 15:57:23.364] [jointLog] [info] wrote 31 bootstraps
[2025-05-14 15:57:23.381] [jointLog] [info] wrote 32 bootstraps
[2025-05-14 15:57:23.396] [jointLog] [info] wrote 33 bootstraps
[2025-05-14 15:57:23.409] [jointLog] [info] wrote 34 bootstraps
[2025-05-14 15:57:23.421] [jointLog] [info] wrote 35 bootstraps
[2025-05-14 15:57:23.437] [jointLog] [info] wrote 36 bootstraps
[2025-05-14 15:57:23.453] [jointLog] [info] wrote 37 bootstraps
[2025-05-14 15:57:23.468] [jointLog] [info] wrote 38 bootstraps
[2025-05-14 15:57:23.481] [jointLog] [info] wrote 39 bootstraps
[2025-05-14 15:57:23.496] [jointLog] [info] wrote 40 bootstraps
[2025-05-14 15:57:23.511] [jointLog] [info] wrote 41 bootstraps
[2025-05-14 15:57:23.526] [jointLog] [info] wrote 42 bootstraps
[2025-05-14 15:57:23.541] [jointLog] [info] wrote 43 bootstraps
[2025-05-14 15:57:23.557] [jointLog] [info] wrote 44 bootstraps
[2025-05-14 15:57:23.573] [jointLog] [info] wrote 45 bootstraps
[2025-05-14 15:57:23.586] [jointLog] [info] wrote 46 bootstraps
[2025-05-14 15:57:23.601] [jointLog] [info] wrote 47 bootstraps
[2025-05-14 15:57:23.613] [jointLog] [info] wrote 48 bootstraps
[2025-05-14 15:57:23.625] [jointLog] [info] wrote 49 bootstraps
[2025-05-14 15:57:23.640] [jointLog] [info] wrote 50 bootstraps
[2025-05-14 15:57:23.654] [jointLog] [info] wrote 51 bootstraps
[2025-05-14 15:57:23.669] [jointLog] [info] wrote 52 bootstraps
[2025-05-14 15:57:23.684] [jointLog] [info] wrote 53 bootstraps
[2025-05-14 15:57:23.698] [jointLog] [info] wrote 54 bootstraps
[2025-05-14 15:57:23.714] [jointLog] [info] wrote 55 bootstraps
[2025-05-14 15:57:23.726] [jointLog] [info] wrote 56 bootstraps
[2025-05-14 15:57:23.741] [jointLog] [info] wrote 57 bootstraps
[2025-05-14 15:57:23.756] [jointLog] [info] wrote 58 bootstraps
[2025-05-14 15:57:23.768] [jointLog] [info] wrote 59 bootstraps
[2025-05-14 15:57:23.784] [jointLog] [info] wrote 60 bootstraps
[2025-05-14 15:57:23.799] [jointLog] [info] wrote 61 bootstraps
[2025-05-14 15:57:23.814] [jointLog] [info] wrote 62 bootstraps
[2025-05-14 15:57:23.826] [jointLog] [info] wrote 63 bootstraps
[2025-05-14 15:57:23.840] [jointLog] [info] wrote 64 bootstraps
[2025-05-14 15:57:23.855] [jointLog] [info] wrote 65 bootstraps
[2025-05-14 15:57:23.871] [jointLog] [info] wrote 66 bootstraps
[2025-05-14 15:57:23.885] [jointLog] [info] wrote 67 bootstraps
[2025-05-14 15:57:23.897] [jointLog] [info] wrote 68 bootstraps
[2025-05-14 15:57:23.911] [jointLog] [info] wrote 69 bootstraps
[2025-05-14 15:57:23.925] [jointLog] [info] wrote 70 bootstraps
[2025-05-14 15:57:23.940] [jointLog] [info] wrote 71 bootstraps
[2025-05-14 15:57:23.956] [jointLog] [info] wrote 72 bootstraps
[2025-05-14 15:57:23.972] [jointLog] [info] wrote 73 bootstraps
[2025-05-14 15:57:23.990] [jointLog] [info] wrote 74 bootstraps
[2025-05-14 15:57:24.007] [jointLog] [info] wrote 75 bootstraps
[2025-05-14 15:57:24.027] [jointLog] [info] wrote 76 bootstraps
[2025-05-14 15:57:24.049] [jointLog] [info] wrote 77 bootstraps
[2025-05-14 15:57:24.069] [jointLog] [info] wrote 78 bootstraps
[2025-05-14 15:57:24.089] [jointLog] [info] wrote 79 bootstraps
[2025-05-14 15:57:24.109] [jointLog] [info] wrote 80 bootstraps
[2025-05-14 15:57:24.125] [jointLog] [info] wrote 81 bootstraps
[2025-05-14 15:57:24.147] [jointLog] [info] wrote 82 bootstraps
[2025-05-14 15:57:24.168] [jointLog] [info] wrote 83 bootstraps
[2025-05-14 15:57:24.192] [jointLog] [info] wrote 84 bootstraps
[2025-05-14 15:57:24.213] [jointLog] [info] wrote 85 bootstraps
[2025-05-14 15:57:24.236] [jointLog] [info] wrote 86 bootstraps
[2025-05-14 15:57:24.257] [jointLog] [info] wrote 87 bootstraps
[2025-05-14 15:57:24.281] [jointLog] [info] wrote 88 bootstraps
[2025-05-14 15:57:24.302] [jointLog] [info] wrote 89 bootstraps
[2025-05-14 15:57:24.326] [jointLog] [info] wrote 90 bootstraps
[2025-05-14 15:57:24.348] [jointLog] [info] wrote 91 bootstraps
[2025-05-14 15:57:24.372] [jointLog] [info] wrote 92 bootstraps
[2025-05-14 15:57:24.397] [jointLog] [info] wrote 93 bootstraps
[2025-05-14 15:57:24.418] [jointLog] [info] wrote 94 bootstraps
[2025-05-14 15:57:24.442] [jointLog] [info] wrote 95 bootstraps
[2025-05-14 15:57:24.463] [jointLog] [info] wrote 96 bootstraps
[2025-05-14 15:57:24.485] [jointLog] [info] wrote 97 bootstraps
[2025-05-14 15:57:24.506] [jointLog] [info] wrote 98 bootstraps
[2025-05-14 15:57:24.528] [jointLog] [info] wrote 99 bootstraps
[2025-05-14 15:57:24.541] [jointLog] [info] wrote 100 bootstraps
[2025-05-14 15:57:24.544] [jointLog] [info] Finished Bootstrapping
[2025-05-14 15:57:24.544] [jointLog] [warning] NOTE: Read Lib [[ ../Lisa_data/SW5_SRB_128_1.fq.gz, ../Lisa_data/SW5_SRB_128_2.fq.gz]] :

Detected a *potential* strand bias > 1% in an unstranded protocol check the file: ./output/SW5_SRB_128/lib_format_counts.json for details

