[2025-05-14 15:38:56.127] [jointLog] [info] setting maxHashResizeThreads to 128
[2025-05-14 15:38:56.127] [jointLog] [info] Fragment incompatibility prior below threshold.  Incompatible fragments will be ignored.
[2025-05-14 15:38:56.127] [jointLog] [info] Usage of --validateMappings implies use of minScoreFraction. Since not explicitly specified, it is being set to 0.65
[2025-05-14 15:38:56.127] [jointLog] [info] Setting consensusSlack to selective-alignment default of 0.35.
[2025-05-14 15:38:56.127] [jointLog] [info] parsing read library format
[2025-05-14 15:38:56.128] [jointLog] [info] There is 1 library.
[2025-05-14 15:38:56.128] [jointLog] [info] Loading pufferfish index
[2025-05-14 15:38:56.128] [jointLog] [info] Loading dense pufferfish index.
[2025-05-14 15:39:06.858] [jointLog] [info] done
[2025-05-14 15:39:06.920] [jointLog] [info] Index contained 34,701 targets
[2025-05-14 15:39:06.926] [jointLog] [info] Number of decoys : 13
[2025-05-14 15:39:06.926] [jointLog] [info] First decoy index : 34,688 
[2025-05-14 15:40:48.547] [jointLog] [info] Computed 24,759 rich equivalence classes for further processing
[2025-05-14 15:40:48.547] [jointLog] [info] Counted 20,283,123 total reads in the equivalence classes 
[2025-05-14 15:40:48.743] [jointLog] [info] Number of mappings discarded because of alignment score : 5,112,774
[2025-05-14 15:40:48.743] [jointLog] [info] Number of fragments entirely discarded because of alignment score : 2,636,189
[2025-05-14 15:40:48.743] [jointLog] [info] Number of fragments discarded because they are best-mapped to decoys : 2,020,921
[2025-05-14 15:40:48.743] [jointLog] [info] Number of fragments discarded because they have only dovetail (discordant) mappings to valid targets : 302,808
[2025-05-14 15:40:48.743] [jointLog] [info] Mapping rate = 81.1491%

[2025-05-14 15:40:48.743] [jointLog] [info] finished quantifyLibrary()
[2025-05-14 15:40:48.743] [jointLog] [info] Starting optimizer
[2025-05-14 15:40:48.759] [jointLog] [info] Marked 0 weighted equivalence classes as degenerate
[2025-05-14 15:40:48.763] [jointLog] [info] iteration = 0 | max rel diff. = 19901
[2025-05-14 15:40:48.548] [fileLog] [info] 
At end of round 0
==================
Observed 24994893 total fragments (24994893 in most recent round)

[2025-05-14 15:40:49.042] [jointLog] [info] iteration = 100 | max rel diff. = 0.00637444
[2025-05-14 15:40:49.044] [jointLog] [info] Finished optimizer
[2025-05-14 15:40:49.044] [jointLog] [info] writing output 

[2025-05-14 15:40:49.119] [jointLog] [info] Starting Bootstrapping
[2025-05-14 15:40:49.123] [jointLog] [info] Will draw 100 bootstrap samples
[2025-05-14 15:40:49.123] [jointLog] [info] Optimizing over 24,759 equivalence classes
[2025-05-14 15:40:49.124] [jointLog] [info] Marked 0 weighted equivalence classes as degenerate
[2025-05-14 15:40:52.591] [jointLog] [info] wrote 1 bootstraps
[2025-05-14 15:40:52.658] [jointLog] [info] wrote 2 bootstraps
[2025-05-14 15:40:52.733] [jointLog] [info] wrote 3 bootstraps
[2025-05-14 15:40:52.751] [jointLog] [info] wrote 4 bootstraps
[2025-05-14 15:40:52.800] [jointLog] [info] wrote 5 bootstraps
[2025-05-14 15:40:52.818] [jointLog] [info] wrote 6 bootstraps
[2025-05-14 15:40:52.836] [jointLog] [info] wrote 7 bootstraps
[2025-05-14 15:40:52.854] [jointLog] [info] wrote 8 bootstraps
[2025-05-14 15:40:52.871] [jointLog] [info] wrote 9 bootstraps
[2025-05-14 15:40:52.889] [jointLog] [info] wrote 10 bootstraps
[2025-05-14 15:40:52.906] [jointLog] [info] wrote 11 bootstraps
[2025-05-14 15:40:52.925] [jointLog] [info] wrote 12 bootstraps
[2025-05-14 15:40:52.943] [jointLog] [info] wrote 13 bootstraps
[2025-05-14 15:40:52.960] [jointLog] [info] wrote 14 bootstraps
[2025-05-14 15:40:52.978] [jointLog] [info] wrote 15 bootstraps
[2025-05-14 15:40:52.992] [jointLog] [info] wrote 16 bootstraps
[2025-05-14 15:40:53.006] [jointLog] [info] wrote 17 bootstraps
[2025-05-14 15:40:53.025] [jointLog] [info] wrote 18 bootstraps
[2025-05-14 15:40:53.041] [jointLog] [info] wrote 19 bootstraps
[2025-05-14 15:40:53.056] [jointLog] [info] wrote 20 bootstraps
[2025-05-14 15:40:53.072] [jointLog] [info] wrote 21 bootstraps
[2025-05-14 15:40:53.089] [jointLog] [info] wrote 22 bootstraps
[2025-05-14 15:40:53.106] [jointLog] [info] wrote 23 bootstraps
[2025-05-14 15:40:53.121] [jointLog] [info] wrote 24 bootstraps
[2025-05-14 15:40:53.139] [jointLog] [info] wrote 25 bootstraps
[2025-05-14 15:40:53.154] [jointLog] [info] wrote 26 bootstraps
[2025-05-14 15:40:53.169] [jointLog] [info] wrote 27 bootstraps
[2025-05-14 15:40:53.184] [jointLog] [info] wrote 28 bootstraps
[2025-05-14 15:40:53.201] [jointLog] [info] wrote 29 bootstraps
[2025-05-14 15:40:53.217] [jointLog] [info] wrote 30 bootstraps
[2025-05-14 15:40:53.235] [jointLog] [info] wrote 31 bootstraps
[2025-05-14 15:40:53.251] [jointLog] [info] wrote 32 bootstraps
[2025-05-14 15:40:53.267] [jointLog] [info] wrote 33 bootstraps
[2025-05-14 15:40:53.284] [jointLog] [info] wrote 34 bootstraps
[2025-05-14 15:40:53.300] [jointLog] [info] wrote 35 bootstraps
[2025-05-14 15:40:53.316] [jointLog] [info] wrote 36 bootstraps
[2025-05-14 15:40:53.333] [jointLog] [info] wrote 37 bootstraps
[2025-05-14 15:40:53.350] [jointLog] [info] wrote 38 bootstraps
[2025-05-14 15:40:53.362] [jointLog] [info] wrote 39 bootstraps
[2025-05-14 15:40:53.377] [jointLog] [info] wrote 40 bootstraps
[2025-05-14 15:40:53.394] [jointLog] [info] wrote 41 bootstraps
[2025-05-14 15:40:53.411] [jointLog] [info] wrote 42 bootstraps
[2025-05-14 15:40:53.427] [jointLog] [info] wrote 43 bootstraps
[2025-05-14 15:40:53.447] [jointLog] [info] wrote 44 bootstraps
[2025-05-14 15:40:53.464] [jointLog] [info] wrote 45 bootstraps
[2025-05-14 15:40:53.479] [jointLog] [info] wrote 46 bootstraps
[2025-05-14 15:40:53.497] [jointLog] [info] wrote 47 bootstraps
[2025-05-14 15:40:53.512] [jointLog] [info] wrote 48 bootstraps
[2025-05-14 15:40:53.528] [jointLog] [info] wrote 49 bootstraps
[2025-05-14 15:40:53.543] [jointLog] [info] wrote 50 bootstraps
[2025-05-14 15:40:53.560] [jointLog] [info] wrote 51 bootstraps
[2025-05-14 15:40:53.576] [jointLog] [info] wrote 52 bootstraps
[2025-05-14 15:40:53.592] [jointLog] [info] wrote 53 bootstraps
[2025-05-14 15:40:53.608] [jointLog] [info] wrote 54 bootstraps
[2025-05-14 15:40:53.623] [jointLog] [info] wrote 55 bootstraps
[2025-05-14 15:40:53.642] [jointLog] [info] wrote 56 bootstraps
[2025-05-14 15:40:53.657] [jointLog] [info] wrote 57 bootstraps
[2025-05-14 15:40:53.673] [jointLog] [info] wrote 58 bootstraps
[2025-05-14 15:40:53.693] [jointLog] [info] wrote 59 bootstraps
[2025-05-14 15:40:53.709] [jointLog] [info] wrote 60 bootstraps
[2025-05-14 15:40:53.728] [jointLog] [info] wrote 61 bootstraps
[2025-05-14 15:40:53.745] [jointLog] [info] wrote 62 bootstraps
[2025-05-14 15:40:53.761] [jointLog] [info] wrote 63 bootstraps
[2025-05-14 15:40:53.777] [jointLog] [info] wrote 64 bootstraps
[2025-05-14 15:40:53.792] [jointLog] [info] wrote 65 bootstraps
[2025-05-14 15:40:53.808] [jointLog] [info] wrote 66 bootstraps
[2025-05-14 15:40:53.821] [jointLog] [info] wrote 67 bootstraps
[2025-05-14 15:40:53.840] [jointLog] [info] wrote 68 bootstraps
[2025-05-14 15:40:53.855] [jointLog] [info] wrote 69 bootstraps
[2025-05-14 15:40:53.873] [jointLog] [info] wrote 70 bootstraps
[2025-05-14 15:40:53.893] [jointLog] [info] wrote 71 bootstraps
[2025-05-14 15:40:53.909] [jointLog] [info] wrote 72 bootstraps
[2025-05-14 15:40:53.924] [jointLog] [info] wrote 73 bootstraps
[2025-05-14 15:40:53.941] [jointLog] [info] wrote 74 bootstraps
[2025-05-14 15:40:53.957] [jointLog] [info] wrote 75 bootstraps
[2025-05-14 15:40:53.973] [jointLog] [info] wrote 76 bootstraps
[2025-05-14 15:40:53.989] [jointLog] [info] wrote 77 bootstraps
[2025-05-14 15:40:54.008] [jointLog] [info] wrote 78 bootstraps
[2025-05-14 15:40:54.027] [jointLog] [info] wrote 79 bootstraps
[2025-05-14 15:40:54.044] [jointLog] [info] wrote 80 bootstraps
[2025-05-14 15:40:54.059] [jointLog] [info] wrote 81 bootstraps
[2025-05-14 15:40:54.083] [jointLog] [info] wrote 82 bootstraps
[2025-05-14 15:40:54.105] [jointLog] [info] wrote 83 bootstraps
[2025-05-14 15:40:54.124] [jointLog] [info] wrote 84 bootstraps
[2025-05-14 15:40:54.140] [jointLog] [info] wrote 85 bootstraps
[2025-05-14 15:40:54.155] [jointLog] [info] wrote 86 bootstraps
[2025-05-14 15:40:54.170] [jointLog] [info] wrote 87 bootstraps
[2025-05-14 15:40:54.195] [jointLog] [info] wrote 88 bootstraps
[2025-05-14 15:40:54.217] [jointLog] [info] wrote 89 bootstraps
[2025-05-14 15:40:54.236] [jointLog] [info] wrote 90 bootstraps
[2025-05-14 15:40:54.256] [jointLog] [info] wrote 91 bootstraps
[2025-05-14 15:40:54.276] [jointLog] [info] wrote 92 bootstraps
[2025-05-14 15:40:54.298] [jointLog] [info] wrote 93 bootstraps
[2025-05-14 15:40:54.321] [jointLog] [info] wrote 94 bootstraps
[2025-05-14 15:40:54.343] [jointLog] [info] wrote 95 bootstraps
[2025-05-14 15:40:54.368] [jointLog] [info] wrote 96 bootstraps
[2025-05-14 15:40:54.385] [jointLog] [info] wrote 97 bootstraps
[2025-05-14 15:40:54.409] [jointLog] [info] wrote 98 bootstraps
[2025-05-14 15:40:54.424] [jointLog] [info] wrote 99 bootstraps
[2025-05-14 15:40:55.714] [jointLog] [info] wrote 100 bootstraps
[2025-05-14 15:40:55.722] [jointLog] [info] Finished Bootstrapping
[2025-05-14 15:40:55.722] [jointLog] [warning] NOTE: Read Lib [[ ../Lisa_data/SW5_H_7_1.fq.gz, ../Lisa_data/SW5_H_7_2.fq.gz]] :

Detected a *potential* strand bias > 1% in an unstranded protocol check the file: ./output/SW5_H_7/lib_format_counts.json for details

